2021-06-21T09:17:39.793Z - info: Website generation started at 5:17:34 pm
2021-06-21T09:17:43.841Z - info: Building assets...
2021-06-21T09:17:47.151Z - info: Assets built
2021-06-21T09:17:47.152Z - info: Generating pages...
2021-06-21T09:17:57.837Z - debug:  
2021-06-21T09:17:57.839Z - debug:  
2021-06-21T09:17:57.839Z - debug:  
2021-06-21T09:17:57.839Z - debug:  
2021-06-21T09:17:58.965Z - debug:  
2021-06-21T09:17:59.203Z - debug:  
2021-06-21T09:18:10.737Z - warn: "++" syntax for underlining will be deprecated in v3.0. Please use "$$".
filePath: D:\Teaching\CS2113\_AY2021S2\ay2021sem2-website\book\testCaseDesign\index.md
2021-06-21T09:18:10.738Z - warn: "++" syntax for underlining will be deprecated in v3.0. Please use "$$".
filePath: D:\Teaching\CS2113\_AY2021S2\ay2021sem2-website\book\testCaseDesign\index.md
2021-06-21T09:18:10.738Z - warn: "++" syntax for underlining will be deprecated in v3.0. Please use "$$".
filePath: D:\Teaching\CS2113\_AY2021S2\ay2021sem2-website\book\testCaseDesign\index.md
2021-06-21T09:18:10.739Z - warn: "++" syntax for underlining will be deprecated in v3.0. Please use "$$".
filePath: D:\Teaching\CS2113\_AY2021S2\ay2021sem2-website\book\testCaseDesign\index.md
2021-06-21T09:18:10.739Z - warn: "++" syntax for underlining will be deprecated in v3.0. Please use "$$".
filePath: D:\Teaching\CS2113\_AY2021S2\ay2021sem2-website\book\testCaseDesign\index.md
2021-06-21T09:18:10.740Z - warn: "++" syntax for underlining will be deprecated in v3.0. Please use "$$".
filePath: D:\Teaching\CS2113\_AY2021S2\ay2021sem2-website\book\testCaseDesign\index.md
2021-06-21T09:18:10.740Z - warn: "++" syntax for underlining will be deprecated in v3.0. Please use "$$".
filePath: D:\Teaching\CS2113\_AY2021S2\ay2021sem2-website\book\testCaseDesign\index.md
2021-06-21T09:18:10.740Z - warn: "++" syntax for underlining will be deprecated in v3.0. Please use "$$".
filePath: D:\Teaching\CS2113\_AY2021S2\ay2021sem2-website\book\testCaseDesign\index.md
2021-06-21T09:18:10.741Z - warn: "++" syntax for underlining will be deprecated in v3.0. Please use "$$".
filePath: D:\Teaching\CS2113\_AY2021S2\ay2021sem2-website\book\testCaseDesign\index.md
2021-06-21T09:18:10.741Z - warn: "++" syntax for underlining will be deprecated in v3.0. Please use "$$".
filePath: D:\Teaching\CS2113\_AY2021S2\ay2021sem2-website\book\testCaseDesign\index.md
2021-06-21T09:18:10.741Z - warn: "++" syntax for underlining will be deprecated in v3.0. Please use "$$".
filePath: D:\Teaching\CS2113\_AY2021S2\ay2021sem2-website\book\testCaseDesign\index.md
2021-06-21T09:18:10.742Z - warn: "++" syntax for underlining will be deprecated in v3.0. Please use "$$".
filePath: D:\Teaching\CS2113\_AY2021S2\ay2021sem2-website\book\testCaseDesign\index.md
2021-06-21T09:18:10.742Z - warn: "++" syntax for underlining will be deprecated in v3.0. Please use "$$".
filePath: D:\Teaching\CS2113\_AY2021S2\ay2021sem2-website\book\testCaseDesign\index.md
2021-06-21T09:18:10.742Z - warn: "++" syntax for underlining will be deprecated in v3.0. Please use "$$".
filePath: D:\Teaching\CS2113\_AY2021S2\ay2021sem2-website\book\testCaseDesign\index.md
2021-06-21T09:18:10.743Z - warn: "++" syntax for underlining will be deprecated in v3.0. Please use "$$".
filePath: D:\Teaching\CS2113\_AY2021S2\ay2021sem2-website\book\testCaseDesign\index.md
2021-06-21T09:18:10.743Z - warn: "++" syntax for underlining will be deprecated in v3.0. Please use "$$".
filePath: D:\Teaching\CS2113\_AY2021S2\ay2021sem2-website\book\testCaseDesign\index.md
2021-06-21T09:18:10.743Z - warn: "++" syntax for underlining will be deprecated in v3.0. Please use "$$".
filePath: D:\Teaching\CS2113\_AY2021S2\ay2021sem2-website\book\testCaseDesign\index.md
2021-06-21T09:18:10.744Z - warn: "++" syntax for underlining will be deprecated in v3.0. Please use "$$".
filePath: D:\Teaching\CS2113\_AY2021S2\ay2021sem2-website\book\testCaseDesign\index.md
2021-06-21T09:18:10.744Z - warn: "++" syntax for underlining will be deprecated in v3.0. Please use "$$".
filePath: D:\Teaching\CS2113\_AY2021S2\ay2021sem2-website\book\testCaseDesign\index.md
2021-06-21T09:18:10.744Z - warn: "++" syntax for underlining will be deprecated in v3.0. Please use "$$".
filePath: D:\Teaching\CS2113\_AY2021S2\ay2021sem2-website\book\testCaseDesign\index.md
2021-06-21T09:18:10.744Z - warn: "++" syntax for underlining will be deprecated in v3.0. Please use "$$".
filePath: D:\Teaching\CS2113\_AY2021S2\ay2021sem2-website\book\testCaseDesign\index.md
2021-06-21T09:18:10.745Z - warn: "++" syntax for underlining will be deprecated in v3.0. Please use "$$".
filePath: D:\Teaching\CS2113\_AY2021S2\ay2021sem2-website\book\testCaseDesign\index.md
2021-06-21T09:18:10.745Z - warn: "++" syntax for underlining will be deprecated in v3.0. Please use "$$".
filePath: D:\Teaching\CS2113\_AY2021S2\ay2021sem2-website\book\testCaseDesign\index.md
2021-06-21T09:18:10.745Z - warn: "++" syntax for underlining will be deprecated in v3.0. Please use "$$".
filePath: D:\Teaching\CS2113\_AY2021S2\ay2021sem2-website\book\testCaseDesign\index.md
2021-06-21T09:18:10.746Z - warn: "++" syntax for underlining will be deprecated in v3.0. Please use "$$".
filePath: D:\Teaching\CS2113\_AY2021S2\ay2021sem2-website\book\testCaseDesign\index.md
2021-06-21T09:18:10.746Z - warn: "++" syntax for underlining will be deprecated in v3.0. Please use "$$".
filePath: D:\Teaching\CS2113\_AY2021S2\ay2021sem2-website\book\testCaseDesign\index.md
2021-06-21T09:18:10.746Z - warn: "++" syntax for underlining will be deprecated in v3.0. Please use "$$".
filePath: D:\Teaching\CS2113\_AY2021S2\ay2021sem2-website\book\testCaseDesign\index.md
2021-06-21T09:18:10.747Z - warn: "++" syntax for underlining will be deprecated in v3.0. Please use "$$".
filePath: D:\Teaching\CS2113\_AY2021S2\ay2021sem2-website\book\testCaseDesign\index.md
2021-06-21T09:18:10.747Z - warn: "++" syntax for underlining will be deprecated in v3.0. Please use "$$".
filePath: D:\Teaching\CS2113\_AY2021S2\ay2021sem2-website\book\testCaseDesign\index.md
2021-06-21T09:18:10.747Z - warn: "++" syntax for underlining will be deprecated in v3.0. Please use "$$".
filePath: D:\Teaching\CS2113\_AY2021S2\ay2021sem2-website\book\testCaseDesign\index.md
2021-06-21T09:18:10.748Z - warn: "++" syntax for underlining will be deprecated in v3.0. Please use "$$".
filePath: D:\Teaching\CS2113\_AY2021S2\ay2021sem2-website\book\testCaseDesign\index.md
2021-06-21T09:18:10.748Z - warn: "++" syntax for underlining will be deprecated in v3.0. Please use "$$".
filePath: D:\Teaching\CS2113\_AY2021S2\ay2021sem2-website\book\testCaseDesign\index.md
2021-06-21T09:18:10.749Z - warn: "++" syntax for underlining will be deprecated in v3.0. Please use "$$".
filePath: D:\Teaching\CS2113\_AY2021S2\ay2021sem2-website\book\testCaseDesign\index.md
2021-06-21T09:18:10.751Z - warn: "++" syntax for underlining will be deprecated in v3.0. Please use "$$".
filePath: D:\Teaching\CS2113\_AY2021S2\ay2021sem2-website\book\testCaseDesign\index.md
2021-06-21T09:18:10.752Z - warn: "++" syntax for underlining will be deprecated in v3.0. Please use "$$".
filePath: D:\Teaching\CS2113\_AY2021S2\ay2021sem2-website\book\testCaseDesign\index.md
2021-06-21T09:18:10.752Z - warn: "++" syntax for underlining will be deprecated in v3.0. Please use "$$".
filePath: D:\Teaching\CS2113\_AY2021S2\ay2021sem2-website\book\testCaseDesign\index.md
2021-06-21T09:18:10.752Z - warn: "++" syntax for underlining will be deprecated in v3.0. Please use "$$".
filePath: D:\Teaching\CS2113\_AY2021S2\ay2021sem2-website\book\testCaseDesign\index.md
2021-06-21T09:18:10.753Z - warn: "++" syntax for underlining will be deprecated in v3.0. Please use "$$".
filePath: D:\Teaching\CS2113\_AY2021S2\ay2021sem2-website\book\testCaseDesign\index.md
2021-06-21T09:18:10.753Z - warn: "++" syntax for underlining will be deprecated in v3.0. Please use "$$".
filePath: D:\Teaching\CS2113\_AY2021S2\ay2021sem2-website\book\testCaseDesign\index.md
2021-06-21T09:18:10.753Z - warn: "++" syntax for underlining will be deprecated in v3.0. Please use "$$".
filePath: D:\Teaching\CS2113\_AY2021S2\ay2021sem2-website\book\testCaseDesign\index.md
2021-06-21T09:18:10.754Z - warn: "++" syntax for underlining will be deprecated in v3.0. Please use "$$".
filePath: D:\Teaching\CS2113\_AY2021S2\ay2021sem2-website\book\testCaseDesign\index.md
2021-06-21T09:18:11.482Z - warn: "++" syntax for underlining will be deprecated in v3.0. Please use "$$".
filePath: D:\Teaching\CS2113\_AY2021S2\ay2021sem2-website\book\testCaseDesign\combiningTestInputs\mix\index.md
2021-06-21T09:18:11.483Z - warn: "++" syntax for underlining will be deprecated in v3.0. Please use "$$".
filePath: D:\Teaching\CS2113\_AY2021S2\ay2021sem2-website\book\testCaseDesign\combiningTestInputs\mix\index.md
2021-06-21T09:18:11.483Z - warn: "++" syntax for underlining will be deprecated in v3.0. Please use "$$".
filePath: D:\Teaching\CS2113\_AY2021S2\ay2021sem2-website\book\testCaseDesign\combiningTestInputs\mix\index.md
2021-06-21T09:18:11.484Z - warn: "++" syntax for underlining will be deprecated in v3.0. Please use "$$".
filePath: D:\Teaching\CS2113\_AY2021S2\ay2021sem2-website\book\testCaseDesign\combiningTestInputs\mix\index.md
2021-06-21T09:18:11.484Z - warn: "++" syntax for underlining will be deprecated in v3.0. Please use "$$".
filePath: D:\Teaching\CS2113\_AY2021S2\ay2021sem2-website\book\testCaseDesign\combiningTestInputs\mix\index.md
2021-06-21T09:18:11.484Z - warn: "++" syntax for underlining will be deprecated in v3.0. Please use "$$".
filePath: D:\Teaching\CS2113\_AY2021S2\ay2021sem2-website\book\testCaseDesign\combiningTestInputs\mix\index.md
2021-06-21T09:18:11.484Z - warn: "++" syntax for underlining will be deprecated in v3.0. Please use "$$".
filePath: D:\Teaching\CS2113\_AY2021S2\ay2021sem2-website\book\testCaseDesign\combiningTestInputs\mix\index.md
2021-06-21T09:18:11.485Z - warn: "++" syntax for underlining will be deprecated in v3.0. Please use "$$".
filePath: D:\Teaching\CS2113\_AY2021S2\ay2021sem2-website\book\testCaseDesign\combiningTestInputs\mix\index.md
2021-06-21T09:18:11.485Z - warn: "++" syntax for underlining will be deprecated in v3.0. Please use "$$".
filePath: D:\Teaching\CS2113\_AY2021S2\ay2021sem2-website\book\testCaseDesign\combiningTestInputs\mix\index.md
2021-06-21T09:18:11.485Z - warn: "++" syntax for underlining will be deprecated in v3.0. Please use "$$".
filePath: D:\Teaching\CS2113\_AY2021S2\ay2021sem2-website\book\testCaseDesign\combiningTestInputs\mix\index.md
2021-06-21T09:18:11.486Z - warn: "++" syntax for underlining will be deprecated in v3.0. Please use "$$".
filePath: D:\Teaching\CS2113\_AY2021S2\ay2021sem2-website\book\testCaseDesign\combiningTestInputs\mix\index.md
2021-06-21T09:18:11.486Z - warn: "++" syntax for underlining will be deprecated in v3.0. Please use "$$".
filePath: D:\Teaching\CS2113\_AY2021S2\ay2021sem2-website\book\testCaseDesign\combiningTestInputs\mix\index.md
2021-06-21T09:18:11.486Z - warn: "++" syntax for underlining will be deprecated in v3.0. Please use "$$".
filePath: D:\Teaching\CS2113\_AY2021S2\ay2021sem2-website\book\testCaseDesign\combiningTestInputs\mix\index.md
2021-06-21T09:18:11.486Z - warn: "++" syntax for underlining will be deprecated in v3.0. Please use "$$".
filePath: D:\Teaching\CS2113\_AY2021S2\ay2021sem2-website\book\testCaseDesign\combiningTestInputs\mix\index.md
2021-06-21T09:18:11.487Z - warn: "++" syntax for underlining will be deprecated in v3.0. Please use "$$".
filePath: D:\Teaching\CS2113\_AY2021S2\ay2021sem2-website\book\testCaseDesign\combiningTestInputs\mix\index.md
2021-06-21T09:18:11.487Z - warn: "++" syntax for underlining will be deprecated in v3.0. Please use "$$".
filePath: D:\Teaching\CS2113\_AY2021S2\ay2021sem2-website\book\testCaseDesign\combiningTestInputs\mix\index.md
2021-06-21T09:18:11.487Z - warn: "++" syntax for underlining will be deprecated in v3.0. Please use "$$".
filePath: D:\Teaching\CS2113\_AY2021S2\ay2021sem2-website\book\testCaseDesign\combiningTestInputs\mix\index.md
2021-06-21T09:18:11.488Z - warn: "++" syntax for underlining will be deprecated in v3.0. Please use "$$".
filePath: D:\Teaching\CS2113\_AY2021S2\ay2021sem2-website\book\testCaseDesign\combiningTestInputs\mix\index.md
2021-06-21T09:18:11.488Z - warn: "++" syntax for underlining will be deprecated in v3.0. Please use "$$".
filePath: D:\Teaching\CS2113\_AY2021S2\ay2021sem2-website\book\testCaseDesign\combiningTestInputs\mix\index.md
2021-06-21T09:18:11.488Z - warn: "++" syntax for underlining will be deprecated in v3.0. Please use "$$".
filePath: D:\Teaching\CS2113\_AY2021S2\ay2021sem2-website\book\testCaseDesign\combiningTestInputs\mix\index.md
2021-06-21T09:18:11.488Z - warn: "++" syntax for underlining will be deprecated in v3.0. Please use "$$".
filePath: D:\Teaching\CS2113\_AY2021S2\ay2021sem2-website\book\testCaseDesign\combiningTestInputs\mix\index.md
2021-06-21T09:18:11.489Z - warn: "++" syntax for underlining will be deprecated in v3.0. Please use "$$".
filePath: D:\Teaching\CS2113\_AY2021S2\ay2021sem2-website\book\testCaseDesign\combiningTestInputs\mix\index.md
2021-06-21T09:18:11.489Z - warn: "++" syntax for underlining will be deprecated in v3.0. Please use "$$".
filePath: D:\Teaching\CS2113\_AY2021S2\ay2021sem2-website\book\testCaseDesign\combiningTestInputs\mix\index.md
2021-06-21T09:18:11.489Z - warn: "++" syntax for underlining will be deprecated in v3.0. Please use "$$".
filePath: D:\Teaching\CS2113\_AY2021S2\ay2021sem2-website\book\testCaseDesign\combiningTestInputs\mix\index.md
2021-06-21T09:18:11.490Z - warn: "++" syntax for underlining will be deprecated in v3.0. Please use "$$".
filePath: D:\Teaching\CS2113\_AY2021S2\ay2021sem2-website\book\testCaseDesign\combiningTestInputs\mix\index.md
2021-06-21T09:18:11.662Z - warn: "++" syntax for underlining will be deprecated in v3.0. Please use "$$".
filePath: D:\Teaching\CS2113\_AY2021S2\ay2021sem2-website\book\testCaseDesign\combiningTestInputs\index.md
2021-06-21T09:18:11.663Z - warn: "++" syntax for underlining will be deprecated in v3.0. Please use "$$".
filePath: D:\Teaching\CS2113\_AY2021S2\ay2021sem2-website\book\testCaseDesign\combiningTestInputs\index.md
2021-06-21T09:18:11.663Z - warn: "++" syntax for underlining will be deprecated in v3.0. Please use "$$".
filePath: D:\Teaching\CS2113\_AY2021S2\ay2021sem2-website\book\testCaseDesign\combiningTestInputs\index.md
2021-06-21T09:18:11.663Z - warn: "++" syntax for underlining will be deprecated in v3.0. Please use "$$".
filePath: D:\Teaching\CS2113\_AY2021S2\ay2021sem2-website\book\testCaseDesign\combiningTestInputs\index.md
2021-06-21T09:18:11.663Z - warn: "++" syntax for underlining will be deprecated in v3.0. Please use "$$".
filePath: D:\Teaching\CS2113\_AY2021S2\ay2021sem2-website\book\testCaseDesign\combiningTestInputs\index.md
2021-06-21T09:18:11.664Z - warn: "++" syntax for underlining will be deprecated in v3.0. Please use "$$".
filePath: D:\Teaching\CS2113\_AY2021S2\ay2021sem2-website\book\testCaseDesign\combiningTestInputs\index.md
2021-06-21T09:18:11.664Z - warn: "++" syntax for underlining will be deprecated in v3.0. Please use "$$".
filePath: D:\Teaching\CS2113\_AY2021S2\ay2021sem2-website\book\testCaseDesign\combiningTestInputs\index.md
2021-06-21T09:18:11.664Z - warn: "++" syntax for underlining will be deprecated in v3.0. Please use "$$".
filePath: D:\Teaching\CS2113\_AY2021S2\ay2021sem2-website\book\testCaseDesign\combiningTestInputs\index.md
2021-06-21T09:18:11.665Z - warn: "++" syntax for underlining will be deprecated in v3.0. Please use "$$".
filePath: D:\Teaching\CS2113\_AY2021S2\ay2021sem2-website\book\testCaseDesign\combiningTestInputs\index.md
2021-06-21T09:18:11.665Z - warn: "++" syntax for underlining will be deprecated in v3.0. Please use "$$".
filePath: D:\Teaching\CS2113\_AY2021S2\ay2021sem2-website\book\testCaseDesign\combiningTestInputs\index.md
2021-06-21T09:18:11.665Z - warn: "++" syntax for underlining will be deprecated in v3.0. Please use "$$".
filePath: D:\Teaching\CS2113\_AY2021S2\ay2021sem2-website\book\testCaseDesign\combiningTestInputs\index.md
2021-06-21T09:18:11.666Z - warn: "++" syntax for underlining will be deprecated in v3.0. Please use "$$".
filePath: D:\Teaching\CS2113\_AY2021S2\ay2021sem2-website\book\testCaseDesign\combiningTestInputs\index.md
2021-06-21T09:18:11.666Z - warn: "++" syntax for underlining will be deprecated in v3.0. Please use "$$".
filePath: D:\Teaching\CS2113\_AY2021S2\ay2021sem2-website\book\testCaseDesign\combiningTestInputs\index.md
2021-06-21T09:18:11.666Z - warn: "++" syntax for underlining will be deprecated in v3.0. Please use "$$".
filePath: D:\Teaching\CS2113\_AY2021S2\ay2021sem2-website\book\testCaseDesign\combiningTestInputs\index.md
2021-06-21T09:18:11.667Z - warn: "++" syntax for underlining will be deprecated in v3.0. Please use "$$".
filePath: D:\Teaching\CS2113\_AY2021S2\ay2021sem2-website\book\testCaseDesign\combiningTestInputs\index.md
2021-06-21T09:18:11.667Z - warn: "++" syntax for underlining will be deprecated in v3.0. Please use "$$".
filePath: D:\Teaching\CS2113\_AY2021S2\ay2021sem2-website\book\testCaseDesign\combiningTestInputs\index.md
2021-06-21T09:18:11.667Z - warn: "++" syntax for underlining will be deprecated in v3.0. Please use "$$".
filePath: D:\Teaching\CS2113\_AY2021S2\ay2021sem2-website\book\testCaseDesign\combiningTestInputs\index.md
2021-06-21T09:18:11.668Z - warn: "++" syntax for underlining will be deprecated in v3.0. Please use "$$".
filePath: D:\Teaching\CS2113\_AY2021S2\ay2021sem2-website\book\testCaseDesign\combiningTestInputs\index.md
2021-06-21T09:18:11.668Z - warn: "++" syntax for underlining will be deprecated in v3.0. Please use "$$".
filePath: D:\Teaching\CS2113\_AY2021S2\ay2021sem2-website\book\testCaseDesign\combiningTestInputs\index.md
2021-06-21T09:18:11.668Z - warn: "++" syntax for underlining will be deprecated in v3.0. Please use "$$".
filePath: D:\Teaching\CS2113\_AY2021S2\ay2021sem2-website\book\testCaseDesign\combiningTestInputs\index.md
2021-06-21T09:18:11.668Z - warn: "++" syntax for underlining will be deprecated in v3.0. Please use "$$".
filePath: D:\Teaching\CS2113\_AY2021S2\ay2021sem2-website\book\testCaseDesign\combiningTestInputs\index.md
2021-06-21T09:18:11.669Z - warn: "++" syntax for underlining will be deprecated in v3.0. Please use "$$".
filePath: D:\Teaching\CS2113\_AY2021S2\ay2021sem2-website\book\testCaseDesign\combiningTestInputs\index.md
2021-06-21T09:18:11.669Z - warn: "++" syntax for underlining will be deprecated in v3.0. Please use "$$".
filePath: D:\Teaching\CS2113\_AY2021S2\ay2021sem2-website\book\testCaseDesign\combiningTestInputs\index.md
2021-06-21T09:18:11.670Z - warn: "++" syntax for underlining will be deprecated in v3.0. Please use "$$".
filePath: D:\Teaching\CS2113\_AY2021S2\ay2021sem2-website\book\testCaseDesign\combiningTestInputs\index.md
2021-06-21T09:18:11.670Z - warn: "++" syntax for underlining will be deprecated in v3.0. Please use "$$".
filePath: D:\Teaching\CS2113\_AY2021S2\ay2021sem2-website\book\testCaseDesign\combiningTestInputs\index.md
2021-06-21T09:18:11.672Z - warn: "++" syntax for underlining will be deprecated in v3.0. Please use "$$".
filePath: D:\Teaching\CS2113\_AY2021S2\ay2021sem2-website\book\testCaseDesign\combiningTestInputs\index.md
2021-06-21T09:18:11.672Z - warn: "++" syntax for underlining will be deprecated in v3.0. Please use "$$".
filePath: D:\Teaching\CS2113\_AY2021S2\ay2021sem2-website\book\testCaseDesign\combiningTestInputs\index.md
2021-06-21T09:18:11.672Z - warn: "++" syntax for underlining will be deprecated in v3.0. Please use "$$".
filePath: D:\Teaching\CS2113\_AY2021S2\ay2021sem2-website\book\testCaseDesign\combiningTestInputs\index.md
2021-06-21T09:18:11.673Z - warn: "++" syntax for underlining will be deprecated in v3.0. Please use "$$".
filePath: D:\Teaching\CS2113\_AY2021S2\ay2021sem2-website\book\testCaseDesign\combiningTestInputs\index.md
2021-06-21T09:18:11.673Z - warn: "++" syntax for underlining will be deprecated in v3.0. Please use "$$".
filePath: D:\Teaching\CS2113\_AY2021S2\ay2021sem2-website\book\testCaseDesign\combiningTestInputs\index.md
2021-06-21T09:18:11.673Z - warn: "++" syntax for underlining will be deprecated in v3.0. Please use "$$".
filePath: D:\Teaching\CS2113\_AY2021S2\ay2021sem2-website\book\testCaseDesign\combiningTestInputs\index.md
2021-06-21T09:18:11.674Z - warn: "++" syntax for underlining will be deprecated in v3.0. Please use "$$".
filePath: D:\Teaching\CS2113\_AY2021S2\ay2021sem2-website\book\testCaseDesign\combiningTestInputs\index.md
2021-06-21T09:18:11.674Z - warn: "++" syntax for underlining will be deprecated in v3.0. Please use "$$".
filePath: D:\Teaching\CS2113\_AY2021S2\ay2021sem2-website\book\testCaseDesign\combiningTestInputs\index.md
2021-06-21T09:18:11.674Z - warn: "++" syntax for underlining will be deprecated in v3.0. Please use "$$".
filePath: D:\Teaching\CS2113\_AY2021S2\ay2021sem2-website\book\testCaseDesign\combiningTestInputs\index.md
2021-06-21T09:18:11.675Z - warn: "++" syntax for underlining will be deprecated in v3.0. Please use "$$".
filePath: D:\Teaching\CS2113\_AY2021S2\ay2021sem2-website\book\testCaseDesign\combiningTestInputs\index.md
2021-06-21T09:18:11.675Z - warn: "++" syntax for underlining will be deprecated in v3.0. Please use "$$".
filePath: D:\Teaching\CS2113\_AY2021S2\ay2021sem2-website\book\testCaseDesign\combiningTestInputs\index.md
2021-06-21T09:18:11.675Z - warn: "++" syntax for underlining will be deprecated in v3.0. Please use "$$".
filePath: D:\Teaching\CS2113\_AY2021S2\ay2021sem2-website\book\testCaseDesign\combiningTestInputs\index.md
2021-06-21T09:18:11.676Z - warn: "++" syntax for underlining will be deprecated in v3.0. Please use "$$".
filePath: D:\Teaching\CS2113\_AY2021S2\ay2021sem2-website\book\testCaseDesign\combiningTestInputs\index.md
2021-06-21T09:18:11.677Z - warn: "++" syntax for underlining will be deprecated in v3.0. Please use "$$".
filePath: D:\Teaching\CS2113\_AY2021S2\ay2021sem2-website\book\testCaseDesign\combiningTestInputs\index.md
2021-06-21T09:18:11.677Z - warn: "++" syntax for underlining will be deprecated in v3.0. Please use "$$".
filePath: D:\Teaching\CS2113\_AY2021S2\ay2021sem2-website\book\testCaseDesign\combiningTestInputs\index.md
2021-06-21T09:18:11.677Z - warn: "++" syntax for underlining will be deprecated in v3.0. Please use "$$".
filePath: D:\Teaching\CS2113\_AY2021S2\ay2021sem2-website\book\testCaseDesign\combiningTestInputs\index.md
2021-06-21T09:18:11.779Z - warn: "++" syntax for underlining will be deprecated in v3.0. Please use "$$".
filePath: D:\Teaching\CS2113\_AY2021S2\ay2021sem2-website\book\testCaseDesign\combiningTestInputs\heuristicValid\index.md
2021-06-21T09:18:11.780Z - warn: "++" syntax for underlining will be deprecated in v3.0. Please use "$$".
filePath: D:\Teaching\CS2113\_AY2021S2\ay2021sem2-website\book\testCaseDesign\combiningTestInputs\heuristicValid\index.md
2021-06-21T09:18:11.780Z - warn: "++" syntax for underlining will be deprecated in v3.0. Please use "$$".
filePath: D:\Teaching\CS2113\_AY2021S2\ay2021sem2-website\book\testCaseDesign\combiningTestInputs\heuristicValid\index.md
2021-06-21T09:18:11.781Z - warn: "++" syntax for underlining will be deprecated in v3.0. Please use "$$".
filePath: D:\Teaching\CS2113\_AY2021S2\ay2021sem2-website\book\testCaseDesign\combiningTestInputs\heuristicValid\index.md
2021-06-21T09:18:11.781Z - warn: "++" syntax for underlining will be deprecated in v3.0. Please use "$$".
filePath: D:\Teaching\CS2113\_AY2021S2\ay2021sem2-website\book\testCaseDesign\combiningTestInputs\heuristicValid\index.md
2021-06-21T09:18:11.781Z - warn: "++" syntax for underlining will be deprecated in v3.0. Please use "$$".
filePath: D:\Teaching\CS2113\_AY2021S2\ay2021sem2-website\book\testCaseDesign\combiningTestInputs\heuristicValid\index.md
2021-06-21T09:18:11.782Z - warn: "++" syntax for underlining will be deprecated in v3.0. Please use "$$".
filePath: D:\Teaching\CS2113\_AY2021S2\ay2021sem2-website\book\testCaseDesign\combiningTestInputs\heuristicValid\index.md
2021-06-21T09:18:11.782Z - warn: "++" syntax for underlining will be deprecated in v3.0. Please use "$$".
filePath: D:\Teaching\CS2113\_AY2021S2\ay2021sem2-website\book\testCaseDesign\combiningTestInputs\heuristicValid\index.md
2021-06-21T09:18:11.782Z - warn: "++" syntax for underlining will be deprecated in v3.0. Please use "$$".
filePath: D:\Teaching\CS2113\_AY2021S2\ay2021sem2-website\book\testCaseDesign\combiningTestInputs\heuristicValid\index.md
2021-06-21T09:18:11.783Z - warn: "++" syntax for underlining will be deprecated in v3.0. Please use "$$".
filePath: D:\Teaching\CS2113\_AY2021S2\ay2021sem2-website\book\testCaseDesign\combiningTestInputs\heuristicValid\index.md
2021-06-21T09:18:11.813Z - warn: "++" syntax for underlining will be deprecated in v3.0. Please use "$$".
filePath: D:\Teaching\CS2113\_AY2021S2\ay2021sem2-website\book\testCaseDesign\combiningTestInputs\heuristicInvalid\index.md
2021-06-21T09:18:11.813Z - warn: "++" syntax for underlining will be deprecated in v3.0. Please use "$$".
filePath: D:\Teaching\CS2113\_AY2021S2\ay2021sem2-website\book\testCaseDesign\combiningTestInputs\heuristicInvalid\index.md
2021-06-21T09:18:11.814Z - warn: "++" syntax for underlining will be deprecated in v3.0. Please use "$$".
filePath: D:\Teaching\CS2113\_AY2021S2\ay2021sem2-website\book\testCaseDesign\combiningTestInputs\heuristicInvalid\index.md
2021-06-21T09:18:11.814Z - warn: "++" syntax for underlining will be deprecated in v3.0. Please use "$$".
filePath: D:\Teaching\CS2113\_AY2021S2\ay2021sem2-website\book\testCaseDesign\combiningTestInputs\heuristicInvalid\index.md
2021-06-21T09:18:11.814Z - warn: "++" syntax for underlining will be deprecated in v3.0. Please use "$$".
filePath: D:\Teaching\CS2113\_AY2021S2\ay2021sem2-website\book\testCaseDesign\combiningTestInputs\heuristicInvalid\index.md
2021-06-21T09:18:11.815Z - warn: "++" syntax for underlining will be deprecated in v3.0. Please use "$$".
filePath: D:\Teaching\CS2113\_AY2021S2\ay2021sem2-website\book\testCaseDesign\combiningTestInputs\heuristicInvalid\index.md
2021-06-21T09:18:11.969Z - warn: "++" syntax for underlining will be deprecated in v3.0. Please use "$$".
filePath: D:\Teaching\CS2113\_AY2021S2\ay2021sem2-website\book\testCaseDesign\combiningTestInputs\heuristicValid\unit-inElsewhere-asFlat.md
2021-06-21T09:18:11.969Z - warn: "++" syntax for underlining will be deprecated in v3.0. Please use "$$".
filePath: D:\Teaching\CS2113\_AY2021S2\ay2021sem2-website\book\testCaseDesign\combiningTestInputs\heuristicValid\unit-inElsewhere-asFlat.md
2021-06-21T09:18:11.970Z - warn: "++" syntax for underlining will be deprecated in v3.0. Please use "$$".
filePath: D:\Teaching\CS2113\_AY2021S2\ay2021sem2-website\book\testCaseDesign\combiningTestInputs\heuristicValid\unit-inElsewhere-asFlat.md
2021-06-21T09:18:11.970Z - warn: "++" syntax for underlining will be deprecated in v3.0. Please use "$$".
filePath: D:\Teaching\CS2113\_AY2021S2\ay2021sem2-website\book\testCaseDesign\combiningTestInputs\heuristicValid\unit-inElsewhere-asFlat.md
2021-06-21T09:18:11.970Z - warn: "++" syntax for underlining will be deprecated in v3.0. Please use "$$".
filePath: D:\Teaching\CS2113\_AY2021S2\ay2021sem2-website\book\testCaseDesign\combiningTestInputs\heuristicValid\unit-inElsewhere-asFlat.md
2021-06-21T09:18:11.971Z - warn: "++" syntax for underlining will be deprecated in v3.0. Please use "$$".
filePath: D:\Teaching\CS2113\_AY2021S2\ay2021sem2-website\book\testCaseDesign\combiningTestInputs\heuristicValid\unit-inElsewhere-asFlat.md
2021-06-21T09:18:11.971Z - warn: "++" syntax for underlining will be deprecated in v3.0. Please use "$$".
filePath: D:\Teaching\CS2113\_AY2021S2\ay2021sem2-website\book\testCaseDesign\combiningTestInputs\heuristicValid\unit-inElsewhere-asFlat.md
2021-06-21T09:18:11.971Z - warn: "++" syntax for underlining will be deprecated in v3.0. Please use "$$".
filePath: D:\Teaching\CS2113\_AY2021S2\ay2021sem2-website\book\testCaseDesign\combiningTestInputs\heuristicValid\unit-inElsewhere-asFlat.md
2021-06-21T09:18:11.972Z - warn: "++" syntax for underlining will be deprecated in v3.0. Please use "$$".
filePath: D:\Teaching\CS2113\_AY2021S2\ay2021sem2-website\book\testCaseDesign\combiningTestInputs\heuristicValid\unit-inElsewhere-asFlat.md
2021-06-21T09:18:11.972Z - warn: "++" syntax for underlining will be deprecated in v3.0. Please use "$$".
filePath: D:\Teaching\CS2113\_AY2021S2\ay2021sem2-website\book\testCaseDesign\combiningTestInputs\heuristicValid\unit-inElsewhere-asFlat.md
2021-06-21T09:18:12.899Z - warn: "++" syntax for underlining will be deprecated in v3.0. Please use "$$".
filePath: D:\Teaching\CS2113\_AY2021S2\ay2021sem2-website\book\specifyingRequirements\useCases\index.md
2021-06-21T09:18:12.900Z - warn: "++" syntax for underlining will be deprecated in v3.0. Please use "$$".
filePath: D:\Teaching\CS2113\_AY2021S2\ay2021sem2-website\book\specifyingRequirements\useCases\index.md
2021-06-21T09:18:12.901Z - warn: "++" syntax for underlining will be deprecated in v3.0. Please use "$$".
filePath: D:\Teaching\CS2113\_AY2021S2\ay2021sem2-website\book\specifyingRequirements\useCases\index.md
2021-06-21T09:18:13.061Z - warn: "++" syntax for underlining will be deprecated in v3.0. Please use "$$".
filePath: D:\Teaching\CS2113\_AY2021S2\ay2021sem2-website\book\specifyingRequirements\useCases\details\index.md
2021-06-21T09:18:13.062Z - warn: "++" syntax for underlining will be deprecated in v3.0. Please use "$$".
filePath: D:\Teaching\CS2113\_AY2021S2\ay2021sem2-website\book\specifyingRequirements\useCases\details\index.md
2021-06-21T09:18:13.062Z - warn: "++" syntax for underlining will be deprecated in v3.0. Please use "$$".
filePath: D:\Teaching\CS2113\_AY2021S2\ay2021sem2-website\book\specifyingRequirements\useCases\details\index.md
2021-06-21T09:18:13.751Z - warn: "++" syntax for underlining will be deprecated in v3.0. Please use "$$".
filePath: D:\Teaching\CS2113\_AY2021S2\ay2021sem2-website\book\specifyingRequirements\index.md
2021-06-21T09:18:13.752Z - warn: "++" syntax for underlining will be deprecated in v3.0. Please use "$$".
filePath: D:\Teaching\CS2113\_AY2021S2\ay2021sem2-website\book\specifyingRequirements\index.md
2021-06-21T09:18:13.752Z - warn: "++" syntax for underlining will be deprecated in v3.0. Please use "$$".
filePath: D:\Teaching\CS2113\_AY2021S2\ay2021sem2-website\book\specifyingRequirements\index.md
2021-06-21T09:18:29.461Z - warn: You might have an invalid intra-link! Ignore this warning if it was intended.
'/website/book/about/usage.html' found in file 'D:\Teaching\CS2113\_AY2021S2\ay2021sem2-website\book\index.md'
2021-06-21T09:18:29.462Z - warn: You might have an invalid intra-link! Ignore this warning if it was intended.
'/website/book/softwareEngineering/print.html' found in file 'D:\Teaching\CS2113\_AY2021S2\ay2021sem2-website\book\index.md'
2021-06-21T09:18:29.464Z - warn: You might have an invalid intra-link! Ignore this warning if it was intended.
'/website/book/oop/print.html' found in file 'D:\Teaching\CS2113\_AY2021S2\ay2021sem2-website\book\index.md'
2021-06-21T09:18:29.465Z - warn: You might have an invalid intra-link! Ignore this warning if it was intended.
'/website/book/requirements/print.html' found in file 'D:\Teaching\CS2113\_AY2021S2\ay2021sem2-website\book\index.md'
2021-06-21T09:18:29.465Z - warn: You might have an invalid intra-link! Ignore this warning if it was intended.
'/website/book/gatheringRequirements/print.html' found in file 'D:\Teaching\CS2113\_AY2021S2\ay2021sem2-website\book\index.md'
2021-06-21T09:18:29.466Z - warn: You might have an invalid intra-link! Ignore this warning if it was intended.
'/website/book/specifyingRequirements/print.html' found in file 'D:\Teaching\CS2113\_AY2021S2\ay2021sem2-website\book\index.md'
2021-06-21T09:18:29.467Z - warn: You might have an invalid intra-link! Ignore this warning if it was intended.
'/website/book/design/print.html' found in file 'D:\Teaching\CS2113\_AY2021S2\ay2021sem2-website\book\index.md'
2021-06-21T09:18:29.468Z - warn: You might have an invalid intra-link! Ignore this warning if it was intended.
'/website/book/designFundamentals/print.html' found in file 'D:\Teaching\CS2113\_AY2021S2\ay2021sem2-website\book\index.md'
2021-06-21T09:18:29.469Z - warn: You might have an invalid intra-link! Ignore this warning if it was intended.
'/website/book/modeling/print.html' found in file 'D:\Teaching\CS2113\_AY2021S2\ay2021sem2-website\book\index.md'
2021-06-21T09:18:29.469Z - warn: You might have an invalid intra-link! Ignore this warning if it was intended.
'/website/book/architecture/print.html' found in file 'D:\Teaching\CS2113\_AY2021S2\ay2021sem2-website\book\index.md'
2021-06-21T09:18:29.470Z - warn: You might have an invalid intra-link! Ignore this warning if it was intended.
'/website/book/designPatterns/print.html' found in file 'D:\Teaching\CS2113\_AY2021S2\ay2021sem2-website\book\index.md'
2021-06-21T09:18:29.471Z - warn: You might have an invalid intra-link! Ignore this warning if it was intended.
'/website/book/designApproaches/print.html' found in file 'D:\Teaching\CS2113\_AY2021S2\ay2021sem2-website\book\index.md'
2021-06-21T09:18:29.472Z - warn: You might have an invalid intra-link! Ignore this warning if it was intended.
'/website/book/ides/print.html' found in file 'D:\Teaching\CS2113\_AY2021S2\ay2021sem2-website\book\index.md'
2021-06-21T09:18:29.472Z - warn: You might have an invalid intra-link! Ignore this warning if it was intended.
'/website/book/codeQuality/print.html' found in file 'D:\Teaching\CS2113\_AY2021S2\ay2021sem2-website\book\index.md'
2021-06-21T09:18:29.476Z - warn: You might have an invalid intra-link! Ignore this warning if it was intended.
'/website/book/refactoring/print.html' found in file 'D:\Teaching\CS2113\_AY2021S2\ay2021sem2-website\book\index.md'
2021-06-21T09:18:29.477Z - warn: You might have an invalid intra-link! Ignore this warning if it was intended.
'/website/book/documentation/print.html' found in file 'D:\Teaching\CS2113\_AY2021S2\ay2021sem2-website\book\index.md'
2021-06-21T09:18:29.478Z - warn: You might have an invalid intra-link! Ignore this warning if it was intended.
'/website/book/errorHandling/print.html' found in file 'D:\Teaching\CS2113\_AY2021S2\ay2021sem2-website\book\index.md'
2021-06-21T09:18:29.478Z - warn: You might have an invalid intra-link! Ignore this warning if it was intended.
'/website/book/integration/print.html' found in file 'D:\Teaching\CS2113\_AY2021S2\ay2021sem2-website\book\index.md'
2021-06-21T09:18:29.479Z - warn: You might have an invalid intra-link! Ignore this warning if it was intended.
'/website/book/reuse/print.html' found in file 'D:\Teaching\CS2113\_AY2021S2\ay2021sem2-website\book\index.md'
2021-06-21T09:18:29.480Z - warn: You might have an invalid intra-link! Ignore this warning if it was intended.
'/website/book/qualityAssurance/print.html' found in file 'D:\Teaching\CS2113\_AY2021S2\ay2021sem2-website\book\index.md'
2021-06-21T09:18:29.481Z - warn: You might have an invalid intra-link! Ignore this warning if it was intended.
'/website/book/testing/print.html' found in file 'D:\Teaching\CS2113\_AY2021S2\ay2021sem2-website\book\index.md'
2021-06-21T09:18:29.481Z - warn: You might have an invalid intra-link! Ignore this warning if it was intended.
'/website/book/testCaseDesign/print.html' found in file 'D:\Teaching\CS2113\_AY2021S2\ay2021sem2-website\book\index.md'
2021-06-21T09:18:29.483Z - warn: You might have an invalid intra-link! Ignore this warning if it was intended.
'/website/book/revisionControl/print.html' found in file 'D:\Teaching\CS2113\_AY2021S2\ay2021sem2-website\book\index.md'
2021-06-21T09:18:29.484Z - warn: You might have an invalid intra-link! Ignore this warning if it was intended.
'/website/book/projectPlanning/print.html' found in file 'D:\Teaching\CS2113\_AY2021S2\ay2021sem2-website\book\index.md'
2021-06-21T09:18:29.485Z - warn: You might have an invalid intra-link! Ignore this warning if it was intended.
'/website/book/teamwork/print.html' found in file 'D:\Teaching\CS2113\_AY2021S2\ay2021sem2-website\book\index.md'
2021-06-21T09:18:29.486Z - warn: You might have an invalid intra-link! Ignore this warning if it was intended.
'/website/book/processModels/print.html' found in file 'D:\Teaching\CS2113\_AY2021S2\ay2021sem2-website\book\index.md'
2021-06-21T09:18:29.487Z - warn: You might have an invalid intra-link! Ignore this warning if it was intended.
'/website/book/uml/print.html' found in file 'D:\Teaching\CS2113\_AY2021S2\ay2021sem2-website\book\index.md'
2021-06-21T09:18:29.488Z - warn: You might have an invalid intra-link! Ignore this warning if it was intended.
'/website/book/intellij/print.html' found in file 'D:\Teaching\CS2113\_AY2021S2\ay2021sem2-website\book\index.md'
2021-06-21T09:18:29.489Z - warn: You might have an invalid intra-link! Ignore this warning if it was intended.
'/website/book/gitAndGithub/print.html' found in file 'D:\Teaching\CS2113\_AY2021S2\ay2021sem2-website\book\index.md'
2021-06-21T09:18:29.491Z - warn: You might have an invalid intra-link! Ignore this warning if it was intended.
'/website/book/principles/print.html' found in file 'D:\Teaching\CS2113\_AY2021S2\ay2021sem2-website\book\index.md'
2021-06-21T09:18:29.492Z - warn: You might have an invalid intra-link! Ignore this warning if it was intended.
'/website/book/cppToJava/print.html' found in file 'D:\Teaching\CS2113\_AY2021S2\ay2021sem2-website\book\index.md'
2021-06-21T09:18:29.493Z - warn: You might have an invalid intra-link! Ignore this warning if it was intended.
'/website/book/common/definitions.html' found in file 'D:\Teaching\CS2113\_AY2021S2\ay2021sem2-website\book\index.md'
2021-06-21T09:18:29.494Z - warn: You might have an invalid intra-link! Ignore this warning if it was intended.
'/website/book/common/references.html' found in file 'D:\Teaching\CS2113\_AY2021S2\ay2021sem2-website\book\index.md'
2021-06-21T09:18:29.495Z - warn: You might have an invalid intra-link! Ignore this warning if it was intended.
'/website/book/common/outcomes.html' found in file 'D:\Teaching\CS2113\_AY2021S2\ay2021sem2-website\book\index.md'
2021-06-21T09:18:29.496Z - warn: You might have an invalid intra-link! Ignore this warning if it was intended.
'/website/book/common/print.html' found in file 'D:\Teaching\CS2113\_AY2021S2\ay2021sem2-website\book\index.md'
2021-06-21T09:18:59.326Z - warn: "++" syntax for underlining will be deprecated in v3.0. Please use "$$".
filePath: D:\Teaching\CS2113\_AY2021S2\ay2021sem2-website\se-book-adapted\chapters\testCaseDesign.md
2021-06-21T09:18:59.327Z - warn: "++" syntax for underlining will be deprecated in v3.0. Please use "$$".
filePath: D:\Teaching\CS2113\_AY2021S2\ay2021sem2-website\se-book-adapted\chapters\testCaseDesign.md
2021-06-21T09:18:59.328Z - warn: "++" syntax for underlining will be deprecated in v3.0. Please use "$$".
filePath: D:\Teaching\CS2113\_AY2021S2\ay2021sem2-website\se-book-adapted\chapters\testCaseDesign.md
2021-06-21T09:18:59.328Z - warn: "++" syntax for underlining will be deprecated in v3.0. Please use "$$".
filePath: D:\Teaching\CS2113\_AY2021S2\ay2021sem2-website\se-book-adapted\chapters\testCaseDesign.md
2021-06-21T09:18:59.329Z - warn: "++" syntax for underlining will be deprecated in v3.0. Please use "$$".
filePath: D:\Teaching\CS2113\_AY2021S2\ay2021sem2-website\se-book-adapted\chapters\testCaseDesign.md
2021-06-21T09:18:59.329Z - warn: "++" syntax for underlining will be deprecated in v3.0. Please use "$$".
filePath: D:\Teaching\CS2113\_AY2021S2\ay2021sem2-website\se-book-adapted\chapters\testCaseDesign.md
2021-06-21T09:18:59.329Z - warn: "++" syntax for underlining will be deprecated in v3.0. Please use "$$".
filePath: D:\Teaching\CS2113\_AY2021S2\ay2021sem2-website\se-book-adapted\chapters\testCaseDesign.md
2021-06-21T09:18:59.330Z - warn: "++" syntax for underlining will be deprecated in v3.0. Please use "$$".
filePath: D:\Teaching\CS2113\_AY2021S2\ay2021sem2-website\se-book-adapted\chapters\testCaseDesign.md
2021-06-21T09:18:59.330Z - warn: "++" syntax for underlining will be deprecated in v3.0. Please use "$$".
filePath: D:\Teaching\CS2113\_AY2021S2\ay2021sem2-website\se-book-adapted\chapters\testCaseDesign.md
2021-06-21T09:18:59.330Z - warn: "++" syntax for underlining will be deprecated in v3.0. Please use "$$".
filePath: D:\Teaching\CS2113\_AY2021S2\ay2021sem2-website\se-book-adapted\chapters\testCaseDesign.md
2021-06-21T09:18:59.331Z - warn: "++" syntax for underlining will be deprecated in v3.0. Please use "$$".
filePath: D:\Teaching\CS2113\_AY2021S2\ay2021sem2-website\se-book-adapted\chapters\testCaseDesign.md
2021-06-21T09:18:59.331Z - warn: "++" syntax for underlining will be deprecated in v3.0. Please use "$$".
filePath: D:\Teaching\CS2113\_AY2021S2\ay2021sem2-website\se-book-adapted\chapters\testCaseDesign.md
2021-06-21T09:18:59.331Z - warn: "++" syntax for underlining will be deprecated in v3.0. Please use "$$".
filePath: D:\Teaching\CS2113\_AY2021S2\ay2021sem2-website\se-book-adapted\chapters\testCaseDesign.md
2021-06-21T09:18:59.332Z - warn: "++" syntax for underlining will be deprecated in v3.0. Please use "$$".
filePath: D:\Teaching\CS2113\_AY2021S2\ay2021sem2-website\se-book-adapted\chapters\testCaseDesign.md
2021-06-21T09:18:59.332Z - warn: "++" syntax for underlining will be deprecated in v3.0. Please use "$$".
filePath: D:\Teaching\CS2113\_AY2021S2\ay2021sem2-website\se-book-adapted\chapters\testCaseDesign.md
2021-06-21T09:18:59.332Z - warn: "++" syntax for underlining will be deprecated in v3.0. Please use "$$".
filePath: D:\Teaching\CS2113\_AY2021S2\ay2021sem2-website\se-book-adapted\chapters\testCaseDesign.md
2021-06-21T09:19:01.208Z - warn: "++" syntax for underlining will be deprecated in v3.0. Please use "$$".
filePath: D:\Teaching\CS2113\_AY2021S2\ay2021sem2-website\se-book-adapted\chapters\specifyingRequirements.md
2021-06-21T09:19:01.209Z - warn: "++" syntax for underlining will be deprecated in v3.0. Please use "$$".
filePath: D:\Teaching\CS2113\_AY2021S2\ay2021sem2-website\se-book-adapted\chapters\specifyingRequirements.md
2021-06-21T09:19:01.209Z - warn: "++" syntax for underlining will be deprecated in v3.0. Please use "$$".
filePath: D:\Teaching\CS2113\_AY2021S2\ay2021sem2-website\se-book-adapted\chapters\specifyingRequirements.md
2021-06-21T09:19:12.236Z - warn: "++" syntax for underlining will be deprecated in v3.0. Please use "$$".
filePath: D:\Teaching\CS2113\_AY2021S2\ay2021sem2-website\schedule\week4\tutorial.md
2021-06-21T09:19:26.855Z - warn: "++" syntax for underlining will be deprecated in v3.0. Please use "$$".
filePath: D:\Teaching\CS2113\_AY2021S2\ay2021sem2-website\schedule\week12\topics.md
2021-06-21T09:19:26.856Z - warn: "++" syntax for underlining will be deprecated in v3.0. Please use "$$".
filePath: D:\Teaching\CS2113\_AY2021S2\ay2021sem2-website\schedule\week12\topics.md
2021-06-21T09:19:26.857Z - warn: "++" syntax for underlining will be deprecated in v3.0. Please use "$$".
filePath: D:\Teaching\CS2113\_AY2021S2\ay2021sem2-website\schedule\week12\topics.md
2021-06-21T09:19:26.857Z - warn: "++" syntax for underlining will be deprecated in v3.0. Please use "$$".
filePath: D:\Teaching\CS2113\_AY2021S2\ay2021sem2-website\schedule\week12\topics.md
2021-06-21T09:19:26.857Z - warn: "++" syntax for underlining will be deprecated in v3.0. Please use "$$".
filePath: D:\Teaching\CS2113\_AY2021S2\ay2021sem2-website\schedule\week12\topics.md
2021-06-21T09:19:26.858Z - warn: "++" syntax for underlining will be deprecated in v3.0. Please use "$$".
filePath: D:\Teaching\CS2113\_AY2021S2\ay2021sem2-website\schedule\week12\topics.md
2021-06-21T09:19:26.858Z - warn: "++" syntax for underlining will be deprecated in v3.0. Please use "$$".
filePath: D:\Teaching\CS2113\_AY2021S2\ay2021sem2-website\schedule\week12\topics.md
2021-06-21T09:19:26.858Z - warn: "++" syntax for underlining will be deprecated in v3.0. Please use "$$".
filePath: D:\Teaching\CS2113\_AY2021S2\ay2021sem2-website\schedule\week12\topics.md
2021-06-21T09:19:26.859Z - warn: "++" syntax for underlining will be deprecated in v3.0. Please use "$$".
filePath: D:\Teaching\CS2113\_AY2021S2\ay2021sem2-website\schedule\week12\topics.md
2021-06-21T09:19:26.859Z - warn: "++" syntax for underlining will be deprecated in v3.0. Please use "$$".
filePath: D:\Teaching\CS2113\_AY2021S2\ay2021sem2-website\schedule\week12\topics.md
2021-06-21T09:19:26.859Z - warn: "++" syntax for underlining will be deprecated in v3.0. Please use "$$".
filePath: D:\Teaching\CS2113\_AY2021S2\ay2021sem2-website\schedule\week12\topics.md
2021-06-21T09:19:26.859Z - warn: "++" syntax for underlining will be deprecated in v3.0. Please use "$$".
filePath: D:\Teaching\CS2113\_AY2021S2\ay2021sem2-website\schedule\week12\topics.md
2021-06-21T09:19:26.860Z - warn: "++" syntax for underlining will be deprecated in v3.0. Please use "$$".
filePath: D:\Teaching\CS2113\_AY2021S2\ay2021sem2-website\schedule\week12\topics.md
2021-06-21T09:19:26.860Z - warn: "++" syntax for underlining will be deprecated in v3.0. Please use "$$".
filePath: D:\Teaching\CS2113\_AY2021S2\ay2021sem2-website\schedule\week12\topics.md
2021-06-21T09:19:26.860Z - warn: "++" syntax for underlining will be deprecated in v3.0. Please use "$$".
filePath: D:\Teaching\CS2113\_AY2021S2\ay2021sem2-website\schedule\week12\topics.md
2021-06-21T09:19:26.861Z - warn: "++" syntax for underlining will be deprecated in v3.0. Please use "$$".
filePath: D:\Teaching\CS2113\_AY2021S2\ay2021sem2-website\schedule\week12\topics.md
2021-06-21T09:19:26.913Z - warn: You might have an invalid intra-link! Ignore this warning if it was intended.
'/website/week7/topics.html' found in file 'D:\Teaching\CS2113\_AY2021S2\ay2021sem2-website\admin\common-commentary.mbdf'
2021-06-21T09:19:34.892Z - warn: "++" syntax for underlining will be deprecated in v3.0. Please use "$$".
filePath: D:\Teaching\CS2113\_AY2021S2\ay2021sem2-website\schedule\week7\project.md
2021-06-21T09:19:38.146Z - warn: "++" syntax for underlining will be deprecated in v3.0. Please use "$$".
filePath: D:\Teaching\CS2113\_AY2021S2\ay2021sem2-website\schedule\week4\project.md
2021-06-21T09:19:52.185Z - warn: "++" syntax for underlining will be deprecated in v3.0. Please use "$$".
filePath: D:\Teaching\CS2113\_AY2021S2\ay2021sem2-website\schedule\week1\admin.md
2021-06-21T09:19:52.189Z - warn: "++" syntax for underlining will be deprecated in v3.0. Please use "$$".
filePath: D:\Teaching\CS2113\_AY2021S2\ay2021sem2-website\schedule\week1\admin.md
2021-06-21T09:19:57.538Z - debug:  
2021-06-21T09:20:11.300Z - debug:  
2021-06-21T09:20:11.305Z - debug:  
2021-06-21T09:20:13.619Z - warn: "++" syntax for underlining will be deprecated in v3.0. Please use "$$".
filePath: D:\Teaching\CS2113\_AY2021S2\ay2021sem2-website\admin\participation.md
2021-06-21T09:20:14.622Z - warn: "++" syntax for underlining will be deprecated in v3.0. Please use "$$".
filePath: D:\Teaching\CS2113\_AY2021S2\ay2021sem2-website\admin\ip-w7.md
2021-06-21T09:20:15.871Z - warn: "++" syntax for underlining will be deprecated in v3.0. Please use "$$".
filePath: D:\Teaching\CS2113\_AY2021S2\ay2021sem2-website\admin\ip-w4.md
2021-06-21T09:20:18.210Z - warn: "++" syntax for underlining will be deprecated in v3.0. Please use "$$".
filePath: D:\Teaching\CS2113\_AY2021S2\ay2021sem2-website\admin\gradeBreakdown.md
2021-06-21T09:20:19.351Z - info: Pages built
2021-06-21T09:20:20.435Z - info: Site data built
2021-06-21T09:20:20.435Z - info: Website generation complete! Total build time: 166.329s
2021-06-21T09:20:20.435Z - info: Build success!
2021-06-21T09:20:32.580Z - info: Deployed at https://nus-cs2113-ay2021s2.github.io/website!
2021-06-21T09:24:46.240Z - info: Website generation started at 5:24:41 pm
2021-06-21T09:24:49.865Z - info: Building assets...
