2021-01-10T14:43:50.085Z - info: Website generation started at 10:43:50 PM
2021-01-10T14:43:54.361Z - info: Building assets...
2021-01-10T14:43:57.908Z - info: Assets built
2021-01-10T14:43:57.909Z - info: Generating pages...
2021-01-10T14:44:10.406Z - debug: The process cannot access the file because it is being used by another process.

2021-01-10T14:44:10.407Z - debug: The process cannot access the file because it is being used by another process.

2021-01-10T14:44:13.386Z - debug:  
2021-01-10T14:44:13.387Z - debug:  
2021-01-10T14:44:13.387Z - debug:  
2021-01-10T14:44:13.389Z - debug:  
2021-01-10T14:44:13.389Z - debug:  
2021-01-10T14:44:14.960Z - debug:  
2021-01-10T14:44:16.019Z - debug:  
2021-01-10T14:44:20.345Z - debug:  
2021-01-10T14:44:20.347Z - debug: The process cannot access the file because it is being used by another process.

2021-01-10T14:44:20.347Z - debug: The process cannot access the file because it is being used by another process.

2021-01-10T14:44:20.348Z - debug:  
2021-01-10T14:44:20.850Z - debug:  
2021-01-10T14:44:22.776Z - debug: The process cannot access the file because it is being used by another process.

2021-01-10T14:44:22.777Z - debug: The process cannot access the file because it is being used by another process.

2021-01-10T14:44:23.329Z - debug: The process cannot access the file because it is being used by another process.

2021-01-10T14:44:23.329Z - debug: The process cannot access the file because it is being used by another process.

2021-01-10T14:44:23.466Z - debug: The process cannot access the file because it is being used by another process.

2021-01-10T14:44:23.467Z - debug: The process cannot access the file because it is being used by another process.

2021-01-10T14:44:23.677Z - debug:  
2021-01-10T14:44:23.677Z - debug:  
2021-01-10T14:44:39.617Z - debug: The process cannot access the file because it is being used by another process.

2021-01-10T14:44:40.131Z - debug: The process cannot access the file because it is being used by another process.

2021-01-10T14:44:41.122Z - debug: The process cannot access the file because it is being used by another process.

2021-01-10T14:44:41.774Z - debug: The process cannot access the file because it is being used by another process.

2021-01-10T14:44:41.775Z - debug:  
2021-01-10T14:44:42.752Z - debug: The process cannot access the file because it is being used by another process.

2021-01-10T14:44:44.390Z - debug: The process cannot access the file because it is being used by another process.

2021-01-10T14:44:44.913Z - debug:  
2021-01-10T14:44:46.789Z - debug: The process cannot access the file because it is being used by another process.

2021-01-10T14:44:46.791Z - debug: The process cannot access the file because it is being used by another process.

2021-01-10T14:44:49.011Z - debug: The process cannot access the file because it is being used by another process.

2021-01-10T14:44:49.012Z - debug: The process cannot access the file because it is being used by another process.

2021-01-10T14:44:50.473Z - debug:  
2021-01-10T14:44:50.473Z - debug:  
2021-01-10T14:44:53.123Z - debug:  
2021-01-10T14:44:53.347Z - debug:  
2021-01-10T14:44:58.142Z - debug: The process cannot access the file because it is being used by another process.

2021-01-10T14:44:59.789Z - debug: The process cannot access the file because it is being used by another process.

2021-01-10T14:45:00.725Z - debug:  
2021-01-10T14:45:19.227Z - debug:  
2021-01-10T14:45:19.324Z - debug:  
2021-01-10T14:45:19.325Z - debug:  
2021-01-10T14:45:19.429Z - debug:  
2021-01-10T14:45:24.306Z - debug:  
2021-01-10T14:45:25.462Z - debug:  
2021-01-10T14:45:25.463Z - debug:  
2021-01-10T14:45:30.671Z - debug:  
2021-01-10T14:45:34.255Z - debug:  
2021-01-10T14:45:34.256Z - debug:  
2021-01-10T14:45:34.256Z - debug:  
2021-01-10T14:45:34.256Z - debug:  
2021-01-10T14:45:41.729Z - debug:  
2021-01-10T14:45:41.730Z - debug:  
2021-01-10T14:45:42.179Z - debug:  
2021-01-10T14:45:46.263Z - debug:  
2021-01-10T14:46:08.612Z - debug:  
2021-01-10T14:46:15.253Z - debug:  
2021-01-10T14:46:15.254Z - debug:  
2021-01-10T14:46:15.254Z - debug:  
2021-01-10T14:46:43.097Z - debug:  
2021-01-10T14:46:59.182Z - debug:  
2021-01-10T14:46:59.183Z - debug:  
2021-01-10T14:47:08.610Z - info: Pages built
2021-01-10T14:47:33.292Z - info: Website generation complete! Total build time: 223.215s
2021-01-10T14:47:33.293Z - info: Build success!
2021-01-10T14:47:33.293Z - debug:  
2021-01-10T14:47:33.296Z - info: Site data built
2021-01-10T14:48:48.456Z - info: Deployed!
2021-01-10T15:32:06.566Z - info: Website generation (lazy) started at 11:32:02 PM
2021-01-10T15:32:11.214Z - info: Building assets...
2021-01-10T15:32:14.889Z - info: Assets built
2021-01-10T15:32:14.889Z - info: Generating landing page...
2021-01-10T15:32:15.549Z - info: Landing page built, other pages will be built as you navigate to them!
2021-01-10T15:32:15.637Z - info: Website generation (lazy) complete! Total build time: 13.318s
2021-01-10T15:32:16.182Z - info: Serving "D:\Teaching\CS2113\_AY2021S2\website\_site" at http://127.0.0.1:8080
2021-01-10T15:32:16.182Z - info: Press CTRL+C to stop ...
2021-01-10T15:32:16.244Z - info: Site data built
2021-01-10T15:32:45.517Z - info: Building D:\Teaching\CS2113\_AY2021S2\website\admin\tutorials as some of its dependencies were changed since the last visit
2021-01-10T15:32:45.917Z - info: Site data built
2021-01-10T15:32:45.918Z - info: Lazy website regeneration complete! Total build time: 0.402s
2021-01-10T15:33:02.996Z - info: [11:33:02 PM] Reload for file change: D:\Teaching\CS2113\_AY2021S2\website\_module-CS2113\timetables.mbdf
2021-01-10T15:33:04.001Z - info: Rebuilding 1 pages
2021-01-10T15:33:04.306Z - info: Pages rebuilt
2021-01-10T15:33:04.306Z - info: Website regeneration complete! Total build time: 0.306s
2021-01-10T15:33:04.313Z - info: Site data built
2021-01-10T15:34:32.387Z - info: Building D:\Teaching\CS2113\_AY2021S2\website\admin\instructors as some of its dependencies were changed since the last visit
2021-01-10T15:34:32.607Z - info: Site data built
2021-01-10T15:34:32.607Z - info: Lazy website regeneration complete! Total build time: 0.22s
