2021-01-23T02:16:15.638Z - info: Website generation (lazy) started at 10:16:10 AM
2021-01-23T02:16:20.237Z - info: Building assets...
2021-01-23T02:16:23.899Z - info: Assets built
2021-01-23T02:16:23.900Z - info: Generating landing page...
2021-01-23T02:16:25.269Z - info: Landing page built, other pages will be built as you navigate to them!
2021-01-23T02:16:25.446Z - info: Website generation (lazy) complete! Total build time: 14.707s
2021-01-23T02:16:26.033Z - info: Serving "D:\Teaching\CS2113\_AY2021S2\ay2021sem2-website\_site" at http://127.0.0.1:8080
2021-01-23T02:16:26.034Z - info: Press CTRL+C to stop ...
2021-01-23T02:16:26.096Z - info: Site data built
2021-01-23T02:26:39.559Z - info: Building D:\Teaching\CS2113\_AY2021S2\ay2021sem2-website\admin\index as some of its dependencies were changed since the last visit
2021-01-23T02:26:40.070Z - info: Site data built
2021-01-23T02:26:40.072Z - info: Lazy website regeneration complete! Total build time: 0.513s
2021-01-23T02:27:29.290Z - info: Building D:\Teaching\CS2113\_AY2021S2\ay2021sem2-website\admin\appendixE-gitHub as some of its dependencies were changed since the last visit
2021-01-23T02:27:30.044Z - info: Site data built
2021-01-23T02:27:30.045Z - info: Lazy website regeneration complete! Total build time: 0.756s
2021-01-23T02:38:56.564Z - info: [10:38:56 AM] Reload for file change: D:\Teaching\CS2113\_AY2021S2\ay2021sem2-website\admin\appendixE-gitHub.md
2021-01-23T02:38:57.569Z - info: Rebuilding 1 pages
2021-01-23T02:38:58.334Z - info: Pages rebuilt
2021-01-23T02:38:58.335Z - info: Website regeneration complete! Total build time: 0.767s
2021-01-23T02:38:58.341Z - info: Site data built
2021-01-23T02:41:02.524Z - info: [10:41:02 AM] Reload for file change: D:\Teaching\CS2113\_AY2021S2\ay2021sem2-website\admin\appendixE-gitHub.md
2021-01-23T02:41:03.531Z - info: Rebuilding 1 pages
2021-01-23T02:41:04.231Z - info: Pages rebuilt
2021-01-23T02:41:04.232Z - info: Website regeneration complete! Total build time: 0.704s
2021-01-23T02:41:04.238Z - info: Site data built
2021-01-23T02:41:36.238Z - info: [10:41:36 AM] Reload for file change: D:\Teaching\CS2113\_AY2021S2\ay2021sem2-website\admin\appendixE-gitHub.md
2021-01-23T02:41:37.243Z - info: Rebuilding 1 pages
2021-01-23T02:41:37.956Z - info: Pages rebuilt
2021-01-23T02:41:37.957Z - info: Website regeneration complete! Total build time: 0.716s
2021-01-23T02:41:37.961Z - info: Site data built
2021-01-23T02:41:55.023Z - info: [10:41:55 AM] Reload for file change: D:\Teaching\CS2113\_AY2021S2\ay2021sem2-website\admin\appendixE-gitHub.md
2021-01-23T02:41:56.028Z - info: Rebuilding 1 pages
2021-01-23T02:41:57.064Z - info: Pages rebuilt
2021-01-23T02:41:57.065Z - info: Website regeneration complete! Total build time: 1.039s
2021-01-23T02:41:57.074Z - info: Site data built
2021-01-23T02:42:22.627Z - info: [10:42:22 AM] Reload for file change: D:\Teaching\CS2113\_AY2021S2\ay2021sem2-website\admin\appendixE-gitHub.md
2021-01-23T02:42:23.630Z - info: Rebuilding 1 pages
2021-01-23T02:42:24.449Z - info: Pages rebuilt
2021-01-23T02:42:24.451Z - info: Website regeneration complete! Total build time: 0.822s
2021-01-23T02:42:24.458Z - info: Site data built
2021-01-23T02:42:30.324Z - info: [10:42:30 AM] Reload for file change: D:\Teaching\CS2113\_AY2021S2\ay2021sem2-website\admin\appendixE-gitHub.md
2021-01-23T02:42:31.327Z - info: Rebuilding 1 pages
2021-01-23T02:42:31.897Z - info: Pages rebuilt
2021-01-23T02:42:31.897Z - info: Website regeneration complete! Total build time: 0.572s
2021-01-23T02:42:31.902Z - info: Site data built
2021-01-23T02:43:18.053Z - info: [10:43:18 AM] Reload for file change: D:\Teaching\CS2113\_AY2021S2\ay2021sem2-website\admin\appendixE-gitHub.md
2021-01-23T02:43:19.059Z - info: Rebuilding 1 pages
2021-01-23T02:43:20.070Z - info: Pages rebuilt
2021-01-23T02:43:20.071Z - info: Website regeneration complete! Total build time: 1.013s
2021-01-23T02:43:20.078Z - info: Site data built
2021-01-23T02:43:46.860Z - info: [10:43:46 AM] Reload for file change: D:\Teaching\CS2113\_AY2021S2\ay2021sem2-website\admin\appendixE-gitHub.md
2021-01-23T02:43:47.864Z - info: Rebuilding 1 pages
2021-01-23T02:43:48.666Z - info: Pages rebuilt
2021-01-23T02:43:48.667Z - info: Website regeneration complete! Total build time: 0.804s
2021-01-23T02:43:48.672Z - info: Site data built
2021-01-23T02:44:34.449Z - info: [10:44:34 AM] Reload for file change: D:\Teaching\CS2113\_AY2021S2\ay2021sem2-website\admin\appendixE-gitHub.md
2021-01-23T02:44:35.457Z - info: Rebuilding 1 pages
2021-01-23T02:44:36.356Z - info: Pages rebuilt
2021-01-23T02:44:36.357Z - info: Website regeneration complete! Total build time: 0.901s
2021-01-23T02:44:36.362Z - info: Site data built
2021-01-23T02:45:04.635Z - info: [10:45:04 AM] Reload for file change: D:\Teaching\CS2113\_AY2021S2\ay2021sem2-website\admin\appendixE-gitHub.md
2021-01-23T02:45:05.640Z - info: Rebuilding 1 pages
2021-01-23T02:45:06.726Z - info: Pages rebuilt
2021-01-23T02:45:06.726Z - info: Website regeneration complete! Total build time: 1.088s
2021-01-23T02:45:06.732Z - info: Site data built
2021-01-23T02:45:13.749Z - info: [10:45:13 AM] Reload for file change: D:\Teaching\CS2113\_AY2021S2\ay2021sem2-website\admin\appendixE-gitHub.md
2021-01-23T02:45:14.757Z - info: Rebuilding 1 pages
2021-01-23T02:45:15.547Z - info: Pages rebuilt
2021-01-23T02:45:15.547Z - info: Website regeneration complete! Total build time: 0.792s
2021-01-23T02:45:15.552Z - info: Site data built
2021-01-23T02:45:21.472Z - info: [10:45:21 AM] Reload for file change: D:\Teaching\CS2113\_AY2021S2\ay2021sem2-website\admin\appendixE-gitHub.md
2021-01-23T02:45:22.477Z - info: Rebuilding 1 pages
2021-01-23T02:45:23.179Z - info: Pages rebuilt
2021-01-23T02:45:23.180Z - info: Website regeneration complete! Total build time: 0.706s
2021-01-23T02:45:23.185Z - info: Site data built
2021-01-23T02:45:27.955Z - info: [10:45:27 AM] Reload for file change: D:\Teaching\CS2113\_AY2021S2\ay2021sem2-website\admin\appendixE-gitHub.md
2021-01-23T02:45:28.961Z - info: Rebuilding 1 pages
2021-01-23T02:45:29.556Z - info: Pages rebuilt
2021-01-23T02:45:29.557Z - info: Website regeneration complete! Total build time: 0.598s
2021-01-23T02:45:29.560Z - info: Site data built
2021-01-23T02:45:42.332Z - info: [10:45:42 AM] Reload for file change: D:\Teaching\CS2113\_AY2021S2\ay2021sem2-website\admin\appendixE-gitHub.md
2021-01-23T02:45:43.336Z - info: Rebuilding 1 pages
2021-01-23T02:45:44.198Z - info: Pages rebuilt
2021-01-23T02:45:44.199Z - info: Website regeneration complete! Total build time: 0.865s
2021-01-23T02:45:44.210Z - info: Site data built
2021-01-23T02:45:52.475Z - info: [10:45:52 AM] Reload for file change: D:\Teaching\CS2113\_AY2021S2\ay2021sem2-website\admin\appendixE-gitHub.md
2021-01-23T02:45:53.480Z - info: Rebuilding 1 pages
2021-01-23T02:45:54.456Z - info: Pages rebuilt
2021-01-23T02:45:54.456Z - info: Website regeneration complete! Total build time: 0.98s
2021-01-23T02:45:54.463Z - info: Site data built
2021-01-23T02:46:01.822Z - info: [10:46:01 AM] Reload for file change: D:\Teaching\CS2113\_AY2021S2\ay2021sem2-website\admin\appendixE-gitHub.md
2021-01-23T02:46:02.826Z - info: Rebuilding 1 pages
2021-01-23T02:46:03.488Z - info: Pages rebuilt
2021-01-23T02:46:03.489Z - info: Website regeneration complete! Total build time: 0.664s
2021-01-23T02:46:03.494Z - info: Site data built
2021-01-23T02:46:14.590Z - info: [10:46:14 AM] Reload for file change: D:\Teaching\CS2113\_AY2021S2\ay2021sem2-website\admin\appendixE-gitHub.md
2021-01-23T02:46:15.596Z - info: Rebuilding 1 pages
2021-01-23T02:46:16.463Z - info: Pages rebuilt
2021-01-23T02:46:16.464Z - info: Website regeneration complete! Total build time: 0.87s
2021-01-23T02:46:16.471Z - info: Site data built
2021-01-23T02:46:26.984Z - info: [10:46:26 AM] Reload for file change: D:\Teaching\CS2113\_AY2021S2\ay2021sem2-website\admin\appendixE-gitHub.md
2021-01-23T02:46:27.989Z - info: Rebuilding 1 pages
2021-01-23T02:46:28.704Z - info: Pages rebuilt
2021-01-23T02:46:28.705Z - info: Website regeneration complete! Total build time: 0.717s
2021-01-23T02:46:28.713Z - info: Site data built
2021-01-23T02:48:29.334Z - info: [10:48:29 AM] Reload for file change: D:\Teaching\CS2113\_AY2021S2\ay2021sem2-website\admin\appendixE-gitHub.md
2021-01-23T02:48:30.339Z - info: Rebuilding 1 pages
2021-01-23T02:48:31.361Z - info: Pages rebuilt
2021-01-23T02:48:31.362Z - info: Website regeneration complete! Total build time: 1.025s
2021-01-23T02:48:31.369Z - info: Site data built
2021-01-23T07:49:03.228Z - info: [3:49:03 PM] Reload for file change: D:\Teaching\CS2113\_AY2021S2\ay2021sem2-website\admin\appendixE-gitHub.md
2021-01-23T07:49:04.243Z - info: Rebuilding 1 pages
2021-01-23T07:49:04.832Z - info: Pages rebuilt
2021-01-23T07:49:04.832Z - info: Website regeneration complete! Total build time: 0.6s
2021-01-23T07:49:04.845Z - info: Site data built
2021-01-23T07:55:27.274Z - info: [3:55:27 PM] Reload for file change: D:\Teaching\CS2113\_AY2021S2\ay2021sem2-website\admin\appendixE-gitHub.md
2021-01-23T07:55:28.277Z - info: Rebuilding 1 pages
2021-01-23T07:55:29.073Z - info: Pages rebuilt
2021-01-23T07:55:29.074Z - info: Website regeneration complete! Total build time: 0.799s
2021-01-23T07:55:29.081Z - info: Site data built
2021-01-23T07:56:05.870Z - info: [3:56:05 PM] Reload for file change: D:\Teaching\CS2113\_AY2021S2\ay2021sem2-website\admin\appendixE-gitHub.md
2021-01-23T07:56:06.876Z - info: Rebuilding 1 pages
2021-01-23T07:56:07.470Z - info: Pages rebuilt
2021-01-23T07:56:07.470Z - info: Website regeneration complete! Total build time: 0.597s
2021-01-23T07:56:07.478Z - info: Site data built
2021-01-23T07:56:21.134Z - info: [3:56:21 PM] Reload for file change: D:\Teaching\CS2113\_AY2021S2\ay2021sem2-website\admin\appendixE-gitHub.md
2021-01-23T07:56:22.139Z - info: Rebuilding 1 pages
2021-01-23T07:56:22.874Z - info: Pages rebuilt
2021-01-23T07:56:22.875Z - info: Website regeneration complete! Total build time: 0.738s
2021-01-23T07:56:22.881Z - info: Site data built
2021-01-23T07:57:07.159Z - info: [3:57:07 PM] Reload for file change: D:\Teaching\CS2113\_AY2021S2\ay2021sem2-website\admin\appendixE-gitHub.md
2021-01-23T07:57:08.168Z - info: Rebuilding 1 pages
2021-01-23T07:57:08.877Z - info: Pages rebuilt
2021-01-23T07:57:08.877Z - info: Website regeneration complete! Total build time: 0.713s
2021-01-23T07:57:08.883Z - info: Site data built
2021-01-23T07:57:59.518Z - info: [3:57:59 PM] Reload for file change: D:\Teaching\CS2113\_AY2021S2\ay2021sem2-website\admin\appendixE-gitHub.md
2021-01-23T07:58:00.523Z - info: Rebuilding 1 pages
2021-01-23T07:58:01.055Z - info: Pages rebuilt
2021-01-23T07:58:01.056Z - info: Website regeneration complete! Total build time: 0.535s
2021-01-23T07:58:01.063Z - info: Site data built
2021-01-23T07:58:29.370Z - info: [3:58:29 PM] Reload for file change: D:\Teaching\CS2113\_AY2021S2\ay2021sem2-website\admin\appendixE-gitHub.md
2021-01-23T07:58:30.374Z - info: Rebuilding 1 pages
2021-01-23T07:58:31.000Z - info: Pages rebuilt
2021-01-23T07:58:31.001Z - info: Website regeneration complete! Total build time: 0.629s
2021-01-23T07:58:31.005Z - info: Site data built
2021-01-23T07:58:40.184Z - info: [3:58:40 PM] Reload for file change: D:\Teaching\CS2113\_AY2021S2\ay2021sem2-website\admin\appendixE-gitHub.md
2021-01-23T07:58:41.188Z - info: Rebuilding 1 pages
2021-01-23T07:58:41.854Z - info: Pages rebuilt
2021-01-23T07:58:41.855Z - info: Website regeneration complete! Total build time: 0.668s
2021-01-23T07:58:41.860Z - info: Site data built
2021-01-23T07:58:51.101Z - info: [3:58:51 PM] Reload for file change: D:\Teaching\CS2113\_AY2021S2\ay2021sem2-website\admin\appendixE-gitHub.md
2021-01-23T07:58:52.103Z - info: Rebuilding 1 pages
2021-01-23T07:58:52.628Z - info: Pages rebuilt
2021-01-23T07:58:52.628Z - info: Website regeneration complete! Total build time: 0.527s
2021-01-23T07:58:52.632Z - info: Site data built
2021-01-23T07:59:12.892Z - info: [3:59:12 PM] Reload for file change: D:\Teaching\CS2113\_AY2021S2\ay2021sem2-website\admin\appendixE-gitHub.md
2021-01-23T07:59:13.896Z - info: Rebuilding 1 pages
2021-01-23T07:59:14.662Z - info: Pages rebuilt
2021-01-23T07:59:14.663Z - info: Website regeneration complete! Total build time: 0.768s
2021-01-23T07:59:14.670Z - info: Site data built
2021-01-23T07:59:20.679Z - info: [3:59:20 PM] Reload for file change: D:\Teaching\CS2113\_AY2021S2\ay2021sem2-website\admin\appendixE-gitHub.md
2021-01-23T07:59:21.686Z - info: Rebuilding 1 pages
2021-01-23T07:59:22.391Z - info: Pages rebuilt
2021-01-23T07:59:22.392Z - info: Website regeneration complete! Total build time: 0.709s
2021-01-23T07:59:22.396Z - info: Site data built
2021-01-23T07:59:28.722Z - info: [3:59:28 PM] Reload for file change: D:\Teaching\CS2113\_AY2021S2\ay2021sem2-website\admin\appendixE-gitHub.md
2021-01-23T07:59:29.728Z - info: Rebuilding 1 pages
2021-01-23T07:59:30.378Z - info: Pages rebuilt
2021-01-23T07:59:30.379Z - info: Website regeneration complete! Total build time: 0.657s
2021-01-23T07:59:30.385Z - info: Site data built
2021-01-23T08:00:01.350Z - info: [4:00:01 PM] Reload for file change: D:\Teaching\CS2113\_AY2021S2\ay2021sem2-website\admin\appendixE-gitHub.md
2021-01-23T08:00:02.358Z - info: Rebuilding 1 pages
2021-01-23T08:00:02.991Z - info: Pages rebuilt
2021-01-23T08:00:02.992Z - info: Website regeneration complete! Total build time: 0.636s
2021-01-23T08:00:02.996Z - info: Site data built
2021-01-23T08:00:21.669Z - info: [4:00:21 PM] Reload for file change: D:\Teaching\CS2113\_AY2021S2\ay2021sem2-website\admin\appendixE-gitHub.md
2021-01-23T08:00:22.675Z - info: Rebuilding 1 pages
2021-01-23T08:00:23.237Z - info: Pages rebuilt
2021-01-23T08:00:23.238Z - info: Website regeneration complete! Total build time: 0.565s
2021-01-23T08:00:23.247Z - info: Site data built
2021-01-23T08:00:33.317Z - info: [4:00:33 PM] Reload for file change: D:\Teaching\CS2113\_AY2021S2\ay2021sem2-website\admin\appendixE-gitHub.md
2021-01-23T08:00:34.323Z - info: Rebuilding 1 pages
2021-01-23T08:00:34.989Z - info: Pages rebuilt
2021-01-23T08:00:34.989Z - info: Website regeneration complete! Total build time: 0.668s
2021-01-23T08:00:34.994Z - info: Site data built
2021-01-23T08:06:04.470Z - info: [4:06:04 PM] Reload for file change: D:\Teaching\CS2113\_AY2021S2\ay2021sem2-website\admin\appendixE-gitHub.md
2021-01-23T08:06:05.475Z - info: Rebuilding 1 pages
2021-01-23T08:06:06.233Z - info: Pages rebuilt
2021-01-23T08:06:06.234Z - info: Website regeneration complete! Total build time: 0.762s
2021-01-23T08:06:06.241Z - info: Site data built
2021-01-23T08:07:53.868Z - info: [4:07:53 PM] Reload for file change: D:\Teaching\CS2113\_AY2021S2\ay2021sem2-website\admin\appendixE-gitHub.md
2021-01-23T08:07:54.872Z - info: Rebuilding 1 pages
2021-01-23T08:07:55.731Z - info: Pages rebuilt
2021-01-23T08:07:55.732Z - info: Website regeneration complete! Total build time: 0.861s
2021-01-23T08:07:55.741Z - info: Site data built
2021-01-23T08:26:30.037Z - info: [4:26:30 PM] Reload for file change: D:\Teaching\CS2113\_AY2021S2\ay2021sem2-website\admin\appendixE-gitHub.md
2021-01-23T08:26:31.040Z - info: Rebuilding 1 pages
2021-01-23T08:26:31.650Z - info: Pages rebuilt
2021-01-23T08:26:31.651Z - info: Website regeneration complete! Total build time: 0.612s
2021-01-23T08:26:31.658Z - info: Site data built
2021-01-23T08:27:10.861Z - info: [4:27:10 PM] Reload for file change: D:\Teaching\CS2113\_AY2021S2\ay2021sem2-website\admin\appendixE-gitHub.md
2021-01-23T08:27:11.869Z - info: Rebuilding 1 pages
2021-01-23T08:27:12.404Z - info: Pages rebuilt
2021-01-23T08:27:12.404Z - info: Website regeneration complete! Total build time: 0.538s
2021-01-23T08:27:12.411Z - info: Site data built
2021-01-23T08:27:29.281Z - info: [4:27:29 PM] Reload for file change: D:\Teaching\CS2113\_AY2021S2\ay2021sem2-website\admin\appendixE-gitHub.md
2021-01-23T08:27:30.285Z - info: Rebuilding 1 pages
2021-01-23T08:27:30.794Z - info: Pages rebuilt
2021-01-23T08:27:30.795Z - info: Website regeneration complete! Total build time: 0.511s
2021-01-23T08:27:30.798Z - info: Site data built
2021-01-23T08:27:35.763Z - info: [4:27:35 PM] Reload for file change: D:\Teaching\CS2113\_AY2021S2\ay2021sem2-website\admin\appendixE-gitHub.md
2021-01-23T08:27:36.769Z - info: Rebuilding 1 pages
2021-01-23T08:27:37.235Z - info: Pages rebuilt
2021-01-23T08:27:37.235Z - info: Website regeneration complete! Total build time: 0.469s
2021-01-23T08:27:37.239Z - info: Site data built
2021-01-23T08:27:39.488Z - info: [4:27:39 PM] Reload for file change: D:\Teaching\CS2113\_AY2021S2\ay2021sem2-website\admin\appendixE-gitHub.md
2021-01-23T08:27:40.496Z - info: Rebuilding 1 pages
2021-01-23T08:27:40.976Z - info: Pages rebuilt
2021-01-23T08:27:40.977Z - info: Website regeneration complete! Total build time: 0.482s
2021-01-23T08:27:40.981Z - info: Site data built
2021-01-23T08:27:58.159Z - info: [4:27:58 PM] Reload for file change: D:\Teaching\CS2113\_AY2021S2\ay2021sem2-website\admin\appendixE-gitHub.md
2021-01-23T08:27:59.167Z - info: Rebuilding 1 pages
2021-01-23T08:27:59.746Z - info: Pages rebuilt
2021-01-23T08:27:59.747Z - info: Website regeneration complete! Total build time: 0.583s
2021-01-23T08:27:59.751Z - info: Site data built
2021-01-23T08:28:18.983Z - info: [4:28:18 PM] Reload for file change: D:\Teaching\CS2113\_AY2021S2\ay2021sem2-website\admin\appendixE-gitHub.md
2021-01-23T08:28:19.987Z - info: Rebuilding 1 pages
2021-01-23T08:28:20.610Z - info: Pages rebuilt
2021-01-23T08:28:20.610Z - info: Website regeneration complete! Total build time: 0.625s
2021-01-23T08:28:20.617Z - info: Site data built
2021-01-23T08:29:00.233Z - info: [4:29:00 PM] Reload for file change: D:\Teaching\CS2113\_AY2021S2\ay2021sem2-website\admin\appendixE-gitHub.md
2021-01-23T08:29:01.237Z - info: Rebuilding 1 pages
2021-01-23T08:29:01.811Z - info: Pages rebuilt
2021-01-23T08:29:01.811Z - info: Website regeneration complete! Total build time: 0.576s
2021-01-23T08:29:01.818Z - info: Site data built
2021-01-23T08:29:04.362Z - info: [4:29:04 PM] Reload for file change: D:\Teaching\CS2113\_AY2021S2\ay2021sem2-website\admin\appendixE-gitHub.md
2021-01-23T08:29:05.365Z - info: Rebuilding 1 pages
2021-01-23T08:29:06.134Z - info: Pages rebuilt
2021-01-23T08:29:06.135Z - info: Website regeneration complete! Total build time: 0.771s
2021-01-23T08:29:06.147Z - info: Site data built
2021-01-23T08:31:34.841Z - info: [4:31:34 PM] Reload for file change: D:\Teaching\CS2113\_AY2021S2\ay2021sem2-website\admin\appendixE-gitHub.md
2021-01-23T08:31:35.847Z - info: Rebuilding 1 pages
2021-01-23T08:31:36.434Z - info: Pages rebuilt
2021-01-23T08:31:36.434Z - info: Website regeneration complete! Total build time: 0.589s
2021-01-23T08:31:36.443Z - info: Site data built
2021-01-23T08:35:11.631Z - info: [4:35:11 PM] Reload for file change: D:\Teaching\CS2113\_AY2021S2\ay2021sem2-website\admin\appendixE-gitHub.md
2021-01-23T08:35:11.641Z - info: [4:35:11 PM] Reload for file change: D:\Teaching\CS2113\_AY2021S2\ay2021sem2-website\admin\githubclassroomexercises.md
2021-01-23T08:35:12.637Z - info: Rebuilding 1 pages
2021-01-23T08:35:12.982Z - error:  Template render error: (unknown path) [Line 15, Column 16]
  Template render error: (unknown path) [Line 122, Column 9]
  Template render error: (unknown path) [Line 35, Column 52]
  Template render error: (unknown path)
  Template render error: (unknown path)
  Template render error: (unknown path)
  Template render error: (unknown path) [Line 57, Column 69]
  Template render error: (unknown path)
  Template render error: (unknown path)
  Template render error: (unknown path)
  Error: Unable to call `embed_topic`, which is undefined or falsey
Error while preprocessing 'D:\Teaching\CS2113\_AY2021S2\ay2021sem2-website\admin\appendixE-gitHub.md'
    at Object._prettifyError (C:\Users\anarayan\AppData\Roaming\npm\node_modules\markbind-cli\node_modules\nunjucks\src\lib.js:36:11)
    at C:\Users\anarayan\AppData\Roaming\npm\node_modules\markbind-cli\node_modules\nunjucks\src\environment.js:561:19
    at Template.root [as rootRenderFunc] (eval at _compile (C:\Users\anarayan\AppData\Roaming\npm\node_modules\markbind-cli\node_modules\nunjucks\src\environment.js:631:18), <anonymous>:47:3)
    at Template.render (C:\Users\anarayan\AppData\Roaming\npm\node_modules\markbind-cli\node_modules\nunjucks\src\environment.js:550:10)
    at Environment.renderString (C:\Users\anarayan\AppData\Roaming\npm\node_modules\markbind-cli\node_modules\nunjucks\src\environment.js:378:17)
    at VariableRenderer.render (C:\Users\anarayan\AppData\Roaming\npm\node_modules\markbind-cli\node_modules\@markbind\core\src\variables\VariableRenderer.js:79:17)
    at VariableProcessor.renderSiteVariables (C:\Users\anarayan\AppData\Roaming\npm\node_modules\markbind-cli\node_modules\@markbind\core\src\variables\VariableProcessor.js:151:53)
    at VariableProcessor.renderIncludeFile (C:\Users\anarayan\AppData\Roaming\npm\node_modules\markbind-cli\node_modules\@markbind\core\src\variables\VariableProcessor.js:390:34)
    at _preprocessInclude (C:\Users\anarayan\AppData\Roaming\npm\node_modules\markbind-cli\node_modules\@markbind\core\src\preprocessors\componentPreprocessor.js:242:25)
    at preProcessComponent (C:\Users\anarayan\AppData\Roaming\npm\node_modules\markbind-cli\node_modules\@markbind\core\src\preprocessors\componentPreprocessor.js:349:12)
    at node.children.node.children.map.e (C:\Users\anarayan\AppData\Roaming\npm\node_modules\markbind-cli\node_modules\@markbind\core\src\preprocessors\componentPreprocessor.js:124:46)
    at Array.map (<anonymous>)
    at _preProcessPanel (C:\Users\anarayan\AppData\Roaming\npm\node_modules\markbind-cli\node_modules\@markbind\core\src\preprocessors\componentPreprocessor.js:124:37)
    at preProcessComponent (C:\Users\anarayan\AppData\Roaming\npm\node_modules\markbind-cli\node_modules\@markbind\core\src\preprocessors\componentPreprocessor.js:343:12)
    at element.children.element.children.map.e (C:\Users\anarayan\AppData\Roaming\npm\node_modules\markbind-cli\node_modules\@markbind\core\src\preprocessors\componentPreprocessor.js:356:52)
    at Array.map (<anonymous>)
2021-01-23T08:35:13.131Z - info: Pages rebuilt
2021-01-23T08:35:13.132Z - info: Website regeneration complete! Total build time: 0.497s
2021-01-23T08:35:13.136Z - info: Site data built
2021-01-23T08:35:50.979Z - info: [4:35:50 PM] Reload for file change: D:\Teaching\CS2113\_AY2021S2\ay2021sem2-website\admin\githubclassroomexercises.md
2021-01-23T08:35:51.985Z - info: Rebuilding 1 pages
2021-01-23T08:35:52.155Z - error:  Template render error: (unknown path) [Line 15, Column 16]
  Template render error: (unknown path) [Line 122, Column 9]
  Template render error: (unknown path) [Line 35, Column 52]
  Template render error: (unknown path)
  Template render error: (unknown path)
  Template render error: (unknown path)
  Template render error: (unknown path) [Line 57, Column 69]
  Template render error: (unknown path)
  Template render error: (unknown path)
  Template render error: (unknown path)
  Error: Unable to call `embed_topic`, which is undefined or falsey
Error while preprocessing 'D:\Teaching\CS2113\_AY2021S2\ay2021sem2-website\admin\appendixE-gitHub.md'
    at Object._prettifyError (C:\Users\anarayan\AppData\Roaming\npm\node_modules\markbind-cli\node_modules\nunjucks\src\lib.js:36:11)
    at C:\Users\anarayan\AppData\Roaming\npm\node_modules\markbind-cli\node_modules\nunjucks\src\environment.js:561:19
    at Template.root [as rootRenderFunc] (eval at _compile (C:\Users\anarayan\AppData\Roaming\npm\node_modules\markbind-cli\node_modules\nunjucks\src\environment.js:631:18), <anonymous>:47:3)
    at Template.render (C:\Users\anarayan\AppData\Roaming\npm\node_modules\markbind-cli\node_modules\nunjucks\src\environment.js:550:10)
    at Environment.renderString (C:\Users\anarayan\AppData\Roaming\npm\node_modules\markbind-cli\node_modules\nunjucks\src\environment.js:378:17)
    at VariableRenderer.render (C:\Users\anarayan\AppData\Roaming\npm\node_modules\markbind-cli\node_modules\@markbind\core\src\variables\VariableRenderer.js:79:17)
    at VariableProcessor.renderSiteVariables (C:\Users\anarayan\AppData\Roaming\npm\node_modules\markbind-cli\node_modules\@markbind\core\src\variables\VariableProcessor.js:151:53)
    at VariableProcessor.renderIncludeFile (C:\Users\anarayan\AppData\Roaming\npm\node_modules\markbind-cli\node_modules\@markbind\core\src\variables\VariableProcessor.js:390:34)
    at _preprocessInclude (C:\Users\anarayan\AppData\Roaming\npm\node_modules\markbind-cli\node_modules\@markbind\core\src\preprocessors\componentPreprocessor.js:242:25)
    at preProcessComponent (C:\Users\anarayan\AppData\Roaming\npm\node_modules\markbind-cli\node_modules\@markbind\core\src\preprocessors\componentPreprocessor.js:349:12)
    at node.children.node.children.map.e (C:\Users\anarayan\AppData\Roaming\npm\node_modules\markbind-cli\node_modules\@markbind\core\src\preprocessors\componentPreprocessor.js:124:46)
    at Array.map (<anonymous>)
    at _preProcessPanel (C:\Users\anarayan\AppData\Roaming\npm\node_modules\markbind-cli\node_modules\@markbind\core\src\preprocessors\componentPreprocessor.js:124:37)
    at preProcessComponent (C:\Users\anarayan\AppData\Roaming\npm\node_modules\markbind-cli\node_modules\@markbind\core\src\preprocessors\componentPreprocessor.js:343:12)
    at element.children.element.children.map.e (C:\Users\anarayan\AppData\Roaming\npm\node_modules\markbind-cli\node_modules\@markbind\core\src\preprocessors\componentPreprocessor.js:356:52)
    at Array.map (<anonymous>)
2021-01-23T08:35:52.296Z - info: Pages rebuilt
2021-01-23T08:35:52.296Z - info: Website regeneration complete! Total build time: 0.314s
2021-01-23T08:35:52.302Z - info: Site data built
2021-01-23T08:35:55.897Z - info: [4:35:55 PM] Reload for file change: D:\Teaching\CS2113\_AY2021S2\ay2021sem2-website\admin\githubclassroomexercises.md
2021-01-23T08:35:56.903Z - info: Rebuilding 1 pages
2021-01-23T08:35:57.046Z - error:  Template render error: (unknown path) [Line 15, Column 16]
  Template render error: (unknown path) [Line 122, Column 9]
  Template render error: (unknown path) [Line 35, Column 52]
  Template render error: (unknown path)
  Template render error: (unknown path)
  Template render error: (unknown path)
  Template render error: (unknown path) [Line 57, Column 69]
  Template render error: (unknown path)
  Template render error: (unknown path)
  Template render error: (unknown path)
  Error: Unable to call `embed_topic`, which is undefined or falsey
Error while preprocessing 'D:\Teaching\CS2113\_AY2021S2\ay2021sem2-website\admin\appendixE-gitHub.md'
    at Object._prettifyError (C:\Users\anarayan\AppData\Roaming\npm\node_modules\markbind-cli\node_modules\nunjucks\src\lib.js:36:11)
    at C:\Users\anarayan\AppData\Roaming\npm\node_modules\markbind-cli\node_modules\nunjucks\src\environment.js:561:19
    at Template.root [as rootRenderFunc] (eval at _compile (C:\Users\anarayan\AppData\Roaming\npm\node_modules\markbind-cli\node_modules\nunjucks\src\environment.js:631:18), <anonymous>:47:3)
    at Template.render (C:\Users\anarayan\AppData\Roaming\npm\node_modules\markbind-cli\node_modules\nunjucks\src\environment.js:550:10)
    at Environment.renderString (C:\Users\anarayan\AppData\Roaming\npm\node_modules\markbind-cli\node_modules\nunjucks\src\environment.js:378:17)
    at VariableRenderer.render (C:\Users\anarayan\AppData\Roaming\npm\node_modules\markbind-cli\node_modules\@markbind\core\src\variables\VariableRenderer.js:79:17)
    at VariableProcessor.renderSiteVariables (C:\Users\anarayan\AppData\Roaming\npm\node_modules\markbind-cli\node_modules\@markbind\core\src\variables\VariableProcessor.js:151:53)
    at VariableProcessor.renderIncludeFile (C:\Users\anarayan\AppData\Roaming\npm\node_modules\markbind-cli\node_modules\@markbind\core\src\variables\VariableProcessor.js:390:34)
    at _preprocessInclude (C:\Users\anarayan\AppData\Roaming\npm\node_modules\markbind-cli\node_modules\@markbind\core\src\preprocessors\componentPreprocessor.js:242:25)
    at preProcessComponent (C:\Users\anarayan\AppData\Roaming\npm\node_modules\markbind-cli\node_modules\@markbind\core\src\preprocessors\componentPreprocessor.js:349:12)
    at node.children.node.children.map.e (C:\Users\anarayan\AppData\Roaming\npm\node_modules\markbind-cli\node_modules\@markbind\core\src\preprocessors\componentPreprocessor.js:124:46)
    at Array.map (<anonymous>)
    at _preProcessPanel (C:\Users\anarayan\AppData\Roaming\npm\node_modules\markbind-cli\node_modules\@markbind\core\src\preprocessors\componentPreprocessor.js:124:37)
    at preProcessComponent (C:\Users\anarayan\AppData\Roaming\npm\node_modules\markbind-cli\node_modules\@markbind\core\src\preprocessors\componentPreprocessor.js:343:12)
    at element.children.element.children.map.e (C:\Users\anarayan\AppData\Roaming\npm\node_modules\markbind-cli\node_modules\@markbind\core\src\preprocessors\componentPreprocessor.js:356:52)
    at Array.map (<anonymous>)
2021-01-23T08:35:57.141Z - info: Pages rebuilt
2021-01-23T08:35:57.142Z - info: Website regeneration complete! Total build time: 0.241s
2021-01-23T08:35:57.145Z - info: Site data built
2021-01-23T08:36:54.510Z - info: [4:36:54 PM] Reload for file change: D:\Teaching\CS2113\_AY2021S2\ay2021sem2-website\admin\githubclassroomexercises.md
2021-01-23T08:36:55.517Z - info: Rebuilding 1 pages
2021-01-23T08:36:55.986Z - info: Pages rebuilt
2021-01-23T08:36:55.987Z - info: Website regeneration complete! Total build time: 0.47s
2021-01-23T08:36:55.990Z - info: Site data built
2021-01-23T08:37:05.549Z - info: Building D:\Teaching\CS2113\_AY2021S2\ay2021sem2-website\admin\githubclassroomexercises as some of its dependencies were changed since the last visit
2021-01-23T08:37:05.674Z - info: Site data built
2021-01-23T08:37:05.675Z - info: Lazy website regeneration complete! Total build time: 0.127s
2021-01-23T08:39:15.777Z - info: [4:39:15 PM] Reload for file change: D:\Teaching\CS2113\_AY2021S2\ay2021sem2-website\admin\githubclassroomexercises.md
2021-01-23T08:39:16.785Z - info: Rebuilding 1 pages
2021-01-23T08:39:16.952Z - info: Pages rebuilt
2021-01-23T08:39:16.952Z - info: Website regeneration complete! Total build time: 0.172s
2021-01-23T08:39:16.959Z - info: Site data built
2021-01-23T08:39:18.072Z - info: Building D:\Teaching\CS2113\_AY2021S2\ay2021sem2-website\admin\appendixE-gitHub as some of its dependencies were changed since the last visit
2021-01-23T08:39:18.662Z - info: Site data built
2021-01-23T08:39:18.662Z - info: Lazy website regeneration complete! Total build time: 0.592s
2021-01-23T08:43:58.131Z - info: [4:43:58 PM] Reload for file change: D:\Teaching\CS2113\_AY2021S2\ay2021sem2-website\admin\githubclassroomexercises.md
2021-01-23T08:43:59.142Z - info: Rebuilding 1 pages
2021-01-23T08:43:59.342Z - info: Pages rebuilt
2021-01-23T08:43:59.342Z - info: Website regeneration complete! Total build time: 0.208s
2021-01-23T08:43:59.348Z - info: Site data built
2021-01-23T08:44:00.458Z - info: Building D:\Teaching\CS2113\_AY2021S2\ay2021sem2-website\admin\appendixE-gitHub as some of its dependencies were changed since the last visit
2021-01-23T08:44:00.967Z - info: Site data built
2021-01-23T08:44:00.968Z - info: Lazy website regeneration complete! Total build time: 0.512s
2021-01-23T08:44:48.115Z - info: [4:44:48 PM] Reload for file change: D:\Teaching\CS2113\_AY2021S2\ay2021sem2-website\admin\appendixE-gitHub.md
2021-01-23T08:44:49.121Z - info: Rebuilding 1 pages
2021-01-23T08:44:49.330Z - info: Pages rebuilt
2021-01-23T08:44:49.330Z - info: Website regeneration complete! Total build time: 0.211s
2021-01-23T08:44:49.335Z - info: Site data built
2021-01-23T08:44:50.444Z - info: Building D:\Teaching\CS2113\_AY2021S2\ay2021sem2-website\admin\appendixE-gitHub as some of its dependencies were changed since the last visit
2021-01-23T08:44:51.193Z - info: Site data built
2021-01-23T08:44:51.196Z - info: Lazy website regeneration complete! Total build time: 0.752s
2021-01-23T08:45:16.638Z - info: [4:45:16 PM] Reload for file change: D:\Teaching\CS2113\_AY2021S2\ay2021sem2-website\admin\appendixE-gitHub.md
2021-01-23T08:45:17.642Z - info: Rebuilding 1 pages
2021-01-23T08:45:18.266Z - info: Pages rebuilt
2021-01-23T08:45:18.267Z - info: Website regeneration complete! Total build time: 0.626s
2021-01-23T08:45:18.272Z - info: Site data built
2021-01-23T08:46:10.626Z - info: [4:46:10 PM] Reload for file change: D:\Teaching\CS2113\_AY2021S2\ay2021sem2-website\admin\appendixE-gitHub.md
2021-01-23T08:46:11.632Z - info: Rebuilding 1 pages
2021-01-23T08:46:12.231Z - info: Pages rebuilt
2021-01-23T08:46:12.231Z - info: Website regeneration complete! Total build time: 0.601s
2021-01-23T08:46:12.236Z - info: Site data built
2021-01-23T08:46:21.405Z - info: [4:46:21 PM] Reload for file change: D:\Teaching\CS2113\_AY2021S2\ay2021sem2-website\admin\appendixE-gitHub.md
2021-01-23T08:46:22.410Z - info: Rebuilding 1 pages
2021-01-23T08:46:23.021Z - info: Pages rebuilt
2021-01-23T08:46:23.021Z - info: Website regeneration complete! Total build time: 0.613s
2021-01-23T08:46:23.028Z - info: Site data built
2021-01-23T08:46:32.940Z - info: [4:46:32 PM] Reload for file change: D:\Teaching\CS2113\_AY2021S2\ay2021sem2-website\admin\appendixE-gitHub.md
2021-01-23T08:46:33.946Z - info: Rebuilding 1 pages
2021-01-23T08:46:34.607Z - info: Pages rebuilt
2021-01-23T08:46:34.611Z - info: Website regeneration complete! Total build time: 0.663s
2021-01-23T08:46:34.625Z - info: Site data built
2021-01-23T08:47:01.968Z - info: [4:47:01 PM] Reload for file change: D:\Teaching\CS2113\_AY2021S2\ay2021sem2-website\admin\appendixE-gitHub.md
2021-01-23T08:47:02.971Z - info: Rebuilding 1 pages
2021-01-23T08:47:03.566Z - info: Pages rebuilt
2021-01-23T08:47:03.567Z - info: Website regeneration complete! Total build time: 0.597s
2021-01-23T08:47:03.573Z - info: Site data built
2021-01-23T08:47:46.940Z - info: [4:47:46 PM] Reload for file change: D:\Teaching\CS2113\_AY2021S2\ay2021sem2-website\admin\appendixE-gitHub.md
2021-01-23T08:47:47.944Z - info: Rebuilding 1 pages
2021-01-23T08:47:48.545Z - info: Pages rebuilt
2021-01-23T08:47:48.546Z - info: Website regeneration complete! Total build time: 0.603s
2021-01-23T08:47:48.553Z - info: Site data built
2021-01-23T08:47:57.724Z - info: [4:47:57 PM] Reload for file change: D:\Teaching\CS2113\_AY2021S2\ay2021sem2-website\admin\appendixE-gitHub.md
2021-01-23T08:47:58.728Z - info: Rebuilding 1 pages
2021-01-23T08:47:59.245Z - info: Pages rebuilt
2021-01-23T08:47:59.245Z - info: Website regeneration complete! Total build time: 0.519s
2021-01-23T08:47:59.249Z - info: Site data built
2021-01-23T08:48:26.052Z - info: [4:48:26 PM] Reload for file change: D:\Teaching\CS2113\_AY2021S2\ay2021sem2-website\admin\appendixE-gitHub.md
2021-01-23T08:48:26.055Z - info: [4:48:26 PM] Reload for file change: D:\Teaching\CS2113\_AY2021S2\ay2021sem2-website\admin\githubclassroomexercises.md
2021-01-23T08:48:27.058Z - info: Rebuilding 1 pages
2021-01-23T08:48:27.552Z - info: Pages rebuilt
2021-01-23T08:48:27.552Z - info: Website regeneration complete! Total build time: 0.496s
2021-01-23T08:48:27.558Z - info: Site data built
2021-01-23T08:51:03.918Z - info: [4:51:03 PM] Reload for file change: D:\Teaching\CS2113\_AY2021S2\ay2021sem2-website\admin\appendixE-gitHub.md
2021-01-23T08:51:04.924Z - info: Rebuilding 1 pages
2021-01-23T08:51:05.534Z - info: Pages rebuilt
2021-01-23T08:51:05.534Z - info: Website regeneration complete! Total build time: 0.612s
2021-01-23T08:51:05.568Z - info: Site data built
2021-01-23T08:51:08.404Z - info: [4:51:08 PM] Reload for file change: D:\Teaching\CS2113\_AY2021S2\ay2021sem2-website\admin\appendixE-gitHub.md
2021-01-23T08:51:09.409Z - info: Rebuilding 1 pages
2021-01-23T08:51:10.031Z - info: Pages rebuilt
2021-01-23T08:51:10.032Z - info: Website regeneration complete! Total build time: 0.625s
2021-01-23T08:51:10.035Z - info: Site data built
2021-01-23T08:53:03.731Z - info: [4:53:03 PM] Reload for file change: D:\Teaching\CS2113\_AY2021S2\ay2021sem2-website\admin\appendixE-gitHub.md
2021-01-23T08:53:04.736Z - info: Rebuilding 1 pages
2021-01-23T08:53:05.410Z - info: Pages rebuilt
2021-01-23T08:53:05.411Z - info: Website regeneration complete! Total build time: 0.676s
2021-01-23T08:53:05.419Z - info: Site data built
2021-01-23T08:53:27.603Z - info: [4:53:27 PM] Reload for file add: D:\Teaching\CS2113\_AY2021S2\ay2021sem2-website\admin\images\testMainConfiguration.png
2021-01-23T08:53:27.607Z - info: [4:53:27 PM] Reload for file change: D:\Teaching\CS2113\_AY2021S2\ay2021sem2-website\admin\images\testMainConfiguration.png
2021-01-23T08:53:28.613Z - info: Assets built
2021-01-23T08:53:31.655Z - info: [4:53:31 PM] Reload for file change: D:\Teaching\CS2113\_AY2021S2\ay2021sem2-website\admin\appendixE-gitHub.md
2021-01-23T08:53:32.665Z - info: Rebuilding 1 pages
2021-01-23T08:53:33.262Z - info: Pages rebuilt
2021-01-23T08:53:33.263Z - info: Website regeneration complete! Total build time: 0.6s
2021-01-23T08:53:33.268Z - info: Site data built
2021-01-23T08:53:45.748Z - info: [4:53:45 PM] Reload for file change: D:\Teaching\CS2113\_AY2021S2\ay2021sem2-website\admin\appendixE-gitHub.md
2021-01-23T08:53:46.755Z - info: Rebuilding 1 pages
2021-01-23T08:53:47.475Z - info: Pages rebuilt
2021-01-23T08:53:47.476Z - info: Website regeneration complete! Total build time: 0.727s
2021-01-23T08:53:47.481Z - info: Site data built
2021-01-23T08:54:33.759Z - info: [4:54:33 PM] Reload for file change: D:\Teaching\CS2113\_AY2021S2\ay2021sem2-website\admin\githubclassroomexercises.md
2021-01-23T08:54:34.763Z - info: Rebuilding 1 pages
2021-01-23T08:54:35.330Z - info: Pages rebuilt
2021-01-23T08:54:35.331Z - info: Website regeneration complete! Total build time: 0.568s
2021-01-23T08:54:35.334Z - info: Site data built
2021-01-23T08:54:39.030Z - info: Building D:\Teaching\CS2113\_AY2021S2\ay2021sem2-website\admin\githubclassroomexercises as some of its dependencies were changed since the last visit
2021-01-23T08:54:39.170Z - info: Site data built
2021-01-23T08:54:39.172Z - info: Lazy website regeneration complete! Total build time: 0.142s
2021-01-23T08:55:52.754Z - info: [4:55:52 PM] Reload for file change: D:\Teaching\CS2113\_AY2021S2\ay2021sem2-website\admin\githubclassroomexercises.md
2021-01-23T08:55:53.766Z - info: Rebuilding 1 pages
2021-01-23T08:55:54.023Z - info: Pages rebuilt
2021-01-23T08:55:54.024Z - info: Website regeneration complete! Total build time: 0.264s
2021-01-23T08:55:54.033Z - info: Site data built
2021-01-23T08:56:05.992Z - info: [4:56:05 PM] Reload for file change: D:\Teaching\CS2113\_AY2021S2\ay2021sem2-website\admin\githubclassroomexercises.md
2021-01-23T08:56:07.002Z - info: Rebuilding 1 pages
2021-01-23T08:56:07.277Z - info: Pages rebuilt
2021-01-23T08:56:07.278Z - info: Website regeneration complete! Total build time: 0.282s
2021-01-23T08:56:07.282Z - info: Site data built
2021-01-23T08:56:11.576Z - info: [4:56:11 PM] Reload for file change: D:\Teaching\CS2113\_AY2021S2\ay2021sem2-website\admin\githubclassroomexercises.md
2021-01-23T08:56:12.579Z - info: Rebuilding 1 pages
2021-01-23T08:56:12.716Z - info: Pages rebuilt
2021-01-23T08:56:12.716Z - info: Website regeneration complete! Total build time: 0.139s
2021-01-23T08:56:12.719Z - info: Site data built
2021-01-23T08:56:16.471Z - info: [4:56:16 PM] Reload for file change: D:\Teaching\CS2113\_AY2021S2\ay2021sem2-website\admin\githubclassroomexercises.md
2021-01-23T08:56:17.475Z - info: Rebuilding 1 pages
2021-01-23T08:56:17.716Z - info: Pages rebuilt
2021-01-23T08:56:17.716Z - info: Website regeneration complete! Total build time: 0.243s
2021-01-23T08:56:17.720Z - info: Site data built
2021-01-23T08:56:27.611Z - info: [4:56:27 PM] Reload for file change: D:\Teaching\CS2113\_AY2021S2\ay2021sem2-website\admin\githubclassroomexercises.md
2021-01-23T08:56:28.613Z - info: Rebuilding 1 pages
2021-01-23T08:56:28.765Z - info: Pages rebuilt
2021-01-23T08:56:28.766Z - info: Website regeneration complete! Total build time: 0.154s
2021-01-23T08:56:28.775Z - info: Site data built
2021-01-23T08:56:49.037Z - info: [4:56:49 PM] Reload for file change: D:\Teaching\CS2113\_AY2021S2\ay2021sem2-website\admin\githubclassroomexercises.md
2021-01-23T08:56:50.047Z - info: Rebuilding 1 pages
2021-01-23T08:56:50.260Z - info: Pages rebuilt
2021-01-23T08:56:50.260Z - info: Website regeneration complete! Total build time: 0.221s
2021-01-23T08:56:50.268Z - info: Site data built
2021-01-23T08:57:03.096Z - info: Building D:\Teaching\CS2113\_AY2021S2\ay2021sem2-website\admin\appendixE-gitHub as some of its dependencies were changed since the last visit
2021-01-23T08:57:03.747Z - info: Site data built
2021-01-23T08:57:03.747Z - info: Lazy website regeneration complete! Total build time: 0.653s
2021-01-23T08:57:58.091Z - info: [4:57:58 PM] Reload for file change: D:\Teaching\CS2113\_AY2021S2\ay2021sem2-website\admin\appendixE-gitHub.md
2021-01-23T08:57:59.097Z - info: Rebuilding 1 pages
2021-01-23T08:57:59.755Z - info: Pages rebuilt
2021-01-23T08:57:59.756Z - info: Website regeneration complete! Total build time: 0.662s
2021-01-23T08:57:59.762Z - info: Site data built
2021-01-23T09:00:39.787Z - info: [5:00:39 PM] Reload for file change: D:\Teaching\CS2113\_AY2021S2\ay2021sem2-website\admin\appendixE-gitHub.md
2021-01-23T09:00:39.793Z - info: [5:00:39 PM] Reload for file change: D:\Teaching\CS2113\_AY2021S2\ay2021sem2-website\admin\githubclassroomexercises.md
2021-01-23T09:00:40.795Z - info: Rebuilding 1 pages
2021-01-23T09:00:41.586Z - info: Pages rebuilt
2021-01-23T09:00:41.587Z - info: Website regeneration complete! Total build time: 0.795s
2021-01-23T09:00:41.593Z - info: Site data built
2021-01-23T09:00:48.455Z - info: Building D:\Teaching\CS2113\_AY2021S2\ay2021sem2-website\admin\githubclassroomexercises as some of its dependencies were changed since the last visit
2021-01-23T09:00:48.619Z - info: Site data built
2021-01-23T09:00:48.620Z - info: Lazy website regeneration complete! Total build time: 0.165s
2021-01-23T09:01:45.355Z - info: [5:01:45 PM] Reload for file change: D:\Teaching\CS2113\_AY2021S2\ay2021sem2-website\admin\githubclassroomexercises.md
2021-01-23T09:01:46.362Z - info: Rebuilding 1 pages
2021-01-23T09:01:46.635Z - info: Pages rebuilt
2021-01-23T09:01:46.635Z - info: Website regeneration complete! Total build time: 0.274s
2021-01-23T09:01:46.638Z - info: Site data built
2021-01-23T09:02:42.110Z - info: Website generation started at 5:02:39 PM
2021-01-23T09:02:47.143Z - info: Building assets...
