2021-02-15T14:11:05.114Z - info: Website generation started at 10:10:58 PM
2021-02-15T14:11:10.892Z - info: Building assets...
2021-02-15T14:11:15.933Z - info: Assets built
2021-02-15T14:11:15.934Z - info: Generating pages...
2021-02-15T14:11:43.992Z - debug: The process cannot access the file because it is being used by another process.

2021-02-15T14:11:43.993Z - debug: The process cannot access the file because it is being used by another process.

2021-02-15T14:11:46.761Z - debug:  
2021-02-15T14:11:46.761Z - debug:  
2021-02-15T14:11:46.856Z - debug:  
2021-02-15T14:11:46.857Z - debug:  
2021-02-15T14:11:46.857Z - debug: The process cannot access the file because it is being used by another process.

2021-02-15T14:11:47.419Z - debug:  
2021-02-15T14:11:48.043Z - debug:  
2021-02-15T14:11:53.828Z - debug:  
2021-02-15T14:11:53.829Z - debug: The process cannot access the file because it is being used by another process.

2021-02-15T14:11:53.830Z - debug: The process cannot access the file because it is being used by another process.

2021-02-15T14:11:53.831Z - debug:  
2021-02-15T14:11:54.305Z - debug:  
2021-02-15T14:11:55.939Z - debug: The process cannot access the file because it is being used by another process.

2021-02-15T14:11:55.939Z - debug: The process cannot access the file because it is being used by another process.

2021-02-15T14:11:56.513Z - debug: The process cannot access the file because it is being used by another process.

2021-02-15T14:11:56.513Z - debug: The process cannot access the file because it is being used by another process.

2021-02-15T14:11:56.684Z - debug: The process cannot access the file because it is being used by another process.

2021-02-15T14:11:56.685Z - debug: The process cannot access the file because it is being used by another process.

2021-02-15T14:11:56.769Z - debug:  
2021-02-15T14:11:56.814Z - debug:  
2021-02-15T14:12:11.595Z - debug: The process cannot access the file because it is being used by another process.

2021-02-15T14:12:12.140Z - debug: The process cannot access the file because it is being used by another process.

2021-02-15T14:12:13.232Z - debug: The process cannot access the file because it is being used by another process.

2021-02-15T14:12:14.039Z - debug:  
2021-02-15T14:12:14.575Z - debug: The process cannot access the file because it is being used by another process.

2021-02-15T14:12:15.528Z - debug: The process cannot access the file because it is being used by another process.

2021-02-15T14:12:17.006Z - debug: The process cannot access the file because it is being used by another process.

2021-02-15T14:12:17.007Z - debug:  
2021-02-15T14:12:19.832Z - debug: The process cannot access the file because it is being used by another process.

2021-02-15T14:12:19.835Z - debug: The process cannot access the file because it is being used by another process.

2021-02-15T14:12:22.486Z - debug: The process cannot access the file because it is being used by another process.

2021-02-15T14:12:22.487Z - debug: The process cannot access the file because it is being used by another process.

2021-02-15T14:12:25.037Z - debug:  
2021-02-15T14:12:25.284Z - debug:  
2021-02-15T14:12:28.464Z - debug:  
2021-02-15T14:12:28.465Z - debug:  
2021-02-15T14:12:34.823Z - debug: The process cannot access the file because it is being used by another process.

2021-02-15T14:12:36.814Z - debug: The process cannot access the file because it is being used by another process.

2021-02-15T14:12:37.745Z - debug:  
2021-02-15T14:12:59.191Z - debug:  
2021-02-15T14:12:59.191Z - debug:  
2021-02-15T14:12:59.191Z - debug:  
2021-02-15T14:12:59.344Z - debug:  
2021-02-15T14:13:05.458Z - debug:  
2021-02-15T14:13:05.626Z - debug:  
2021-02-15T14:13:06.801Z - debug:  
2021-02-15T14:13:12.431Z - debug:  
2021-02-15T14:13:15.291Z - debug:  
2021-02-15T14:13:15.291Z - debug:  
2021-02-15T14:13:15.836Z - debug:  
2021-02-15T14:13:15.837Z - debug:  
2021-02-15T14:13:19.486Z - debug: The process cannot access the file because it is being used by another process.

2021-02-15T14:13:23.230Z - debug:  
2021-02-15T14:13:24.628Z - debug:  
2021-02-15T14:13:24.900Z - debug:  
2021-02-15T14:13:28.894Z - debug:  
2021-02-15T14:13:46.562Z - debug:  
2021-02-15T14:13:59.596Z - debug:  
2021-02-15T14:13:59.597Z - debug:  
2021-02-15T14:13:59.597Z - debug:  
2021-02-15T14:14:27.636Z - debug:  
2021-02-15T14:14:45.143Z - debug:  
2021-02-15T14:14:45.144Z - debug:  
2021-02-15T14:14:54.903Z - info: Pages built
2021-02-15T14:15:22.417Z - info: Website generation complete! Total build time: 263.795s
2021-02-15T14:15:22.418Z - info: Build success!
2021-02-15T14:15:22.419Z - debug:  
2021-02-15T14:15:22.422Z - info: Site data built
2021-02-15T14:16:04.132Z - info: Deployed!
