2021-01-10T16:12:03.743Z - info: Website generation started at 12:12:01 AM
2021-01-10T16:12:07.948Z - info: Building assets...
2021-01-10T16:12:11.164Z - info: Assets built
2021-01-10T16:12:11.165Z - info: Generating pages...
2021-01-10T16:12:25.984Z - debug: The process cannot access the file because it is being used by another process.

2021-01-10T16:12:26.001Z - debug: The process cannot access the file because it is being used by another process.

2021-01-10T16:12:26.002Z - debug:  
2021-01-10T16:12:26.002Z - debug:  
2021-01-10T16:12:26.002Z - debug:  
2021-01-10T16:12:26.002Z - debug:  
2021-01-10T16:12:26.003Z - debug:  
2021-01-10T16:12:31.757Z - debug:  
2021-01-10T16:12:32.211Z - debug:  
2021-01-10T16:12:32.440Z - debug:  
2021-01-10T16:12:36.502Z - debug: The process cannot access the file because it is being used by another process.

2021-01-10T16:12:36.504Z - debug: The process cannot access the file because it is being used by another process.

2021-01-10T16:12:36.504Z - debug:  
2021-01-10T16:12:38.874Z - debug:  
2021-01-10T16:12:38.876Z - debug: The process cannot access the file because it is being used by another process.

2021-01-10T16:12:38.877Z - debug: The process cannot access the file because it is being used by another process.

2021-01-10T16:12:39.440Z - debug: The process cannot access the file because it is being used by another process.

2021-01-10T16:12:39.440Z - debug: The process cannot access the file because it is being used by another process.

2021-01-10T16:12:39.607Z - debug: The process cannot access the file because it is being used by another process.

2021-01-10T16:12:39.607Z - debug: The process cannot access the file because it is being used by another process.

2021-01-10T16:12:39.748Z - debug:  
2021-01-10T16:12:39.748Z - debug:  
2021-01-10T16:12:53.702Z - debug: The process cannot access the file because it is being used by another process.

2021-01-10T16:12:54.344Z - debug: The process cannot access the file because it is being used by another process.

2021-01-10T16:12:55.615Z - debug: The process cannot access the file because it is being used by another process.

2021-01-10T16:12:56.381Z - debug:  
2021-01-10T16:12:57.103Z - debug: The process cannot access the file because it is being used by another process.

2021-01-10T16:12:58.027Z - debug: The process cannot access the file because it is being used by another process.

2021-01-10T16:12:59.507Z - debug: The process cannot access the file because it is being used by another process.

2021-01-10T16:12:59.507Z - debug:  
2021-01-10T16:13:01.909Z - debug: The process cannot access the file because it is being used by another process.

2021-01-10T16:13:01.910Z - debug: The process cannot access the file because it is being used by another process.

2021-01-10T16:13:04.119Z - debug: The process cannot access the file because it is being used by another process.

2021-01-10T16:13:04.119Z - debug: The process cannot access the file because it is being used by another process.

2021-01-10T16:13:05.611Z - debug:  
2021-01-10T16:13:05.612Z - debug:  
2021-01-10T16:13:08.443Z - debug:  
2021-01-10T16:13:08.632Z - debug:  
2021-01-10T16:13:13.407Z - debug: The process cannot access the file because it is being used by another process.

2021-01-10T16:13:15.059Z - debug: The process cannot access the file because it is being used by another process.

2021-01-10T16:13:16.398Z - debug:  
2021-01-10T16:13:39.706Z - debug:  
2021-01-10T16:13:39.869Z - debug:  
2021-01-10T16:13:39.869Z - debug:  
2021-01-10T16:13:39.870Z - debug:  
2021-01-10T16:13:45.548Z - debug:  
2021-01-10T16:13:46.160Z - debug:  
2021-01-10T16:13:46.163Z - debug:  
2021-01-10T16:13:53.599Z - debug:  
2021-01-10T16:14:03.928Z - debug:  
2021-01-10T16:14:03.929Z - debug:  
2021-01-10T16:14:03.929Z - debug:  
2021-01-10T16:14:03.929Z - debug:  
2021-01-10T16:14:11.416Z - debug:  
2021-01-10T16:14:11.417Z - debug:  
2021-01-10T16:14:11.641Z - debug:  
2021-01-10T16:14:15.868Z - debug:  
2021-01-10T16:14:38.766Z - debug:  
2021-01-10T16:14:51.253Z - debug:  
2021-01-10T16:14:51.254Z - debug:  
2021-01-10T16:14:51.255Z - debug:  
2021-01-10T16:15:24.956Z - debug:  
2021-01-10T16:15:42.914Z - debug:  
2021-01-10T16:15:43.836Z - debug:  
2021-01-10T16:15:58.763Z - info: Pages built
2021-01-10T16:16:36.068Z - info: Website generation complete! Total build time: 274.455s
2021-01-10T16:16:36.069Z - info: Build success!
2021-01-10T16:16:36.069Z - debug:  
2021-01-10T16:16:36.072Z - info: Site data built
2021-01-10T16:17:22.811Z - info: Deployed!
2021-01-11T13:58:54.461Z - info: Website generation started at 9:58:45 PM
2021-01-11T13:59:02.626Z - info: Building assets...
2021-01-11T13:59:08.018Z - info: Assets built
2021-01-11T13:59:08.021Z - info: Generating pages...
2021-01-11T13:59:31.360Z - debug: The process cannot access the file because it is being used by another process.

2021-01-11T13:59:31.363Z - debug:  
2021-01-11T13:59:31.363Z - debug:  
2021-01-11T13:59:31.363Z - debug:  
2021-01-11T13:59:31.364Z - debug:  
2021-01-11T13:59:31.364Z - debug:  
2021-01-11T13:59:40.940Z - debug: The process cannot access the file because it is being used by another process.

2021-01-11T13:59:40.941Z - debug:  
2021-01-11T13:59:41.282Z - debug:  
2021-01-11T13:59:41.548Z - debug:  
2021-01-11T13:59:41.548Z - debug:  
2021-01-11T13:59:46.779Z - debug: The process cannot access the file because it is being used by another process.

2021-01-11T13:59:46.781Z - debug:  
2021-01-11T13:59:49.445Z - debug: The process cannot access the file because it is being used by another process.

2021-01-11T13:59:49.446Z - debug: The process cannot access the file because it is being used by another process.

2021-01-11T13:59:50.437Z - debug:  
2021-01-11T13:59:50.437Z - debug: The process cannot access the file because it is being used by another process.

2021-01-11T13:59:50.438Z - debug:  
2021-01-11T13:59:50.439Z - debug:  
2021-01-11T13:59:50.440Z - debug: The process cannot access the file because it is being used by another process.

2021-01-11T13:59:55.987Z - debug:  
2021-01-11T13:59:55.988Z - debug:  
2021-01-11T14:00:12.898Z - debug: The process cannot access the file because it is being used by another process.

2021-01-11T14:00:13.806Z - debug: The process cannot access the file because it is being used by another process.

2021-01-11T14:00:15.402Z - debug: The process cannot access the file because it is being used by another process.

2021-01-11T14:00:16.180Z - debug:  
2021-01-11T14:00:17.253Z - debug: The process cannot access the file because it is being used by another process.

2021-01-11T14:00:18.963Z - debug: The process cannot access the file because it is being used by another process.

2021-01-11T14:00:20.849Z - debug: The process cannot access the file because it is being used by another process.

2021-01-11T14:00:20.849Z - debug:  
2021-01-11T14:00:25.105Z - debug: The process cannot access the file because it is being used by another process.

2021-01-11T14:00:25.106Z - debug: The process cannot access the file because it is being used by another process.

2021-01-11T14:00:28.042Z - debug: The process cannot access the file because it is being used by another process.

2021-01-11T14:00:28.042Z - debug: The process cannot access the file because it is being used by another process.

2021-01-11T14:00:31.315Z - debug:  
2021-01-11T14:00:31.320Z - debug:  
2021-01-11T14:00:34.791Z - debug:  
2021-01-11T14:00:35.328Z - debug:  
2021-01-11T14:00:42.961Z - debug: The process cannot access the file because it is being used by another process.

2021-01-11T14:00:45.384Z - debug: The process cannot access the file because it is being used by another process.

2021-01-11T14:00:46.904Z - debug:  
2021-01-11T14:01:18.057Z - debug:  
2021-01-11T14:01:18.057Z - debug:  
2021-01-11T14:01:18.205Z - debug:  
2021-01-11T14:01:18.381Z - debug:  
2021-01-11T14:01:25.715Z - debug:  
2021-01-11T14:01:25.716Z - debug:  
2021-01-11T14:01:27.352Z - debug:  
2021-01-11T14:01:37.990Z - debug:  
2021-01-11T14:01:40.267Z - debug:  
2021-01-11T14:01:41.179Z - debug:  
2021-01-11T14:01:41.180Z - debug:  
2021-01-11T14:01:41.180Z - debug:  
2021-01-11T14:01:51.877Z - debug:  
2021-01-11T14:01:51.877Z - debug:  
2021-01-11T14:01:51.878Z - debug:  
2021-01-11T14:02:00.922Z - debug:  
2021-01-11T14:02:26.172Z - debug:  
2021-01-11T14:02:35.591Z - debug:  
2021-01-11T14:02:39.469Z - debug:  
2021-01-11T14:02:39.469Z - debug:  
2021-01-11T14:03:18.819Z - debug:  
2021-01-11T14:03:43.687Z - debug:  
2021-01-11T14:03:43.688Z - debug:  
2021-01-11T14:03:55.041Z - info: Pages built
2021-01-11T14:04:23.000Z - info: Website generation complete! Total build time: 337.886s
2021-01-11T14:04:23.003Z - info: Build success!
2021-01-11T14:04:23.004Z - debug:  
2021-01-11T14:04:23.010Z - info: Site data built
2021-01-11T14:05:42.787Z - info: Deployed!
