2021-02-20T07:37:37.052Z - info: Website generation started at 3:37:36 PM
2021-02-20T07:37:38.618Z - info: Building assets...
2021-02-20T07:37:40.242Z - info: Assets built
2021-02-20T07:37:40.243Z - info: Generating pages...
2021-02-20T07:37:47.970Z - debug:  
2021-02-20T07:37:47.971Z - debug:  
2021-02-20T07:37:47.971Z - debug:  
2021-02-20T07:37:47.971Z - debug:  
2021-02-20T07:37:47.971Z - debug:  
2021-02-20T07:37:48.131Z - debug:  
2021-02-20T07:38:12.560Z - warn: You might have an invalid intra-link! Ignore this warning if it was intended.
'/website/book/about/usage.html' found in file 'F:\Teaching\CS2113\AY2021S2\ay2021s2-website\book\index.md'
2021-02-20T07:38:12.563Z - warn: You might have an invalid intra-link! Ignore this warning if it was intended.
'/website/book/softwareEngineering/print.html' found in file 'F:\Teaching\CS2113\AY2021S2\ay2021s2-website\book\index.md'
2021-02-20T07:38:12.564Z - warn: You might have an invalid intra-link! Ignore this warning if it was intended.
'/website/book/oop/print.html' found in file 'F:\Teaching\CS2113\AY2021S2\ay2021s2-website\book\index.md'
2021-02-20T07:38:12.565Z - warn: You might have an invalid intra-link! Ignore this warning if it was intended.
'/website/book/requirements/print.html' found in file 'F:\Teaching\CS2113\AY2021S2\ay2021s2-website\book\index.md'
2021-02-20T07:38:12.566Z - warn: You might have an invalid intra-link! Ignore this warning if it was intended.
'/website/book/gatheringRequirements/print.html' found in file 'F:\Teaching\CS2113\AY2021S2\ay2021s2-website\book\index.md'
2021-02-20T07:38:12.567Z - warn: You might have an invalid intra-link! Ignore this warning if it was intended.
'/website/book/specifyingRequirements/print.html' found in file 'F:\Teaching\CS2113\AY2021S2\ay2021s2-website\book\index.md'
2021-02-20T07:38:12.568Z - warn: You might have an invalid intra-link! Ignore this warning if it was intended.
'/website/book/design/print.html' found in file 'F:\Teaching\CS2113\AY2021S2\ay2021s2-website\book\index.md'
2021-02-20T07:38:12.569Z - warn: You might have an invalid intra-link! Ignore this warning if it was intended.
'/website/book/designFundamentals/print.html' found in file 'F:\Teaching\CS2113\AY2021S2\ay2021s2-website\book\index.md'
2021-02-20T07:38:12.570Z - warn: You might have an invalid intra-link! Ignore this warning if it was intended.
'/website/book/modeling/print.html' found in file 'F:\Teaching\CS2113\AY2021S2\ay2021s2-website\book\index.md'
2021-02-20T07:38:12.570Z - warn: You might have an invalid intra-link! Ignore this warning if it was intended.
'/website/book/architecture/print.html' found in file 'F:\Teaching\CS2113\AY2021S2\ay2021s2-website\book\index.md'
2021-02-20T07:38:12.571Z - warn: You might have an invalid intra-link! Ignore this warning if it was intended.
'/website/book/designPatterns/print.html' found in file 'F:\Teaching\CS2113\AY2021S2\ay2021s2-website\book\index.md'
2021-02-20T07:38:12.572Z - warn: You might have an invalid intra-link! Ignore this warning if it was intended.
'/website/book/designApproaches/print.html' found in file 'F:\Teaching\CS2113\AY2021S2\ay2021s2-website\book\index.md'
2021-02-20T07:38:12.573Z - warn: You might have an invalid intra-link! Ignore this warning if it was intended.
'/website/book/ides/print.html' found in file 'F:\Teaching\CS2113\AY2021S2\ay2021s2-website\book\index.md'
2021-02-20T07:38:12.574Z - warn: You might have an invalid intra-link! Ignore this warning if it was intended.
'/website/book/codeQuality/print.html' found in file 'F:\Teaching\CS2113\AY2021S2\ay2021s2-website\book\index.md'
2021-02-20T07:38:12.575Z - warn: You might have an invalid intra-link! Ignore this warning if it was intended.
'/website/book/refactoring/print.html' found in file 'F:\Teaching\CS2113\AY2021S2\ay2021s2-website\book\index.md'
2021-02-20T07:38:12.576Z - warn: You might have an invalid intra-link! Ignore this warning if it was intended.
'/website/book/documentation/print.html' found in file 'F:\Teaching\CS2113\AY2021S2\ay2021s2-website\book\index.md'
2021-02-20T07:38:12.577Z - warn: You might have an invalid intra-link! Ignore this warning if it was intended.
'/website/book/errorHandling/print.html' found in file 'F:\Teaching\CS2113\AY2021S2\ay2021s2-website\book\index.md'
2021-02-20T07:38:12.579Z - warn: You might have an invalid intra-link! Ignore this warning if it was intended.
'/website/book/integration/print.html' found in file 'F:\Teaching\CS2113\AY2021S2\ay2021s2-website\book\index.md'
2021-02-20T07:38:12.579Z - warn: You might have an invalid intra-link! Ignore this warning if it was intended.
'/website/book/reuse/print.html' found in file 'F:\Teaching\CS2113\AY2021S2\ay2021s2-website\book\index.md'
2021-02-20T07:38:12.581Z - warn: You might have an invalid intra-link! Ignore this warning if it was intended.
'/website/book/qualityAssurance/print.html' found in file 'F:\Teaching\CS2113\AY2021S2\ay2021s2-website\book\index.md'
2021-02-20T07:38:12.581Z - warn: You might have an invalid intra-link! Ignore this warning if it was intended.
'/website/book/testing/print.html' found in file 'F:\Teaching\CS2113\AY2021S2\ay2021s2-website\book\index.md'
2021-02-20T07:38:12.582Z - warn: You might have an invalid intra-link! Ignore this warning if it was intended.
'/website/book/testCaseDesign/print.html' found in file 'F:\Teaching\CS2113\AY2021S2\ay2021s2-website\book\index.md'
2021-02-20T07:38:12.583Z - warn: You might have an invalid intra-link! Ignore this warning if it was intended.
'/website/book/revisionControl/print.html' found in file 'F:\Teaching\CS2113\AY2021S2\ay2021s2-website\book\index.md'
2021-02-20T07:38:12.584Z - warn: You might have an invalid intra-link! Ignore this warning if it was intended.
'/website/book/projectPlanning/print.html' found in file 'F:\Teaching\CS2113\AY2021S2\ay2021s2-website\book\index.md'
2021-02-20T07:38:12.585Z - warn: You might have an invalid intra-link! Ignore this warning if it was intended.
'/website/book/teamwork/print.html' found in file 'F:\Teaching\CS2113\AY2021S2\ay2021s2-website\book\index.md'
2021-02-20T07:38:12.585Z - warn: You might have an invalid intra-link! Ignore this warning if it was intended.
'/website/book/processModels/print.html' found in file 'F:\Teaching\CS2113\AY2021S2\ay2021s2-website\book\index.md'
2021-02-20T07:38:12.586Z - warn: You might have an invalid intra-link! Ignore this warning if it was intended.
'/website/book/uml/print.html' found in file 'F:\Teaching\CS2113\AY2021S2\ay2021s2-website\book\index.md'
2021-02-20T07:38:12.587Z - warn: You might have an invalid intra-link! Ignore this warning if it was intended.
'/website/book/intellij/print.html' found in file 'F:\Teaching\CS2113\AY2021S2\ay2021s2-website\book\index.md'
2021-02-20T07:38:12.587Z - warn: You might have an invalid intra-link! Ignore this warning if it was intended.
'/website/book/gitAndGithub/print.html' found in file 'F:\Teaching\CS2113\AY2021S2\ay2021s2-website\book\index.md'
2021-02-20T07:38:12.588Z - warn: You might have an invalid intra-link! Ignore this warning if it was intended.
'/website/book/principles/print.html' found in file 'F:\Teaching\CS2113\AY2021S2\ay2021s2-website\book\index.md'
2021-02-20T07:38:12.589Z - warn: You might have an invalid intra-link! Ignore this warning if it was intended.
'/website/book/cppToJava/print.html' found in file 'F:\Teaching\CS2113\AY2021S2\ay2021s2-website\book\index.md'
2021-02-20T07:38:12.590Z - warn: You might have an invalid intra-link! Ignore this warning if it was intended.
'/website/book/common/definitions.html' found in file 'F:\Teaching\CS2113\AY2021S2\ay2021s2-website\book\index.md'
2021-02-20T07:38:12.591Z - warn: You might have an invalid intra-link! Ignore this warning if it was intended.
'/website/book/common/references.html' found in file 'F:\Teaching\CS2113\AY2021S2\ay2021s2-website\book\index.md'
2021-02-20T07:38:12.592Z - warn: You might have an invalid intra-link! Ignore this warning if it was intended.
'/website/book/common/outcomes.html' found in file 'F:\Teaching\CS2113\AY2021S2\ay2021s2-website\book\index.md'
2021-02-20T07:38:12.593Z - warn: You might have an invalid intra-link! Ignore this warning if it was intended.
'/website/book/common/print.html' found in file 'F:\Teaching\CS2113\AY2021S2\ay2021s2-website\book\index.md'
2021-02-20T07:39:01.408Z - warn: You might have an invalid intra-link! Ignore this warning if it was intended.
'/website/week7/topics.html' found in file 'F:\Teaching\CS2113\AY2021S2\ay2021s2-website\admin\common-commentary.mbdf'
2021-02-20T07:39:24.441Z - debug:  
2021-02-20T07:39:35.752Z - debug:  
2021-02-20T07:39:35.753Z - debug:  
2021-02-20T07:39:42.225Z - info: Pages built
2021-02-20T07:39:42.365Z - info: Site data built
2021-02-20T07:39:42.365Z - info: Website generation complete! Total build time: 126.062s
2021-02-20T07:39:42.395Z - info: Serving "F:\Teaching\CS2113\AY2021S2\ay2021s2-website\_site" at http://127.0.0.1:8080
2021-02-20T07:39:42.396Z - info: Press CTRL+C to stop ...
2021-02-20T12:11:44.933Z - info: Website generation started at 8:11:43 PM
2021-02-20T12:11:46.743Z - info: Building assets...
