2021-01-15T15:36:47.099Z - info: Website generation (lazy) started at 11:36:42 PM
2021-01-15T15:36:50.985Z - info: Building assets...
2021-01-15T15:36:53.791Z - info: Assets built
2021-01-15T15:36:53.791Z - info: Generating landing page...
2021-01-15T15:36:54.406Z - info: Landing page built, other pages will be built as you navigate to them!
2021-01-15T15:36:54.524Z - info: Website generation (lazy) complete! Total build time: 11.538s
2021-01-15T15:36:55.050Z - info: Serving "D:\Teaching\CS2113\_AY2021S2\ay2021sem2-website\_site" at http://127.0.0.1:8080
2021-01-15T15:36:55.050Z - info: Press CTRL+C to stop ...
2021-01-15T15:36:55.116Z - info: Site data built
2021-01-15T15:37:03.322Z - info: Building D:\Teaching\CS2113\_AY2021S2\ay2021sem2-website\admin\index as some of its dependencies were changed since the last visit
2021-01-15T15:37:03.710Z - info: Site data built
2021-01-15T15:37:03.711Z - info: Lazy website regeneration complete! Total build time: 0.389s
2021-01-15T15:37:20.043Z - info: [11:37:20 PM] Reload for file change: D:\Teaching\CS2113\_AY2021S2\ay2021sem2-website\admin\githubclassroomexercises.md
2021-01-15T15:37:21.052Z - info: No pages needed to be rebuilt
2021-01-15T15:37:44.667Z - info: Building D:\Teaching\CS2113\_AY2021S2\ay2021sem2-website\admin\githubclassroomexercises as some of its dependencies were changed since the last visit
2021-01-15T15:37:44.686Z - error:  Template render error: (unknown path)
  unexpected end of file
    at Object._prettifyError (C:\Users\anarayan\AppData\Roaming\npm\node_modules\markbind-cli\node_modules\nunjucks\src\lib.js:36:11)
    at Template.render (C:\Users\anarayan\AppData\Roaming\npm\node_modules\markbind-cli\node_modules\nunjucks\src\environment.js:536:21)
    at Environment.renderString (C:\Users\anarayan\AppData\Roaming\npm\node_modules\markbind-cli\node_modules\nunjucks\src\environment.js:378:17)
    at VariableRenderer.render (C:\Users\anarayan\AppData\Roaming\npm\node_modules\markbind-cli\node_modules\@markbind\core\src\variables\VariableRenderer.js:79:17)
    at VariableProcessor.renderSiteVariables (C:\Users\anarayan\AppData\Roaming\npm\node_modules\markbind-cli\node_modules\@markbind\core\src\variables\VariableProcessor.js:151:53)
    at VariableProcessor.renderPage (C:\Users\anarayan\AppData\Roaming\npm\node_modules\markbind-cli\node_modules\@markbind\core\src\variables\VariableProcessor.js:426:17)
    at fs.readFileAsync.then.result (C:\Users\anarayan\AppData\Roaming\npm\node_modules\markbind-cli\node_modules\@markbind\core\src\Page\index.js:972:46)
    at tryCatcher (C:\Users\anarayan\AppData\Roaming\npm\node_modules\markbind-cli\node_modules\bluebird\js\release\util.js:16:23)
    at Promise._settlePromiseFromHandler (C:\Users\anarayan\AppData\Roaming\npm\node_modules\markbind-cli\node_modules\bluebird\js\release\promise.js:547:31)
    at Promise._settlePromise (C:\Users\anarayan\AppData\Roaming\npm\node_modules\markbind-cli\node_modules\bluebird\js\release\promise.js:604:18)
    at Promise._settlePromise0 (C:\Users\anarayan\AppData\Roaming\npm\node_modules\markbind-cli\node_modules\bluebird\js\release\promise.js:649:10)
    at Promise._settlePromises (C:\Users\anarayan\AppData\Roaming\npm\node_modules\markbind-cli\node_modules\bluebird\js\release\promise.js:729:18)
    at Promise._fulfill (C:\Users\anarayan\AppData\Roaming\npm\node_modules\markbind-cli\node_modules\bluebird\js\release\promise.js:673:18)
    at C:\Users\anarayan\AppData\Roaming\npm\node_modules\markbind-cli\node_modules\bluebird\js\release\nodeback.js:42:21
    at C:\Users\anarayan\AppData\Roaming\npm\node_modules\markbind-cli\node_modules\graceful-fs\graceful-fs.js:123:16
    at FSReqWrap.readFileAfterClose [as oncomplete] (internal/fs/read_file_context.js:53:3)
2021-01-15T15:38:12.841Z - info: [11:38:12 PM] Reload for file deletion: D:\Teaching\CS2113\_AY2021S2\ay2021sem2-website\admin\githubclassroomexercises.md
2021-01-15T15:38:13.845Z - info: File added or removed, updating list of site's pages...
2021-01-15T15:38:30.544Z - info: Website generation started at 11:38:27 PM
2021-01-15T15:38:36.662Z - info: Building assets...
2021-01-15T15:38:42.085Z - info: Assets built
2021-01-15T15:38:42.087Z - info: Generating pages...
2021-01-15T15:38:58.983Z - debug:  
2021-01-15T15:38:58.985Z - debug:  
2021-01-15T15:38:58.985Z - debug:  
2021-01-15T15:38:58.986Z - debug: The process cannot access the file because it is being used by another process.

2021-01-15T15:38:58.986Z - debug:  
2021-01-15T15:38:58.987Z - debug:  
2021-01-15T15:39:06.402Z - debug: The process cannot access the file because it is being used by another process.

2021-01-15T15:39:06.614Z - debug:  
2021-01-15T15:39:07.072Z - debug:  
2021-01-15T15:39:12.054Z - debug:  
2021-01-15T15:39:12.055Z - debug:  
2021-01-15T15:39:12.056Z - debug: The process cannot access the file because it is being used by another process.

2021-01-15T15:39:12.056Z - debug:  
2021-01-15T15:39:15.782Z - debug: The process cannot access the file because it is being used by another process.

2021-01-15T15:39:15.783Z - debug: The process cannot access the file because it is being used by another process.

2021-01-15T15:39:16.748Z - debug:  
2021-01-15T15:39:16.749Z - debug:  
2021-01-15T15:39:16.750Z - debug: The process cannot access the file because it is being used by another process.

2021-01-15T15:39:16.983Z - debug:  
2021-01-15T15:39:16.984Z - debug: The process cannot access the file because it is being used by another process.

2021-01-15T15:39:20.838Z - debug:  
2021-01-15T15:39:21.085Z - debug:  
2021-01-15T15:39:33.255Z - debug: The process cannot access the file because it is being used by another process.

2021-01-15T15:39:33.708Z - debug: The process cannot access the file because it is being used by another process.

2021-01-15T15:39:34.968Z - debug: The process cannot access the file because it is being used by another process.

2021-01-15T15:39:35.654Z - debug:  
2021-01-15T15:39:36.587Z - debug: The process cannot access the file because it is being used by another process.

2021-01-15T15:39:38.157Z - debug: The process cannot access the file because it is being used by another process.

2021-01-15T15:39:39.709Z - debug: The process cannot access the file because it is being used by another process.

2021-01-15T15:39:39.709Z - debug:  
2021-01-15T15:39:44.201Z - debug: The process cannot access the file because it is being used by another process.

2021-01-15T15:39:44.202Z - debug: The process cannot access the file because it is being used by another process.

2021-01-15T15:39:47.189Z - debug: The process cannot access the file because it is being used by another process.

2021-01-15T15:39:47.190Z - debug: The process cannot access the file because it is being used by another process.

2021-01-15T15:39:49.297Z - debug:  
2021-01-15T15:39:49.297Z - debug:  
2021-01-15T15:39:52.990Z - debug:  
2021-01-15T15:39:53.310Z - debug:  
2021-01-15T15:39:59.014Z - debug: The process cannot access the file because it is being used by another process.

2021-01-15T15:40:01.361Z - debug: The process cannot access the file because it is being used by another process.

2021-01-15T15:40:02.744Z - debug:  
2021-01-15T15:40:30.865Z - debug:  
2021-01-15T15:40:30.866Z - debug:  
2021-01-15T15:40:30.981Z - debug:  
2021-01-15T15:40:31.244Z - debug:  
2021-01-15T15:40:38.364Z - debug:  
2021-01-15T15:40:38.364Z - debug:  
2021-01-15T15:40:38.364Z - debug:  
2021-01-15T15:40:42.567Z - debug:  
2021-01-15T15:40:47.818Z - debug:  
2021-01-15T15:40:47.819Z - debug:  
2021-01-15T15:40:47.956Z - debug:  
2021-01-15T15:40:48.633Z - debug:  
2021-01-15T15:40:56.073Z - debug:  
2021-01-15T15:40:56.074Z - debug:  
2021-01-15T15:40:56.304Z - debug:  
2021-01-15T15:41:00.582Z - debug:  
2021-01-15T15:41:21.113Z - debug:  
2021-01-15T15:41:29.724Z - debug:  
2021-01-15T15:41:29.725Z - debug:  
2021-01-15T15:41:29.725Z - debug:  
2021-01-15T15:41:58.794Z - debug:  
2021-01-15T15:42:14.376Z - debug:  
2021-01-15T15:42:14.377Z - debug:  
2021-01-15T15:42:23.556Z - info: Pages built
2021-01-15T15:42:47.759Z - info: Website generation complete! Total build time: 260.477s
2021-01-15T15:42:48.364Z - info: Serving "D:\Teaching\CS2113\_AY2021S2\ay2021sem2-website\_site" at http://127.0.0.1:8080
2021-01-15T15:42:48.365Z - info: Press CTRL+C to stop ...
2021-01-15T15:42:48.365Z - debug:  
2021-01-15T15:42:48.418Z - info: Site data built
2021-01-15T15:51:23.168Z - info: [11:51:23 PM] Reload for file change: D:\Teaching\CS2113\_AY2021S2\ay2021sem2-website\_markbind\headers\header.md
2021-01-15T15:51:23.180Z - info: [11:51:23 PM] Reload for file change: D:\Teaching\CS2113\_AY2021S2\ay2021sem2-website\_markbind\variables.md
2021-01-15T15:51:24.267Z - warn: Rebuilding all pages as variables file was changed, or the --force-reload flag was set
2021-01-15T15:51:24.269Z - info: Rebuilding 770 pages
2021-01-15T15:51:33.669Z - debug: The process cannot access the file because it is being used by another process.

2021-01-15T15:51:33.669Z - debug: The process cannot access the file because it is being used by another process.

2021-01-15T15:51:36.462Z - debug:  
2021-01-15T15:51:36.467Z - debug:  
2021-01-15T15:51:36.467Z - debug:  
2021-01-15T15:51:36.467Z - debug:  
2021-01-15T15:51:36.467Z - debug:  
2021-01-15T15:51:37.972Z - debug:  
2021-01-15T15:51:39.041Z - debug:  
2021-01-15T15:51:42.515Z - debug:  
2021-01-15T15:51:42.516Z - debug: The process cannot access the file because it is being used by another process.

2021-01-15T15:51:42.516Z - debug: The process cannot access the file because it is being used by another process.

2021-01-15T15:51:42.520Z - debug:  
2021-01-15T15:51:42.520Z - debug:  
2021-01-15T15:51:44.435Z - debug: The process cannot access the file because it is being used by another process.

2021-01-15T15:51:44.435Z - debug: The process cannot access the file because it is being used by another process.

2021-01-15T15:51:45.291Z - debug: The process cannot access the file because it is being used by another process.

2021-01-15T15:51:45.292Z - debug: The process cannot access the file because it is being used by another process.

2021-01-15T15:51:45.294Z - debug:  
2021-01-15T15:51:45.294Z - debug: The process cannot access the file because it is being used by another process.

2021-01-15T15:51:45.369Z - debug:  
2021-01-15T15:51:48.637Z - debug:  
2021-01-15T15:52:01.349Z - debug: The process cannot access the file because it is being used by another process.

2021-01-15T15:52:01.900Z - debug: The process cannot access the file because it is being used by another process.

2021-01-15T15:52:03.003Z - debug: The process cannot access the file because it is being used by another process.

2021-01-15T15:52:03.708Z - debug:  
2021-01-15T15:52:04.361Z - debug: The process cannot access the file because it is being used by another process.

2021-01-15T15:52:05.288Z - debug: The process cannot access the file because it is being used by another process.

2021-01-15T15:52:06.614Z - debug: The process cannot access the file because it is being used by another process.

2021-01-15T15:52:06.616Z - debug:  
2021-01-15T15:52:09.238Z - debug: The process cannot access the file because it is being used by another process.

2021-01-15T15:52:09.239Z - debug: The process cannot access the file because it is being used by another process.

2021-01-15T15:52:11.835Z - debug: The process cannot access the file because it is being used by another process.

2021-01-15T15:52:11.835Z - debug: The process cannot access the file because it is being used by another process.

2021-01-15T15:52:13.285Z - debug:  
2021-01-15T15:52:13.286Z - debug:  
2021-01-15T15:52:16.346Z - debug:  
2021-01-15T15:52:16.446Z - debug:  
2021-01-15T15:52:21.784Z - debug: The process cannot access the file because it is being used by another process.

2021-01-15T15:52:23.899Z - debug: The process cannot access the file because it is being used by another process.

2021-01-15T15:52:24.712Z - debug:  
2021-01-15T15:52:46.654Z - debug:  
2021-01-15T15:52:46.824Z - debug:  
2021-01-15T15:52:46.925Z - debug:  
2021-01-15T15:52:47.189Z - debug:  
2021-01-15T15:52:54.830Z - debug:  
2021-01-15T15:52:54.832Z - debug:  
2021-01-15T15:52:54.832Z - debug:  
2021-01-15T15:53:04.567Z - info: [11:53:04 PM] Reload for file change: D:\Teaching\CS2113\_AY2021S2\ay2021sem2-website\_markbind\headers\header.md
2021-01-15T15:53:04.574Z - debug:  
2021-01-15T15:53:04.576Z - debug:  
2021-01-15T15:53:04.579Z - debug:  
2021-01-15T15:53:05.151Z - debug:  
2021-01-15T15:53:05.153Z - debug:  
2021-01-15T15:53:14.472Z - debug:  
2021-01-15T15:53:14.475Z - debug:  
2021-01-15T15:53:14.475Z - debug:  
2021-01-15T15:53:19.087Z - debug:  
2021-01-15T15:53:47.329Z - debug:  
2021-01-15T15:54:04.130Z - debug:  
2021-01-15T15:54:04.131Z - debug:  
2021-01-15T15:54:04.133Z - debug:  
2021-01-15T15:54:35.346Z - debug:  
2021-01-15T15:54:55.217Z - debug:  
2021-01-15T15:54:55.217Z - debug:  
2021-01-15T15:55:34.069Z - info: Pages rebuilt
2021-01-15T15:55:34.072Z - info: Website regeneration complete! Total build time: 249.896s
2021-01-15T15:55:34.081Z - debug:  
2021-01-15T15:55:34.087Z - info: Rebuilding 155 pages
2021-01-15T15:55:34.118Z - info: Site data built
2021-01-15T15:55:45.708Z - debug:  
2021-01-15T15:55:46.447Z - debug:  
2021-01-15T15:55:46.449Z - debug:  
2021-01-15T15:55:46.449Z - debug:  
2021-01-15T15:55:51.377Z - debug:  
2021-01-15T15:55:51.377Z - debug:  
2021-01-15T15:55:58.923Z - debug: The process cannot access the file because it is being used by another process.

2021-01-15T15:55:58.941Z - debug:  
2021-01-15T15:56:00.125Z - debug:  
2021-01-15T15:56:00.129Z - debug:  
2021-01-15T15:56:05.163Z - debug:  
2021-01-15T15:56:27.694Z - debug:  
2021-01-15T15:56:39.579Z - debug:  
2021-01-15T15:56:39.586Z - debug:  
2021-01-15T15:56:39.588Z - debug:  
2021-01-15T15:57:13.821Z - debug:  
2021-01-15T15:57:31.529Z - debug:  
2021-01-15T15:57:31.529Z - debug:  
2021-01-15T15:57:56.619Z - info: Pages rebuilt
2021-01-15T15:57:56.619Z - info: Website regeneration complete! Total build time: 142.535s
2021-01-15T15:57:56.626Z - debug:  
2021-01-15T15:57:56.657Z - info: Site data built
