2021-03-30T16:00:10.218Z - warn: You might have an invalid intra-link! Ignore this warning if it was intended.
'/website/book/about/usage.html' found in file 'D:\Teaching\CS2113\_AY2021S2\ay2021sem2-website\book\index.md'
2021-03-30T16:00:10.229Z - warn: You might have an invalid intra-link! Ignore this warning if it was intended.
'/website/book/softwareEngineering/print.html' found in file 'D:\Teaching\CS2113\_AY2021S2\ay2021sem2-website\book\index.md'
2021-03-30T16:00:10.231Z - warn: You might have an invalid intra-link! Ignore this warning if it was intended.
'/website/book/oop/print.html' found in file 'D:\Teaching\CS2113\_AY2021S2\ay2021sem2-website\book\index.md'
2021-03-30T16:00:10.232Z - warn: You might have an invalid intra-link! Ignore this warning if it was intended.
'/website/book/requirements/print.html' found in file 'D:\Teaching\CS2113\_AY2021S2\ay2021sem2-website\book\index.md'
2021-03-30T16:00:10.233Z - warn: You might have an invalid intra-link! Ignore this warning if it was intended.
'/website/book/gatheringRequirements/print.html' found in file 'D:\Teaching\CS2113\_AY2021S2\ay2021sem2-website\book\index.md'
2021-03-30T16:00:10.233Z - warn: You might have an invalid intra-link! Ignore this warning if it was intended.
'/website/book/specifyingRequirements/print.html' found in file 'D:\Teaching\CS2113\_AY2021S2\ay2021sem2-website\book\index.md'
2021-03-30T16:00:10.235Z - warn: You might have an invalid intra-link! Ignore this warning if it was intended.
'/website/book/design/print.html' found in file 'D:\Teaching\CS2113\_AY2021S2\ay2021sem2-website\book\index.md'
2021-03-30T16:00:10.235Z - warn: You might have an invalid intra-link! Ignore this warning if it was intended.
'/website/book/designFundamentals/print.html' found in file 'D:\Teaching\CS2113\_AY2021S2\ay2021sem2-website\book\index.md'
2021-03-30T16:00:10.236Z - warn: You might have an invalid intra-link! Ignore this warning if it was intended.
'/website/book/modeling/print.html' found in file 'D:\Teaching\CS2113\_AY2021S2\ay2021sem2-website\book\index.md'
2021-03-30T16:00:10.237Z - warn: You might have an invalid intra-link! Ignore this warning if it was intended.
'/website/book/architecture/print.html' found in file 'D:\Teaching\CS2113\_AY2021S2\ay2021sem2-website\book\index.md'
2021-03-30T16:00:10.238Z - warn: You might have an invalid intra-link! Ignore this warning if it was intended.
'/website/book/designPatterns/print.html' found in file 'D:\Teaching\CS2113\_AY2021S2\ay2021sem2-website\book\index.md'
2021-03-30T16:00:10.239Z - warn: You might have an invalid intra-link! Ignore this warning if it was intended.
'/website/book/designApproaches/print.html' found in file 'D:\Teaching\CS2113\_AY2021S2\ay2021sem2-website\book\index.md'
2021-03-30T16:00:10.240Z - warn: You might have an invalid intra-link! Ignore this warning if it was intended.
'/website/book/ides/print.html' found in file 'D:\Teaching\CS2113\_AY2021S2\ay2021sem2-website\book\index.md'
2021-03-30T16:00:10.241Z - warn: You might have an invalid intra-link! Ignore this warning if it was intended.
'/website/book/codeQuality/print.html' found in file 'D:\Teaching\CS2113\_AY2021S2\ay2021sem2-website\book\index.md'
2021-03-30T16:00:10.242Z - warn: You might have an invalid intra-link! Ignore this warning if it was intended.
'/website/book/refactoring/print.html' found in file 'D:\Teaching\CS2113\_AY2021S2\ay2021sem2-website\book\index.md'
2021-03-30T16:00:10.243Z - warn: You might have an invalid intra-link! Ignore this warning if it was intended.
'/website/book/documentation/print.html' found in file 'D:\Teaching\CS2113\_AY2021S2\ay2021sem2-website\book\index.md'
2021-03-30T16:00:10.243Z - warn: You might have an invalid intra-link! Ignore this warning if it was intended.
'/website/book/errorHandling/print.html' found in file 'D:\Teaching\CS2113\_AY2021S2\ay2021sem2-website\book\index.md'
2021-03-30T16:00:10.244Z - warn: You might have an invalid intra-link! Ignore this warning if it was intended.
'/website/book/integration/print.html' found in file 'D:\Teaching\CS2113\_AY2021S2\ay2021sem2-website\book\index.md'
2021-03-30T16:00:10.245Z - warn: You might have an invalid intra-link! Ignore this warning if it was intended.
'/website/book/reuse/print.html' found in file 'D:\Teaching\CS2113\_AY2021S2\ay2021sem2-website\book\index.md'
2021-03-30T16:00:10.246Z - warn: You might have an invalid intra-link! Ignore this warning if it was intended.
'/website/book/qualityAssurance/print.html' found in file 'D:\Teaching\CS2113\_AY2021S2\ay2021sem2-website\book\index.md'
2021-03-30T16:00:10.247Z - warn: You might have an invalid intra-link! Ignore this warning if it was intended.
'/website/book/testing/print.html' found in file 'D:\Teaching\CS2113\_AY2021S2\ay2021sem2-website\book\index.md'
2021-03-30T16:00:10.248Z - warn: You might have an invalid intra-link! Ignore this warning if it was intended.
'/website/book/testCaseDesign/print.html' found in file 'D:\Teaching\CS2113\_AY2021S2\ay2021sem2-website\book\index.md'
2021-03-30T16:00:10.249Z - warn: You might have an invalid intra-link! Ignore this warning if it was intended.
'/website/book/revisionControl/print.html' found in file 'D:\Teaching\CS2113\_AY2021S2\ay2021sem2-website\book\index.md'
2021-03-30T16:00:10.250Z - warn: You might have an invalid intra-link! Ignore this warning if it was intended.
'/website/book/projectPlanning/print.html' found in file 'D:\Teaching\CS2113\_AY2021S2\ay2021sem2-website\book\index.md'
2021-03-30T16:00:10.250Z - warn: You might have an invalid intra-link! Ignore this warning if it was intended.
'/website/book/teamwork/print.html' found in file 'D:\Teaching\CS2113\_AY2021S2\ay2021sem2-website\book\index.md'
2021-03-30T16:00:10.251Z - warn: You might have an invalid intra-link! Ignore this warning if it was intended.
'/website/book/processModels/print.html' found in file 'D:\Teaching\CS2113\_AY2021S2\ay2021sem2-website\book\index.md'
2021-03-30T16:00:10.253Z - warn: You might have an invalid intra-link! Ignore this warning if it was intended.
'/website/book/uml/print.html' found in file 'D:\Teaching\CS2113\_AY2021S2\ay2021sem2-website\book\index.md'
2021-03-30T16:00:10.253Z - warn: You might have an invalid intra-link! Ignore this warning if it was intended.
'/website/book/intellij/print.html' found in file 'D:\Teaching\CS2113\_AY2021S2\ay2021sem2-website\book\index.md'
2021-03-30T16:00:10.254Z - warn: You might have an invalid intra-link! Ignore this warning if it was intended.
'/website/book/gitAndGithub/print.html' found in file 'D:\Teaching\CS2113\_AY2021S2\ay2021sem2-website\book\index.md'
2021-03-30T16:00:10.258Z - warn: You might have an invalid intra-link! Ignore this warning if it was intended.
'/website/book/principles/print.html' found in file 'D:\Teaching\CS2113\_AY2021S2\ay2021sem2-website\book\index.md'
2021-03-30T16:00:10.259Z - warn: You might have an invalid intra-link! Ignore this warning if it was intended.
'/website/book/cppToJava/print.html' found in file 'D:\Teaching\CS2113\_AY2021S2\ay2021sem2-website\book\index.md'
2021-03-30T16:00:10.260Z - warn: You might have an invalid intra-link! Ignore this warning if it was intended.
'/website/book/common/definitions.html' found in file 'D:\Teaching\CS2113\_AY2021S2\ay2021sem2-website\book\index.md'
2021-03-30T16:00:10.260Z - warn: You might have an invalid intra-link! Ignore this warning if it was intended.
'/website/book/common/references.html' found in file 'D:\Teaching\CS2113\_AY2021S2\ay2021sem2-website\book\index.md'
2021-03-30T16:00:10.261Z - warn: You might have an invalid intra-link! Ignore this warning if it was intended.
'/website/book/common/outcomes.html' found in file 'D:\Teaching\CS2113\_AY2021S2\ay2021sem2-website\book\index.md'
2021-03-30T16:00:10.262Z - warn: You might have an invalid intra-link! Ignore this warning if it was intended.
'/website/book/common/print.html' found in file 'D:\Teaching\CS2113\_AY2021S2\ay2021sem2-website\book\index.md'
2021-03-30T16:00:59.679Z - warn: "++" syntax for underlining will be deprecated in v3.0. Please use "$$".
filePath: D:\Teaching\CS2113\_AY2021S2\ay2021sem2-website\se-book-adapted\chapters\testCaseDesign.md
2021-03-30T16:00:59.680Z - warn: "++" syntax for underlining will be deprecated in v3.0. Please use "$$".
filePath: D:\Teaching\CS2113\_AY2021S2\ay2021sem2-website\se-book-adapted\chapters\testCaseDesign.md
2021-03-30T16:00:59.681Z - warn: "++" syntax for underlining will be deprecated in v3.0. Please use "$$".
filePath: D:\Teaching\CS2113\_AY2021S2\ay2021sem2-website\se-book-adapted\chapters\testCaseDesign.md
2021-03-30T16:00:59.681Z - warn: "++" syntax for underlining will be deprecated in v3.0. Please use "$$".
filePath: D:\Teaching\CS2113\_AY2021S2\ay2021sem2-website\se-book-adapted\chapters\testCaseDesign.md
2021-03-30T16:00:59.682Z - warn: "++" syntax for underlining will be deprecated in v3.0. Please use "$$".
filePath: D:\Teaching\CS2113\_AY2021S2\ay2021sem2-website\se-book-adapted\chapters\testCaseDesign.md
2021-03-30T16:00:59.682Z - warn: "++" syntax for underlining will be deprecated in v3.0. Please use "$$".
filePath: D:\Teaching\CS2113\_AY2021S2\ay2021sem2-website\se-book-adapted\chapters\testCaseDesign.md
2021-03-30T16:00:59.682Z - warn: "++" syntax for underlining will be deprecated in v3.0. Please use "$$".
filePath: D:\Teaching\CS2113\_AY2021S2\ay2021sem2-website\se-book-adapted\chapters\testCaseDesign.md
2021-03-30T16:00:59.683Z - warn: "++" syntax for underlining will be deprecated in v3.0. Please use "$$".
filePath: D:\Teaching\CS2113\_AY2021S2\ay2021sem2-website\se-book-adapted\chapters\testCaseDesign.md
2021-03-30T16:00:59.683Z - warn: "++" syntax for underlining will be deprecated in v3.0. Please use "$$".
filePath: D:\Teaching\CS2113\_AY2021S2\ay2021sem2-website\se-book-adapted\chapters\testCaseDesign.md
2021-03-30T16:00:59.684Z - warn: "++" syntax for underlining will be deprecated in v3.0. Please use "$$".
filePath: D:\Teaching\CS2113\_AY2021S2\ay2021sem2-website\se-book-adapted\chapters\testCaseDesign.md
2021-03-30T16:00:59.684Z - warn: "++" syntax for underlining will be deprecated in v3.0. Please use "$$".
filePath: D:\Teaching\CS2113\_AY2021S2\ay2021sem2-website\se-book-adapted\chapters\testCaseDesign.md
2021-03-30T16:00:59.684Z - warn: "++" syntax for underlining will be deprecated in v3.0. Please use "$$".
filePath: D:\Teaching\CS2113\_AY2021S2\ay2021sem2-website\se-book-adapted\chapters\testCaseDesign.md
2021-03-30T16:00:59.685Z - warn: "++" syntax for underlining will be deprecated in v3.0. Please use "$$".
filePath: D:\Teaching\CS2113\_AY2021S2\ay2021sem2-website\se-book-adapted\chapters\testCaseDesign.md
2021-03-30T16:00:59.685Z - warn: "++" syntax for underlining will be deprecated in v3.0. Please use "$$".
filePath: D:\Teaching\CS2113\_AY2021S2\ay2021sem2-website\se-book-adapted\chapters\testCaseDesign.md
2021-03-30T16:00:59.685Z - warn: "++" syntax for underlining will be deprecated in v3.0. Please use "$$".
filePath: D:\Teaching\CS2113\_AY2021S2\ay2021sem2-website\se-book-adapted\chapters\testCaseDesign.md
2021-03-30T16:00:59.686Z - warn: "++" syntax for underlining will be deprecated in v3.0. Please use "$$".
filePath: D:\Teaching\CS2113\_AY2021S2\ay2021sem2-website\se-book-adapted\chapters\testCaseDesign.md
2021-03-30T16:01:01.931Z - warn: "++" syntax for underlining will be deprecated in v3.0. Please use "$$".
filePath: D:\Teaching\CS2113\_AY2021S2\ay2021sem2-website\se-book-adapted\chapters\specifyingRequirements.md
2021-03-30T16:01:01.932Z - warn: "++" syntax for underlining will be deprecated in v3.0. Please use "$$".
filePath: D:\Teaching\CS2113\_AY2021S2\ay2021sem2-website\se-book-adapted\chapters\specifyingRequirements.md
2021-03-30T16:01:01.933Z - warn: "++" syntax for underlining will be deprecated in v3.0. Please use "$$".
filePath: D:\Teaching\CS2113\_AY2021S2\ay2021sem2-website\se-book-adapted\chapters\specifyingRequirements.md
2021-03-30T16:01:18.988Z - warn: "++" syntax for underlining will be deprecated in v3.0. Please use "$$".
filePath: D:\Teaching\CS2113\_AY2021S2\ay2021sem2-website\schedule\week4\tutorial.md
2021-03-30T16:01:38.175Z - warn: "++" syntax for underlining will be deprecated in v3.0. Please use "$$".
filePath: D:\Teaching\CS2113\_AY2021S2\ay2021sem2-website\schedule\week12\topics.md
2021-03-30T16:01:38.176Z - warn: "++" syntax for underlining will be deprecated in v3.0. Please use "$$".
filePath: D:\Teaching\CS2113\_AY2021S2\ay2021sem2-website\schedule\week12\topics.md
2021-03-30T16:01:38.176Z - warn: "++" syntax for underlining will be deprecated in v3.0. Please use "$$".
filePath: D:\Teaching\CS2113\_AY2021S2\ay2021sem2-website\schedule\week12\topics.md
2021-03-30T16:01:38.176Z - warn: "++" syntax for underlining will be deprecated in v3.0. Please use "$$".
filePath: D:\Teaching\CS2113\_AY2021S2\ay2021sem2-website\schedule\week12\topics.md
2021-03-30T16:01:38.177Z - warn: "++" syntax for underlining will be deprecated in v3.0. Please use "$$".
filePath: D:\Teaching\CS2113\_AY2021S2\ay2021sem2-website\schedule\week12\topics.md
2021-03-30T16:01:38.177Z - warn: "++" syntax for underlining will be deprecated in v3.0. Please use "$$".
filePath: D:\Teaching\CS2113\_AY2021S2\ay2021sem2-website\schedule\week12\topics.md
2021-03-30T16:01:38.177Z - warn: "++" syntax for underlining will be deprecated in v3.0. Please use "$$".
filePath: D:\Teaching\CS2113\_AY2021S2\ay2021sem2-website\schedule\week12\topics.md
2021-03-30T16:01:38.177Z - warn: "++" syntax for underlining will be deprecated in v3.0. Please use "$$".
filePath: D:\Teaching\CS2113\_AY2021S2\ay2021sem2-website\schedule\week12\topics.md
2021-03-30T16:01:38.178Z - warn: "++" syntax for underlining will be deprecated in v3.0. Please use "$$".
filePath: D:\Teaching\CS2113\_AY2021S2\ay2021sem2-website\schedule\week12\topics.md
2021-03-30T16:01:38.178Z - warn: "++" syntax for underlining will be deprecated in v3.0. Please use "$$".
filePath: D:\Teaching\CS2113\_AY2021S2\ay2021sem2-website\schedule\week12\topics.md
2021-03-30T16:01:38.179Z - warn: "++" syntax for underlining will be deprecated in v3.0. Please use "$$".
filePath: D:\Teaching\CS2113\_AY2021S2\ay2021sem2-website\schedule\week12\topics.md
2021-03-30T16:01:38.179Z - warn: "++" syntax for underlining will be deprecated in v3.0. Please use "$$".
filePath: D:\Teaching\CS2113\_AY2021S2\ay2021sem2-website\schedule\week12\topics.md
2021-03-30T16:01:38.179Z - warn: "++" syntax for underlining will be deprecated in v3.0. Please use "$$".
filePath: D:\Teaching\CS2113\_AY2021S2\ay2021sem2-website\schedule\week12\topics.md
2021-03-30T16:01:38.179Z - warn: "++" syntax for underlining will be deprecated in v3.0. Please use "$$".
filePath: D:\Teaching\CS2113\_AY2021S2\ay2021sem2-website\schedule\week12\topics.md
2021-03-30T16:01:38.180Z - warn: "++" syntax for underlining will be deprecated in v3.0. Please use "$$".
filePath: D:\Teaching\CS2113\_AY2021S2\ay2021sem2-website\schedule\week12\topics.md
2021-03-30T16:01:38.180Z - warn: "++" syntax for underlining will be deprecated in v3.0. Please use "$$".
filePath: D:\Teaching\CS2113\_AY2021S2\ay2021sem2-website\schedule\week12\topics.md
2021-03-30T16:01:38.234Z - warn: You might have an invalid intra-link! Ignore this warning if it was intended.
'/website/week7/topics.html' found in file 'D:\Teaching\CS2113\_AY2021S2\ay2021sem2-website\admin\common-commentary.mbdf'
2021-03-30T16:01:46.777Z - warn: "++" syntax for underlining will be deprecated in v3.0. Please use "$$".
filePath: D:\Teaching\CS2113\_AY2021S2\ay2021sem2-website\schedule\week7\project.md
2021-03-30T16:01:50.288Z - warn: "++" syntax for underlining will be deprecated in v3.0. Please use "$$".
filePath: D:\Teaching\CS2113\_AY2021S2\ay2021sem2-website\schedule\week4\project.md
2021-03-30T16:02:04.751Z - warn: "++" syntax for underlining will be deprecated in v3.0. Please use "$$".
filePath: D:\Teaching\CS2113\_AY2021S2\ay2021sem2-website\schedule\week1\admin.md
2021-03-30T16:02:04.755Z - warn: "++" syntax for underlining will be deprecated in v3.0. Please use "$$".
filePath: D:\Teaching\CS2113\_AY2021S2\ay2021sem2-website\schedule\week1\admin.md
2021-03-30T16:02:10.783Z - debug:  
2021-03-30T16:02:29.132Z - debug:  
2021-03-30T16:02:29.132Z - debug:  
2021-03-30T16:02:32.619Z - warn: "++" syntax for underlining will be deprecated in v3.0. Please use "$$".
filePath: D:\Teaching\CS2113\_AY2021S2\ay2021sem2-website\admin\participation.md
2021-03-30T16:02:34.071Z - warn: "++" syntax for underlining will be deprecated in v3.0. Please use "$$".
filePath: D:\Teaching\CS2113\_AY2021S2\ay2021sem2-website\admin\ip-w7.md
2021-03-30T16:02:36.296Z - warn: "++" syntax for underlining will be deprecated in v3.0. Please use "$$".
filePath: D:\Teaching\CS2113\_AY2021S2\ay2021sem2-website\admin\ip-w4.md
2021-03-30T16:02:39.539Z - warn: "++" syntax for underlining will be deprecated in v3.0. Please use "$$".
filePath: D:\Teaching\CS2113\_AY2021S2\ay2021sem2-website\admin\gradeBreakdown.md
2021-03-30T16:02:40.873Z - info: Pages built
2021-03-30T16:02:41.869Z - info: Site data built
2021-03-30T16:02:41.869Z - info: Website generation complete! Total build time: 225.994s
2021-03-30T16:02:41.869Z - info: Build success!
2021-03-30T16:02:55.490Z - info: Deployed at https://nus-cs2113-ay2021s2.github.io/website!
