2021-03-22T04:27:33.614Z - info: Website generation started at 12:27:21 pm
2021-03-22T04:27:41.767Z - info: Building assets...
2021-03-22T04:27:48.488Z - info: Assets built
2021-03-22T04:27:48.489Z - info: Generating pages...
2021-03-22T04:28:10.097Z - debug:  
2021-03-22T04:28:10.098Z - debug:  
2021-03-22T04:28:10.099Z - debug:  
2021-03-22T04:28:10.099Z - debug:  
2021-03-22T04:28:10.100Z - debug:  
2021-03-22T04:28:12.725Z - debug:  
2021-03-22T04:28:37.145Z - warn: "++" syntax for underlining will be deprecated in v3.0. Please use "$$".
filePath: D:\Teaching\CS2113\_AY2021S2\ay2021sem2-website\book\testCaseDesign\index.md
2021-03-22T04:28:37.146Z - warn: "++" syntax for underlining will be deprecated in v3.0. Please use "$$".
filePath: D:\Teaching\CS2113\_AY2021S2\ay2021sem2-website\book\testCaseDesign\index.md
2021-03-22T04:28:37.147Z - warn: "++" syntax for underlining will be deprecated in v3.0. Please use "$$".
filePath: D:\Teaching\CS2113\_AY2021S2\ay2021sem2-website\book\testCaseDesign\index.md
2021-03-22T04:28:37.148Z - warn: "++" syntax for underlining will be deprecated in v3.0. Please use "$$".
filePath: D:\Teaching\CS2113\_AY2021S2\ay2021sem2-website\book\testCaseDesign\index.md
2021-03-22T04:28:37.148Z - warn: "++" syntax for underlining will be deprecated in v3.0. Please use "$$".
filePath: D:\Teaching\CS2113\_AY2021S2\ay2021sem2-website\book\testCaseDesign\index.md
2021-03-22T04:28:37.149Z - warn: "++" syntax for underlining will be deprecated in v3.0. Please use "$$".
filePath: D:\Teaching\CS2113\_AY2021S2\ay2021sem2-website\book\testCaseDesign\index.md
2021-03-22T04:28:37.150Z - warn: "++" syntax for underlining will be deprecated in v3.0. Please use "$$".
filePath: D:\Teaching\CS2113\_AY2021S2\ay2021sem2-website\book\testCaseDesign\index.md
2021-03-22T04:28:37.150Z - warn: "++" syntax for underlining will be deprecated in v3.0. Please use "$$".
filePath: D:\Teaching\CS2113\_AY2021S2\ay2021sem2-website\book\testCaseDesign\index.md
2021-03-22T04:28:37.153Z - warn: "++" syntax for underlining will be deprecated in v3.0. Please use "$$".
filePath: D:\Teaching\CS2113\_AY2021S2\ay2021sem2-website\book\testCaseDesign\index.md
2021-03-22T04:28:37.154Z - warn: "++" syntax for underlining will be deprecated in v3.0. Please use "$$".
filePath: D:\Teaching\CS2113\_AY2021S2\ay2021sem2-website\book\testCaseDesign\index.md
2021-03-22T04:28:37.155Z - warn: "++" syntax for underlining will be deprecated in v3.0. Please use "$$".
filePath: D:\Teaching\CS2113\_AY2021S2\ay2021sem2-website\book\testCaseDesign\index.md
2021-03-22T04:28:37.156Z - warn: "++" syntax for underlining will be deprecated in v3.0. Please use "$$".
filePath: D:\Teaching\CS2113\_AY2021S2\ay2021sem2-website\book\testCaseDesign\index.md
2021-03-22T04:28:37.157Z - warn: "++" syntax for underlining will be deprecated in v3.0. Please use "$$".
filePath: D:\Teaching\CS2113\_AY2021S2\ay2021sem2-website\book\testCaseDesign\index.md
2021-03-22T04:28:37.158Z - warn: "++" syntax for underlining will be deprecated in v3.0. Please use "$$".
filePath: D:\Teaching\CS2113\_AY2021S2\ay2021sem2-website\book\testCaseDesign\index.md
2021-03-22T04:28:37.159Z - warn: "++" syntax for underlining will be deprecated in v3.0. Please use "$$".
filePath: D:\Teaching\CS2113\_AY2021S2\ay2021sem2-website\book\testCaseDesign\index.md
2021-03-22T04:28:37.159Z - warn: "++" syntax for underlining will be deprecated in v3.0. Please use "$$".
filePath: D:\Teaching\CS2113\_AY2021S2\ay2021sem2-website\book\testCaseDesign\index.md
2021-03-22T04:28:37.160Z - warn: "++" syntax for underlining will be deprecated in v3.0. Please use "$$".
filePath: D:\Teaching\CS2113\_AY2021S2\ay2021sem2-website\book\testCaseDesign\index.md
2021-03-22T04:28:37.160Z - warn: "++" syntax for underlining will be deprecated in v3.0. Please use "$$".
filePath: D:\Teaching\CS2113\_AY2021S2\ay2021sem2-website\book\testCaseDesign\index.md
2021-03-22T04:28:37.161Z - warn: "++" syntax for underlining will be deprecated in v3.0. Please use "$$".
filePath: D:\Teaching\CS2113\_AY2021S2\ay2021sem2-website\book\testCaseDesign\index.md
2021-03-22T04:28:37.161Z - warn: "++" syntax for underlining will be deprecated in v3.0. Please use "$$".
filePath: D:\Teaching\CS2113\_AY2021S2\ay2021sem2-website\book\testCaseDesign\index.md
2021-03-22T04:28:37.162Z - warn: "++" syntax for underlining will be deprecated in v3.0. Please use "$$".
filePath: D:\Teaching\CS2113\_AY2021S2\ay2021sem2-website\book\testCaseDesign\index.md
2021-03-22T04:28:37.165Z - warn: "++" syntax for underlining will be deprecated in v3.0. Please use "$$".
filePath: D:\Teaching\CS2113\_AY2021S2\ay2021sem2-website\book\testCaseDesign\index.md
2021-03-22T04:28:37.165Z - warn: "++" syntax for underlining will be deprecated in v3.0. Please use "$$".
filePath: D:\Teaching\CS2113\_AY2021S2\ay2021sem2-website\book\testCaseDesign\index.md
2021-03-22T04:28:37.166Z - warn: "++" syntax for underlining will be deprecated in v3.0. Please use "$$".
filePath: D:\Teaching\CS2113\_AY2021S2\ay2021sem2-website\book\testCaseDesign\index.md
2021-03-22T04:28:37.166Z - warn: "++" syntax for underlining will be deprecated in v3.0. Please use "$$".
filePath: D:\Teaching\CS2113\_AY2021S2\ay2021sem2-website\book\testCaseDesign\index.md
2021-03-22T04:28:37.167Z - warn: "++" syntax for underlining will be deprecated in v3.0. Please use "$$".
filePath: D:\Teaching\CS2113\_AY2021S2\ay2021sem2-website\book\testCaseDesign\index.md
2021-03-22T04:28:37.169Z - warn: "++" syntax for underlining will be deprecated in v3.0. Please use "$$".
filePath: D:\Teaching\CS2113\_AY2021S2\ay2021sem2-website\book\testCaseDesign\index.md
2021-03-22T04:28:37.170Z - warn: "++" syntax for underlining will be deprecated in v3.0. Please use "$$".
filePath: D:\Teaching\CS2113\_AY2021S2\ay2021sem2-website\book\testCaseDesign\index.md
2021-03-22T04:28:37.173Z - warn: "++" syntax for underlining will be deprecated in v3.0. Please use "$$".
filePath: D:\Teaching\CS2113\_AY2021S2\ay2021sem2-website\book\testCaseDesign\index.md
2021-03-22T04:28:37.173Z - warn: "++" syntax for underlining will be deprecated in v3.0. Please use "$$".
filePath: D:\Teaching\CS2113\_AY2021S2\ay2021sem2-website\book\testCaseDesign\index.md
2021-03-22T04:28:37.174Z - warn: "++" syntax for underlining will be deprecated in v3.0. Please use "$$".
filePath: D:\Teaching\CS2113\_AY2021S2\ay2021sem2-website\book\testCaseDesign\index.md
2021-03-22T04:28:37.175Z - warn: "++" syntax for underlining will be deprecated in v3.0. Please use "$$".
filePath: D:\Teaching\CS2113\_AY2021S2\ay2021sem2-website\book\testCaseDesign\index.md
2021-03-22T04:28:37.176Z - warn: "++" syntax for underlining will be deprecated in v3.0. Please use "$$".
filePath: D:\Teaching\CS2113\_AY2021S2\ay2021sem2-website\book\testCaseDesign\index.md
2021-03-22T04:28:37.177Z - warn: "++" syntax for underlining will be deprecated in v3.0. Please use "$$".
filePath: D:\Teaching\CS2113\_AY2021S2\ay2021sem2-website\book\testCaseDesign\index.md
2021-03-22T04:28:37.177Z - warn: "++" syntax for underlining will be deprecated in v3.0. Please use "$$".
filePath: D:\Teaching\CS2113\_AY2021S2\ay2021sem2-website\book\testCaseDesign\index.md
2021-03-22T04:28:37.180Z - warn: "++" syntax for underlining will be deprecated in v3.0. Please use "$$".
filePath: D:\Teaching\CS2113\_AY2021S2\ay2021sem2-website\book\testCaseDesign\index.md
2021-03-22T04:28:37.180Z - warn: "++" syntax for underlining will be deprecated in v3.0. Please use "$$".
filePath: D:\Teaching\CS2113\_AY2021S2\ay2021sem2-website\book\testCaseDesign\index.md
2021-03-22T04:28:37.181Z - warn: "++" syntax for underlining will be deprecated in v3.0. Please use "$$".
filePath: D:\Teaching\CS2113\_AY2021S2\ay2021sem2-website\book\testCaseDesign\index.md
2021-03-22T04:28:37.182Z - warn: "++" syntax for underlining will be deprecated in v3.0. Please use "$$".
filePath: D:\Teaching\CS2113\_AY2021S2\ay2021sem2-website\book\testCaseDesign\index.md
2021-03-22T04:28:37.183Z - warn: "++" syntax for underlining will be deprecated in v3.0. Please use "$$".
filePath: D:\Teaching\CS2113\_AY2021S2\ay2021sem2-website\book\testCaseDesign\index.md
2021-03-22T04:28:37.183Z - warn: "++" syntax for underlining will be deprecated in v3.0. Please use "$$".
filePath: D:\Teaching\CS2113\_AY2021S2\ay2021sem2-website\book\testCaseDesign\index.md
2021-03-22T04:28:38.936Z - warn: "++" syntax for underlining will be deprecated in v3.0. Please use "$$".
filePath: D:\Teaching\CS2113\_AY2021S2\ay2021sem2-website\book\testCaseDesign\combiningTestInputs\mix\index.md
2021-03-22T04:28:38.938Z - warn: "++" syntax for underlining will be deprecated in v3.0. Please use "$$".
filePath: D:\Teaching\CS2113\_AY2021S2\ay2021sem2-website\book\testCaseDesign\combiningTestInputs\mix\index.md
2021-03-22T04:28:38.938Z - warn: "++" syntax for underlining will be deprecated in v3.0. Please use "$$".
filePath: D:\Teaching\CS2113\_AY2021S2\ay2021sem2-website\book\testCaseDesign\combiningTestInputs\mix\index.md
2021-03-22T04:28:38.939Z - warn: "++" syntax for underlining will be deprecated in v3.0. Please use "$$".
filePath: D:\Teaching\CS2113\_AY2021S2\ay2021sem2-website\book\testCaseDesign\combiningTestInputs\mix\index.md
2021-03-22T04:28:38.940Z - warn: "++" syntax for underlining will be deprecated in v3.0. Please use "$$".
filePath: D:\Teaching\CS2113\_AY2021S2\ay2021sem2-website\book\testCaseDesign\combiningTestInputs\mix\index.md
2021-03-22T04:28:38.941Z - warn: "++" syntax for underlining will be deprecated in v3.0. Please use "$$".
filePath: D:\Teaching\CS2113\_AY2021S2\ay2021sem2-website\book\testCaseDesign\combiningTestInputs\mix\index.md
2021-03-22T04:28:38.943Z - warn: "++" syntax for underlining will be deprecated in v3.0. Please use "$$".
filePath: D:\Teaching\CS2113\_AY2021S2\ay2021sem2-website\book\testCaseDesign\combiningTestInputs\mix\index.md
2021-03-22T04:28:38.944Z - warn: "++" syntax for underlining will be deprecated in v3.0. Please use "$$".
filePath: D:\Teaching\CS2113\_AY2021S2\ay2021sem2-website\book\testCaseDesign\combiningTestInputs\mix\index.md
2021-03-22T04:28:38.944Z - warn: "++" syntax for underlining will be deprecated in v3.0. Please use "$$".
filePath: D:\Teaching\CS2113\_AY2021S2\ay2021sem2-website\book\testCaseDesign\combiningTestInputs\mix\index.md
2021-03-22T04:28:38.946Z - warn: "++" syntax for underlining will be deprecated in v3.0. Please use "$$".
filePath: D:\Teaching\CS2113\_AY2021S2\ay2021sem2-website\book\testCaseDesign\combiningTestInputs\mix\index.md
2021-03-22T04:28:38.947Z - warn: "++" syntax for underlining will be deprecated in v3.0. Please use "$$".
filePath: D:\Teaching\CS2113\_AY2021S2\ay2021sem2-website\book\testCaseDesign\combiningTestInputs\mix\index.md
2021-03-22T04:28:38.949Z - warn: "++" syntax for underlining will be deprecated in v3.0. Please use "$$".
filePath: D:\Teaching\CS2113\_AY2021S2\ay2021sem2-website\book\testCaseDesign\combiningTestInputs\mix\index.md
2021-03-22T04:28:38.950Z - warn: "++" syntax for underlining will be deprecated in v3.0. Please use "$$".
filePath: D:\Teaching\CS2113\_AY2021S2\ay2021sem2-website\book\testCaseDesign\combiningTestInputs\mix\index.md
2021-03-22T04:28:38.950Z - warn: "++" syntax for underlining will be deprecated in v3.0. Please use "$$".
filePath: D:\Teaching\CS2113\_AY2021S2\ay2021sem2-website\book\testCaseDesign\combiningTestInputs\mix\index.md
2021-03-22T04:28:38.951Z - warn: "++" syntax for underlining will be deprecated in v3.0. Please use "$$".
filePath: D:\Teaching\CS2113\_AY2021S2\ay2021sem2-website\book\testCaseDesign\combiningTestInputs\mix\index.md
2021-03-22T04:28:38.952Z - warn: "++" syntax for underlining will be deprecated in v3.0. Please use "$$".
filePath: D:\Teaching\CS2113\_AY2021S2\ay2021sem2-website\book\testCaseDesign\combiningTestInputs\mix\index.md
2021-03-22T04:28:38.953Z - warn: "++" syntax for underlining will be deprecated in v3.0. Please use "$$".
filePath: D:\Teaching\CS2113\_AY2021S2\ay2021sem2-website\book\testCaseDesign\combiningTestInputs\mix\index.md
2021-03-22T04:28:38.954Z - warn: "++" syntax for underlining will be deprecated in v3.0. Please use "$$".
filePath: D:\Teaching\CS2113\_AY2021S2\ay2021sem2-website\book\testCaseDesign\combiningTestInputs\mix\index.md
2021-03-22T04:28:38.955Z - warn: "++" syntax for underlining will be deprecated in v3.0. Please use "$$".
filePath: D:\Teaching\CS2113\_AY2021S2\ay2021sem2-website\book\testCaseDesign\combiningTestInputs\mix\index.md
2021-03-22T04:28:38.955Z - warn: "++" syntax for underlining will be deprecated in v3.0. Please use "$$".
filePath: D:\Teaching\CS2113\_AY2021S2\ay2021sem2-website\book\testCaseDesign\combiningTestInputs\mix\index.md
2021-03-22T04:28:38.958Z - warn: "++" syntax for underlining will be deprecated in v3.0. Please use "$$".
filePath: D:\Teaching\CS2113\_AY2021S2\ay2021sem2-website\book\testCaseDesign\combiningTestInputs\mix\index.md
2021-03-22T04:28:38.959Z - warn: "++" syntax for underlining will be deprecated in v3.0. Please use "$$".
filePath: D:\Teaching\CS2113\_AY2021S2\ay2021sem2-website\book\testCaseDesign\combiningTestInputs\mix\index.md
2021-03-22T04:28:38.960Z - warn: "++" syntax for underlining will be deprecated in v3.0. Please use "$$".
filePath: D:\Teaching\CS2113\_AY2021S2\ay2021sem2-website\book\testCaseDesign\combiningTestInputs\mix\index.md
2021-03-22T04:28:38.961Z - warn: "++" syntax for underlining will be deprecated in v3.0. Please use "$$".
filePath: D:\Teaching\CS2113\_AY2021S2\ay2021sem2-website\book\testCaseDesign\combiningTestInputs\mix\index.md
2021-03-22T04:28:38.962Z - warn: "++" syntax for underlining will be deprecated in v3.0. Please use "$$".
filePath: D:\Teaching\CS2113\_AY2021S2\ay2021sem2-website\book\testCaseDesign\combiningTestInputs\mix\index.md
2021-03-22T04:28:39.284Z - warn: "++" syntax for underlining will be deprecated in v3.0. Please use "$$".
filePath: D:\Teaching\CS2113\_AY2021S2\ay2021sem2-website\book\testCaseDesign\combiningTestInputs\index.md
2021-03-22T04:28:39.286Z - warn: "++" syntax for underlining will be deprecated in v3.0. Please use "$$".
filePath: D:\Teaching\CS2113\_AY2021S2\ay2021sem2-website\book\testCaseDesign\combiningTestInputs\index.md
2021-03-22T04:28:39.286Z - warn: "++" syntax for underlining will be deprecated in v3.0. Please use "$$".
filePath: D:\Teaching\CS2113\_AY2021S2\ay2021sem2-website\book\testCaseDesign\combiningTestInputs\index.md
2021-03-22T04:28:39.287Z - warn: "++" syntax for underlining will be deprecated in v3.0. Please use "$$".
filePath: D:\Teaching\CS2113\_AY2021S2\ay2021sem2-website\book\testCaseDesign\combiningTestInputs\index.md
2021-03-22T04:28:39.288Z - warn: "++" syntax for underlining will be deprecated in v3.0. Please use "$$".
filePath: D:\Teaching\CS2113\_AY2021S2\ay2021sem2-website\book\testCaseDesign\combiningTestInputs\index.md
2021-03-22T04:28:39.288Z - warn: "++" syntax for underlining will be deprecated in v3.0. Please use "$$".
filePath: D:\Teaching\CS2113\_AY2021S2\ay2021sem2-website\book\testCaseDesign\combiningTestInputs\index.md
2021-03-22T04:28:39.289Z - warn: "++" syntax for underlining will be deprecated in v3.0. Please use "$$".
filePath: D:\Teaching\CS2113\_AY2021S2\ay2021sem2-website\book\testCaseDesign\combiningTestInputs\index.md
2021-03-22T04:28:39.290Z - warn: "++" syntax for underlining will be deprecated in v3.0. Please use "$$".
filePath: D:\Teaching\CS2113\_AY2021S2\ay2021sem2-website\book\testCaseDesign\combiningTestInputs\index.md
2021-03-22T04:28:39.290Z - warn: "++" syntax for underlining will be deprecated in v3.0. Please use "$$".
filePath: D:\Teaching\CS2113\_AY2021S2\ay2021sem2-website\book\testCaseDesign\combiningTestInputs\index.md
2021-03-22T04:28:39.291Z - warn: "++" syntax for underlining will be deprecated in v3.0. Please use "$$".
filePath: D:\Teaching\CS2113\_AY2021S2\ay2021sem2-website\book\testCaseDesign\combiningTestInputs\index.md
2021-03-22T04:28:39.292Z - warn: "++" syntax for underlining will be deprecated in v3.0. Please use "$$".
filePath: D:\Teaching\CS2113\_AY2021S2\ay2021sem2-website\book\testCaseDesign\combiningTestInputs\index.md
2021-03-22T04:28:39.293Z - warn: "++" syntax for underlining will be deprecated in v3.0. Please use "$$".
filePath: D:\Teaching\CS2113\_AY2021S2\ay2021sem2-website\book\testCaseDesign\combiningTestInputs\index.md
2021-03-22T04:28:39.294Z - warn: "++" syntax for underlining will be deprecated in v3.0. Please use "$$".
filePath: D:\Teaching\CS2113\_AY2021S2\ay2021sem2-website\book\testCaseDesign\combiningTestInputs\index.md
2021-03-22T04:28:39.295Z - warn: "++" syntax for underlining will be deprecated in v3.0. Please use "$$".
filePath: D:\Teaching\CS2113\_AY2021S2\ay2021sem2-website\book\testCaseDesign\combiningTestInputs\index.md
2021-03-22T04:28:39.295Z - warn: "++" syntax for underlining will be deprecated in v3.0. Please use "$$".
filePath: D:\Teaching\CS2113\_AY2021S2\ay2021sem2-website\book\testCaseDesign\combiningTestInputs\index.md
2021-03-22T04:28:39.296Z - warn: "++" syntax for underlining will be deprecated in v3.0. Please use "$$".
filePath: D:\Teaching\CS2113\_AY2021S2\ay2021sem2-website\book\testCaseDesign\combiningTestInputs\index.md
2021-03-22T04:28:39.297Z - warn: "++" syntax for underlining will be deprecated in v3.0. Please use "$$".
filePath: D:\Teaching\CS2113\_AY2021S2\ay2021sem2-website\book\testCaseDesign\combiningTestInputs\index.md
2021-03-22T04:28:39.298Z - warn: "++" syntax for underlining will be deprecated in v3.0. Please use "$$".
filePath: D:\Teaching\CS2113\_AY2021S2\ay2021sem2-website\book\testCaseDesign\combiningTestInputs\index.md
2021-03-22T04:28:39.298Z - warn: "++" syntax for underlining will be deprecated in v3.0. Please use "$$".
filePath: D:\Teaching\CS2113\_AY2021S2\ay2021sem2-website\book\testCaseDesign\combiningTestInputs\index.md
2021-03-22T04:28:39.299Z - warn: "++" syntax for underlining will be deprecated in v3.0. Please use "$$".
filePath: D:\Teaching\CS2113\_AY2021S2\ay2021sem2-website\book\testCaseDesign\combiningTestInputs\index.md
2021-03-22T04:28:39.300Z - warn: "++" syntax for underlining will be deprecated in v3.0. Please use "$$".
filePath: D:\Teaching\CS2113\_AY2021S2\ay2021sem2-website\book\testCaseDesign\combiningTestInputs\index.md
2021-03-22T04:28:39.301Z - warn: "++" syntax for underlining will be deprecated in v3.0. Please use "$$".
filePath: D:\Teaching\CS2113\_AY2021S2\ay2021sem2-website\book\testCaseDesign\combiningTestInputs\index.md
2021-03-22T04:28:39.301Z - warn: "++" syntax for underlining will be deprecated in v3.0. Please use "$$".
filePath: D:\Teaching\CS2113\_AY2021S2\ay2021sem2-website\book\testCaseDesign\combiningTestInputs\index.md
2021-03-22T04:28:39.302Z - warn: "++" syntax for underlining will be deprecated in v3.0. Please use "$$".
filePath: D:\Teaching\CS2113\_AY2021S2\ay2021sem2-website\book\testCaseDesign\combiningTestInputs\index.md
2021-03-22T04:28:39.302Z - warn: "++" syntax for underlining will be deprecated in v3.0. Please use "$$".
filePath: D:\Teaching\CS2113\_AY2021S2\ay2021sem2-website\book\testCaseDesign\combiningTestInputs\index.md
2021-03-22T04:28:39.303Z - warn: "++" syntax for underlining will be deprecated in v3.0. Please use "$$".
filePath: D:\Teaching\CS2113\_AY2021S2\ay2021sem2-website\book\testCaseDesign\combiningTestInputs\index.md
2021-03-22T04:28:39.304Z - warn: "++" syntax for underlining will be deprecated in v3.0. Please use "$$".
filePath: D:\Teaching\CS2113\_AY2021S2\ay2021sem2-website\book\testCaseDesign\combiningTestInputs\index.md
2021-03-22T04:28:39.305Z - warn: "++" syntax for underlining will be deprecated in v3.0. Please use "$$".
filePath: D:\Teaching\CS2113\_AY2021S2\ay2021sem2-website\book\testCaseDesign\combiningTestInputs\index.md
2021-03-22T04:28:39.305Z - warn: "++" syntax for underlining will be deprecated in v3.0. Please use "$$".
filePath: D:\Teaching\CS2113\_AY2021S2\ay2021sem2-website\book\testCaseDesign\combiningTestInputs\index.md
2021-03-22T04:28:39.306Z - warn: "++" syntax for underlining will be deprecated in v3.0. Please use "$$".
filePath: D:\Teaching\CS2113\_AY2021S2\ay2021sem2-website\book\testCaseDesign\combiningTestInputs\index.md
2021-03-22T04:28:39.307Z - warn: "++" syntax for underlining will be deprecated in v3.0. Please use "$$".
filePath: D:\Teaching\CS2113\_AY2021S2\ay2021sem2-website\book\testCaseDesign\combiningTestInputs\index.md
2021-03-22T04:28:39.308Z - warn: "++" syntax for underlining will be deprecated in v3.0. Please use "$$".
filePath: D:\Teaching\CS2113\_AY2021S2\ay2021sem2-website\book\testCaseDesign\combiningTestInputs\index.md
2021-03-22T04:28:39.311Z - warn: "++" syntax for underlining will be deprecated in v3.0. Please use "$$".
filePath: D:\Teaching\CS2113\_AY2021S2\ay2021sem2-website\book\testCaseDesign\combiningTestInputs\index.md
2021-03-22T04:28:39.311Z - warn: "++" syntax for underlining will be deprecated in v3.0. Please use "$$".
filePath: D:\Teaching\CS2113\_AY2021S2\ay2021sem2-website\book\testCaseDesign\combiningTestInputs\index.md
2021-03-22T04:28:39.312Z - warn: "++" syntax for underlining will be deprecated in v3.0. Please use "$$".
filePath: D:\Teaching\CS2113\_AY2021S2\ay2021sem2-website\book\testCaseDesign\combiningTestInputs\index.md
2021-03-22T04:28:39.313Z - warn: "++" syntax for underlining will be deprecated in v3.0. Please use "$$".
filePath: D:\Teaching\CS2113\_AY2021S2\ay2021sem2-website\book\testCaseDesign\combiningTestInputs\index.md
2021-03-22T04:28:39.313Z - warn: "++" syntax for underlining will be deprecated in v3.0. Please use "$$".
filePath: D:\Teaching\CS2113\_AY2021S2\ay2021sem2-website\book\testCaseDesign\combiningTestInputs\index.md
2021-03-22T04:28:39.314Z - warn: "++" syntax for underlining will be deprecated in v3.0. Please use "$$".
filePath: D:\Teaching\CS2113\_AY2021S2\ay2021sem2-website\book\testCaseDesign\combiningTestInputs\index.md
2021-03-22T04:28:39.317Z - warn: "++" syntax for underlining will be deprecated in v3.0. Please use "$$".
filePath: D:\Teaching\CS2113\_AY2021S2\ay2021sem2-website\book\testCaseDesign\combiningTestInputs\index.md
2021-03-22T04:28:39.318Z - warn: "++" syntax for underlining will be deprecated in v3.0. Please use "$$".
filePath: D:\Teaching\CS2113\_AY2021S2\ay2021sem2-website\book\testCaseDesign\combiningTestInputs\index.md
2021-03-22T04:28:39.321Z - warn: "++" syntax for underlining will be deprecated in v3.0. Please use "$$".
filePath: D:\Teaching\CS2113\_AY2021S2\ay2021sem2-website\book\testCaseDesign\combiningTestInputs\index.md
2021-03-22T04:28:39.607Z - warn: "++" syntax for underlining will be deprecated in v3.0. Please use "$$".
filePath: D:\Teaching\CS2113\_AY2021S2\ay2021sem2-website\book\testCaseDesign\combiningTestInputs\heuristicValid\index.md
2021-03-22T04:28:39.608Z - warn: "++" syntax for underlining will be deprecated in v3.0. Please use "$$".
filePath: D:\Teaching\CS2113\_AY2021S2\ay2021sem2-website\book\testCaseDesign\combiningTestInputs\heuristicValid\index.md
2021-03-22T04:28:39.609Z - warn: "++" syntax for underlining will be deprecated in v3.0. Please use "$$".
filePath: D:\Teaching\CS2113\_AY2021S2\ay2021sem2-website\book\testCaseDesign\combiningTestInputs\heuristicValid\index.md
2021-03-22T04:28:39.609Z - warn: "++" syntax for underlining will be deprecated in v3.0. Please use "$$".
filePath: D:\Teaching\CS2113\_AY2021S2\ay2021sem2-website\book\testCaseDesign\combiningTestInputs\heuristicValid\index.md
2021-03-22T04:28:39.610Z - warn: "++" syntax for underlining will be deprecated in v3.0. Please use "$$".
filePath: D:\Teaching\CS2113\_AY2021S2\ay2021sem2-website\book\testCaseDesign\combiningTestInputs\heuristicValid\index.md
2021-03-22T04:28:39.611Z - warn: "++" syntax for underlining will be deprecated in v3.0. Please use "$$".
filePath: D:\Teaching\CS2113\_AY2021S2\ay2021sem2-website\book\testCaseDesign\combiningTestInputs\heuristicValid\index.md
2021-03-22T04:28:39.611Z - warn: "++" syntax for underlining will be deprecated in v3.0. Please use "$$".
filePath: D:\Teaching\CS2113\_AY2021S2\ay2021sem2-website\book\testCaseDesign\combiningTestInputs\heuristicValid\index.md
2021-03-22T04:28:39.612Z - warn: "++" syntax for underlining will be deprecated in v3.0. Please use "$$".
filePath: D:\Teaching\CS2113\_AY2021S2\ay2021sem2-website\book\testCaseDesign\combiningTestInputs\heuristicValid\index.md
2021-03-22T04:28:39.613Z - warn: "++" syntax for underlining will be deprecated in v3.0. Please use "$$".
filePath: D:\Teaching\CS2113\_AY2021S2\ay2021sem2-website\book\testCaseDesign\combiningTestInputs\heuristicValid\index.md
2021-03-22T04:28:39.614Z - warn: "++" syntax for underlining will be deprecated in v3.0. Please use "$$".
filePath: D:\Teaching\CS2113\_AY2021S2\ay2021sem2-website\book\testCaseDesign\combiningTestInputs\heuristicValid\index.md
2021-03-22T04:28:39.969Z - warn: "++" syntax for underlining will be deprecated in v3.0. Please use "$$".
filePath: D:\Teaching\CS2113\_AY2021S2\ay2021sem2-website\book\testCaseDesign\combiningTestInputs\heuristicInvalid\index.md
2021-03-22T04:28:39.970Z - warn: "++" syntax for underlining will be deprecated in v3.0. Please use "$$".
filePath: D:\Teaching\CS2113\_AY2021S2\ay2021sem2-website\book\testCaseDesign\combiningTestInputs\heuristicInvalid\index.md
2021-03-22T04:28:39.971Z - warn: "++" syntax for underlining will be deprecated in v3.0. Please use "$$".
filePath: D:\Teaching\CS2113\_AY2021S2\ay2021sem2-website\book\testCaseDesign\combiningTestInputs\heuristicInvalid\index.md
2021-03-22T04:28:39.972Z - warn: "++" syntax for underlining will be deprecated in v3.0. Please use "$$".
filePath: D:\Teaching\CS2113\_AY2021S2\ay2021sem2-website\book\testCaseDesign\combiningTestInputs\heuristicInvalid\index.md
2021-03-22T04:28:39.972Z - warn: "++" syntax for underlining will be deprecated in v3.0. Please use "$$".
filePath: D:\Teaching\CS2113\_AY2021S2\ay2021sem2-website\book\testCaseDesign\combiningTestInputs\heuristicInvalid\index.md
2021-03-22T04:28:39.973Z - warn: "++" syntax for underlining will be deprecated in v3.0. Please use "$$".
filePath: D:\Teaching\CS2113\_AY2021S2\ay2021sem2-website\book\testCaseDesign\combiningTestInputs\heuristicInvalid\index.md
2021-03-22T04:28:40.324Z - warn: "++" syntax for underlining will be deprecated in v3.0. Please use "$$".
filePath: D:\Teaching\CS2113\_AY2021S2\ay2021sem2-website\book\testCaseDesign\combiningTestInputs\heuristicValid\unit-inElsewhere-asFlat.md
2021-03-22T04:28:40.325Z - warn: "++" syntax for underlining will be deprecated in v3.0. Please use "$$".
filePath: D:\Teaching\CS2113\_AY2021S2\ay2021sem2-website\book\testCaseDesign\combiningTestInputs\heuristicValid\unit-inElsewhere-asFlat.md
2021-03-22T04:28:40.326Z - warn: "++" syntax for underlining will be deprecated in v3.0. Please use "$$".
filePath: D:\Teaching\CS2113\_AY2021S2\ay2021sem2-website\book\testCaseDesign\combiningTestInputs\heuristicValid\unit-inElsewhere-asFlat.md
2021-03-22T04:28:40.327Z - warn: "++" syntax for underlining will be deprecated in v3.0. Please use "$$".
filePath: D:\Teaching\CS2113\_AY2021S2\ay2021sem2-website\book\testCaseDesign\combiningTestInputs\heuristicValid\unit-inElsewhere-asFlat.md
2021-03-22T04:28:40.328Z - warn: "++" syntax for underlining will be deprecated in v3.0. Please use "$$".
filePath: D:\Teaching\CS2113\_AY2021S2\ay2021sem2-website\book\testCaseDesign\combiningTestInputs\heuristicValid\unit-inElsewhere-asFlat.md
2021-03-22T04:28:40.328Z - warn: "++" syntax for underlining will be deprecated in v3.0. Please use "$$".
filePath: D:\Teaching\CS2113\_AY2021S2\ay2021sem2-website\book\testCaseDesign\combiningTestInputs\heuristicValid\unit-inElsewhere-asFlat.md
2021-03-22T04:28:40.329Z - warn: "++" syntax for underlining will be deprecated in v3.0. Please use "$$".
filePath: D:\Teaching\CS2113\_AY2021S2\ay2021sem2-website\book\testCaseDesign\combiningTestInputs\heuristicValid\unit-inElsewhere-asFlat.md
2021-03-22T04:28:40.329Z - warn: "++" syntax for underlining will be deprecated in v3.0. Please use "$$".
filePath: D:\Teaching\CS2113\_AY2021S2\ay2021sem2-website\book\testCaseDesign\combiningTestInputs\heuristicValid\unit-inElsewhere-asFlat.md
2021-03-22T04:28:40.330Z - warn: "++" syntax for underlining will be deprecated in v3.0. Please use "$$".
filePath: D:\Teaching\CS2113\_AY2021S2\ay2021sem2-website\book\testCaseDesign\combiningTestInputs\heuristicValid\unit-inElsewhere-asFlat.md
2021-03-22T04:28:40.331Z - warn: "++" syntax for underlining will be deprecated in v3.0. Please use "$$".
filePath: D:\Teaching\CS2113\_AY2021S2\ay2021sem2-website\book\testCaseDesign\combiningTestInputs\heuristicValid\unit-inElsewhere-asFlat.md
2021-03-22T04:28:42.292Z - warn: "++" syntax for underlining will be deprecated in v3.0. Please use "$$".
filePath: D:\Teaching\CS2113\_AY2021S2\ay2021sem2-website\book\specifyingRequirements\useCases\index.md
2021-03-22T04:28:42.293Z - warn: "++" syntax for underlining will be deprecated in v3.0. Please use "$$".
filePath: D:\Teaching\CS2113\_AY2021S2\ay2021sem2-website\book\specifyingRequirements\useCases\index.md
2021-03-22T04:28:42.294Z - warn: "++" syntax for underlining will be deprecated in v3.0. Please use "$$".
filePath: D:\Teaching\CS2113\_AY2021S2\ay2021sem2-website\book\specifyingRequirements\useCases\index.md
2021-03-22T04:28:42.658Z - warn: "++" syntax for underlining will be deprecated in v3.0. Please use "$$".
filePath: D:\Teaching\CS2113\_AY2021S2\ay2021sem2-website\book\specifyingRequirements\useCases\details\index.md
2021-03-22T04:28:42.659Z - warn: "++" syntax for underlining will be deprecated in v3.0. Please use "$$".
filePath: D:\Teaching\CS2113\_AY2021S2\ay2021sem2-website\book\specifyingRequirements\useCases\details\index.md
2021-03-22T04:28:42.659Z - warn: "++" syntax for underlining will be deprecated in v3.0. Please use "$$".
filePath: D:\Teaching\CS2113\_AY2021S2\ay2021sem2-website\book\specifyingRequirements\useCases\details\index.md
2021-03-22T04:28:44.292Z - warn: "++" syntax for underlining will be deprecated in v3.0. Please use "$$".
filePath: D:\Teaching\CS2113\_AY2021S2\ay2021sem2-website\book\specifyingRequirements\index.md
2021-03-22T04:28:44.293Z - warn: "++" syntax for underlining will be deprecated in v3.0. Please use "$$".
filePath: D:\Teaching\CS2113\_AY2021S2\ay2021sem2-website\book\specifyingRequirements\index.md
2021-03-22T04:28:44.294Z - warn: "++" syntax for underlining will be deprecated in v3.0. Please use "$$".
filePath: D:\Teaching\CS2113\_AY2021S2\ay2021sem2-website\book\specifyingRequirements\index.md
2021-03-22T04:29:20.200Z - warn: You might have an invalid intra-link! Ignore this warning if it was intended.
'/website/book/about/usage.html' found in file 'D:\Teaching\CS2113\_AY2021S2\ay2021sem2-website\book\index.md'
2021-03-22T04:29:20.203Z - warn: You might have an invalid intra-link! Ignore this warning if it was intended.
'/website/book/softwareEngineering/print.html' found in file 'D:\Teaching\CS2113\_AY2021S2\ay2021sem2-website\book\index.md'
2021-03-22T04:29:20.206Z - warn: You might have an invalid intra-link! Ignore this warning if it was intended.
'/website/book/oop/print.html' found in file 'D:\Teaching\CS2113\_AY2021S2\ay2021sem2-website\book\index.md'
2021-03-22T04:29:20.209Z - warn: You might have an invalid intra-link! Ignore this warning if it was intended.
'/website/book/requirements/print.html' found in file 'D:\Teaching\CS2113\_AY2021S2\ay2021sem2-website\book\index.md'
2021-03-22T04:29:20.210Z - warn: You might have an invalid intra-link! Ignore this warning if it was intended.
'/website/book/gatheringRequirements/print.html' found in file 'D:\Teaching\CS2113\_AY2021S2\ay2021sem2-website\book\index.md'
2021-03-22T04:29:20.212Z - warn: You might have an invalid intra-link! Ignore this warning if it was intended.
'/website/book/specifyingRequirements/print.html' found in file 'D:\Teaching\CS2113\_AY2021S2\ay2021sem2-website\book\index.md'
2021-03-22T04:29:20.214Z - warn: You might have an invalid intra-link! Ignore this warning if it was intended.
'/website/book/design/print.html' found in file 'D:\Teaching\CS2113\_AY2021S2\ay2021sem2-website\book\index.md'
2021-03-22T04:29:20.217Z - warn: You might have an invalid intra-link! Ignore this warning if it was intended.
'/website/book/designFundamentals/print.html' found in file 'D:\Teaching\CS2113\_AY2021S2\ay2021sem2-website\book\index.md'
2021-03-22T04:29:20.218Z - warn: You might have an invalid intra-link! Ignore this warning if it was intended.
'/website/book/modeling/print.html' found in file 'D:\Teaching\CS2113\_AY2021S2\ay2021sem2-website\book\index.md'
2021-03-22T04:29:20.220Z - warn: You might have an invalid intra-link! Ignore this warning if it was intended.
'/website/book/architecture/print.html' found in file 'D:\Teaching\CS2113\_AY2021S2\ay2021sem2-website\book\index.md'
2021-03-22T04:29:20.222Z - warn: You might have an invalid intra-link! Ignore this warning if it was intended.
'/website/book/designPatterns/print.html' found in file 'D:\Teaching\CS2113\_AY2021S2\ay2021sem2-website\book\index.md'
2021-03-22T04:29:20.224Z - warn: You might have an invalid intra-link! Ignore this warning if it was intended.
'/website/book/designApproaches/print.html' found in file 'D:\Teaching\CS2113\_AY2021S2\ay2021sem2-website\book\index.md'
2021-03-22T04:29:20.226Z - warn: You might have an invalid intra-link! Ignore this warning if it was intended.
'/website/book/ides/print.html' found in file 'D:\Teaching\CS2113\_AY2021S2\ay2021sem2-website\book\index.md'
2021-03-22T04:29:20.228Z - warn: You might have an invalid intra-link! Ignore this warning if it was intended.
'/website/book/codeQuality/print.html' found in file 'D:\Teaching\CS2113\_AY2021S2\ay2021sem2-website\book\index.md'
2021-03-22T04:29:20.229Z - warn: You might have an invalid intra-link! Ignore this warning if it was intended.
'/website/book/refactoring/print.html' found in file 'D:\Teaching\CS2113\_AY2021S2\ay2021sem2-website\book\index.md'
2021-03-22T04:29:20.231Z - warn: You might have an invalid intra-link! Ignore this warning if it was intended.
'/website/book/documentation/print.html' found in file 'D:\Teaching\CS2113\_AY2021S2\ay2021sem2-website\book\index.md'
2021-03-22T04:29:20.233Z - warn: You might have an invalid intra-link! Ignore this warning if it was intended.
'/website/book/errorHandling/print.html' found in file 'D:\Teaching\CS2113\_AY2021S2\ay2021sem2-website\book\index.md'
2021-03-22T04:29:20.236Z - warn: You might have an invalid intra-link! Ignore this warning if it was intended.
'/website/book/integration/print.html' found in file 'D:\Teaching\CS2113\_AY2021S2\ay2021sem2-website\book\index.md'
2021-03-22T04:29:20.239Z - warn: You might have an invalid intra-link! Ignore this warning if it was intended.
'/website/book/reuse/print.html' found in file 'D:\Teaching\CS2113\_AY2021S2\ay2021sem2-website\book\index.md'
2021-03-22T04:29:20.242Z - warn: You might have an invalid intra-link! Ignore this warning if it was intended.
'/website/book/qualityAssurance/print.html' found in file 'D:\Teaching\CS2113\_AY2021S2\ay2021sem2-website\book\index.md'
2021-03-22T04:29:20.243Z - warn: You might have an invalid intra-link! Ignore this warning if it was intended.
'/website/book/testing/print.html' found in file 'D:\Teaching\CS2113\_AY2021S2\ay2021sem2-website\book\index.md'
2021-03-22T04:29:20.245Z - warn: You might have an invalid intra-link! Ignore this warning if it was intended.
'/website/book/testCaseDesign/print.html' found in file 'D:\Teaching\CS2113\_AY2021S2\ay2021sem2-website\book\index.md'
2021-03-22T04:29:20.247Z - warn: You might have an invalid intra-link! Ignore this warning if it was intended.
'/website/book/revisionControl/print.html' found in file 'D:\Teaching\CS2113\_AY2021S2\ay2021sem2-website\book\index.md'
2021-03-22T04:29:20.249Z - warn: You might have an invalid intra-link! Ignore this warning if it was intended.
'/website/book/projectPlanning/print.html' found in file 'D:\Teaching\CS2113\_AY2021S2\ay2021sem2-website\book\index.md'
2021-03-22T04:29:20.251Z - warn: You might have an invalid intra-link! Ignore this warning if it was intended.
'/website/book/teamwork/print.html' found in file 'D:\Teaching\CS2113\_AY2021S2\ay2021sem2-website\book\index.md'
2021-03-22T04:29:20.253Z - warn: You might have an invalid intra-link! Ignore this warning if it was intended.
'/website/book/processModels/print.html' found in file 'D:\Teaching\CS2113\_AY2021S2\ay2021sem2-website\book\index.md'
2021-03-22T04:29:20.256Z - warn: You might have an invalid intra-link! Ignore this warning if it was intended.
'/website/book/uml/print.html' found in file 'D:\Teaching\CS2113\_AY2021S2\ay2021sem2-website\book\index.md'
2021-03-22T04:29:20.259Z - warn: You might have an invalid intra-link! Ignore this warning if it was intended.
'/website/book/intellij/print.html' found in file 'D:\Teaching\CS2113\_AY2021S2\ay2021sem2-website\book\index.md'
2021-03-22T04:29:20.260Z - warn: You might have an invalid intra-link! Ignore this warning if it was intended.
'/website/book/gitAndGithub/print.html' found in file 'D:\Teaching\CS2113\_AY2021S2\ay2021sem2-website\book\index.md'
2021-03-22T04:29:20.263Z - warn: You might have an invalid intra-link! Ignore this warning if it was intended.
'/website/book/principles/print.html' found in file 'D:\Teaching\CS2113\_AY2021S2\ay2021sem2-website\book\index.md'
2021-03-22T04:29:20.266Z - warn: You might have an invalid intra-link! Ignore this warning if it was intended.
'/website/book/cppToJava/print.html' found in file 'D:\Teaching\CS2113\_AY2021S2\ay2021sem2-website\book\index.md'
2021-03-22T04:29:20.267Z - warn: You might have an invalid intra-link! Ignore this warning if it was intended.
'/website/book/common/definitions.html' found in file 'D:\Teaching\CS2113\_AY2021S2\ay2021sem2-website\book\index.md'
2021-03-22T04:29:20.268Z - warn: You might have an invalid intra-link! Ignore this warning if it was intended.
'/website/book/common/references.html' found in file 'D:\Teaching\CS2113\_AY2021S2\ay2021sem2-website\book\index.md'
2021-03-22T04:29:20.269Z - warn: You might have an invalid intra-link! Ignore this warning if it was intended.
'/website/book/common/outcomes.html' found in file 'D:\Teaching\CS2113\_AY2021S2\ay2021sem2-website\book\index.md'
2021-03-22T04:29:20.270Z - warn: You might have an invalid intra-link! Ignore this warning if it was intended.
'/website/book/common/print.html' found in file 'D:\Teaching\CS2113\_AY2021S2\ay2021sem2-website\book\index.md'
2021-03-22T04:30:28.508Z - warn: "++" syntax for underlining will be deprecated in v3.0. Please use "$$".
filePath: D:\Teaching\CS2113\_AY2021S2\ay2021sem2-website\se-book-adapted\chapters\testCaseDesign.md
2021-03-22T04:30:28.511Z - warn: "++" syntax for underlining will be deprecated in v3.0. Please use "$$".
filePath: D:\Teaching\CS2113\_AY2021S2\ay2021sem2-website\se-book-adapted\chapters\testCaseDesign.md
2021-03-22T04:30:28.512Z - warn: "++" syntax for underlining will be deprecated in v3.0. Please use "$$".
filePath: D:\Teaching\CS2113\_AY2021S2\ay2021sem2-website\se-book-adapted\chapters\testCaseDesign.md
2021-03-22T04:30:28.513Z - warn: "++" syntax for underlining will be deprecated in v3.0. Please use "$$".
filePath: D:\Teaching\CS2113\_AY2021S2\ay2021sem2-website\se-book-adapted\chapters\testCaseDesign.md
2021-03-22T04:30:28.514Z - warn: "++" syntax for underlining will be deprecated in v3.0. Please use "$$".
filePath: D:\Teaching\CS2113\_AY2021S2\ay2021sem2-website\se-book-adapted\chapters\testCaseDesign.md
2021-03-22T04:30:28.515Z - warn: "++" syntax for underlining will be deprecated in v3.0. Please use "$$".
filePath: D:\Teaching\CS2113\_AY2021S2\ay2021sem2-website\se-book-adapted\chapters\testCaseDesign.md
2021-03-22T04:30:28.515Z - warn: "++" syntax for underlining will be deprecated in v3.0. Please use "$$".
filePath: D:\Teaching\CS2113\_AY2021S2\ay2021sem2-website\se-book-adapted\chapters\testCaseDesign.md
2021-03-22T04:30:28.516Z - warn: "++" syntax for underlining will be deprecated in v3.0. Please use "$$".
filePath: D:\Teaching\CS2113\_AY2021S2\ay2021sem2-website\se-book-adapted\chapters\testCaseDesign.md
2021-03-22T04:30:28.517Z - warn: "++" syntax for underlining will be deprecated in v3.0. Please use "$$".
filePath: D:\Teaching\CS2113\_AY2021S2\ay2021sem2-website\se-book-adapted\chapters\testCaseDesign.md
2021-03-22T04:30:28.517Z - warn: "++" syntax for underlining will be deprecated in v3.0. Please use "$$".
filePath: D:\Teaching\CS2113\_AY2021S2\ay2021sem2-website\se-book-adapted\chapters\testCaseDesign.md
2021-03-22T04:30:28.518Z - warn: "++" syntax for underlining will be deprecated in v3.0. Please use "$$".
filePath: D:\Teaching\CS2113\_AY2021S2\ay2021sem2-website\se-book-adapted\chapters\testCaseDesign.md
2021-03-22T04:30:28.519Z - warn: "++" syntax for underlining will be deprecated in v3.0. Please use "$$".
filePath: D:\Teaching\CS2113\_AY2021S2\ay2021sem2-website\se-book-adapted\chapters\testCaseDesign.md
2021-03-22T04:30:28.519Z - warn: "++" syntax for underlining will be deprecated in v3.0. Please use "$$".
filePath: D:\Teaching\CS2113\_AY2021S2\ay2021sem2-website\se-book-adapted\chapters\testCaseDesign.md
2021-03-22T04:30:28.520Z - warn: "++" syntax for underlining will be deprecated in v3.0. Please use "$$".
filePath: D:\Teaching\CS2113\_AY2021S2\ay2021sem2-website\se-book-adapted\chapters\testCaseDesign.md
2021-03-22T04:30:28.520Z - warn: "++" syntax for underlining will be deprecated in v3.0. Please use "$$".
filePath: D:\Teaching\CS2113\_AY2021S2\ay2021sem2-website\se-book-adapted\chapters\testCaseDesign.md
2021-03-22T04:30:28.521Z - warn: "++" syntax for underlining will be deprecated in v3.0. Please use "$$".
filePath: D:\Teaching\CS2113\_AY2021S2\ay2021sem2-website\se-book-adapted\chapters\testCaseDesign.md
2021-03-22T04:30:31.274Z - warn: "++" syntax for underlining will be deprecated in v3.0. Please use "$$".
filePath: D:\Teaching\CS2113\_AY2021S2\ay2021sem2-website\se-book-adapted\chapters\specifyingRequirements.md
2021-03-22T04:30:31.274Z - warn: "++" syntax for underlining will be deprecated in v3.0. Please use "$$".
filePath: D:\Teaching\CS2113\_AY2021S2\ay2021sem2-website\se-book-adapted\chapters\specifyingRequirements.md
2021-03-22T04:30:31.275Z - warn: "++" syntax for underlining will be deprecated in v3.0. Please use "$$".
filePath: D:\Teaching\CS2113\_AY2021S2\ay2021sem2-website\se-book-adapted\chapters\specifyingRequirements.md
2021-03-22T04:30:55.536Z - warn: "++" syntax for underlining will be deprecated in v3.0. Please use "$$".
filePath: D:\Teaching\CS2113\_AY2021S2\ay2021sem2-website\schedule\week4\tutorial.md
2021-03-22T04:31:30.362Z - warn: "++" syntax for underlining will be deprecated in v3.0. Please use "$$".
filePath: D:\Teaching\CS2113\_AY2021S2\ay2021sem2-website\schedule\week12\topics.md
2021-03-22T04:31:30.364Z - warn: "++" syntax for underlining will be deprecated in v3.0. Please use "$$".
filePath: D:\Teaching\CS2113\_AY2021S2\ay2021sem2-website\schedule\week12\topics.md
2021-03-22T04:31:30.364Z - warn: "++" syntax for underlining will be deprecated in v3.0. Please use "$$".
filePath: D:\Teaching\CS2113\_AY2021S2\ay2021sem2-website\schedule\week12\topics.md
2021-03-22T04:31:30.365Z - warn: "++" syntax for underlining will be deprecated in v3.0. Please use "$$".
filePath: D:\Teaching\CS2113\_AY2021S2\ay2021sem2-website\schedule\week12\topics.md
2021-03-22T04:31:30.366Z - warn: "++" syntax for underlining will be deprecated in v3.0. Please use "$$".
filePath: D:\Teaching\CS2113\_AY2021S2\ay2021sem2-website\schedule\week12\topics.md
2021-03-22T04:31:30.366Z - warn: "++" syntax for underlining will be deprecated in v3.0. Please use "$$".
filePath: D:\Teaching\CS2113\_AY2021S2\ay2021sem2-website\schedule\week12\topics.md
2021-03-22T04:31:30.367Z - warn: "++" syntax for underlining will be deprecated in v3.0. Please use "$$".
filePath: D:\Teaching\CS2113\_AY2021S2\ay2021sem2-website\schedule\week12\topics.md
2021-03-22T04:31:30.368Z - warn: "++" syntax for underlining will be deprecated in v3.0. Please use "$$".
filePath: D:\Teaching\CS2113\_AY2021S2\ay2021sem2-website\schedule\week12\topics.md
2021-03-22T04:31:30.368Z - warn: "++" syntax for underlining will be deprecated in v3.0. Please use "$$".
filePath: D:\Teaching\CS2113\_AY2021S2\ay2021sem2-website\schedule\week12\topics.md
2021-03-22T04:31:30.369Z - warn: "++" syntax for underlining will be deprecated in v3.0. Please use "$$".
filePath: D:\Teaching\CS2113\_AY2021S2\ay2021sem2-website\schedule\week12\topics.md
2021-03-22T04:31:30.370Z - warn: "++" syntax for underlining will be deprecated in v3.0. Please use "$$".
filePath: D:\Teaching\CS2113\_AY2021S2\ay2021sem2-website\schedule\week12\topics.md
2021-03-22T04:31:30.371Z - warn: "++" syntax for underlining will be deprecated in v3.0. Please use "$$".
filePath: D:\Teaching\CS2113\_AY2021S2\ay2021sem2-website\schedule\week12\topics.md
2021-03-22T04:31:30.371Z - warn: "++" syntax for underlining will be deprecated in v3.0. Please use "$$".
filePath: D:\Teaching\CS2113\_AY2021S2\ay2021sem2-website\schedule\week12\topics.md
2021-03-22T04:31:30.372Z - warn: "++" syntax for underlining will be deprecated in v3.0. Please use "$$".
filePath: D:\Teaching\CS2113\_AY2021S2\ay2021sem2-website\schedule\week12\topics.md
2021-03-22T04:31:30.372Z - warn: "++" syntax for underlining will be deprecated in v3.0. Please use "$$".
filePath: D:\Teaching\CS2113\_AY2021S2\ay2021sem2-website\schedule\week12\topics.md
2021-03-22T04:31:30.373Z - warn: "++" syntax for underlining will be deprecated in v3.0. Please use "$$".
filePath: D:\Teaching\CS2113\_AY2021S2\ay2021sem2-website\schedule\week12\topics.md
2021-03-22T04:31:30.487Z - warn: You might have an invalid intra-link! Ignore this warning if it was intended.
'/website/week7/topics.html' found in file 'D:\Teaching\CS2113\_AY2021S2\ay2021sem2-website\admin\common-commentary.mbdf'
2021-03-22T04:31:44.454Z - warn: "++" syntax for underlining will be deprecated in v3.0. Please use "$$".
filePath: D:\Teaching\CS2113\_AY2021S2\ay2021sem2-website\schedule\week7\project.md
2021-03-22T04:31:54.056Z - warn: "++" syntax for underlining will be deprecated in v3.0. Please use "$$".
filePath: D:\Teaching\CS2113\_AY2021S2\ay2021sem2-website\schedule\week4\project.md
2021-03-22T04:32:26.861Z - warn: "++" syntax for underlining will be deprecated in v3.0. Please use "$$".
filePath: D:\Teaching\CS2113\_AY2021S2\ay2021sem2-website\schedule\week1\admin.md
2021-03-22T04:32:26.869Z - warn: "++" syntax for underlining will be deprecated in v3.0. Please use "$$".
filePath: D:\Teaching\CS2113\_AY2021S2\ay2021sem2-website\schedule\week1\admin.md
2021-03-22T04:32:37.062Z - debug:  
2021-03-22T04:33:07.675Z - debug:  
2021-03-22T04:33:07.676Z - debug:  
2021-03-22T04:33:13.015Z - warn: "++" syntax for underlining will be deprecated in v3.0. Please use "$$".
filePath: D:\Teaching\CS2113\_AY2021S2\ay2021sem2-website\admin\participation.md
2021-03-22T04:33:15.009Z - warn: "++" syntax for underlining will be deprecated in v3.0. Please use "$$".
filePath: D:\Teaching\CS2113\_AY2021S2\ay2021sem2-website\admin\ip-w7.md
2021-03-22T04:33:18.798Z - warn: "++" syntax for underlining will be deprecated in v3.0. Please use "$$".
filePath: D:\Teaching\CS2113\_AY2021S2\ay2021sem2-website\admin\ip-w4.md
2021-03-22T04:33:23.984Z - warn: "++" syntax for underlining will be deprecated in v3.0. Please use "$$".
filePath: D:\Teaching\CS2113\_AY2021S2\ay2021sem2-website\admin\gradeBreakdown.md
2021-03-22T04:33:26.272Z - info: Pages built
2021-03-22T04:33:28.348Z - info: Site data built
2021-03-22T04:33:28.348Z - info: Website generation complete! Total build time: 366.848s
2021-03-22T04:33:28.349Z - info: Build success!
2021-03-22T04:33:51.595Z - info: Deployed at https://nus-cs2113-ay2021s2.github.io/website!
