2021-02-06T13:56:12.683Z - info: Website generation started at 9:56:06 PM
2021-02-06T13:56:17.846Z - info: Building assets...
2021-02-06T13:56:22.377Z - info: Assets built
2021-02-06T13:56:22.378Z - info: Generating pages...
2021-02-06T13:56:40.405Z - debug: The process cannot access the file because it is being used by another process.

2021-02-06T13:56:40.406Z - debug: The process cannot access the file because it is being used by another process.

2021-02-06T13:56:40.406Z - debug:  
2021-02-06T13:56:40.406Z - debug:  
2021-02-06T13:56:40.406Z - debug:  
2021-02-06T13:56:40.406Z - debug:  
2021-02-06T13:56:40.407Z - debug:  
2021-02-06T13:56:42.604Z - debug:  
2021-02-06T13:56:49.473Z - debug:  
2021-02-06T13:56:49.474Z - debug:  
2021-02-06T13:56:49.474Z - debug: The process cannot access the file because it is being used by another process.

2021-02-06T13:56:49.475Z - debug: The process cannot access the file because it is being used by another process.

2021-02-06T13:56:52.363Z - debug:  
2021-02-06T13:56:52.364Z - debug: The process cannot access the file because it is being used by another process.

2021-02-06T13:56:52.365Z - debug:  
2021-02-06T13:56:52.365Z - debug: The process cannot access the file because it is being used by another process.

2021-02-06T13:56:53.095Z - debug: The process cannot access the file because it is being used by another process.

2021-02-06T13:56:53.096Z - debug: The process cannot access the file because it is being used by another process.

2021-02-06T13:56:53.227Z - debug: The process cannot access the file because it is being used by another process.

2021-02-06T13:56:53.228Z - debug: The process cannot access the file because it is being used by another process.

2021-02-06T13:56:53.228Z - debug:  
2021-02-06T13:56:53.330Z - debug:  
2021-02-06T13:57:08.083Z - debug: The process cannot access the file because it is being used by another process.

2021-02-06T13:57:09.803Z - debug: The process cannot access the file because it is being used by another process.

2021-02-06T13:57:09.804Z - debug: The process cannot access the file because it is being used by another process.

2021-02-06T13:57:10.497Z - debug:  
2021-02-06T13:57:11.010Z - debug: The process cannot access the file because it is being used by another process.

2021-02-06T13:57:11.839Z - debug: The process cannot access the file because it is being used by another process.

2021-02-06T13:57:13.188Z - debug: The process cannot access the file because it is being used by another process.

2021-02-06T13:57:13.188Z - debug:  
2021-02-06T13:57:15.547Z - debug: The process cannot access the file because it is being used by another process.

2021-02-06T13:57:15.548Z - debug: The process cannot access the file because it is being used by another process.

2021-02-06T13:57:18.114Z - debug: The process cannot access the file because it is being used by another process.

2021-02-06T13:57:18.114Z - debug: The process cannot access the file because it is being used by another process.

2021-02-06T13:57:19.676Z - debug:  
2021-02-06T13:57:19.676Z - debug:  
2021-02-06T13:57:22.858Z - debug:  
2021-02-06T13:57:23.014Z - debug:  
2021-02-06T13:57:28.701Z - debug: The process cannot access the file because it is being used by another process.

2021-02-06T13:57:30.548Z - debug: The process cannot access the file because it is being used by another process.

2021-02-06T13:57:31.713Z - debug:  
2021-02-06T13:57:52.642Z - debug:  
2021-02-06T13:57:52.642Z - debug:  
2021-02-06T13:57:53.195Z - debug:  
2021-02-06T13:57:53.196Z - debug:  
2021-02-06T13:57:57.713Z - debug:  
2021-02-06T13:57:57.781Z - debug:  
2021-02-06T13:57:57.860Z - debug:  
2021-02-06T13:58:08.804Z - debug:  
2021-02-06T13:58:08.815Z - debug:  
2021-02-06T13:58:08.815Z - debug:  
2021-02-06T13:58:08.815Z - debug:  
2021-02-06T13:58:08.815Z - debug:  
2021-02-06T13:58:12.707Z - debug: The process cannot access the file because it is being used by another process.

2021-02-06T13:58:13.892Z - debug:  
2021-02-06T13:58:17.168Z - debug:  
2021-02-06T13:58:17.387Z - debug:  
2021-02-06T13:58:24.244Z - debug:  
2021-02-06T13:58:46.364Z - debug:  
2021-02-06T13:58:58.134Z - debug:  
2021-02-06T13:58:58.135Z - debug:  
2021-02-06T13:58:58.136Z - debug:  
2021-02-06T13:59:25.896Z - debug:  
2021-02-06T13:59:42.794Z - debug:  
2021-02-06T13:59:42.794Z - debug:  
2021-02-06T13:59:52.823Z - info: Pages built
2021-02-06T14:00:18.014Z - info: Website generation complete! Total build time: 251.584s
2021-02-06T14:00:18.015Z - info: Build success!
2021-02-06T14:00:18.015Z - debug:  
2021-02-06T14:00:18.017Z - info: Site data built
2021-02-06T14:00:56.375Z - info: Deployed!
