2021-01-15T16:10:12.464Z - info: [12:10:12 AM] Reload for file add: D:\Teaching\CS2113\_AY2021S2\ay2021sem2-website\admin\githubclassroomexercises.md
2021-01-15T16:10:13.468Z - info: File added or removed, updating list of site's pages...
2021-01-15T16:10:16.540Z - info: Assets removed
2021-01-15T16:10:16.540Z - warn: Rebuilding all pages...
2021-01-15T16:10:16.541Z - info: Generating pages...
2021-01-15T16:10:27.285Z - debug: The process cannot access the file because it is being used by another process.

2021-01-15T16:10:27.286Z - debug: The process cannot access the file because it is being used by another process.

2021-01-15T16:10:29.731Z - debug:  
2021-01-15T16:10:29.731Z - debug:  
2021-01-15T16:10:29.732Z - debug:  
2021-01-15T16:10:29.732Z - debug:  
2021-01-15T16:10:29.732Z - debug:  
2021-01-15T16:10:30.998Z - debug:  
2021-01-15T16:10:31.455Z - debug:  
2021-01-15T16:10:32.181Z - debug:  
2021-01-15T16:10:35.297Z - debug: The process cannot access the file because it is being used by another process.

2021-01-15T16:10:35.298Z - debug: The process cannot access the file because it is being used by another process.

2021-01-15T16:10:35.340Z - debug:  
2021-01-15T16:10:35.341Z - debug:  
2021-01-15T16:10:37.256Z - debug: The process cannot access the file because it is being used by another process.

2021-01-15T16:10:37.256Z - debug: The process cannot access the file because it is being used by another process.

2021-01-15T16:10:38.069Z - debug: The process cannot access the file because it is being used by another process.

2021-01-15T16:10:38.070Z - debug: The process cannot access the file because it is being used by another process.

2021-01-15T16:10:38.070Z - debug:  
2021-01-15T16:10:38.070Z - debug:  
2021-01-15T16:10:41.833Z - debug:  
2021-01-15T16:10:42.110Z - debug:  
2021-01-15T16:10:54.358Z - debug: The process cannot access the file because it is being used by another process.

2021-01-15T16:10:54.917Z - debug: The process cannot access the file because it is being used by another process.

2021-01-15T16:10:55.981Z - debug: The process cannot access the file because it is being used by another process.

2021-01-15T16:10:56.707Z - debug:  
2021-01-15T16:10:57.796Z - debug: The process cannot access the file because it is being used by another process.

2021-01-15T16:10:58.939Z - debug: The process cannot access the file because it is being used by another process.

2021-01-15T16:11:00.151Z - debug: The process cannot access the file because it is being used by another process.

2021-01-15T16:11:00.151Z - debug:  
2021-01-15T16:11:02.942Z - debug: The process cannot access the file because it is being used by another process.

2021-01-15T16:11:02.943Z - debug: The process cannot access the file because it is being used by another process.

2021-01-15T16:11:05.899Z - debug: The process cannot access the file because it is being used by another process.

2021-01-15T16:11:05.900Z - debug: The process cannot access the file because it is being used by another process.

2021-01-15T16:11:06.172Z - debug:  
2021-01-15T16:11:07.956Z - debug:  
2021-01-15T16:11:08.358Z - info: [12:11:08 AM] Reload for file change: D:\Teaching\CS2113\_AY2021S2\ay2021sem2-website\admin\githubclassroomexercises.md
2021-01-15T16:11:09.373Z - info: No pages needed to be rebuilt
2021-01-15T16:11:10.695Z - debug:  
2021-01-15T16:11:10.695Z - debug:  
2021-01-15T16:11:16.470Z - debug: The process cannot access the file because it is being used by another process.

2021-01-15T16:11:18.251Z - debug: The process cannot access the file because it is being used by another process.

2021-01-15T16:11:19.155Z - debug:  
2021-01-15T16:11:40.248Z - debug:  
2021-01-15T16:11:40.251Z - debug:  
2021-01-15T16:11:40.506Z - debug:  
2021-01-15T16:11:40.648Z - debug:  
2021-01-15T16:11:47.250Z - debug:  
2021-01-15T16:11:47.268Z - debug:  
2021-01-15T16:11:47.362Z - debug:  
2021-01-15T16:11:58.222Z - debug:  
2021-01-15T16:11:58.229Z - debug:  
2021-01-15T16:11:58.231Z - debug:  
2021-01-15T16:11:58.231Z - debug:  
2021-01-15T16:11:58.231Z - debug:  
2021-01-15T16:12:06.072Z - debug:  
2021-01-15T16:12:07.681Z - debug:  
2021-01-15T16:12:07.682Z - debug:  
2021-01-15T16:12:13.458Z - debug:  
2021-01-15T16:12:17.725Z - info: [12:12:17 AM] Reload for file change: D:\Teaching\CS2113\_AY2021S2\ay2021sem2-website\_markbind\headers\header.md
2021-01-15T16:12:19.692Z - info: Rebuilding 53 pages
2021-01-15T16:12:37.750Z - debug:  
2021-01-15T16:12:48.535Z - debug: The process cannot access the file because it is being used by another process.

2021-01-15T16:12:48.535Z - debug: The process cannot access the file because it is being used by another process.

2021-01-15T16:12:50.009Z - info: [12:12:50 AM] Reload for file change: D:\Teaching\CS2113\_AY2021S2\ay2021sem2-website\_markbind\headers\header.md
2021-01-15T16:12:50.059Z - debug:  
2021-01-15T16:12:50.059Z - debug:  
2021-01-15T16:12:50.081Z - debug:  
2021-01-15T16:12:50.081Z - debug:  
2021-01-15T16:12:55.551Z - debug:  
2021-01-15T16:13:05.075Z - debug:  
2021-01-15T16:13:05.075Z - debug:  
2021-01-15T16:13:25.662Z - debug:  
2021-01-15T16:13:25.667Z - debug:  
2021-01-15T16:13:25.667Z - debug:  
2021-01-15T16:13:32.680Z - debug:  
2021-01-15T16:13:42.367Z - debug:  
2021-01-15T16:13:56.908Z - debug:  
2021-01-15T16:14:18.364Z - info: Pages rebuilt
2021-01-15T16:14:18.365Z - info: Website regeneration complete! Total build time: 118.675s
2021-01-15T16:14:23.235Z - info: Rebuilding 118 pages
2021-01-15T16:14:24.985Z - info: Site data built
2021-01-15T16:14:33.281Z - debug:  
2021-01-15T16:14:33.281Z - debug:  
2021-01-15T16:14:43.929Z - debug:  
2021-01-15T16:14:43.930Z - debug:  
2021-01-15T16:14:43.930Z - debug:  
2021-01-15T16:14:43.930Z - debug:  
2021-01-15T16:14:49.939Z - debug:  
2021-01-15T16:14:49.940Z - debug:  
2021-01-15T16:15:01.342Z - debug:  
2021-01-15T16:15:02.820Z - debug:  
2021-01-15T16:15:02.820Z - debug:  
2021-01-15T16:15:07.021Z - debug:  
2021-01-15T16:15:14.753Z - debug:  
2021-01-15T16:15:14.756Z - debug:  
2021-01-15T16:15:15.871Z - info: Pages built
2021-01-15T16:15:35.857Z - debug:  
2021-01-15T16:15:46.512Z - debug:  
2021-01-15T16:15:46.517Z - debug:  
2021-01-15T16:15:46.517Z - debug:  
2021-01-15T16:16:23.159Z - debug:  
2021-01-15T16:16:44.077Z - info: Pages rebuilt
2021-01-15T16:16:44.078Z - info: Website regeneration complete! Total build time: 140.847s
2021-01-15T16:16:44.099Z - info: Site data built
2021-01-15T16:48:35.480Z - info: [12:48:35 AM] Reload for file change: D:\Teaching\CS2113\_AY2021S2\ay2021sem2-website\_module-CS2113\weeklyAdminTopics.mbdf
2021-01-15T16:48:36.486Z - info: No pages needed to be rebuilt
2021-01-15T16:48:53.967Z - info: Website generation started at 12:48:49 AM
2021-01-15T16:48:58.240Z - info: Building assets...
2021-01-15T16:49:01.754Z - info: Assets built
2021-01-15T16:49:01.754Z - info: Generating pages...
2021-01-15T16:49:13.891Z - debug: The process cannot access the file because it is being used by another process.

2021-01-15T16:49:13.892Z - debug: The process cannot access the file because it is being used by another process.

2021-01-15T16:49:13.956Z - debug:  
2021-01-15T16:49:13.956Z - debug:  
2021-01-15T16:49:13.956Z - debug:  
2021-01-15T16:49:13.972Z - debug:  
2021-01-15T16:49:13.973Z - debug:  
2021-01-15T16:49:18.681Z - debug:  
2021-01-15T16:49:19.782Z - debug:  
2021-01-15T16:49:20.128Z - debug:  
2021-01-15T16:49:24.178Z - debug: The process cannot access the file because it is being used by another process.

2021-01-15T16:49:24.179Z - debug: The process cannot access the file because it is being used by another process.

2021-01-15T16:49:24.181Z - debug:  
2021-01-15T16:49:24.181Z - debug:  
2021-01-15T16:49:26.283Z - debug: The process cannot access the file because it is being used by another process.

2021-01-15T16:49:26.283Z - debug: The process cannot access the file because it is being used by another process.

2021-01-15T16:49:26.901Z - debug: The process cannot access the file because it is being used by another process.

2021-01-15T16:49:26.901Z - debug: The process cannot access the file because it is being used by another process.

2021-01-15T16:49:27.032Z - debug: The process cannot access the file because it is being used by another process.

2021-01-15T16:49:27.033Z - debug: The process cannot access the file because it is being used by another process.

2021-01-15T16:49:27.081Z - debug:  
2021-01-15T16:49:27.126Z - debug:  
2021-01-15T16:49:43.357Z - debug: The process cannot access the file because it is being used by another process.

2021-01-15T16:49:43.925Z - debug: The process cannot access the file because it is being used by another process.

2021-01-15T16:49:45.039Z - debug: The process cannot access the file because it is being used by another process.

2021-01-15T16:49:45.714Z - debug: The process cannot access the file because it is being used by another process.

2021-01-15T16:49:45.714Z - debug:  
2021-01-15T16:49:46.587Z - debug: The process cannot access the file because it is being used by another process.

2021-01-15T16:49:48.869Z - debug: The process cannot access the file because it is being used by another process.

2021-01-15T16:49:49.347Z - debug:  
2021-01-15T16:49:52.661Z - debug: The process cannot access the file because it is being used by another process.

2021-01-15T16:49:52.662Z - debug: The process cannot access the file because it is being used by another process.

2021-01-15T16:49:55.159Z - debug: The process cannot access the file because it is being used by another process.

2021-01-15T16:49:55.159Z - debug: The process cannot access the file because it is being used by another process.

2021-01-15T16:49:56.703Z - debug:  
2021-01-15T16:49:56.704Z - debug:  
2021-01-15T16:49:59.778Z - debug:  
2021-01-15T16:50:00.132Z - debug:  
2021-01-15T16:50:05.662Z - debug: The process cannot access the file because it is being used by another process.

2021-01-15T16:50:07.320Z - debug: The process cannot access the file because it is being used by another process.

2021-01-15T16:50:08.259Z - debug:  
2021-01-15T16:50:32.252Z - debug:  
2021-01-15T16:50:32.515Z - debug:  
2021-01-15T16:50:33.042Z - debug:  
2021-01-15T16:50:33.206Z - debug:  
2021-01-15T16:50:41.534Z - debug:  
2021-01-15T16:50:41.534Z - debug:  
2021-01-15T16:50:41.677Z - debug:  
2021-01-15T16:50:47.893Z - debug:  
2021-01-15T16:50:52.486Z - debug:  
2021-01-15T16:50:52.486Z - debug:  
2021-01-15T16:50:52.487Z - debug:  
2021-01-15T16:50:52.487Z - debug:  
2021-01-15T16:51:02.355Z - debug:  
2021-01-15T16:51:02.356Z - debug:  
2021-01-15T16:51:03.089Z - debug:  
2021-01-15T16:51:07.910Z - debug:  
2021-01-15T16:51:29.000Z - debug:  
2021-01-15T16:51:40.928Z - debug:  
2021-01-15T16:51:40.928Z - debug:  
2021-01-15T16:51:40.928Z - debug:  
2021-01-15T16:52:12.459Z - debug:  
2021-01-15T16:52:28.391Z - debug:  
2021-01-15T16:52:28.391Z - debug:  
2021-01-15T16:52:38.146Z - info: Pages built
2021-01-15T16:53:02.893Z - info: Website generation complete! Total build time: 253.276s
2021-01-15T16:53:03.474Z - info: Serving "D:\Teaching\CS2113\_AY2021S2\ay2021sem2-website\_site" at http://127.0.0.1:8080
2021-01-15T16:53:03.474Z - info: Press CTRL+C to stop ...
2021-01-15T16:53:03.474Z - debug:  
2021-01-15T16:53:03.527Z - info: Site data built
2021-01-15T16:55:55.195Z - info: Website generation started at 12:55:50 AM
2021-01-15T16:55:59.610Z - info: Building assets...
2021-01-15T16:56:02.969Z - info: Assets built
2021-01-15T16:56:02.970Z - info: Generating pages...
2021-01-15T16:56:03.284Z - error:  Template render error: (unknown path)
  Template render error: (unknown path)
  Template render error: (unknown path)
  Template render error: (unknown path)
  Template render error: (unknown path)
  Template render error: (unknown path)
  Template render error: (unknown path)
  Template render error: (unknown path)
  Template render error: (unknown path) [Line 15, Column 3]
  parseAggregate: expected comma after expression
    at Object._prettifyError (C:\Users\anarayan\AppData\Roaming\npm\node_modules\markbind-cli\node_modules\nunjucks\src\lib.js:36:11)
    at C:\Users\anarayan\AppData\Roaming\npm\node_modules\markbind-cli\node_modules\nunjucks\src\environment.js:561:19
    at Template.root [as rootRenderFunc] (eval at _compile (C:\Users\anarayan\AppData\Roaming\npm\node_modules\markbind-cli\node_modules\nunjucks\src\environment.js:631:18), <anonymous>:113:3)
    at Template.render (C:\Users\anarayan\AppData\Roaming\npm\node_modules\markbind-cli\node_modules\nunjucks\src\environment.js:550:10)
    at Environment.renderString (C:\Users\anarayan\AppData\Roaming\npm\node_modules\markbind-cli\node_modules\nunjucks\src\environment.js:378:17)
    at VariableRenderer.render (C:\Users\anarayan\AppData\Roaming\npm\node_modules\markbind-cli\node_modules\@markbind\core\src\variables\VariableRenderer.js:79:17)
    at VariableProcessor.renderSiteVariables (C:\Users\anarayan\AppData\Roaming\npm\node_modules\markbind-cli\node_modules\@markbind\core\src\variables\VariableProcessor.js:151:53)
    at VariableProcessor.renderPage (C:\Users\anarayan\AppData\Roaming\npm\node_modules\markbind-cli\node_modules\@markbind\core\src\variables\VariableProcessor.js:426:17)
    at fs.readFileAsync.then.result (C:\Users\anarayan\AppData\Roaming\npm\node_modules\markbind-cli\node_modules\@markbind\core\src\Page\index.js:972:46)
    at tryCatcher (C:\Users\anarayan\AppData\Roaming\npm\node_modules\markbind-cli\node_modules\bluebird\js\release\util.js:16:23)
    at Promise._settlePromiseFromHandler (C:\Users\anarayan\AppData\Roaming\npm\node_modules\markbind-cli\node_modules\bluebird\js\release\promise.js:547:31)
    at Promise._settlePromise (C:\Users\anarayan\AppData\Roaming\npm\node_modules\markbind-cli\node_modules\bluebird\js\release\promise.js:604:18)
    at Promise._settlePromise0 (C:\Users\anarayan\AppData\Roaming\npm\node_modules\markbind-cli\node_modules\bluebird\js\release\promise.js:649:10)
    at Promise._settlePromises (C:\Users\anarayan\AppData\Roaming\npm\node_modules\markbind-cli\node_modules\bluebird\js\release\promise.js:729:18)
    at Promise._fulfill (C:\Users\anarayan\AppData\Roaming\npm\node_modules\markbind-cli\node_modules\bluebird\js\release\promise.js:673:18)
    at C:\Users\anarayan\AppData\Roaming\npm\node_modules\markbind-cli\node_modules\bluebird\js\release\nodeback.js:42:21
2021-01-15T16:56:03.286Z - error:  Template render error: (unknown path)
  Template render error: (unknown path)
  Template render error: (unknown path)
  Template render error: (unknown path)
  Template render error: (unknown path)
  Template render error: (unknown path)
  Template render error: (unknown path)
  Template render error: (unknown path)
  Template render error: (unknown path) [Line 15, Column 3]
  parseAggregate: expected comma after expression
    at Object._prettifyError (C:\Users\anarayan\AppData\Roaming\npm\node_modules\markbind-cli\node_modules\nunjucks\src\lib.js:36:11)
    at C:\Users\anarayan\AppData\Roaming\npm\node_modules\markbind-cli\node_modules\nunjucks\src\environment.js:561:19
    at Template.root [as rootRenderFunc] (eval at _compile (C:\Users\anarayan\AppData\Roaming\npm\node_modules\markbind-cli\node_modules\nunjucks\src\environment.js:631:18), <anonymous>:113:3)
    at Template.render (C:\Users\anarayan\AppData\Roaming\npm\node_modules\markbind-cli\node_modules\nunjucks\src\environment.js:550:10)
    at Environment.renderString (C:\Users\anarayan\AppData\Roaming\npm\node_modules\markbind-cli\node_modules\nunjucks\src\environment.js:378:17)
    at VariableRenderer.render (C:\Users\anarayan\AppData\Roaming\npm\node_modules\markbind-cli\node_modules\@markbind\core\src\variables\VariableRenderer.js:79:17)
    at VariableProcessor.renderSiteVariables (C:\Users\anarayan\AppData\Roaming\npm\node_modules\markbind-cli\node_modules\@markbind\core\src\variables\VariableProcessor.js:151:53)
    at VariableProcessor.renderPage (C:\Users\anarayan\AppData\Roaming\npm\node_modules\markbind-cli\node_modules\@markbind\core\src\variables\VariableProcessor.js:426:17)
    at fs.readFileAsync.then.result (C:\Users\anarayan\AppData\Roaming\npm\node_modules\markbind-cli\node_modules\@markbind\core\src\Page\index.js:972:46)
    at tryCatcher (C:\Users\anarayan\AppData\Roaming\npm\node_modules\markbind-cli\node_modules\bluebird\js\release\util.js:16:23)
    at Promise._settlePromiseFromHandler (C:\Users\anarayan\AppData\Roaming\npm\node_modules\markbind-cli\node_modules\bluebird\js\release\promise.js:547:31)
    at Promise._settlePromise (C:\Users\anarayan\AppData\Roaming\npm\node_modules\markbind-cli\node_modules\bluebird\js\release\promise.js:604:18)
    at Promise._settlePromise0 (C:\Users\anarayan\AppData\Roaming\npm\node_modules\markbind-cli\node_modules\bluebird\js\release\promise.js:649:10)
    at Promise._settlePromises (C:\Users\anarayan\AppData\Roaming\npm\node_modules\markbind-cli\node_modules\bluebird\js\release\promise.js:729:18)
    at Promise._fulfill (C:\Users\anarayan\AppData\Roaming\npm\node_modules\markbind-cli\node_modules\bluebird\js\release\promise.js:673:18)
    at C:\Users\anarayan\AppData\Roaming\npm\node_modules\markbind-cli\node_modules\bluebird\js\release\nodeback.js:42:21
2021-01-15T16:56:03.287Z - error:  Template render error: (unknown path)
  Template render error: (unknown path)
  Template render error: (unknown path)
  Template render error: (unknown path)
  Template render error: (unknown path)
  Template render error: (unknown path) [Line 15, Column 3]
  parseAggregate: expected comma after expression
    at Object._prettifyError (C:\Users\anarayan\AppData\Roaming\npm\node_modules\markbind-cli\node_modules\nunjucks\src\lib.js:36:11)
    at C:\Users\anarayan\AppData\Roaming\npm\node_modules\markbind-cli\node_modules\nunjucks\src\environment.js:561:19
    at Template.root [as rootRenderFunc] (eval at _compile (C:\Users\anarayan\AppData\Roaming\npm\node_modules\markbind-cli\node_modules\nunjucks\src\environment.js:631:18), <anonymous>:43:3)
    at Template.render (C:\Users\anarayan\AppData\Roaming\npm\node_modules\markbind-cli\node_modules\nunjucks\src\environment.js:550:10)
    at Environment.renderString (C:\Users\anarayan\AppData\Roaming\npm\node_modules\markbind-cli\node_modules\nunjucks\src\environment.js:378:17)
    at VariableRenderer.render (C:\Users\anarayan\AppData\Roaming\npm\node_modules\markbind-cli\node_modules\@markbind\core\src\variables\VariableRenderer.js:79:17)
    at VariableProcessor.renderSiteVariables (C:\Users\anarayan\AppData\Roaming\npm\node_modules\markbind-cli\node_modules\@markbind\core\src\variables\VariableProcessor.js:151:53)
    at VariableProcessor.renderPage (C:\Users\anarayan\AppData\Roaming\npm\node_modules\markbind-cli\node_modules\@markbind\core\src\variables\VariableProcessor.js:426:17)
    at fs.readFileAsync.then.result (C:\Users\anarayan\AppData\Roaming\npm\node_modules\markbind-cli\node_modules\@markbind\core\src\Page\index.js:972:46)
    at tryCatcher (C:\Users\anarayan\AppData\Roaming\npm\node_modules\markbind-cli\node_modules\bluebird\js\release\util.js:16:23)
    at Promise._settlePromiseFromHandler (C:\Users\anarayan\AppData\Roaming\npm\node_modules\markbind-cli\node_modules\bluebird\js\release\promise.js:547:31)
    at Promise._settlePromise (C:\Users\anarayan\AppData\Roaming\npm\node_modules\markbind-cli\node_modules\bluebird\js\release\promise.js:604:18)
    at Promise._settlePromise0 (C:\Users\anarayan\AppData\Roaming\npm\node_modules\markbind-cli\node_modules\bluebird\js\release\promise.js:649:10)
    at Promise._settlePromises (C:\Users\anarayan\AppData\Roaming\npm\node_modules\markbind-cli\node_modules\bluebird\js\release\promise.js:729:18)
    at Promise._fulfill (C:\Users\anarayan\AppData\Roaming\npm\node_modules\markbind-cli\node_modules\bluebird\js\release\promise.js:673:18)
    at C:\Users\anarayan\AppData\Roaming\npm\node_modules\markbind-cli\node_modules\bluebird\js\release\nodeback.js:42:21
2021-01-15T16:56:03.289Z - warn:  Error: Error while generating D:\Teaching\CS2113\_AY2021S2\ay2021sem2-website\admin\appendixB-policies.md
    at page.generate.then.catch (C:\Users\anarayan\AppData\Roaming\npm\node_modules\markbind-cli\node_modules\@markbind\core\src\Site\index.js:1016:18)
    at tryCatcher (C:\Users\anarayan\AppData\Roaming\npm\node_modules\markbind-cli\node_modules\bluebird\js\release\util.js:16:23)
    at Promise._settlePromiseFromHandler (C:\Users\anarayan\AppData\Roaming\npm\node_modules\markbind-cli\node_modules\bluebird\js\release\promise.js:547:31)
    at Promise._settlePromise (C:\Users\anarayan\AppData\Roaming\npm\node_modules\markbind-cli\node_modules\bluebird\js\release\promise.js:604:18)
    at Promise._settlePromise0 (C:\Users\anarayan\AppData\Roaming\npm\node_modules\markbind-cli\node_modules\bluebird\js\release\promise.js:649:10)
    at Promise._settlePromises (C:\Users\anarayan\AppData\Roaming\npm\node_modules\markbind-cli\node_modules\bluebird\js\release\promise.js:725:18)
    at _drainQueueStep (C:\Users\anarayan\AppData\Roaming\npm\node_modules\markbind-cli\node_modules\bluebird\js\release\async.js:93:12)
    at _drainQueue (C:\Users\anarayan\AppData\Roaming\npm\node_modules\markbind-cli\node_modules\bluebird\js\release\async.js:86:9)
    at Async._drainQueues (C:\Users\anarayan\AppData\Roaming\npm\node_modules\markbind-cli\node_modules\bluebird\js\release\async.js:102:5)
    at Immediate.Async.drainQueues [as _onImmediate] (C:\Users\anarayan\AppData\Roaming\npm\node_modules\markbind-cli\node_modules\bluebird\js\release\async.js:15:14)
    at runCallback (timers.js:705:18)
    at tryOnImmediate (timers.js:676:5)
    at processImmediate (timers.js:658:5)
2021-01-15T16:56:03.300Z - error:  Template render error: (unknown path)
  Template render error: (unknown path)
  Template render error: (unknown path)
  Template render error: (unknown path)
  Template render error: (unknown path)
  Template render error: (unknown path) [Line 15, Column 3]
  parseAggregate: expected comma after expression
    at Object._prettifyError (C:\Users\anarayan\AppData\Roaming\npm\node_modules\markbind-cli\node_modules\nunjucks\src\lib.js:36:11)
    at C:\Users\anarayan\AppData\Roaming\npm\node_modules\markbind-cli\node_modules\nunjucks\src\environment.js:561:19
    at Template.root [as rootRenderFunc] (eval at _compile (C:\Users\anarayan\AppData\Roaming\npm\node_modules\markbind-cli\node_modules\nunjucks\src\environment.js:631:18), <anonymous>:75:3)
    at Template.render (C:\Users\anarayan\AppData\Roaming\npm\node_modules\markbind-cli\node_modules\nunjucks\src\environment.js:550:10)
    at Environment.renderString (C:\Users\anarayan\AppData\Roaming\npm\node_modules\markbind-cli\node_modules\nunjucks\src\environment.js:378:17)
    at VariableRenderer.render (C:\Users\anarayan\AppData\Roaming\npm\node_modules\markbind-cli\node_modules\@markbind\core\src\variables\VariableRenderer.js:79:17)
    at VariableProcessor.renderSiteVariables (C:\Users\anarayan\AppData\Roaming\npm\node_modules\markbind-cli\node_modules\@markbind\core\src\variables\VariableProcessor.js:151:53)
    at VariableProcessor.renderPage (C:\Users\anarayan\AppData\Roaming\npm\node_modules\markbind-cli\node_modules\@markbind\core\src\variables\VariableProcessor.js:426:17)
    at fs.readFileAsync.then.result (C:\Users\anarayan\AppData\Roaming\npm\node_modules\markbind-cli\node_modules\@markbind\core\src\Page\index.js:972:46)
    at tryCatcher (C:\Users\anarayan\AppData\Roaming\npm\node_modules\markbind-cli\node_modules\bluebird\js\release\util.js:16:23)
    at Promise._settlePromiseFromHandler (C:\Users\anarayan\AppData\Roaming\npm\node_modules\markbind-cli\node_modules\bluebird\js\release\promise.js:547:31)
    at Promise._settlePromise (C:\Users\anarayan\AppData\Roaming\npm\node_modules\markbind-cli\node_modules\bluebird\js\release\promise.js:604:18)
    at Promise._settlePromise0 (C:\Users\anarayan\AppData\Roaming\npm\node_modules\markbind-cli\node_modules\bluebird\js\release\promise.js:649:10)
    at Promise._settlePromises (C:\Users\anarayan\AppData\Roaming\npm\node_modules\markbind-cli\node_modules\bluebird\js\release\promise.js:729:18)
    at Promise._fulfill (C:\Users\anarayan\AppData\Roaming\npm\node_modules\markbind-cli\node_modules\bluebird\js\release\promise.js:673:18)
    at C:\Users\anarayan\AppData\Roaming\npm\node_modules\markbind-cli\node_modules\bluebird\js\release\nodeback.js:42:21
2021-01-15T16:56:04.353Z - warn:  Error: Error while generating D:\Teaching\CS2113\_AY2021S2\ay2021sem2-website\admin\appendixB-policies.md
    at page.generate.then.catch (C:\Users\anarayan\AppData\Roaming\npm\node_modules\markbind-cli\node_modules\@markbind\core\src\Site\index.js:1016:18)
    at tryCatcher (C:\Users\anarayan\AppData\Roaming\npm\node_modules\markbind-cli\node_modules\bluebird\js\release\util.js:16:23)
    at Promise._settlePromiseFromHandler (C:\Users\anarayan\AppData\Roaming\npm\node_modules\markbind-cli\node_modules\bluebird\js\release\promise.js:547:31)
    at Promise._settlePromise (C:\Users\anarayan\AppData\Roaming\npm\node_modules\markbind-cli\node_modules\bluebird\js\release\promise.js:604:18)
    at Promise._settlePromise0 (C:\Users\anarayan\AppData\Roaming\npm\node_modules\markbind-cli\node_modules\bluebird\js\release\promise.js:649:10)
    at Promise._settlePromises (C:\Users\anarayan\AppData\Roaming\npm\node_modules\markbind-cli\node_modules\bluebird\js\release\promise.js:725:18)
    at _drainQueueStep (C:\Users\anarayan\AppData\Roaming\npm\node_modules\markbind-cli\node_modules\bluebird\js\release\async.js:93:12)
    at _drainQueue (C:\Users\anarayan\AppData\Roaming\npm\node_modules\markbind-cli\node_modules\bluebird\js\release\async.js:86:9)
    at Async._drainQueues (C:\Users\anarayan\AppData\Roaming\npm\node_modules\markbind-cli\node_modules\bluebird\js\release\async.js:102:5)
    at Immediate.Async.drainQueues [as _onImmediate] (C:\Users\anarayan\AppData\Roaming\npm\node_modules\markbind-cli\node_modules\bluebird\js\release\async.js:15:14)
    at runCallback (timers.js:705:18)
    at tryOnImmediate (timers.js:676:5)
    at processImmediate (timers.js:658:5)
2021-01-15T16:56:04.356Z - error: Error while generating D:\Teaching\CS2113\_AY2021S2\ay2021sem2-website\admin\appendixB-policies.md
2021-01-15T16:56:08.523Z - error: The site directory does not exist. Please build the site first before deploy.
2021-01-15T16:58:59.408Z - info: Website generation started at 12:58:59 AM
2021-01-15T16:59:03.142Z - info: Building assets...
2021-01-15T16:59:05.772Z - info: Assets built
2021-01-15T16:59:05.773Z - info: Generating pages...
2021-01-15T16:59:05.978Z - error:  Template render error: (unknown path)
  Template render error: (unknown path)
  Template render error: (unknown path)
  Template render error: (unknown path)
  Template render error: (unknown path)
  Template render error: (unknown path)
  Template render error: (unknown path)
  Template render error: (unknown path)
  Template render error: (unknown path) [Line 15, Column 3]
  parseAggregate: expected comma after expression
    at Object._prettifyError (C:\Users\anarayan\AppData\Roaming\npm\node_modules\markbind-cli\node_modules\nunjucks\src\lib.js:36:11)
    at C:\Users\anarayan\AppData\Roaming\npm\node_modules\markbind-cli\node_modules\nunjucks\src\environment.js:561:19
    at Template.root [as rootRenderFunc] (eval at _compile (C:\Users\anarayan\AppData\Roaming\npm\node_modules\markbind-cli\node_modules\nunjucks\src\environment.js:631:18), <anonymous>:113:3)
    at Template.render (C:\Users\anarayan\AppData\Roaming\npm\node_modules\markbind-cli\node_modules\nunjucks\src\environment.js:550:10)
    at Environment.renderString (C:\Users\anarayan\AppData\Roaming\npm\node_modules\markbind-cli\node_modules\nunjucks\src\environment.js:378:17)
    at VariableRenderer.render (C:\Users\anarayan\AppData\Roaming\npm\node_modules\markbind-cli\node_modules\@markbind\core\src\variables\VariableRenderer.js:79:17)
    at VariableProcessor.renderSiteVariables (C:\Users\anarayan\AppData\Roaming\npm\node_modules\markbind-cli\node_modules\@markbind\core\src\variables\VariableProcessor.js:151:53)
    at VariableProcessor.renderPage (C:\Users\anarayan\AppData\Roaming\npm\node_modules\markbind-cli\node_modules\@markbind\core\src\variables\VariableProcessor.js:426:17)
    at fs.readFileAsync.then.result (C:\Users\anarayan\AppData\Roaming\npm\node_modules\markbind-cli\node_modules\@markbind\core\src\Page\index.js:972:46)
    at tryCatcher (C:\Users\anarayan\AppData\Roaming\npm\node_modules\markbind-cli\node_modules\bluebird\js\release\util.js:16:23)
    at Promise._settlePromiseFromHandler (C:\Users\anarayan\AppData\Roaming\npm\node_modules\markbind-cli\node_modules\bluebird\js\release\promise.js:547:31)
    at Promise._settlePromise (C:\Users\anarayan\AppData\Roaming\npm\node_modules\markbind-cli\node_modules\bluebird\js\release\promise.js:604:18)
    at Promise._settlePromise0 (C:\Users\anarayan\AppData\Roaming\npm\node_modules\markbind-cli\node_modules\bluebird\js\release\promise.js:649:10)
    at Promise._settlePromises (C:\Users\anarayan\AppData\Roaming\npm\node_modules\markbind-cli\node_modules\bluebird\js\release\promise.js:729:18)
    at Promise._fulfill (C:\Users\anarayan\AppData\Roaming\npm\node_modules\markbind-cli\node_modules\bluebird\js\release\promise.js:673:18)
    at C:\Users\anarayan\AppData\Roaming\npm\node_modules\markbind-cli\node_modules\bluebird\js\release\nodeback.js:42:21
2021-01-15T16:59:05.979Z - error:  Template render error: (unknown path)
  Template render error: (unknown path)
  Template render error: (unknown path)
  Template render error: (unknown path)
  Template render error: (unknown path)
  Template render error: (unknown path) [Line 15, Column 3]
  parseAggregate: expected comma after expression
    at Object._prettifyError (C:\Users\anarayan\AppData\Roaming\npm\node_modules\markbind-cli\node_modules\nunjucks\src\lib.js:36:11)
    at C:\Users\anarayan\AppData\Roaming\npm\node_modules\markbind-cli\node_modules\nunjucks\src\environment.js:561:19
    at Template.root [as rootRenderFunc] (eval at _compile (C:\Users\anarayan\AppData\Roaming\npm\node_modules\markbind-cli\node_modules\nunjucks\src\environment.js:631:18), <anonymous>:43:3)
    at Template.render (C:\Users\anarayan\AppData\Roaming\npm\node_modules\markbind-cli\node_modules\nunjucks\src\environment.js:550:10)
    at Environment.renderString (C:\Users\anarayan\AppData\Roaming\npm\node_modules\markbind-cli\node_modules\nunjucks\src\environment.js:378:17)
    at VariableRenderer.render (C:\Users\anarayan\AppData\Roaming\npm\node_modules\markbind-cli\node_modules\@markbind\core\src\variables\VariableRenderer.js:79:17)
    at VariableProcessor.renderSiteVariables (C:\Users\anarayan\AppData\Roaming\npm\node_modules\markbind-cli\node_modules\@markbind\core\src\variables\VariableProcessor.js:151:53)
    at VariableProcessor.renderPage (C:\Users\anarayan\AppData\Roaming\npm\node_modules\markbind-cli\node_modules\@markbind\core\src\variables\VariableProcessor.js:426:17)
    at fs.readFileAsync.then.result (C:\Users\anarayan\AppData\Roaming\npm\node_modules\markbind-cli\node_modules\@markbind\core\src\Page\index.js:972:46)
    at tryCatcher (C:\Users\anarayan\AppData\Roaming\npm\node_modules\markbind-cli\node_modules\bluebird\js\release\util.js:16:23)
    at Promise._settlePromiseFromHandler (C:\Users\anarayan\AppData\Roaming\npm\node_modules\markbind-cli\node_modules\bluebird\js\release\promise.js:547:31)
    at Promise._settlePromise (C:\Users\anarayan\AppData\Roaming\npm\node_modules\markbind-cli\node_modules\bluebird\js\release\promise.js:604:18)
    at Promise._settlePromise0 (C:\Users\anarayan\AppData\Roaming\npm\node_modules\markbind-cli\node_modules\bluebird\js\release\promise.js:649:10)
    at Promise._settlePromises (C:\Users\anarayan\AppData\Roaming\npm\node_modules\markbind-cli\node_modules\bluebird\js\release\promise.js:729:18)
    at Promise._fulfill (C:\Users\anarayan\AppData\Roaming\npm\node_modules\markbind-cli\node_modules\bluebird\js\release\promise.js:673:18)
    at C:\Users\anarayan\AppData\Roaming\npm\node_modules\markbind-cli\node_modules\bluebird\js\release\nodeback.js:42:21
2021-01-15T16:59:05.980Z - warn:  Error: Error while generating D:\Teaching\CS2113\_AY2021S2\ay2021sem2-website\admin\appendixC-faq.md
    at page.generate.then.catch (C:\Users\anarayan\AppData\Roaming\npm\node_modules\markbind-cli\node_modules\@markbind\core\src\Site\index.js:1016:18)
    at tryCatcher (C:\Users\anarayan\AppData\Roaming\npm\node_modules\markbind-cli\node_modules\bluebird\js\release\util.js:16:23)
    at Promise._settlePromiseFromHandler (C:\Users\anarayan\AppData\Roaming\npm\node_modules\markbind-cli\node_modules\bluebird\js\release\promise.js:547:31)
    at Promise._settlePromise (C:\Users\anarayan\AppData\Roaming\npm\node_modules\markbind-cli\node_modules\bluebird\js\release\promise.js:604:18)
    at Promise._settlePromise0 (C:\Users\anarayan\AppData\Roaming\npm\node_modules\markbind-cli\node_modules\bluebird\js\release\promise.js:649:10)
    at Promise._settlePromises (C:\Users\anarayan\AppData\Roaming\npm\node_modules\markbind-cli\node_modules\bluebird\js\release\promise.js:725:18)
    at _drainQueueStep (C:\Users\anarayan\AppData\Roaming\npm\node_modules\markbind-cli\node_modules\bluebird\js\release\async.js:93:12)
    at _drainQueue (C:\Users\anarayan\AppData\Roaming\npm\node_modules\markbind-cli\node_modules\bluebird\js\release\async.js:86:9)
    at Async._drainQueues (C:\Users\anarayan\AppData\Roaming\npm\node_modules\markbind-cli\node_modules\bluebird\js\release\async.js:102:5)
    at Immediate.Async.drainQueues [as _onImmediate] (C:\Users\anarayan\AppData\Roaming\npm\node_modules\markbind-cli\node_modules\bluebird\js\release\async.js:15:14)
    at runCallback (timers.js:705:18)
    at tryOnImmediate (timers.js:676:5)
    at processImmediate (timers.js:658:5)
2021-01-15T16:59:05.986Z - error:  Template render error: (unknown path)
  Template render error: (unknown path)
  Template render error: (unknown path)
  Template render error: (unknown path)
  Template render error: (unknown path)
  Template render error: (unknown path)
  Template render error: (unknown path)
  Template render error: (unknown path)
  Template render error: (unknown path) [Line 15, Column 3]
  parseAggregate: expected comma after expression
    at Object._prettifyError (C:\Users\anarayan\AppData\Roaming\npm\node_modules\markbind-cli\node_modules\nunjucks\src\lib.js:36:11)
    at C:\Users\anarayan\AppData\Roaming\npm\node_modules\markbind-cli\node_modules\nunjucks\src\environment.js:561:19
    at Template.root [as rootRenderFunc] (eval at _compile (C:\Users\anarayan\AppData\Roaming\npm\node_modules\markbind-cli\node_modules\nunjucks\src\environment.js:631:18), <anonymous>:113:3)
    at Template.render (C:\Users\anarayan\AppData\Roaming\npm\node_modules\markbind-cli\node_modules\nunjucks\src\environment.js:550:10)
    at Environment.renderString (C:\Users\anarayan\AppData\Roaming\npm\node_modules\markbind-cli\node_modules\nunjucks\src\environment.js:378:17)
    at VariableRenderer.render (C:\Users\anarayan\AppData\Roaming\npm\node_modules\markbind-cli\node_modules\@markbind\core\src\variables\VariableRenderer.js:79:17)
    at VariableProcessor.renderSiteVariables (C:\Users\anarayan\AppData\Roaming\npm\node_modules\markbind-cli\node_modules\@markbind\core\src\variables\VariableProcessor.js:151:53)
    at VariableProcessor.renderPage (C:\Users\anarayan\AppData\Roaming\npm\node_modules\markbind-cli\node_modules\@markbind\core\src\variables\VariableProcessor.js:426:17)
    at fs.readFileAsync.then.result (C:\Users\anarayan\AppData\Roaming\npm\node_modules\markbind-cli\node_modules\@markbind\core\src\Page\index.js:972:46)
    at tryCatcher (C:\Users\anarayan\AppData\Roaming\npm\node_modules\markbind-cli\node_modules\bluebird\js\release\util.js:16:23)
    at Promise._settlePromiseFromHandler (C:\Users\anarayan\AppData\Roaming\npm\node_modules\markbind-cli\node_modules\bluebird\js\release\promise.js:547:31)
    at Promise._settlePromise (C:\Users\anarayan\AppData\Roaming\npm\node_modules\markbind-cli\node_modules\bluebird\js\release\promise.js:604:18)
    at Promise._settlePromise0 (C:\Users\anarayan\AppData\Roaming\npm\node_modules\markbind-cli\node_modules\bluebird\js\release\promise.js:649:10)
    at Promise._settlePromises (C:\Users\anarayan\AppData\Roaming\npm\node_modules\markbind-cli\node_modules\bluebird\js\release\promise.js:729:18)
    at Promise._fulfill (C:\Users\anarayan\AppData\Roaming\npm\node_modules\markbind-cli\node_modules\bluebird\js\release\promise.js:673:18)
    at C:\Users\anarayan\AppData\Roaming\npm\node_modules\markbind-cli\node_modules\bluebird\js\release\nodeback.js:42:21
2021-01-15T16:59:05.993Z - error:  Template render error: (unknown path)
  Template render error: (unknown path)
  Template render error: (unknown path)
  Template render error: (unknown path)
  Template render error: (unknown path)
  Template render error: (unknown path) [Line 15, Column 3]
  parseAggregate: expected comma after expression
    at Object._prettifyError (C:\Users\anarayan\AppData\Roaming\npm\node_modules\markbind-cli\node_modules\nunjucks\src\lib.js:36:11)
    at C:\Users\anarayan\AppData\Roaming\npm\node_modules\markbind-cli\node_modules\nunjucks\src\environment.js:561:19
    at Template.root [as rootRenderFunc] (eval at _compile (C:\Users\anarayan\AppData\Roaming\npm\node_modules\markbind-cli\node_modules\nunjucks\src\environment.js:631:18), <anonymous>:75:3)
    at Template.render (C:\Users\anarayan\AppData\Roaming\npm\node_modules\markbind-cli\node_modules\nunjucks\src\environment.js:550:10)
    at Environment.renderString (C:\Users\anarayan\AppData\Roaming\npm\node_modules\markbind-cli\node_modules\nunjucks\src\environment.js:378:17)
    at VariableRenderer.render (C:\Users\anarayan\AppData\Roaming\npm\node_modules\markbind-cli\node_modules\@markbind\core\src\variables\VariableRenderer.js:79:17)
    at VariableProcessor.renderSiteVariables (C:\Users\anarayan\AppData\Roaming\npm\node_modules\markbind-cli\node_modules\@markbind\core\src\variables\VariableProcessor.js:151:53)
    at VariableProcessor.renderPage (C:\Users\anarayan\AppData\Roaming\npm\node_modules\markbind-cli\node_modules\@markbind\core\src\variables\VariableProcessor.js:426:17)
    at fs.readFileAsync.then.result (C:\Users\anarayan\AppData\Roaming\npm\node_modules\markbind-cli\node_modules\@markbind\core\src\Page\index.js:972:46)
    at tryCatcher (C:\Users\anarayan\AppData\Roaming\npm\node_modules\markbind-cli\node_modules\bluebird\js\release\util.js:16:23)
    at Promise._settlePromiseFromHandler (C:\Users\anarayan\AppData\Roaming\npm\node_modules\markbind-cli\node_modules\bluebird\js\release\promise.js:547:31)
    at Promise._settlePromise (C:\Users\anarayan\AppData\Roaming\npm\node_modules\markbind-cli\node_modules\bluebird\js\release\promise.js:604:18)
    at Promise._settlePromise0 (C:\Users\anarayan\AppData\Roaming\npm\node_modules\markbind-cli\node_modules\bluebird\js\release\promise.js:649:10)
    at Promise._settlePromises (C:\Users\anarayan\AppData\Roaming\npm\node_modules\markbind-cli\node_modules\bluebird\js\release\promise.js:729:18)
    at Promise._fulfill (C:\Users\anarayan\AppData\Roaming\npm\node_modules\markbind-cli\node_modules\bluebird\js\release\promise.js:673:18)
    at C:\Users\anarayan\AppData\Roaming\npm\node_modules\markbind-cli\node_modules\bluebird\js\release\nodeback.js:42:21
2021-01-15T16:59:06.706Z - warn:  Error: Error while generating D:\Teaching\CS2113\_AY2021S2\ay2021sem2-website\admin\appendixC-faq.md
    at page.generate.then.catch (C:\Users\anarayan\AppData\Roaming\npm\node_modules\markbind-cli\node_modules\@markbind\core\src\Site\index.js:1016:18)
    at tryCatcher (C:\Users\anarayan\AppData\Roaming\npm\node_modules\markbind-cli\node_modules\bluebird\js\release\util.js:16:23)
    at Promise._settlePromiseFromHandler (C:\Users\anarayan\AppData\Roaming\npm\node_modules\markbind-cli\node_modules\bluebird\js\release\promise.js:547:31)
    at Promise._settlePromise (C:\Users\anarayan\AppData\Roaming\npm\node_modules\markbind-cli\node_modules\bluebird\js\release\promise.js:604:18)
    at Promise._settlePromise0 (C:\Users\anarayan\AppData\Roaming\npm\node_modules\markbind-cli\node_modules\bluebird\js\release\promise.js:649:10)
    at Promise._settlePromises (C:\Users\anarayan\AppData\Roaming\npm\node_modules\markbind-cli\node_modules\bluebird\js\release\promise.js:725:18)
    at _drainQueueStep (C:\Users\anarayan\AppData\Roaming\npm\node_modules\markbind-cli\node_modules\bluebird\js\release\async.js:93:12)
    at _drainQueue (C:\Users\anarayan\AppData\Roaming\npm\node_modules\markbind-cli\node_modules\bluebird\js\release\async.js:86:9)
    at Async._drainQueues (C:\Users\anarayan\AppData\Roaming\npm\node_modules\markbind-cli\node_modules\bluebird\js\release\async.js:102:5)
    at Immediate.Async.drainQueues [as _onImmediate] (C:\Users\anarayan\AppData\Roaming\npm\node_modules\markbind-cli\node_modules\bluebird\js\release\async.js:15:14)
    at runCallback (timers.js:705:18)
    at tryOnImmediate (timers.js:676:5)
    at processImmediate (timers.js:658:5)
2021-01-15T16:59:06.708Z - error: Error while generating D:\Teaching\CS2113\_AY2021S2\ay2021sem2-website\admin\appendixC-faq.md
2021-01-15T17:01:53.036Z - info: Website generation started at 1:01:53 AM
2021-01-15T17:01:57.015Z - info: Building assets...
2021-01-15T17:02:00.144Z - info: Assets built
2021-01-15T17:02:00.144Z - info: Generating pages...
2021-01-15T17:02:09.446Z - debug: The process cannot access the file because it is being used by another process.

2021-01-15T17:02:09.460Z - debug: The process cannot access the file because it is being used by another process.

2021-01-15T17:02:11.751Z - debug:  
2021-01-15T17:02:11.751Z - debug:  
2021-01-15T17:02:11.752Z - debug:  
2021-01-15T17:02:11.752Z - debug:  
2021-01-15T17:02:11.752Z - debug:  
2021-01-15T17:02:14.310Z - debug:  
2021-01-15T17:02:20.041Z - debug:  
2021-01-15T17:02:20.042Z - debug:  
2021-01-15T17:02:20.042Z - debug: The process cannot access the file because it is being used by another process.

2021-01-15T17:02:20.043Z - debug: The process cannot access the file because it is being used by another process.

2021-01-15T17:02:20.043Z - debug:  
2021-01-15T17:02:20.043Z - debug:  
2021-01-15T17:02:22.249Z - debug: The process cannot access the file because it is being used by another process.

2021-01-15T17:02:22.250Z - debug: The process cannot access the file because it is being used by another process.

2021-01-15T17:02:22.754Z - debug: The process cannot access the file because it is being used by another process.

2021-01-15T17:02:22.755Z - debug: The process cannot access the file because it is being used by another process.

2021-01-15T17:02:22.887Z - debug:  
2021-01-15T17:02:22.887Z - debug: The process cannot access the file because it is being used by another process.

2021-01-15T17:02:23.049Z - debug:  
2021-01-15T17:02:25.966Z - debug:  
2021-01-15T17:02:38.558Z - debug: The process cannot access the file because it is being used by another process.

2021-01-15T17:02:38.559Z - debug: The process cannot access the file because it is being used by another process.

2021-01-15T17:02:40.568Z - debug: The process cannot access the file because it is being used by another process.

2021-01-15T17:02:41.629Z - debug:  
2021-01-15T17:02:43.276Z - debug: The process cannot access the file because it is being used by another process.

2021-01-15T17:02:44.162Z - debug: The process cannot access the file because it is being used by another process.

2021-01-15T17:02:45.712Z - debug: The process cannot access the file because it is being used by another process.

2021-01-15T17:02:45.713Z - debug:  
2021-01-15T17:02:48.431Z - debug: The process cannot access the file because it is being used by another process.

2021-01-15T17:02:48.432Z - debug: The process cannot access the file because it is being used by another process.

2021-01-15T17:02:50.605Z - debug: The process cannot access the file because it is being used by another process.

2021-01-15T17:02:50.606Z - debug: The process cannot access the file because it is being used by another process.

2021-01-15T17:02:52.184Z - debug:  
2021-01-15T17:02:52.185Z - debug:  
2021-01-15T17:02:55.184Z - debug:  
2021-01-15T17:02:55.314Z - debug:  
2021-01-15T17:03:00.878Z - debug: The process cannot access the file because it is being used by another process.

2021-01-15T17:03:02.656Z - debug: The process cannot access the file because it is being used by another process.

2021-01-15T17:03:03.697Z - debug:  
2021-01-15T17:03:27.040Z - debug:  
2021-01-15T17:03:27.041Z - debug:  
2021-01-15T17:03:27.041Z - debug:  
2021-01-15T17:03:27.041Z - debug:  
2021-01-15T17:03:33.886Z - debug:  
2021-01-15T17:03:33.886Z - debug:  
2021-01-15T17:03:33.886Z - debug:  
2021-01-15T17:03:39.416Z - debug:  
2021-01-15T17:03:43.681Z - debug:  
2021-01-15T17:03:43.682Z - debug:  
2021-01-15T17:03:43.682Z - debug:  
2021-01-15T17:03:43.682Z - debug:  
2021-01-15T17:03:55.875Z - debug:  
2021-01-15T17:03:55.875Z - debug:  
2021-01-15T17:03:56.414Z - debug:  
2021-01-15T17:04:00.110Z - debug:  
2021-01-15T17:04:25.518Z - debug:  
2021-01-15T17:04:42.620Z - debug:  
2021-01-15T17:04:42.621Z - debug:  
2021-01-15T17:04:42.621Z - debug:  
2021-01-15T17:05:15.591Z - debug:  
2021-01-15T17:05:31.403Z - debug:  
2021-01-15T17:05:32.063Z - debug:  
2021-01-15T17:05:42.359Z - info: Pages built
2021-01-15T17:06:06.829Z - info: Website generation complete! Total build time: 253.799s
2021-01-15T17:06:06.830Z - info: Build success!
2021-01-15T17:06:06.830Z - debug:  
2021-01-15T17:06:06.834Z - info: Site data built
2021-01-15T17:10:32.639Z - error: remote: Permission to nus-cs2113-AY2021S2/website.git denied to okkhoy.
fatal: unable to access 'https://github.com/nus-cs2113-AY2021S2/website.git/': The requested URL returned error: 403

2021-01-15T17:12:00.507Z - error: remote: Permission to nus-cs2113-AY2021S2/website.git denied to okkhoy.
fatal: unable to access 'https://github.com/nus-cs2113-AY2021S2/website.git/': The requested URL returned error: 403

2021-01-15T17:13:15.688Z - info: Website generation started at 1:13:11 AM
2021-01-15T17:13:19.580Z - info: Building assets...
2021-01-15T17:13:22.650Z - info: Assets built
2021-01-15T17:13:22.651Z - info: Generating pages...
2021-01-15T17:13:39.966Z - debug: The process cannot access the file because it is being used by another process.

2021-01-15T17:13:39.967Z - debug: The process cannot access the file because it is being used by another process.

2021-01-15T17:13:43.025Z - debug:  
2021-01-15T17:13:43.026Z - debug:  
2021-01-15T17:13:43.026Z - debug:  
2021-01-15T17:13:43.026Z - debug:  
2021-01-15T17:13:43.026Z - debug:  
2021-01-15T17:13:46.095Z - debug:  
2021-01-15T17:13:50.336Z - debug:  
2021-01-15T17:13:50.337Z - debug:  
2021-01-15T17:13:50.344Z - debug: The process cannot access the file because it is being used by another process.

2021-01-15T17:13:50.344Z - debug: The process cannot access the file because it is being used by another process.

2021-01-15T17:13:50.345Z - debug:  
2021-01-15T17:13:50.396Z - debug:  
2021-01-15T17:13:52.527Z - debug: The process cannot access the file because it is being used by another process.

2021-01-15T17:13:52.528Z - debug: The process cannot access the file because it is being used by another process.

2021-01-15T17:13:53.131Z - debug: The process cannot access the file because it is being used by another process.

2021-01-15T17:13:53.131Z - debug: The process cannot access the file because it is being used by another process.

2021-01-15T17:13:53.271Z - debug: The process cannot access the file because it is being used by another process.

2021-01-15T17:13:53.271Z - debug: The process cannot access the file because it is being used by another process.

2021-01-15T17:13:53.305Z - debug:  
2021-01-15T17:13:53.418Z - debug:  
2021-01-15T17:14:06.234Z - debug: The process cannot access the file because it is being used by another process.

2021-01-15T17:14:06.777Z - debug: The process cannot access the file because it is being used by another process.

2021-01-15T17:14:07.900Z - debug: The process cannot access the file because it is being used by another process.

2021-01-15T17:14:08.628Z - debug:  
2021-01-15T17:14:09.265Z - debug: The process cannot access the file because it is being used by another process.

2021-01-15T17:14:10.161Z - debug: The process cannot access the file because it is being used by another process.

2021-01-15T17:14:11.925Z - debug: The process cannot access the file because it is being used by another process.

2021-01-15T17:14:11.979Z - debug:  
2021-01-15T17:14:14.221Z - debug: The process cannot access the file because it is being used by another process.

2021-01-15T17:14:14.222Z - debug: The process cannot access the file because it is being used by another process.

2021-01-15T17:14:16.927Z - debug: The process cannot access the file because it is being used by another process.

2021-01-15T17:14:16.927Z - debug: The process cannot access the file because it is being used by another process.

2021-01-15T17:14:18.773Z - debug:  
2021-01-15T17:14:18.774Z - debug:  
2021-01-15T17:14:21.776Z - debug:  
2021-01-15T17:14:21.894Z - debug:  
2021-01-15T17:14:31.189Z - debug: The process cannot access the file because it is being used by another process.

2021-01-15T17:14:34.249Z - debug: The process cannot access the file because it is being used by another process.

2021-01-15T17:14:35.409Z - debug:  
2021-01-15T17:15:06.276Z - debug:  
2021-01-15T17:15:06.524Z - debug:  
2021-01-15T17:15:06.525Z - debug:  
2021-01-15T17:15:07.202Z - debug:  
2021-01-15T17:15:12.991Z - debug:  
2021-01-15T17:15:14.319Z - debug:  
2021-01-15T17:15:14.320Z - debug:  
2021-01-15T17:15:23.160Z - debug:  
2021-01-15T17:15:23.776Z - debug:  
2021-01-15T17:15:23.776Z - debug:  
2021-01-15T17:15:23.777Z - debug:  
2021-01-15T17:15:23.777Z - debug:  
2021-01-15T17:15:34.638Z - debug:  
2021-01-15T17:15:34.639Z - debug:  
2021-01-15T17:15:34.916Z - debug:  
2021-01-15T17:15:39.553Z - debug:  
2021-01-15T17:16:00.428Z - debug:  
2021-01-15T17:16:09.167Z - debug:  
2021-01-15T17:16:09.168Z - debug:  
2021-01-15T17:16:09.168Z - debug:  
2021-01-15T17:16:36.705Z - debug:  
2021-01-15T17:16:53.420Z - debug:  
2021-01-15T17:16:53.420Z - debug:  
2021-01-15T17:17:04.050Z - info: Pages built
2021-01-15T17:17:28.655Z - info: Website generation complete! Total build time: 256.901s
2021-01-15T17:17:28.655Z - info: Build success!
2021-01-15T17:17:28.656Z - debug:  
2021-01-15T17:17:28.658Z - info: Site data built
2021-01-15T17:18:10.177Z - error: remote: Permission to nus-cs2113-AY2021S2/website.git denied to okkhoy.
fatal: unable to access 'https://github.com/nus-cs2113-AY2021S2/website.git/': The requested URL returned error: 403

2021-01-16T06:26:53.479Z - error: remote: Permission to nus-cs2113-AY2021S2/website.git denied to okkhoy.
fatal: unable to access 'https://github.com/nus-cs2113-AY2021S2/website.git/': The requested URL returned error: 403

2021-01-16T06:50:56.416Z - info: Website generation started at 2:50:51 PM
2021-01-16T06:51:01.917Z - info: Building assets...
2021-01-16T06:51:06.910Z - info: Assets built
2021-01-16T06:51:06.911Z - info: Generating pages...
2021-01-16T06:51:22.374Z - debug: The process cannot access the file because it is being used by another process.

2021-01-16T06:51:22.374Z - debug: The process cannot access the file because it is being used by another process.

2021-01-16T06:51:26.184Z - debug:  
2021-01-16T06:51:26.184Z - debug:  
2021-01-16T06:51:26.185Z - debug:  
2021-01-16T06:51:26.186Z - debug:  
2021-01-16T06:51:26.186Z - debug:  
2021-01-16T06:51:28.977Z - debug:  
2021-01-16T06:51:30.249Z - debug:  
2021-01-16T06:51:36.001Z - debug:  
2021-01-16T06:51:36.002Z - debug: The process cannot access the file because it is being used by another process.

2021-01-16T06:51:36.003Z - debug: The process cannot access the file because it is being used by another process.

2021-01-16T06:51:36.003Z - debug:  
2021-01-16T06:51:36.003Z - debug:  
2021-01-16T06:51:38.875Z - debug: The process cannot access the file because it is being used by another process.

2021-01-16T06:51:38.875Z - debug: The process cannot access the file because it is being used by another process.

2021-01-16T06:51:39.800Z - debug: The process cannot access the file because it is being used by another process.

2021-01-16T06:51:39.800Z - debug:  
2021-01-16T06:51:39.801Z - debug:  
2021-01-16T06:51:39.802Z - debug: The process cannot access the file because it is being used by another process.

2021-01-16T06:51:44.534Z - debug:  
2021-01-16T06:51:44.535Z - debug:  
2021-01-16T06:51:57.389Z - debug: The process cannot access the file because it is being used by another process.

2021-01-16T06:51:58.310Z - debug: The process cannot access the file because it is being used by another process.

2021-01-16T06:51:59.489Z - debug: The process cannot access the file because it is being used by another process.

2021-01-16T06:52:00.260Z - debug: The process cannot access the file because it is being used by another process.

2021-01-16T06:52:00.262Z - debug:  
2021-01-16T06:52:01.591Z - debug: The process cannot access the file because it is being used by another process.

2021-01-16T06:52:03.488Z - debug: The process cannot access the file because it is being used by another process.

2021-01-16T06:52:04.172Z - debug:  
2021-01-16T06:52:06.237Z - debug: The process cannot access the file because it is being used by another process.

2021-01-16T06:52:06.239Z - debug: The process cannot access the file because it is being used by another process.

2021-01-16T06:52:08.819Z - debug: The process cannot access the file because it is being used by another process.

2021-01-16T06:52:08.820Z - debug: The process cannot access the file because it is being used by another process.

2021-01-16T06:52:11.472Z - debug:  
2021-01-16T06:52:11.472Z - debug:  
2021-01-16T06:52:14.735Z - debug:  
2021-01-16T06:52:15.083Z - debug:  
2021-01-16T06:52:21.740Z - debug: The process cannot access the file because it is being used by another process.

2021-01-16T06:52:23.505Z - debug: The process cannot access the file because it is being used by another process.

2021-01-16T06:52:24.616Z - debug:  
2021-01-16T06:52:45.654Z - debug:  
2021-01-16T06:52:45.655Z - debug:  
2021-01-16T06:52:45.655Z - debug:  
2021-01-16T06:52:46.394Z - debug:  
2021-01-16T06:52:51.799Z - debug:  
2021-01-16T06:52:52.455Z - debug:  
2021-01-16T06:52:54.220Z - debug:  
2021-01-16T06:53:03.126Z - debug:  
2021-01-16T06:53:03.127Z - debug:  
2021-01-16T06:53:03.127Z - debug:  
2021-01-16T06:53:03.820Z - debug:  
2021-01-16T06:53:03.821Z - debug:  
2021-01-16T06:53:11.519Z - debug:  
2021-01-16T06:53:13.473Z - debug:  
2021-01-16T06:53:13.750Z - debug:  
2021-01-16T06:53:18.748Z - debug:  
2021-01-16T06:53:51.704Z - debug:  
2021-01-16T06:53:58.840Z - debug:  
2021-01-16T06:53:58.840Z - debug:  
2021-01-16T06:53:58.840Z - debug:  
2021-01-16T06:54:29.100Z - debug:  
2021-01-16T06:54:46.286Z - debug:  
2021-01-16T06:54:46.729Z - debug:  
2021-01-16T06:54:56.790Z - info: Pages built
2021-01-16T06:55:23.199Z - info: Website generation complete! Total build time: 272.151s
2021-01-16T06:55:23.201Z - info: Build success!
2021-01-16T06:55:23.201Z - debug:  
2021-01-16T06:55:23.204Z - info: Site data built
2021-01-16T06:56:12.232Z - error: remote: Permission to nus-cs2113-AY2021S2/website.git denied to okkhoy.
fatal: unable to access 'https://github.com/nus-cs2113-AY2021S2/website.git/': The requested URL returned error: 403

2021-01-16T07:24:47.488Z - info: Deployed!
2021-01-16T15:36:27.551Z - info: Website generation started at 11:36:17 PM
2021-01-16T15:36:37.962Z - info: Building assets...
