2021-01-13T16:11:16.121Z - info: Website generation started at 12:11:05 AM
2021-01-13T16:11:20.927Z - info: Building assets...
2021-01-13T16:11:24.393Z - info: Assets built
2021-01-13T16:11:24.394Z - info: Generating pages...
2021-01-13T16:11:36.904Z - debug: The process cannot access the file because it is being used by another process.

2021-01-13T16:11:36.905Z - debug: The process cannot access the file because it is being used by another process.

2021-01-13T16:11:38.979Z - debug:  
2021-01-13T16:11:39.101Z - debug:  
2021-01-13T16:11:39.101Z - debug:  
2021-01-13T16:11:39.102Z - debug: The process cannot access the file because it is being used by another process.

2021-01-13T16:11:39.102Z - debug:  
2021-01-13T16:11:39.102Z - debug:  
2021-01-13T16:11:40.239Z - debug:  
2021-01-13T16:11:44.886Z - debug:  
2021-01-13T16:11:44.888Z - debug: The process cannot access the file because it is being used by another process.

2021-01-13T16:11:44.889Z - debug: The process cannot access the file because it is being used by another process.

2021-01-13T16:11:44.889Z - debug:  
2021-01-13T16:11:44.889Z - debug:  
2021-01-13T16:11:46.823Z - debug: The process cannot access the file because it is being used by another process.

2021-01-13T16:11:46.825Z - debug: The process cannot access the file because it is being used by another process.

2021-01-13T16:11:47.434Z - debug: The process cannot access the file because it is being used by another process.

2021-01-13T16:11:47.435Z - debug: The process cannot access the file because it is being used by another process.

2021-01-13T16:11:47.593Z - debug: The process cannot access the file because it is being used by another process.

2021-01-13T16:11:47.593Z - debug:  
2021-01-13T16:11:47.594Z - debug: The process cannot access the file because it is being used by another process.

2021-01-13T16:11:47.692Z - debug:  
2021-01-13T16:12:01.484Z - debug: The process cannot access the file because it is being used by another process.

2021-01-13T16:12:02.012Z - debug: The process cannot access the file because it is being used by another process.

2021-01-13T16:12:02.910Z - debug: The process cannot access the file because it is being used by another process.

2021-01-13T16:12:03.541Z - debug: The process cannot access the file because it is being used by another process.

2021-01-13T16:12:03.541Z - debug:  
2021-01-13T16:12:04.373Z - debug: The process cannot access the file because it is being used by another process.

2021-01-13T16:12:05.986Z - debug: The process cannot access the file because it is being used by another process.

2021-01-13T16:12:06.494Z - debug:  
2021-01-13T16:12:08.574Z - debug: The process cannot access the file because it is being used by another process.

2021-01-13T16:12:08.575Z - debug: The process cannot access the file because it is being used by another process.

2021-01-13T16:12:10.985Z - debug: The process cannot access the file because it is being used by another process.

2021-01-13T16:12:10.985Z - debug: The process cannot access the file because it is being used by another process.

2021-01-13T16:12:12.513Z - debug:  
2021-01-13T16:12:12.514Z - debug:  
2021-01-13T16:12:15.336Z - debug:  
2021-01-13T16:12:15.336Z - debug:  
2021-01-13T16:12:21.435Z - debug: The process cannot access the file because it is being used by another process.

2021-01-13T16:12:23.531Z - debug: The process cannot access the file because it is being used by another process.

2021-01-13T16:12:24.448Z - debug:  
2021-01-13T16:12:50.167Z - debug:  
2021-01-13T16:12:50.168Z - debug:  
2021-01-13T16:12:50.348Z - debug:  
2021-01-13T16:12:50.612Z - debug:  
2021-01-13T16:12:59.927Z - debug:  
2021-01-13T16:12:59.928Z - debug:  
2021-01-13T16:12:59.928Z - debug:  
2021-01-13T16:13:09.444Z - debug:  
2021-01-13T16:13:10.410Z - debug:  
2021-01-13T16:13:10.410Z - debug:  
2021-01-13T16:13:10.410Z - debug:  
2021-01-13T16:13:10.411Z - debug:  
2021-01-13T16:13:23.150Z - debug:  
2021-01-13T16:13:23.851Z - debug:  
2021-01-13T16:13:23.851Z - debug:  
2021-01-13T16:13:29.780Z - debug:  
2021-01-13T16:13:52.138Z - debug:  
2021-01-13T16:14:04.130Z - debug:  
2021-01-13T16:14:04.130Z - debug:  
2021-01-13T16:14:05.349Z - debug:  
2021-01-13T16:14:32.016Z - debug:  
2021-01-13T16:14:46.596Z - debug:  
2021-01-13T16:14:46.597Z - debug:  
2021-01-13T16:14:55.720Z - info: Pages built
2021-01-13T16:15:19.974Z - info: Website generation complete! Total build time: 254.901s
2021-01-13T16:15:19.976Z - info: Build success!
2021-01-13T16:15:19.979Z - debug:  
2021-01-13T16:15:19.984Z - info: Site data built
2021-01-13T16:16:13.647Z - info: Deployed!
2021-01-14T06:11:11.499Z - info: Website generation (lazy) started at 2:11:06 PM
2021-01-14T06:11:16.658Z - info: Building assets...
2021-01-14T06:11:21.196Z - info: Assets built
2021-01-14T06:11:21.197Z - info: Generating landing page...
2021-01-14T06:11:21.821Z - info: Landing page built, other pages will be built as you navigate to them!
2021-01-14T06:11:21.903Z - info: Website generation (lazy) complete! Total build time: 15.75s
2021-01-14T06:11:22.539Z - info: Serving "D:\Teaching\CS2113\_AY2021S2\website\_site" at http://127.0.0.1:8080
2021-01-14T06:11:22.540Z - info: Press CTRL+C to stop ...
2021-01-14T06:11:22.603Z - info: Site data built
2021-01-14T06:11:53.395Z - info: Building D:\Teaching\CS2113\_AY2021S2\website\admin\index as some of its dependencies were changed since the last visit
2021-01-14T06:11:53.914Z - info: Site data built
2021-01-14T06:11:53.915Z - info: Lazy website regeneration complete! Total build time: 0.522s
2021-01-14T06:11:57.099Z - info: Building D:\Teaching\CS2113\_AY2021S2\website\admin\tools as some of its dependencies were changed since the last visit
2021-01-14T06:11:57.422Z - info: Site data built
2021-01-14T06:11:57.427Z - info: Lazy website regeneration complete! Total build time: 0.328s
2021-01-14T06:12:26.522Z - info: [2:12:26 PM] Reload for file change: D:\Teaching\CS2113\_AY2021S2\website\admin\tools.md
2021-01-14T06:12:27.532Z - info: Rebuilding 1 pages
2021-01-14T06:12:28.123Z - info: Pages rebuilt
2021-01-14T06:12:28.124Z - info: Website regeneration complete! Total build time: 0.596s
2021-01-14T06:12:28.130Z - info: Site data built
2021-01-14T06:13:02.838Z - info: [2:13:02 PM] Reload for file change: D:\Teaching\CS2113\_AY2021S2\website\admin\tools.md
2021-01-14T06:13:03.846Z - info: Rebuilding 1 pages
2021-01-14T06:13:04.172Z - info: Pages rebuilt
2021-01-14T06:13:04.173Z - info: Website regeneration complete! Total build time: 0.327s
2021-01-14T06:13:04.186Z - info: Site data built
2021-01-14T06:13:40.987Z - info: [2:13:40 PM] Reload for file change: D:\Teaching\CS2113\_AY2021S2\website\_markbind\headers\header.md
2021-01-14T06:13:41.991Z - info: Rebuilding 1 pages
2021-01-14T06:13:42.328Z - info: Pages rebuilt
2021-01-14T06:13:42.328Z - info: Website regeneration complete! Total build time: 0.34s
2021-01-14T06:13:42.336Z - info: Site data built
2021-01-14T06:14:05.643Z - info: [2:14:05 PM] Reload for file change: D:\Teaching\CS2113\_AY2021S2\website\_markbind\headers\header.md
2021-01-14T06:14:06.646Z - info: Rebuilding 1 pages
2021-01-14T06:14:07.122Z - info: Pages rebuilt
2021-01-14T06:14:07.122Z - info: Website regeneration complete! Total build time: 0.477s
2021-01-14T06:14:07.146Z - info: [2:14:07 PM] Reload for file change: D:\Teaching\CS2113\_AY2021S2\website\_markbind\headers\header.md
2021-01-14T06:14:07.148Z - info: Site data built
2021-01-14T06:14:08.163Z - info: Rebuilding 1 pages
2021-01-14T06:14:08.488Z - info: Pages rebuilt
2021-01-14T06:14:08.489Z - info: Website regeneration complete! Total build time: 0.341s
2021-01-14T06:14:08.493Z - info: Site data built
2021-01-14T06:14:15.890Z - info: Building D:\Teaching\CS2113\_AY2021S2\website\admin\instructors as some of its dependencies were changed since the last visit
2021-01-14T06:14:16.036Z - info: Site data built
2021-01-14T06:14:16.036Z - info: Lazy website regeneration complete! Total build time: 0.148s
2021-01-14T06:14:46.651Z - info: Building D:\Teaching\CS2113\_AY2021S2\website\admin\tutorials as some of its dependencies were changed since the last visit
2021-01-14T06:14:46.918Z - info: Site data built
2021-01-14T06:14:46.919Z - info: Lazy website regeneration complete! Total build time: 0.27s
2021-01-14T06:15:39.455Z - info: [2:15:39 PM] Reload for file change: D:\Teaching\CS2113\_AY2021S2\website\_markbind\headers\header.md
2021-01-14T06:15:40.466Z - info: Rebuilding 1 pages
2021-01-14T06:15:40.848Z - info: Pages rebuilt
2021-01-14T06:15:40.849Z - info: Website regeneration complete! Total build time: 0.392s
2021-01-14T06:15:40.858Z - info: Site data built
2021-01-14T06:15:55.470Z - info: Building D:\Teaching\CS2113\_AY2021S2\website\admin\ip-overview as some of its dependencies were changed since the last visit
2021-01-14T06:15:55.718Z - info: Site data built
2021-01-14T06:15:55.721Z - info: Lazy website regeneration complete! Total build time: 0.252s
2021-01-14T06:16:21.350Z - info: Building D:\Teaching\CS2113\_AY2021S2\website\admin\tp-expectations as some of its dependencies were changed since the last visit
2021-01-14T06:16:21.765Z - info: Site data built
2021-01-14T06:16:21.766Z - info: Lazy website regeneration complete! Total build time: 0.417s
2021-01-14T06:16:35.006Z - info: Building D:\Teaching\CS2113\_AY2021S2\website\admin\teamList as some of its dependencies were changed since the last visit
2021-01-14T06:16:36.276Z - info: Site data built
2021-01-14T06:16:36.277Z - info: Lazy website regeneration complete! Total build time: 1.272s
2021-01-14T06:17:20.024Z - info: [2:17:20 PM] Reload for file change: D:\Teaching\CS2113\_AY2021S2\website\admin\teamList.md
2021-01-14T06:17:21.031Z - info: Rebuilding 1 pages
2021-01-14T06:17:21.326Z - info: Pages rebuilt
2021-01-14T06:17:21.327Z - info: Website regeneration complete! Total build time: 0.298s
2021-01-14T06:17:21.334Z - info: Site data built
2021-01-14T06:17:49.129Z - info: [2:17:49 PM] Reload for file change: D:\Teaching\CS2113\_AY2021S2\website\admin\teamList.md
2021-01-14T06:17:50.137Z - info: Rebuilding 1 pages
2021-01-14T06:17:50.370Z - info: Pages rebuilt
2021-01-14T06:17:50.371Z - info: Website regeneration complete! Total build time: 0.239s
2021-01-14T06:17:50.377Z - info: Site data built
2021-01-14T06:18:30.838Z - info: [2:18:30 PM] Reload for file change: D:\Teaching\CS2113\_AY2021S2\website\admin\teamList.md
2021-01-14T06:18:31.842Z - info: Rebuilding 1 pages
2021-01-14T06:18:32.061Z - info: Pages rebuilt
2021-01-14T06:18:32.061Z - info: Website regeneration complete! Total build time: 0.221s
2021-01-14T06:18:32.068Z - info: Site data built
2021-01-14T06:18:57.490Z - info: Building D:\Teaching\CS2113\_AY2021S2\website\admin\index as some of its dependencies were changed since the last visit
2021-01-14T06:18:57.847Z - info: Site data built
2021-01-14T06:18:57.854Z - info: Lazy website regeneration complete! Total build time: 0.366s
2021-01-14T06:19:00.442Z - info: Building D:\Teaching\CS2113\_AY2021S2\website\se-book-adapted\index as some of its dependencies were changed since the last visit
2021-01-14T06:19:00.610Z - info: Site data built
2021-01-14T06:19:00.611Z - info: Lazy website regeneration complete! Total build time: 0.169s
2021-01-14T06:19:47.565Z - info: Building D:\Teaching\CS2113\_AY2021S2\website\schedule\week2\index as some of its dependencies were changed since the last visit
2021-01-14T06:19:48.243Z - info: Site data built
2021-01-14T06:19:48.247Z - info: Lazy website regeneration complete! Total build time: 0.682s
2021-01-14T06:19:53.154Z - info: Building D:\Teaching\CS2113\_AY2021S2\website\schedule\week2\admin as some of its dependencies were changed since the last visit
2021-01-14T06:19:53.269Z - error:  Error: No such segment 'coursemology' in file: D:\Teaching\CS2113\_AY2021S2\website\admin\tools.md
Missing reference in D:\Teaching\CS2113\_AY2021S2\website\admin\admin-tasks.mbdf
    at _preprocessInclude (C:\Users\anarayan\AppData\Roaming\npm\node_modules\markbind-cli\node_modules\@markbind\core\src\preprocessors\componentPreprocessor.js:264:21)
    at preProcessComponent (C:\Users\anarayan\AppData\Roaming\npm\node_modules\markbind-cli\node_modules\@markbind\core\src\preprocessors\componentPreprocessor.js:349:12)
    at node.children.node.children.map.e (C:\Users\anarayan\AppData\Roaming\npm\node_modules\markbind-cli\node_modules\@markbind\core\src\preprocessors\componentPreprocessor.js:124:46)
    at Array.map (<anonymous>)
    at _preProcessPanel (C:\Users\anarayan\AppData\Roaming\npm\node_modules\markbind-cli\node_modules\@markbind\core\src\preprocessors\componentPreprocessor.js:124:37)
    at preProcessComponent (C:\Users\anarayan\AppData\Roaming\npm\node_modules\markbind-cli\node_modules\@markbind\core\src\preprocessors\componentPreprocessor.js:343:12)
    at element.children.element.children.map.e (C:\Users\anarayan\AppData\Roaming\npm\node_modules\markbind-cli\node_modules\@markbind\core\src\preprocessors\componentPreprocessor.js:356:52)
    at Array.map (<anonymous>)
    at preProcessComponent (C:\Users\anarayan\AppData\Roaming\npm\node_modules\markbind-cli\node_modules\@markbind\core\src\preprocessors\componentPreprocessor.js:356:43)
    at element.children.element.children.map.e (C:\Users\anarayan\AppData\Roaming\npm\node_modules\markbind-cli\node_modules\@markbind\core\src\preprocessors\componentPreprocessor.js:356:52)
    at Array.map (<anonymous>)
    at preProcessComponent (C:\Users\anarayan\AppData\Roaming\npm\node_modules\markbind-cli\node_modules\@markbind\core\src\preprocessors\componentPreprocessor.js:356:43)
    at element.children.element.children.map.e (C:\Users\anarayan\AppData\Roaming\npm\node_modules\markbind-cli\node_modules\@markbind\core\src\preprocessors\componentPreprocessor.js:298:50)
    at Array.map (<anonymous>)
    at _preprocessInclude (C:\Users\anarayan\AppData\Roaming\npm\node_modules\markbind-cli\node_modules\@markbind\core\src\preprocessors\componentPreprocessor.js:298:41)
    at preProcessComponent (C:\Users\anarayan\AppData\Roaming\npm\node_modules\markbind-cli\node_modules\@markbind\core\src\preprocessors\componentPreprocessor.js:349:12)
2021-01-14T06:19:53.859Z - info: Site data built
2021-01-14T06:19:53.865Z - info: Lazy website regeneration complete! Total build time: 0.705s
2021-01-14T06:20:39.457Z - info: [2:20:39 PM] Reload for file change: D:\Teaching\CS2113\_AY2021S2\website\admin\admin-tasks.mbdf
2021-01-14T06:20:40.461Z - info: Rebuilding 1 pages
2021-01-14T06:20:40.692Z - error:  Error: No such segment 'coursemology' in file: D:\Teaching\CS2113\_AY2021S2\website\admin\tools.md
Missing reference in D:\Teaching\CS2113\_AY2021S2\website\admin\admin-tasks.mbdf
    at _preprocessInclude (C:\Users\anarayan\AppData\Roaming\npm\node_modules\markbind-cli\node_modules\@markbind\core\src\preprocessors\componentPreprocessor.js:264:21)
    at preProcessComponent (C:\Users\anarayan\AppData\Roaming\npm\node_modules\markbind-cli\node_modules\@markbind\core\src\preprocessors\componentPreprocessor.js:349:12)
    at node.children.node.children.map.e (C:\Users\anarayan\AppData\Roaming\npm\node_modules\markbind-cli\node_modules\@markbind\core\src\preprocessors\componentPreprocessor.js:124:46)
    at Array.map (<anonymous>)
    at _preProcessPanel (C:\Users\anarayan\AppData\Roaming\npm\node_modules\markbind-cli\node_modules\@markbind\core\src\preprocessors\componentPreprocessor.js:124:37)
    at preProcessComponent (C:\Users\anarayan\AppData\Roaming\npm\node_modules\markbind-cli\node_modules\@markbind\core\src\preprocessors\componentPreprocessor.js:343:12)
    at element.children.element.children.map.e (C:\Users\anarayan\AppData\Roaming\npm\node_modules\markbind-cli\node_modules\@markbind\core\src\preprocessors\componentPreprocessor.js:356:52)
    at Array.map (<anonymous>)
    at preProcessComponent (C:\Users\anarayan\AppData\Roaming\npm\node_modules\markbind-cli\node_modules\@markbind\core\src\preprocessors\componentPreprocessor.js:356:43)
    at element.children.element.children.map.e (C:\Users\anarayan\AppData\Roaming\npm\node_modules\markbind-cli\node_modules\@markbind\core\src\preprocessors\componentPreprocessor.js:356:52)
    at Array.map (<anonymous>)
    at preProcessComponent (C:\Users\anarayan\AppData\Roaming\npm\node_modules\markbind-cli\node_modules\@markbind\core\src\preprocessors\componentPreprocessor.js:356:43)
    at element.children.element.children.map.e (C:\Users\anarayan\AppData\Roaming\npm\node_modules\markbind-cli\node_modules\@markbind\core\src\preprocessors\componentPreprocessor.js:298:50)
    at Array.map (<anonymous>)
    at _preprocessInclude (C:\Users\anarayan\AppData\Roaming\npm\node_modules\markbind-cli\node_modules\@markbind\core\src\preprocessors\componentPreprocessor.js:298:41)
    at preProcessComponent (C:\Users\anarayan\AppData\Roaming\npm\node_modules\markbind-cli\node_modules\@markbind\core\src\preprocessors\componentPreprocessor.js:349:12)
2021-01-14T06:20:41.856Z - info: Pages rebuilt
2021-01-14T06:20:41.857Z - info: Website regeneration complete! Total build time: 1.397s
2021-01-14T06:20:41.861Z - info: Site data built
2021-01-14T06:21:23.828Z - info: [2:21:23 PM] Reload for file change: D:\Teaching\CS2113\_AY2021S2\website\admin\admin-tasks.mbdf
2021-01-14T06:21:24.832Z - info: Rebuilding 1 pages
2021-01-14T06:21:24.970Z - error:  Error: No such segment 'coursemology' in file: D:\Teaching\CS2113\_AY2021S2\website\admin\tools.md
Missing reference in D:\Teaching\CS2113\_AY2021S2\website\admin\admin-tasks.mbdf
    at _preprocessInclude (C:\Users\anarayan\AppData\Roaming\npm\node_modules\markbind-cli\node_modules\@markbind\core\src\preprocessors\componentPreprocessor.js:264:21)
    at preProcessComponent (C:\Users\anarayan\AppData\Roaming\npm\node_modules\markbind-cli\node_modules\@markbind\core\src\preprocessors\componentPreprocessor.js:349:12)
    at node.children.node.children.map.e (C:\Users\anarayan\AppData\Roaming\npm\node_modules\markbind-cli\node_modules\@markbind\core\src\preprocessors\componentPreprocessor.js:124:46)
    at Array.map (<anonymous>)
    at _preProcessPanel (C:\Users\anarayan\AppData\Roaming\npm\node_modules\markbind-cli\node_modules\@markbind\core\src\preprocessors\componentPreprocessor.js:124:37)
    at preProcessComponent (C:\Users\anarayan\AppData\Roaming\npm\node_modules\markbind-cli\node_modules\@markbind\core\src\preprocessors\componentPreprocessor.js:343:12)
    at element.children.element.children.map.e (C:\Users\anarayan\AppData\Roaming\npm\node_modules\markbind-cli\node_modules\@markbind\core\src\preprocessors\componentPreprocessor.js:356:52)
    at Array.map (<anonymous>)
    at preProcessComponent (C:\Users\anarayan\AppData\Roaming\npm\node_modules\markbind-cli\node_modules\@markbind\core\src\preprocessors\componentPreprocessor.js:356:43)
    at element.children.element.children.map.e (C:\Users\anarayan\AppData\Roaming\npm\node_modules\markbind-cli\node_modules\@markbind\core\src\preprocessors\componentPreprocessor.js:356:52)
    at Array.map (<anonymous>)
    at preProcessComponent (C:\Users\anarayan\AppData\Roaming\npm\node_modules\markbind-cli\node_modules\@markbind\core\src\preprocessors\componentPreprocessor.js:356:43)
    at element.children.element.children.map.e (C:\Users\anarayan\AppData\Roaming\npm\node_modules\markbind-cli\node_modules\@markbind\core\src\preprocessors\componentPreprocessor.js:298:50)
    at Array.map (<anonymous>)
    at _preprocessInclude (C:\Users\anarayan\AppData\Roaming\npm\node_modules\markbind-cli\node_modules\@markbind\core\src\preprocessors\componentPreprocessor.js:298:41)
    at preProcessComponent (C:\Users\anarayan\AppData\Roaming\npm\node_modules\markbind-cli\node_modules\@markbind\core\src\preprocessors\componentPreprocessor.js:349:12)
2021-01-14T06:21:25.454Z - info: Pages rebuilt
2021-01-14T06:21:25.455Z - info: Website regeneration complete! Total build time: 0.623s
2021-01-14T06:21:25.459Z - info: Site data built
2021-01-14T06:22:54.559Z - info: [2:22:54 PM] Reload for file change: D:\Teaching\CS2113\_AY2021S2\website\admin\admin-tasks.mbdf
2021-01-14T06:22:55.561Z - info: Rebuilding 1 pages
2021-01-14T06:22:56.311Z - info: Pages rebuilt
2021-01-14T06:22:56.312Z - info: Website regeneration complete! Total build time: 0.752s
2021-01-14T06:22:56.316Z - info: Site data built
2021-01-14T06:23:23.826Z - info: [2:23:23 PM] Reload for file change: D:\Teaching\CS2113\_AY2021S2\website\admin\admin-tasks.mbdf
2021-01-14T06:23:24.833Z - info: Rebuilding 1 pages
2021-01-14T06:23:25.640Z - info: Pages rebuilt
2021-01-14T06:23:25.640Z - info: Website regeneration complete! Total build time: 0.811s
2021-01-14T06:23:25.644Z - info: Site data built
2021-01-14T06:23:41.191Z - info: [2:23:41 PM] Reload for file change: D:\Teaching\CS2113\_AY2021S2\website\admin\admin-tasks.mbdf
2021-01-14T06:23:42.197Z - info: Rebuilding 1 pages
2021-01-14T06:23:42.959Z - info: Pages rebuilt
2021-01-14T06:23:42.959Z - info: Website regeneration complete! Total build time: 0.766s
2021-01-14T06:23:42.968Z - info: Site data built
2021-01-14T06:23:51.784Z - info: Building D:\Teaching\CS2113\_AY2021S2\website\schedule\week3\index as some of its dependencies were changed since the last visit
2021-01-14T06:23:52.334Z - info: Site data built
2021-01-14T06:23:52.335Z - info: Lazy website regeneration complete! Total build time: 0.552s
2021-01-14T06:23:59.255Z - info: Building D:\Teaching\CS2113\_AY2021S2\website\schedule\week3\admin as some of its dependencies were changed since the last visit
2021-01-14T06:23:59.801Z - info: Site data built
2021-01-14T06:23:59.802Z - info: Lazy website regeneration complete! Total build time: 0.549s
2021-01-14T15:06:45.809Z - info: Website generation started at 11:06:40 PM
2021-01-14T15:06:55.916Z - info: Building assets...
