2021-03-30T09:59:16.889Z - info: Website generation started at 5:59:10 pm
2021-03-30T09:59:21.181Z - info: Building assets...
2021-03-30T09:59:25.531Z - info: Assets built
2021-03-30T09:59:25.532Z - info: Generating pages...
2021-03-30T09:59:40.121Z - debug:  
2021-03-30T09:59:40.121Z - debug:  
2021-03-30T09:59:40.122Z - debug:  
2021-03-30T09:59:40.122Z - debug:  
2021-03-30T09:59:40.122Z - debug:  
2021-03-30T09:59:40.468Z - debug:  
2021-03-30T09:59:52.801Z - warn: "++" syntax for underlining will be deprecated in v3.0. Please use "$$".
filePath: D:\Teaching\CS2113\_AY2021S2\ay2021sem2-website\book\testCaseDesign\index.md
2021-03-30T09:59:52.802Z - warn: "++" syntax for underlining will be deprecated in v3.0. Please use "$$".
filePath: D:\Teaching\CS2113\_AY2021S2\ay2021sem2-website\book\testCaseDesign\index.md
2021-03-30T09:59:52.803Z - warn: "++" syntax for underlining will be deprecated in v3.0. Please use "$$".
filePath: D:\Teaching\CS2113\_AY2021S2\ay2021sem2-website\book\testCaseDesign\index.md
2021-03-30T09:59:52.803Z - warn: "++" syntax for underlining will be deprecated in v3.0. Please use "$$".
filePath: D:\Teaching\CS2113\_AY2021S2\ay2021sem2-website\book\testCaseDesign\index.md
2021-03-30T09:59:52.803Z - warn: "++" syntax for underlining will be deprecated in v3.0. Please use "$$".
filePath: D:\Teaching\CS2113\_AY2021S2\ay2021sem2-website\book\testCaseDesign\index.md
2021-03-30T09:59:52.804Z - warn: "++" syntax for underlining will be deprecated in v3.0. Please use "$$".
filePath: D:\Teaching\CS2113\_AY2021S2\ay2021sem2-website\book\testCaseDesign\index.md
2021-03-30T09:59:52.804Z - warn: "++" syntax for underlining will be deprecated in v3.0. Please use "$$".
filePath: D:\Teaching\CS2113\_AY2021S2\ay2021sem2-website\book\testCaseDesign\index.md
2021-03-30T09:59:52.804Z - warn: "++" syntax for underlining will be deprecated in v3.0. Please use "$$".
filePath: D:\Teaching\CS2113\_AY2021S2\ay2021sem2-website\book\testCaseDesign\index.md
2021-03-30T09:59:52.805Z - warn: "++" syntax for underlining will be deprecated in v3.0. Please use "$$".
filePath: D:\Teaching\CS2113\_AY2021S2\ay2021sem2-website\book\testCaseDesign\index.md
2021-03-30T09:59:52.805Z - warn: "++" syntax for underlining will be deprecated in v3.0. Please use "$$".
filePath: D:\Teaching\CS2113\_AY2021S2\ay2021sem2-website\book\testCaseDesign\index.md
2021-03-30T09:59:52.806Z - warn: "++" syntax for underlining will be deprecated in v3.0. Please use "$$".
filePath: D:\Teaching\CS2113\_AY2021S2\ay2021sem2-website\book\testCaseDesign\index.md
2021-03-30T09:59:52.806Z - warn: "++" syntax for underlining will be deprecated in v3.0. Please use "$$".
filePath: D:\Teaching\CS2113\_AY2021S2\ay2021sem2-website\book\testCaseDesign\index.md
2021-03-30T09:59:52.806Z - warn: "++" syntax for underlining will be deprecated in v3.0. Please use "$$".
filePath: D:\Teaching\CS2113\_AY2021S2\ay2021sem2-website\book\testCaseDesign\index.md
2021-03-30T09:59:52.807Z - warn: "++" syntax for underlining will be deprecated in v3.0. Please use "$$".
filePath: D:\Teaching\CS2113\_AY2021S2\ay2021sem2-website\book\testCaseDesign\index.md
2021-03-30T09:59:52.807Z - warn: "++" syntax for underlining will be deprecated in v3.0. Please use "$$".
filePath: D:\Teaching\CS2113\_AY2021S2\ay2021sem2-website\book\testCaseDesign\index.md
2021-03-30T09:59:52.807Z - warn: "++" syntax for underlining will be deprecated in v3.0. Please use "$$".
filePath: D:\Teaching\CS2113\_AY2021S2\ay2021sem2-website\book\testCaseDesign\index.md
2021-03-30T09:59:52.808Z - warn: "++" syntax for underlining will be deprecated in v3.0. Please use "$$".
filePath: D:\Teaching\CS2113\_AY2021S2\ay2021sem2-website\book\testCaseDesign\index.md
2021-03-30T09:59:52.808Z - warn: "++" syntax for underlining will be deprecated in v3.0. Please use "$$".
filePath: D:\Teaching\CS2113\_AY2021S2\ay2021sem2-website\book\testCaseDesign\index.md
2021-03-30T09:59:52.809Z - warn: "++" syntax for underlining will be deprecated in v3.0. Please use "$$".
filePath: D:\Teaching\CS2113\_AY2021S2\ay2021sem2-website\book\testCaseDesign\index.md
2021-03-30T09:59:52.809Z - warn: "++" syntax for underlining will be deprecated in v3.0. Please use "$$".
filePath: D:\Teaching\CS2113\_AY2021S2\ay2021sem2-website\book\testCaseDesign\index.md
2021-03-30T09:59:52.809Z - warn: "++" syntax for underlining will be deprecated in v3.0. Please use "$$".
filePath: D:\Teaching\CS2113\_AY2021S2\ay2021sem2-website\book\testCaseDesign\index.md
2021-03-30T09:59:52.810Z - warn: "++" syntax for underlining will be deprecated in v3.0. Please use "$$".
filePath: D:\Teaching\CS2113\_AY2021S2\ay2021sem2-website\book\testCaseDesign\index.md
2021-03-30T09:59:52.810Z - warn: "++" syntax for underlining will be deprecated in v3.0. Please use "$$".
filePath: D:\Teaching\CS2113\_AY2021S2\ay2021sem2-website\book\testCaseDesign\index.md
2021-03-30T09:59:52.810Z - warn: "++" syntax for underlining will be deprecated in v3.0. Please use "$$".
filePath: D:\Teaching\CS2113\_AY2021S2\ay2021sem2-website\book\testCaseDesign\index.md
2021-03-30T09:59:52.810Z - warn: "++" syntax for underlining will be deprecated in v3.0. Please use "$$".
filePath: D:\Teaching\CS2113\_AY2021S2\ay2021sem2-website\book\testCaseDesign\index.md
2021-03-30T09:59:52.811Z - warn: "++" syntax for underlining will be deprecated in v3.0. Please use "$$".
filePath: D:\Teaching\CS2113\_AY2021S2\ay2021sem2-website\book\testCaseDesign\index.md
2021-03-30T09:59:52.811Z - warn: "++" syntax for underlining will be deprecated in v3.0. Please use "$$".
filePath: D:\Teaching\CS2113\_AY2021S2\ay2021sem2-website\book\testCaseDesign\index.md
2021-03-30T09:59:52.811Z - warn: "++" syntax for underlining will be deprecated in v3.0. Please use "$$".
filePath: D:\Teaching\CS2113\_AY2021S2\ay2021sem2-website\book\testCaseDesign\index.md
2021-03-30T09:59:52.812Z - warn: "++" syntax for underlining will be deprecated in v3.0. Please use "$$".
filePath: D:\Teaching\CS2113\_AY2021S2\ay2021sem2-website\book\testCaseDesign\index.md
2021-03-30T09:59:52.812Z - warn: "++" syntax for underlining will be deprecated in v3.0. Please use "$$".
filePath: D:\Teaching\CS2113\_AY2021S2\ay2021sem2-website\book\testCaseDesign\index.md
2021-03-30T09:59:52.812Z - warn: "++" syntax for underlining will be deprecated in v3.0. Please use "$$".
filePath: D:\Teaching\CS2113\_AY2021S2\ay2021sem2-website\book\testCaseDesign\index.md
2021-03-30T09:59:52.813Z - warn: "++" syntax for underlining will be deprecated in v3.0. Please use "$$".
filePath: D:\Teaching\CS2113\_AY2021S2\ay2021sem2-website\book\testCaseDesign\index.md
2021-03-30T09:59:52.813Z - warn: "++" syntax for underlining will be deprecated in v3.0. Please use "$$".
filePath: D:\Teaching\CS2113\_AY2021S2\ay2021sem2-website\book\testCaseDesign\index.md
2021-03-30T09:59:52.813Z - warn: "++" syntax for underlining will be deprecated in v3.0. Please use "$$".
filePath: D:\Teaching\CS2113\_AY2021S2\ay2021sem2-website\book\testCaseDesign\index.md
2021-03-30T09:59:52.814Z - warn: "++" syntax for underlining will be deprecated in v3.0. Please use "$$".
filePath: D:\Teaching\CS2113\_AY2021S2\ay2021sem2-website\book\testCaseDesign\index.md
2021-03-30T09:59:52.814Z - warn: "++" syntax for underlining will be deprecated in v3.0. Please use "$$".
filePath: D:\Teaching\CS2113\_AY2021S2\ay2021sem2-website\book\testCaseDesign\index.md
2021-03-30T09:59:52.814Z - warn: "++" syntax for underlining will be deprecated in v3.0. Please use "$$".
filePath: D:\Teaching\CS2113\_AY2021S2\ay2021sem2-website\book\testCaseDesign\index.md
2021-03-30T09:59:52.815Z - warn: "++" syntax for underlining will be deprecated in v3.0. Please use "$$".
filePath: D:\Teaching\CS2113\_AY2021S2\ay2021sem2-website\book\testCaseDesign\index.md
2021-03-30T09:59:52.815Z - warn: "++" syntax for underlining will be deprecated in v3.0. Please use "$$".
filePath: D:\Teaching\CS2113\_AY2021S2\ay2021sem2-website\book\testCaseDesign\index.md
2021-03-30T09:59:52.815Z - warn: "++" syntax for underlining will be deprecated in v3.0. Please use "$$".
filePath: D:\Teaching\CS2113\_AY2021S2\ay2021sem2-website\book\testCaseDesign\index.md
2021-03-30T09:59:52.816Z - warn: "++" syntax for underlining will be deprecated in v3.0. Please use "$$".
filePath: D:\Teaching\CS2113\_AY2021S2\ay2021sem2-website\book\testCaseDesign\index.md
2021-03-30T09:59:53.534Z - warn: "++" syntax for underlining will be deprecated in v3.0. Please use "$$".
filePath: D:\Teaching\CS2113\_AY2021S2\ay2021sem2-website\book\testCaseDesign\combiningTestInputs\mix\index.md
2021-03-30T09:59:53.534Z - warn: "++" syntax for underlining will be deprecated in v3.0. Please use "$$".
filePath: D:\Teaching\CS2113\_AY2021S2\ay2021sem2-website\book\testCaseDesign\combiningTestInputs\mix\index.md
2021-03-30T09:59:53.535Z - warn: "++" syntax for underlining will be deprecated in v3.0. Please use "$$".
filePath: D:\Teaching\CS2113\_AY2021S2\ay2021sem2-website\book\testCaseDesign\combiningTestInputs\mix\index.md
2021-03-30T09:59:53.535Z - warn: "++" syntax for underlining will be deprecated in v3.0. Please use "$$".
filePath: D:\Teaching\CS2113\_AY2021S2\ay2021sem2-website\book\testCaseDesign\combiningTestInputs\mix\index.md
2021-03-30T09:59:53.535Z - warn: "++" syntax for underlining will be deprecated in v3.0. Please use "$$".
filePath: D:\Teaching\CS2113\_AY2021S2\ay2021sem2-website\book\testCaseDesign\combiningTestInputs\mix\index.md
2021-03-30T09:59:53.536Z - warn: "++" syntax for underlining will be deprecated in v3.0. Please use "$$".
filePath: D:\Teaching\CS2113\_AY2021S2\ay2021sem2-website\book\testCaseDesign\combiningTestInputs\mix\index.md
2021-03-30T09:59:53.536Z - warn: "++" syntax for underlining will be deprecated in v3.0. Please use "$$".
filePath: D:\Teaching\CS2113\_AY2021S2\ay2021sem2-website\book\testCaseDesign\combiningTestInputs\mix\index.md
2021-03-30T09:59:53.536Z - warn: "++" syntax for underlining will be deprecated in v3.0. Please use "$$".
filePath: D:\Teaching\CS2113\_AY2021S2\ay2021sem2-website\book\testCaseDesign\combiningTestInputs\mix\index.md
2021-03-30T09:59:53.537Z - warn: "++" syntax for underlining will be deprecated in v3.0. Please use "$$".
filePath: D:\Teaching\CS2113\_AY2021S2\ay2021sem2-website\book\testCaseDesign\combiningTestInputs\mix\index.md
2021-03-30T09:59:53.537Z - warn: "++" syntax for underlining will be deprecated in v3.0. Please use "$$".
filePath: D:\Teaching\CS2113\_AY2021S2\ay2021sem2-website\book\testCaseDesign\combiningTestInputs\mix\index.md
2021-03-30T09:59:53.537Z - warn: "++" syntax for underlining will be deprecated in v3.0. Please use "$$".
filePath: D:\Teaching\CS2113\_AY2021S2\ay2021sem2-website\book\testCaseDesign\combiningTestInputs\mix\index.md
2021-03-30T09:59:53.538Z - warn: "++" syntax for underlining will be deprecated in v3.0. Please use "$$".
filePath: D:\Teaching\CS2113\_AY2021S2\ay2021sem2-website\book\testCaseDesign\combiningTestInputs\mix\index.md
2021-03-30T09:59:53.538Z - warn: "++" syntax for underlining will be deprecated in v3.0. Please use "$$".
filePath: D:\Teaching\CS2113\_AY2021S2\ay2021sem2-website\book\testCaseDesign\combiningTestInputs\mix\index.md
2021-03-30T09:59:53.538Z - warn: "++" syntax for underlining will be deprecated in v3.0. Please use "$$".
filePath: D:\Teaching\CS2113\_AY2021S2\ay2021sem2-website\book\testCaseDesign\combiningTestInputs\mix\index.md
2021-03-30T09:59:53.539Z - warn: "++" syntax for underlining will be deprecated in v3.0. Please use "$$".
filePath: D:\Teaching\CS2113\_AY2021S2\ay2021sem2-website\book\testCaseDesign\combiningTestInputs\mix\index.md
2021-03-30T09:59:53.539Z - warn: "++" syntax for underlining will be deprecated in v3.0. Please use "$$".
filePath: D:\Teaching\CS2113\_AY2021S2\ay2021sem2-website\book\testCaseDesign\combiningTestInputs\mix\index.md
2021-03-30T09:59:53.539Z - warn: "++" syntax for underlining will be deprecated in v3.0. Please use "$$".
filePath: D:\Teaching\CS2113\_AY2021S2\ay2021sem2-website\book\testCaseDesign\combiningTestInputs\mix\index.md
2021-03-30T09:59:53.540Z - warn: "++" syntax for underlining will be deprecated in v3.0. Please use "$$".
filePath: D:\Teaching\CS2113\_AY2021S2\ay2021sem2-website\book\testCaseDesign\combiningTestInputs\mix\index.md
2021-03-30T09:59:53.540Z - warn: "++" syntax for underlining will be deprecated in v3.0. Please use "$$".
filePath: D:\Teaching\CS2113\_AY2021S2\ay2021sem2-website\book\testCaseDesign\combiningTestInputs\mix\index.md
2021-03-30T09:59:53.540Z - warn: "++" syntax for underlining will be deprecated in v3.0. Please use "$$".
filePath: D:\Teaching\CS2113\_AY2021S2\ay2021sem2-website\book\testCaseDesign\combiningTestInputs\mix\index.md
2021-03-30T09:59:53.540Z - warn: "++" syntax for underlining will be deprecated in v3.0. Please use "$$".
filePath: D:\Teaching\CS2113\_AY2021S2\ay2021sem2-website\book\testCaseDesign\combiningTestInputs\mix\index.md
2021-03-30T09:59:53.541Z - warn: "++" syntax for underlining will be deprecated in v3.0. Please use "$$".
filePath: D:\Teaching\CS2113\_AY2021S2\ay2021sem2-website\book\testCaseDesign\combiningTestInputs\mix\index.md
2021-03-30T09:59:53.541Z - warn: "++" syntax for underlining will be deprecated in v3.0. Please use "$$".
filePath: D:\Teaching\CS2113\_AY2021S2\ay2021sem2-website\book\testCaseDesign\combiningTestInputs\mix\index.md
2021-03-30T09:59:53.541Z - warn: "++" syntax for underlining will be deprecated in v3.0. Please use "$$".
filePath: D:\Teaching\CS2113\_AY2021S2\ay2021sem2-website\book\testCaseDesign\combiningTestInputs\mix\index.md
2021-03-30T09:59:53.542Z - warn: "++" syntax for underlining will be deprecated in v3.0. Please use "$$".
filePath: D:\Teaching\CS2113\_AY2021S2\ay2021sem2-website\book\testCaseDesign\combiningTestInputs\mix\index.md
2021-03-30T09:59:53.693Z - warn: "++" syntax for underlining will be deprecated in v3.0. Please use "$$".
filePath: D:\Teaching\CS2113\_AY2021S2\ay2021sem2-website\book\testCaseDesign\combiningTestInputs\index.md
2021-03-30T09:59:53.694Z - warn: "++" syntax for underlining will be deprecated in v3.0. Please use "$$".
filePath: D:\Teaching\CS2113\_AY2021S2\ay2021sem2-website\book\testCaseDesign\combiningTestInputs\index.md
2021-03-30T09:59:53.694Z - warn: "++" syntax for underlining will be deprecated in v3.0. Please use "$$".
filePath: D:\Teaching\CS2113\_AY2021S2\ay2021sem2-website\book\testCaseDesign\combiningTestInputs\index.md
2021-03-30T09:59:53.695Z - warn: "++" syntax for underlining will be deprecated in v3.0. Please use "$$".
filePath: D:\Teaching\CS2113\_AY2021S2\ay2021sem2-website\book\testCaseDesign\combiningTestInputs\index.md
2021-03-30T09:59:53.695Z - warn: "++" syntax for underlining will be deprecated in v3.0. Please use "$$".
filePath: D:\Teaching\CS2113\_AY2021S2\ay2021sem2-website\book\testCaseDesign\combiningTestInputs\index.md
2021-03-30T09:59:53.695Z - warn: "++" syntax for underlining will be deprecated in v3.0. Please use "$$".
filePath: D:\Teaching\CS2113\_AY2021S2\ay2021sem2-website\book\testCaseDesign\combiningTestInputs\index.md
2021-03-30T09:59:53.695Z - warn: "++" syntax for underlining will be deprecated in v3.0. Please use "$$".
filePath: D:\Teaching\CS2113\_AY2021S2\ay2021sem2-website\book\testCaseDesign\combiningTestInputs\index.md
2021-03-30T09:59:53.696Z - warn: "++" syntax for underlining will be deprecated in v3.0. Please use "$$".
filePath: D:\Teaching\CS2113\_AY2021S2\ay2021sem2-website\book\testCaseDesign\combiningTestInputs\index.md
2021-03-30T09:59:53.696Z - warn: "++" syntax for underlining will be deprecated in v3.0. Please use "$$".
filePath: D:\Teaching\CS2113\_AY2021S2\ay2021sem2-website\book\testCaseDesign\combiningTestInputs\index.md
2021-03-30T09:59:53.696Z - warn: "++" syntax for underlining will be deprecated in v3.0. Please use "$$".
filePath: D:\Teaching\CS2113\_AY2021S2\ay2021sem2-website\book\testCaseDesign\combiningTestInputs\index.md
2021-03-30T09:59:53.697Z - warn: "++" syntax for underlining will be deprecated in v3.0. Please use "$$".
filePath: D:\Teaching\CS2113\_AY2021S2\ay2021sem2-website\book\testCaseDesign\combiningTestInputs\index.md
2021-03-30T09:59:53.697Z - warn: "++" syntax for underlining will be deprecated in v3.0. Please use "$$".
filePath: D:\Teaching\CS2113\_AY2021S2\ay2021sem2-website\book\testCaseDesign\combiningTestInputs\index.md
2021-03-30T09:59:53.697Z - warn: "++" syntax for underlining will be deprecated in v3.0. Please use "$$".
filePath: D:\Teaching\CS2113\_AY2021S2\ay2021sem2-website\book\testCaseDesign\combiningTestInputs\index.md
2021-03-30T09:59:53.698Z - warn: "++" syntax for underlining will be deprecated in v3.0. Please use "$$".
filePath: D:\Teaching\CS2113\_AY2021S2\ay2021sem2-website\book\testCaseDesign\combiningTestInputs\index.md
2021-03-30T09:59:53.698Z - warn: "++" syntax for underlining will be deprecated in v3.0. Please use "$$".
filePath: D:\Teaching\CS2113\_AY2021S2\ay2021sem2-website\book\testCaseDesign\combiningTestInputs\index.md
2021-03-30T09:59:53.698Z - warn: "++" syntax for underlining will be deprecated in v3.0. Please use "$$".
filePath: D:\Teaching\CS2113\_AY2021S2\ay2021sem2-website\book\testCaseDesign\combiningTestInputs\index.md
2021-03-30T09:59:53.699Z - warn: "++" syntax for underlining will be deprecated in v3.0. Please use "$$".
filePath: D:\Teaching\CS2113\_AY2021S2\ay2021sem2-website\book\testCaseDesign\combiningTestInputs\index.md
2021-03-30T09:59:53.699Z - warn: "++" syntax for underlining will be deprecated in v3.0. Please use "$$".
filePath: D:\Teaching\CS2113\_AY2021S2\ay2021sem2-website\book\testCaseDesign\combiningTestInputs\index.md
2021-03-30T09:59:53.699Z - warn: "++" syntax for underlining will be deprecated in v3.0. Please use "$$".
filePath: D:\Teaching\CS2113\_AY2021S2\ay2021sem2-website\book\testCaseDesign\combiningTestInputs\index.md
2021-03-30T09:59:53.699Z - warn: "++" syntax for underlining will be deprecated in v3.0. Please use "$$".
filePath: D:\Teaching\CS2113\_AY2021S2\ay2021sem2-website\book\testCaseDesign\combiningTestInputs\index.md
2021-03-30T09:59:53.700Z - warn: "++" syntax for underlining will be deprecated in v3.0. Please use "$$".
filePath: D:\Teaching\CS2113\_AY2021S2\ay2021sem2-website\book\testCaseDesign\combiningTestInputs\index.md
2021-03-30T09:59:53.700Z - warn: "++" syntax for underlining will be deprecated in v3.0. Please use "$$".
filePath: D:\Teaching\CS2113\_AY2021S2\ay2021sem2-website\book\testCaseDesign\combiningTestInputs\index.md
2021-03-30T09:59:53.700Z - warn: "++" syntax for underlining will be deprecated in v3.0. Please use "$$".
filePath: D:\Teaching\CS2113\_AY2021S2\ay2021sem2-website\book\testCaseDesign\combiningTestInputs\index.md
2021-03-30T09:59:53.701Z - warn: "++" syntax for underlining will be deprecated in v3.0. Please use "$$".
filePath: D:\Teaching\CS2113\_AY2021S2\ay2021sem2-website\book\testCaseDesign\combiningTestInputs\index.md
2021-03-30T09:59:53.701Z - warn: "++" syntax for underlining will be deprecated in v3.0. Please use "$$".
filePath: D:\Teaching\CS2113\_AY2021S2\ay2021sem2-website\book\testCaseDesign\combiningTestInputs\index.md
2021-03-30T09:59:53.701Z - warn: "++" syntax for underlining will be deprecated in v3.0. Please use "$$".
filePath: D:\Teaching\CS2113\_AY2021S2\ay2021sem2-website\book\testCaseDesign\combiningTestInputs\index.md
2021-03-30T09:59:53.702Z - warn: "++" syntax for underlining will be deprecated in v3.0. Please use "$$".
filePath: D:\Teaching\CS2113\_AY2021S2\ay2021sem2-website\book\testCaseDesign\combiningTestInputs\index.md
2021-03-30T09:59:53.706Z - warn: "++" syntax for underlining will be deprecated in v3.0. Please use "$$".
filePath: D:\Teaching\CS2113\_AY2021S2\ay2021sem2-website\book\testCaseDesign\combiningTestInputs\index.md
2021-03-30T09:59:53.706Z - warn: "++" syntax for underlining will be deprecated in v3.0. Please use "$$".
filePath: D:\Teaching\CS2113\_AY2021S2\ay2021sem2-website\book\testCaseDesign\combiningTestInputs\index.md
2021-03-30T09:59:53.707Z - warn: "++" syntax for underlining will be deprecated in v3.0. Please use "$$".
filePath: D:\Teaching\CS2113\_AY2021S2\ay2021sem2-website\book\testCaseDesign\combiningTestInputs\index.md
2021-03-30T09:59:53.707Z - warn: "++" syntax for underlining will be deprecated in v3.0. Please use "$$".
filePath: D:\Teaching\CS2113\_AY2021S2\ay2021sem2-website\book\testCaseDesign\combiningTestInputs\index.md
2021-03-30T09:59:53.707Z - warn: "++" syntax for underlining will be deprecated in v3.0. Please use "$$".
filePath: D:\Teaching\CS2113\_AY2021S2\ay2021sem2-website\book\testCaseDesign\combiningTestInputs\index.md
2021-03-30T09:59:53.708Z - warn: "++" syntax for underlining will be deprecated in v3.0. Please use "$$".
filePath: D:\Teaching\CS2113\_AY2021S2\ay2021sem2-website\book\testCaseDesign\combiningTestInputs\index.md
2021-03-30T09:59:53.710Z - warn: "++" syntax for underlining will be deprecated in v3.0. Please use "$$".
filePath: D:\Teaching\CS2113\_AY2021S2\ay2021sem2-website\book\testCaseDesign\combiningTestInputs\index.md
2021-03-30T09:59:53.710Z - warn: "++" syntax for underlining will be deprecated in v3.0. Please use "$$".
filePath: D:\Teaching\CS2113\_AY2021S2\ay2021sem2-website\book\testCaseDesign\combiningTestInputs\index.md
2021-03-30T09:59:53.711Z - warn: "++" syntax for underlining will be deprecated in v3.0. Please use "$$".
filePath: D:\Teaching\CS2113\_AY2021S2\ay2021sem2-website\book\testCaseDesign\combiningTestInputs\index.md
2021-03-30T09:59:53.711Z - warn: "++" syntax for underlining will be deprecated in v3.0. Please use "$$".
filePath: D:\Teaching\CS2113\_AY2021S2\ay2021sem2-website\book\testCaseDesign\combiningTestInputs\index.md
2021-03-30T09:59:53.712Z - warn: "++" syntax for underlining will be deprecated in v3.0. Please use "$$".
filePath: D:\Teaching\CS2113\_AY2021S2\ay2021sem2-website\book\testCaseDesign\combiningTestInputs\index.md
2021-03-30T09:59:53.712Z - warn: "++" syntax for underlining will be deprecated in v3.0. Please use "$$".
filePath: D:\Teaching\CS2113\_AY2021S2\ay2021sem2-website\book\testCaseDesign\combiningTestInputs\index.md
2021-03-30T09:59:53.712Z - warn: "++" syntax for underlining will be deprecated in v3.0. Please use "$$".
filePath: D:\Teaching\CS2113\_AY2021S2\ay2021sem2-website\book\testCaseDesign\combiningTestInputs\index.md
2021-03-30T09:59:53.713Z - warn: "++" syntax for underlining will be deprecated in v3.0. Please use "$$".
filePath: D:\Teaching\CS2113\_AY2021S2\ay2021sem2-website\book\testCaseDesign\combiningTestInputs\index.md
2021-03-30T09:59:53.910Z - warn: "++" syntax for underlining will be deprecated in v3.0. Please use "$$".
filePath: D:\Teaching\CS2113\_AY2021S2\ay2021sem2-website\book\testCaseDesign\combiningTestInputs\heuristicValid\index.md
2021-03-30T09:59:53.911Z - warn: "++" syntax for underlining will be deprecated in v3.0. Please use "$$".
filePath: D:\Teaching\CS2113\_AY2021S2\ay2021sem2-website\book\testCaseDesign\combiningTestInputs\heuristicValid\index.md
2021-03-30T09:59:53.911Z - warn: "++" syntax for underlining will be deprecated in v3.0. Please use "$$".
filePath: D:\Teaching\CS2113\_AY2021S2\ay2021sem2-website\book\testCaseDesign\combiningTestInputs\heuristicValid\index.md
2021-03-30T09:59:53.912Z - warn: "++" syntax for underlining will be deprecated in v3.0. Please use "$$".
filePath: D:\Teaching\CS2113\_AY2021S2\ay2021sem2-website\book\testCaseDesign\combiningTestInputs\heuristicValid\index.md
2021-03-30T09:59:53.912Z - warn: "++" syntax for underlining will be deprecated in v3.0. Please use "$$".
filePath: D:\Teaching\CS2113\_AY2021S2\ay2021sem2-website\book\testCaseDesign\combiningTestInputs\heuristicValid\index.md
2021-03-30T09:59:53.912Z - warn: "++" syntax for underlining will be deprecated in v3.0. Please use "$$".
filePath: D:\Teaching\CS2113\_AY2021S2\ay2021sem2-website\book\testCaseDesign\combiningTestInputs\heuristicValid\index.md
2021-03-30T09:59:53.913Z - warn: "++" syntax for underlining will be deprecated in v3.0. Please use "$$".
filePath: D:\Teaching\CS2113\_AY2021S2\ay2021sem2-website\book\testCaseDesign\combiningTestInputs\heuristicValid\index.md
2021-03-30T09:59:53.913Z - warn: "++" syntax for underlining will be deprecated in v3.0. Please use "$$".
filePath: D:\Teaching\CS2113\_AY2021S2\ay2021sem2-website\book\testCaseDesign\combiningTestInputs\heuristicValid\index.md
2021-03-30T09:59:53.913Z - warn: "++" syntax for underlining will be deprecated in v3.0. Please use "$$".
filePath: D:\Teaching\CS2113\_AY2021S2\ay2021sem2-website\book\testCaseDesign\combiningTestInputs\heuristicValid\index.md
2021-03-30T09:59:53.914Z - warn: "++" syntax for underlining will be deprecated in v3.0. Please use "$$".
filePath: D:\Teaching\CS2113\_AY2021S2\ay2021sem2-website\book\testCaseDesign\combiningTestInputs\heuristicValid\index.md
2021-03-30T09:59:53.982Z - warn: "++" syntax for underlining will be deprecated in v3.0. Please use "$$".
filePath: D:\Teaching\CS2113\_AY2021S2\ay2021sem2-website\book\testCaseDesign\combiningTestInputs\heuristicInvalid\index.md
2021-03-30T09:59:53.982Z - warn: "++" syntax for underlining will be deprecated in v3.0. Please use "$$".
filePath: D:\Teaching\CS2113\_AY2021S2\ay2021sem2-website\book\testCaseDesign\combiningTestInputs\heuristicInvalid\index.md
2021-03-30T09:59:53.983Z - warn: "++" syntax for underlining will be deprecated in v3.0. Please use "$$".
filePath: D:\Teaching\CS2113\_AY2021S2\ay2021sem2-website\book\testCaseDesign\combiningTestInputs\heuristicInvalid\index.md
2021-03-30T09:59:53.983Z - warn: "++" syntax for underlining will be deprecated in v3.0. Please use "$$".
filePath: D:\Teaching\CS2113\_AY2021S2\ay2021sem2-website\book\testCaseDesign\combiningTestInputs\heuristicInvalid\index.md
2021-03-30T09:59:53.983Z - warn: "++" syntax for underlining will be deprecated in v3.0. Please use "$$".
filePath: D:\Teaching\CS2113\_AY2021S2\ay2021sem2-website\book\testCaseDesign\combiningTestInputs\heuristicInvalid\index.md
2021-03-30T09:59:53.984Z - warn: "++" syntax for underlining will be deprecated in v3.0. Please use "$$".
filePath: D:\Teaching\CS2113\_AY2021S2\ay2021sem2-website\book\testCaseDesign\combiningTestInputs\heuristicInvalid\index.md
2021-03-30T09:59:54.102Z - warn: "++" syntax for underlining will be deprecated in v3.0. Please use "$$".
filePath: D:\Teaching\CS2113\_AY2021S2\ay2021sem2-website\book\testCaseDesign\combiningTestInputs\heuristicValid\unit-inElsewhere-asFlat.md
2021-03-30T09:59:54.102Z - warn: "++" syntax for underlining will be deprecated in v3.0. Please use "$$".
filePath: D:\Teaching\CS2113\_AY2021S2\ay2021sem2-website\book\testCaseDesign\combiningTestInputs\heuristicValid\unit-inElsewhere-asFlat.md
2021-03-30T09:59:54.103Z - warn: "++" syntax for underlining will be deprecated in v3.0. Please use "$$".
filePath: D:\Teaching\CS2113\_AY2021S2\ay2021sem2-website\book\testCaseDesign\combiningTestInputs\heuristicValid\unit-inElsewhere-asFlat.md
2021-03-30T09:59:54.103Z - warn: "++" syntax for underlining will be deprecated in v3.0. Please use "$$".
filePath: D:\Teaching\CS2113\_AY2021S2\ay2021sem2-website\book\testCaseDesign\combiningTestInputs\heuristicValid\unit-inElsewhere-asFlat.md
2021-03-30T09:59:54.103Z - warn: "++" syntax for underlining will be deprecated in v3.0. Please use "$$".
filePath: D:\Teaching\CS2113\_AY2021S2\ay2021sem2-website\book\testCaseDesign\combiningTestInputs\heuristicValid\unit-inElsewhere-asFlat.md
2021-03-30T09:59:54.104Z - warn: "++" syntax for underlining will be deprecated in v3.0. Please use "$$".
filePath: D:\Teaching\CS2113\_AY2021S2\ay2021sem2-website\book\testCaseDesign\combiningTestInputs\heuristicValid\unit-inElsewhere-asFlat.md
2021-03-30T09:59:54.104Z - warn: "++" syntax for underlining will be deprecated in v3.0. Please use "$$".
filePath: D:\Teaching\CS2113\_AY2021S2\ay2021sem2-website\book\testCaseDesign\combiningTestInputs\heuristicValid\unit-inElsewhere-asFlat.md
2021-03-30T09:59:54.105Z - warn: "++" syntax for underlining will be deprecated in v3.0. Please use "$$".
filePath: D:\Teaching\CS2113\_AY2021S2\ay2021sem2-website\book\testCaseDesign\combiningTestInputs\heuristicValid\unit-inElsewhere-asFlat.md
2021-03-30T09:59:54.105Z - warn: "++" syntax for underlining will be deprecated in v3.0. Please use "$$".
filePath: D:\Teaching\CS2113\_AY2021S2\ay2021sem2-website\book\testCaseDesign\combiningTestInputs\heuristicValid\unit-inElsewhere-asFlat.md
2021-03-30T09:59:54.105Z - warn: "++" syntax for underlining will be deprecated in v3.0. Please use "$$".
filePath: D:\Teaching\CS2113\_AY2021S2\ay2021sem2-website\book\testCaseDesign\combiningTestInputs\heuristicValid\unit-inElsewhere-asFlat.md
2021-03-30T09:59:55.082Z - warn: "++" syntax for underlining will be deprecated in v3.0. Please use "$$".
filePath: D:\Teaching\CS2113\_AY2021S2\ay2021sem2-website\book\specifyingRequirements\useCases\index.md
2021-03-30T09:59:55.083Z - warn: "++" syntax for underlining will be deprecated in v3.0. Please use "$$".
filePath: D:\Teaching\CS2113\_AY2021S2\ay2021sem2-website\book\specifyingRequirements\useCases\index.md
2021-03-30T09:59:55.083Z - warn: "++" syntax for underlining will be deprecated in v3.0. Please use "$$".
filePath: D:\Teaching\CS2113\_AY2021S2\ay2021sem2-website\book\specifyingRequirements\useCases\index.md
2021-03-30T09:59:55.305Z - warn: "++" syntax for underlining will be deprecated in v3.0. Please use "$$".
filePath: D:\Teaching\CS2113\_AY2021S2\ay2021sem2-website\book\specifyingRequirements\useCases\details\index.md
2021-03-30T09:59:55.305Z - warn: "++" syntax for underlining will be deprecated in v3.0. Please use "$$".
filePath: D:\Teaching\CS2113\_AY2021S2\ay2021sem2-website\book\specifyingRequirements\useCases\details\index.md
2021-03-30T09:59:55.305Z - warn: "++" syntax for underlining will be deprecated in v3.0. Please use "$$".
filePath: D:\Teaching\CS2113\_AY2021S2\ay2021sem2-website\book\specifyingRequirements\useCases\details\index.md
2021-03-30T09:59:55.991Z - warn: "++" syntax for underlining will be deprecated in v3.0. Please use "$$".
filePath: D:\Teaching\CS2113\_AY2021S2\ay2021sem2-website\book\specifyingRequirements\index.md
2021-03-30T09:59:55.992Z - warn: "++" syntax for underlining will be deprecated in v3.0. Please use "$$".
filePath: D:\Teaching\CS2113\_AY2021S2\ay2021sem2-website\book\specifyingRequirements\index.md
2021-03-30T09:59:55.992Z - warn: "++" syntax for underlining will be deprecated in v3.0. Please use "$$".
filePath: D:\Teaching\CS2113\_AY2021S2\ay2021sem2-website\book\specifyingRequirements\index.md
2021-03-30T10:00:15.741Z - warn: You might have an invalid intra-link! Ignore this warning if it was intended.
'/website/book/about/usage.html' found in file 'D:\Teaching\CS2113\_AY2021S2\ay2021sem2-website\book\index.md'
2021-03-30T10:00:15.742Z - warn: You might have an invalid intra-link! Ignore this warning if it was intended.
'/website/book/softwareEngineering/print.html' found in file 'D:\Teaching\CS2113\_AY2021S2\ay2021sem2-website\book\index.md'
2021-03-30T10:00:15.743Z - warn: You might have an invalid intra-link! Ignore this warning if it was intended.
'/website/book/oop/print.html' found in file 'D:\Teaching\CS2113\_AY2021S2\ay2021sem2-website\book\index.md'
2021-03-30T10:00:15.744Z - warn: You might have an invalid intra-link! Ignore this warning if it was intended.
'/website/book/requirements/print.html' found in file 'D:\Teaching\CS2113\_AY2021S2\ay2021sem2-website\book\index.md'
2021-03-30T10:00:15.745Z - warn: You might have an invalid intra-link! Ignore this warning if it was intended.
'/website/book/gatheringRequirements/print.html' found in file 'D:\Teaching\CS2113\_AY2021S2\ay2021sem2-website\book\index.md'
2021-03-30T10:00:15.746Z - warn: You might have an invalid intra-link! Ignore this warning if it was intended.
'/website/book/specifyingRequirements/print.html' found in file 'D:\Teaching\CS2113\_AY2021S2\ay2021sem2-website\book\index.md'
2021-03-30T10:00:15.747Z - warn: You might have an invalid intra-link! Ignore this warning if it was intended.
'/website/book/design/print.html' found in file 'D:\Teaching\CS2113\_AY2021S2\ay2021sem2-website\book\index.md'
2021-03-30T10:00:15.748Z - warn: You might have an invalid intra-link! Ignore this warning if it was intended.
'/website/book/designFundamentals/print.html' found in file 'D:\Teaching\CS2113\_AY2021S2\ay2021sem2-website\book\index.md'
2021-03-30T10:00:15.750Z - warn: You might have an invalid intra-link! Ignore this warning if it was intended.
'/website/book/modeling/print.html' found in file 'D:\Teaching\CS2113\_AY2021S2\ay2021sem2-website\book\index.md'
2021-03-30T10:00:15.750Z - warn: You might have an invalid intra-link! Ignore this warning if it was intended.
'/website/book/architecture/print.html' found in file 'D:\Teaching\CS2113\_AY2021S2\ay2021sem2-website\book\index.md'
2021-03-30T10:00:15.751Z - warn: You might have an invalid intra-link! Ignore this warning if it was intended.
'/website/book/designPatterns/print.html' found in file 'D:\Teaching\CS2113\_AY2021S2\ay2021sem2-website\book\index.md'
2021-03-30T10:00:15.752Z - warn: You might have an invalid intra-link! Ignore this warning if it was intended.
'/website/book/designApproaches/print.html' found in file 'D:\Teaching\CS2113\_AY2021S2\ay2021sem2-website\book\index.md'
2021-03-30T10:00:15.753Z - warn: You might have an invalid intra-link! Ignore this warning if it was intended.
'/website/book/ides/print.html' found in file 'D:\Teaching\CS2113\_AY2021S2\ay2021sem2-website\book\index.md'
2021-03-30T10:00:15.754Z - warn: You might have an invalid intra-link! Ignore this warning if it was intended.
'/website/book/codeQuality/print.html' found in file 'D:\Teaching\CS2113\_AY2021S2\ay2021sem2-website\book\index.md'
2021-03-30T10:00:15.755Z - warn: You might have an invalid intra-link! Ignore this warning if it was intended.
'/website/book/refactoring/print.html' found in file 'D:\Teaching\CS2113\_AY2021S2\ay2021sem2-website\book\index.md'
2021-03-30T10:00:15.755Z - warn: You might have an invalid intra-link! Ignore this warning if it was intended.
'/website/book/documentation/print.html' found in file 'D:\Teaching\CS2113\_AY2021S2\ay2021sem2-website\book\index.md'
2021-03-30T10:00:15.756Z - warn: You might have an invalid intra-link! Ignore this warning if it was intended.
'/website/book/errorHandling/print.html' found in file 'D:\Teaching\CS2113\_AY2021S2\ay2021sem2-website\book\index.md'
2021-03-30T10:00:15.757Z - warn: You might have an invalid intra-link! Ignore this warning if it was intended.
'/website/book/integration/print.html' found in file 'D:\Teaching\CS2113\_AY2021S2\ay2021sem2-website\book\index.md'
2021-03-30T10:00:15.758Z - warn: You might have an invalid intra-link! Ignore this warning if it was intended.
'/website/book/reuse/print.html' found in file 'D:\Teaching\CS2113\_AY2021S2\ay2021sem2-website\book\index.md'
2021-03-30T10:00:15.759Z - warn: You might have an invalid intra-link! Ignore this warning if it was intended.
'/website/book/qualityAssurance/print.html' found in file 'D:\Teaching\CS2113\_AY2021S2\ay2021sem2-website\book\index.md'
2021-03-30T10:00:15.759Z - warn: You might have an invalid intra-link! Ignore this warning if it was intended.
'/website/book/testing/print.html' found in file 'D:\Teaching\CS2113\_AY2021S2\ay2021sem2-website\book\index.md'
2021-03-30T10:00:15.760Z - warn: You might have an invalid intra-link! Ignore this warning if it was intended.
'/website/book/testCaseDesign/print.html' found in file 'D:\Teaching\CS2113\_AY2021S2\ay2021sem2-website\book\index.md'
2021-03-30T10:00:15.761Z - warn: You might have an invalid intra-link! Ignore this warning if it was intended.
'/website/book/revisionControl/print.html' found in file 'D:\Teaching\CS2113\_AY2021S2\ay2021sem2-website\book\index.md'
2021-03-30T10:00:15.762Z - warn: You might have an invalid intra-link! Ignore this warning if it was intended.
'/website/book/projectPlanning/print.html' found in file 'D:\Teaching\CS2113\_AY2021S2\ay2021sem2-website\book\index.md'
2021-03-30T10:00:15.763Z - warn: You might have an invalid intra-link! Ignore this warning if it was intended.
'/website/book/teamwork/print.html' found in file 'D:\Teaching\CS2113\_AY2021S2\ay2021sem2-website\book\index.md'
2021-03-30T10:00:15.764Z - warn: You might have an invalid intra-link! Ignore this warning if it was intended.
'/website/book/processModels/print.html' found in file 'D:\Teaching\CS2113\_AY2021S2\ay2021sem2-website\book\index.md'
2021-03-30T10:00:15.765Z - warn: You might have an invalid intra-link! Ignore this warning if it was intended.
'/website/book/uml/print.html' found in file 'D:\Teaching\CS2113\_AY2021S2\ay2021sem2-website\book\index.md'
2021-03-30T10:00:15.766Z - warn: You might have an invalid intra-link! Ignore this warning if it was intended.
'/website/book/intellij/print.html' found in file 'D:\Teaching\CS2113\_AY2021S2\ay2021sem2-website\book\index.md'
2021-03-30T10:00:15.767Z - warn: You might have an invalid intra-link! Ignore this warning if it was intended.
'/website/book/gitAndGithub/print.html' found in file 'D:\Teaching\CS2113\_AY2021S2\ay2021sem2-website\book\index.md'
2021-03-30T10:00:15.768Z - warn: You might have an invalid intra-link! Ignore this warning if it was intended.
'/website/book/principles/print.html' found in file 'D:\Teaching\CS2113\_AY2021S2\ay2021sem2-website\book\index.md'
2021-03-30T10:00:15.769Z - warn: You might have an invalid intra-link! Ignore this warning if it was intended.
'/website/book/cppToJava/print.html' found in file 'D:\Teaching\CS2113\_AY2021S2\ay2021sem2-website\book\index.md'
2021-03-30T10:00:15.770Z - warn: You might have an invalid intra-link! Ignore this warning if it was intended.
'/website/book/common/definitions.html' found in file 'D:\Teaching\CS2113\_AY2021S2\ay2021sem2-website\book\index.md'
2021-03-30T10:00:15.771Z - warn: You might have an invalid intra-link! Ignore this warning if it was intended.
'/website/book/common/references.html' found in file 'D:\Teaching\CS2113\_AY2021S2\ay2021sem2-website\book\index.md'
2021-03-30T10:00:15.771Z - warn: You might have an invalid intra-link! Ignore this warning if it was intended.
'/website/book/common/outcomes.html' found in file 'D:\Teaching\CS2113\_AY2021S2\ay2021sem2-website\book\index.md'
2021-03-30T10:00:15.772Z - warn: You might have an invalid intra-link! Ignore this warning if it was intended.
'/website/book/common/print.html' found in file 'D:\Teaching\CS2113\_AY2021S2\ay2021sem2-website\book\index.md'
2021-03-30T10:00:50.728Z - warn: "++" syntax for underlining will be deprecated in v3.0. Please use "$$".
filePath: D:\Teaching\CS2113\_AY2021S2\ay2021sem2-website\se-book-adapted\chapters\testCaseDesign.md
2021-03-30T10:00:50.729Z - warn: "++" syntax for underlining will be deprecated in v3.0. Please use "$$".
filePath: D:\Teaching\CS2113\_AY2021S2\ay2021sem2-website\se-book-adapted\chapters\testCaseDesign.md
2021-03-30T10:00:50.729Z - warn: "++" syntax for underlining will be deprecated in v3.0. Please use "$$".
filePath: D:\Teaching\CS2113\_AY2021S2\ay2021sem2-website\se-book-adapted\chapters\testCaseDesign.md
2021-03-30T10:00:50.730Z - warn: "++" syntax for underlining will be deprecated in v3.0. Please use "$$".
filePath: D:\Teaching\CS2113\_AY2021S2\ay2021sem2-website\se-book-adapted\chapters\testCaseDesign.md
2021-03-30T10:00:50.730Z - warn: "++" syntax for underlining will be deprecated in v3.0. Please use "$$".
filePath: D:\Teaching\CS2113\_AY2021S2\ay2021sem2-website\se-book-adapted\chapters\testCaseDesign.md
2021-03-30T10:00:50.731Z - warn: "++" syntax for underlining will be deprecated in v3.0. Please use "$$".
filePath: D:\Teaching\CS2113\_AY2021S2\ay2021sem2-website\se-book-adapted\chapters\testCaseDesign.md
2021-03-30T10:00:50.731Z - warn: "++" syntax for underlining will be deprecated in v3.0. Please use "$$".
filePath: D:\Teaching\CS2113\_AY2021S2\ay2021sem2-website\se-book-adapted\chapters\testCaseDesign.md
2021-03-30T10:00:50.731Z - warn: "++" syntax for underlining will be deprecated in v3.0. Please use "$$".
filePath: D:\Teaching\CS2113\_AY2021S2\ay2021sem2-website\se-book-adapted\chapters\testCaseDesign.md
2021-03-30T10:00:50.732Z - warn: "++" syntax for underlining will be deprecated in v3.0. Please use "$$".
filePath: D:\Teaching\CS2113\_AY2021S2\ay2021sem2-website\se-book-adapted\chapters\testCaseDesign.md
2021-03-30T10:00:50.732Z - warn: "++" syntax for underlining will be deprecated in v3.0. Please use "$$".
filePath: D:\Teaching\CS2113\_AY2021S2\ay2021sem2-website\se-book-adapted\chapters\testCaseDesign.md
2021-03-30T10:00:50.733Z - warn: "++" syntax for underlining will be deprecated in v3.0. Please use "$$".
filePath: D:\Teaching\CS2113\_AY2021S2\ay2021sem2-website\se-book-adapted\chapters\testCaseDesign.md
2021-03-30T10:00:50.733Z - warn: "++" syntax for underlining will be deprecated in v3.0. Please use "$$".
filePath: D:\Teaching\CS2113\_AY2021S2\ay2021sem2-website\se-book-adapted\chapters\testCaseDesign.md
2021-03-30T10:00:50.733Z - warn: "++" syntax for underlining will be deprecated in v3.0. Please use "$$".
filePath: D:\Teaching\CS2113\_AY2021S2\ay2021sem2-website\se-book-adapted\chapters\testCaseDesign.md
2021-03-30T10:00:50.734Z - warn: "++" syntax for underlining will be deprecated in v3.0. Please use "$$".
filePath: D:\Teaching\CS2113\_AY2021S2\ay2021sem2-website\se-book-adapted\chapters\testCaseDesign.md
2021-03-30T10:00:50.735Z - warn: "++" syntax for underlining will be deprecated in v3.0. Please use "$$".
filePath: D:\Teaching\CS2113\_AY2021S2\ay2021sem2-website\se-book-adapted\chapters\testCaseDesign.md
2021-03-30T10:00:50.736Z - warn: "++" syntax for underlining will be deprecated in v3.0. Please use "$$".
filePath: D:\Teaching\CS2113\_AY2021S2\ay2021sem2-website\se-book-adapted\chapters\testCaseDesign.md
2021-03-30T10:00:52.599Z - warn: "++" syntax for underlining will be deprecated in v3.0. Please use "$$".
filePath: D:\Teaching\CS2113\_AY2021S2\ay2021sem2-website\se-book-adapted\chapters\specifyingRequirements.md
2021-03-30T10:00:52.600Z - warn: "++" syntax for underlining will be deprecated in v3.0. Please use "$$".
filePath: D:\Teaching\CS2113\_AY2021S2\ay2021sem2-website\se-book-adapted\chapters\specifyingRequirements.md
2021-03-30T10:00:52.601Z - warn: "++" syntax for underlining will be deprecated in v3.0. Please use "$$".
filePath: D:\Teaching\CS2113\_AY2021S2\ay2021sem2-website\se-book-adapted\chapters\specifyingRequirements.md
2021-03-30T10:01:07.728Z - warn: "++" syntax for underlining will be deprecated in v3.0. Please use "$$".
filePath: D:\Teaching\CS2113\_AY2021S2\ay2021sem2-website\schedule\week4\tutorial.md
2021-03-30T10:01:31.695Z - warn: "++" syntax for underlining will be deprecated in v3.0. Please use "$$".
filePath: D:\Teaching\CS2113\_AY2021S2\ay2021sem2-website\schedule\week12\topics.md
2021-03-30T10:01:31.695Z - warn: "++" syntax for underlining will be deprecated in v3.0. Please use "$$".
filePath: D:\Teaching\CS2113\_AY2021S2\ay2021sem2-website\schedule\week12\topics.md
2021-03-30T10:01:31.696Z - warn: "++" syntax for underlining will be deprecated in v3.0. Please use "$$".
filePath: D:\Teaching\CS2113\_AY2021S2\ay2021sem2-website\schedule\week12\topics.md
2021-03-30T10:01:31.696Z - warn: "++" syntax for underlining will be deprecated in v3.0. Please use "$$".
filePath: D:\Teaching\CS2113\_AY2021S2\ay2021sem2-website\schedule\week12\topics.md
2021-03-30T10:01:31.696Z - warn: "++" syntax for underlining will be deprecated in v3.0. Please use "$$".
filePath: D:\Teaching\CS2113\_AY2021S2\ay2021sem2-website\schedule\week12\topics.md
2021-03-30T10:01:31.697Z - warn: "++" syntax for underlining will be deprecated in v3.0. Please use "$$".
filePath: D:\Teaching\CS2113\_AY2021S2\ay2021sem2-website\schedule\week12\topics.md
2021-03-30T10:01:31.697Z - warn: "++" syntax for underlining will be deprecated in v3.0. Please use "$$".
filePath: D:\Teaching\CS2113\_AY2021S2\ay2021sem2-website\schedule\week12\topics.md
2021-03-30T10:01:31.698Z - warn: "++" syntax for underlining will be deprecated in v3.0. Please use "$$".
filePath: D:\Teaching\CS2113\_AY2021S2\ay2021sem2-website\schedule\week12\topics.md
2021-03-30T10:01:31.698Z - warn: "++" syntax for underlining will be deprecated in v3.0. Please use "$$".
filePath: D:\Teaching\CS2113\_AY2021S2\ay2021sem2-website\schedule\week12\topics.md
2021-03-30T10:01:31.699Z - warn: "++" syntax for underlining will be deprecated in v3.0. Please use "$$".
filePath: D:\Teaching\CS2113\_AY2021S2\ay2021sem2-website\schedule\week12\topics.md
2021-03-30T10:01:31.699Z - warn: "++" syntax for underlining will be deprecated in v3.0. Please use "$$".
filePath: D:\Teaching\CS2113\_AY2021S2\ay2021sem2-website\schedule\week12\topics.md
2021-03-30T10:01:31.699Z - warn: "++" syntax for underlining will be deprecated in v3.0. Please use "$$".
filePath: D:\Teaching\CS2113\_AY2021S2\ay2021sem2-website\schedule\week12\topics.md
2021-03-30T10:01:31.701Z - warn: "++" syntax for underlining will be deprecated in v3.0. Please use "$$".
filePath: D:\Teaching\CS2113\_AY2021S2\ay2021sem2-website\schedule\week12\topics.md
2021-03-30T10:01:31.701Z - warn: "++" syntax for underlining will be deprecated in v3.0. Please use "$$".
filePath: D:\Teaching\CS2113\_AY2021S2\ay2021sem2-website\schedule\week12\topics.md
2021-03-30T10:01:31.702Z - warn: "++" syntax for underlining will be deprecated in v3.0. Please use "$$".
filePath: D:\Teaching\CS2113\_AY2021S2\ay2021sem2-website\schedule\week12\topics.md
2021-03-30T10:01:31.702Z - warn: "++" syntax for underlining will be deprecated in v3.0. Please use "$$".
filePath: D:\Teaching\CS2113\_AY2021S2\ay2021sem2-website\schedule\week12\topics.md
2021-03-30T10:01:31.765Z - warn: You might have an invalid intra-link! Ignore this warning if it was intended.
'/website/week7/topics.html' found in file 'D:\Teaching\CS2113\_AY2021S2\ay2021sem2-website\admin\common-commentary.mbdf'
2021-03-30T10:01:38.466Z - warn: "++" syntax for underlining will be deprecated in v3.0. Please use "$$".
filePath: D:\Teaching\CS2113\_AY2021S2\ay2021sem2-website\schedule\week7\project.md
2021-03-30T10:01:43.616Z - warn: "++" syntax for underlining will be deprecated in v3.0. Please use "$$".
filePath: D:\Teaching\CS2113\_AY2021S2\ay2021sem2-website\schedule\week4\project.md
2021-03-30T10:02:02.170Z - warn: "++" syntax for underlining will be deprecated in v3.0. Please use "$$".
filePath: D:\Teaching\CS2113\_AY2021S2\ay2021sem2-website\schedule\week1\admin.md
2021-03-30T10:02:02.175Z - warn: "++" syntax for underlining will be deprecated in v3.0. Please use "$$".
filePath: D:\Teaching\CS2113\_AY2021S2\ay2021sem2-website\schedule\week1\admin.md
2021-03-30T10:02:09.590Z - debug:  
2021-03-30T10:02:26.014Z - debug:  
2021-03-30T10:02:26.015Z - debug:  
2021-03-30T10:02:28.671Z - warn: "++" syntax for underlining will be deprecated in v3.0. Please use "$$".
filePath: D:\Teaching\CS2113\_AY2021S2\ay2021sem2-website\admin\participation.md
2021-03-30T10:02:29.760Z - warn: "++" syntax for underlining will be deprecated in v3.0. Please use "$$".
filePath: D:\Teaching\CS2113\_AY2021S2\ay2021sem2-website\admin\ip-w7.md
2021-03-30T10:02:30.736Z - warn: "++" syntax for underlining will be deprecated in v3.0. Please use "$$".
filePath: D:\Teaching\CS2113\_AY2021S2\ay2021sem2-website\admin\ip-w4.md
2021-03-30T10:02:33.703Z - warn: "++" syntax for underlining will be deprecated in v3.0. Please use "$$".
filePath: D:\Teaching\CS2113\_AY2021S2\ay2021sem2-website\admin\gradeBreakdown.md
2021-03-30T10:02:34.908Z - info: Pages built
2021-03-30T10:02:36.098Z - info: Site data built
2021-03-30T10:02:36.099Z - info: Website generation complete! Total build time: 205.47s
2021-03-30T10:02:36.099Z - info: Build success!
2021-03-30T10:02:48.832Z - info: Deployed at https://nus-cs2113-ay2021s2.github.io/website!
2021-03-30T10:07:34.375Z - info: Website generation (lazy) started at 6:07:26 pm
2021-03-30T10:07:39.967Z - info: Building assets...
2021-03-30T10:07:46.865Z - info: Assets built
2021-03-30T10:07:46.867Z - info: Generating landing page...
2021-03-30T10:07:49.023Z - info: Landing page built, other pages will be built as you navigate to them!
2021-03-30T10:07:50.289Z - info: Site data built
2021-03-30T10:07:50.290Z - info: Website generation (lazy) complete! Total build time: 23.348s
2021-03-30T10:07:51.525Z - info: Serving "D:\Teaching\CS2113\_AY2021S2\ay2021sem2-website\_site" at http://127.0.0.1:8080
2021-03-30T10:07:51.525Z - info: Press CTRL+C to stop ...
2021-03-30T10:08:44.283Z - info: Building D:\Teaching\CS2113\_AY2021S2\ay2021sem2-website\schedule\week11\tutorial as some of its dependencies were changed since the last visit
2021-03-30T10:08:45.113Z - info: Site data built
2021-03-30T10:08:45.114Z - info: Lazy website regeneration complete! Total build time: 0.832s
2021-03-30T10:08:50.866Z - info: Building D:\Teaching\CS2113\_AY2021S2\ay2021sem2-website\schedule\week11\project as some of its dependencies were changed since the last visit
2021-03-30T10:08:51.664Z - info: Site data built
2021-03-30T10:08:51.665Z - info: Lazy website regeneration complete! Total build time: 0.8s
2021-03-30T10:09:16.603Z - info: Website generation started at 6:09:13 pm
2021-03-30T10:09:21.164Z - info: Building assets...
