2021-02-18T14:39:04.606Z - info: Website generation started at 10:39:04 PM
2021-02-18T14:39:06.467Z - info: Building assets...
2021-02-18T14:39:07.438Z - info: Assets built
2021-02-18T14:39:07.438Z - info: Generating pages...
2021-02-18T14:39:15.843Z - debug:  
2021-02-18T14:39:15.843Z - debug:  
2021-02-18T14:39:15.843Z - debug:  
2021-02-18T14:39:15.844Z - debug:  
2021-02-18T14:39:15.844Z - debug:  
2021-02-18T14:39:15.908Z - debug:  
2021-02-18T14:39:40.163Z - warn: You might have an invalid intra-link! Ignore this warning if it was intended.
'/website/book/about/usage.html' found in file 'F:\Teaching\CS2113\AY2021S2\ay2021s2-website\book\index.md'
2021-02-18T14:39:40.165Z - warn: You might have an invalid intra-link! Ignore this warning if it was intended.
'/website/book/softwareEngineering/print.html' found in file 'F:\Teaching\CS2113\AY2021S2\ay2021s2-website\book\index.md'
2021-02-18T14:39:40.166Z - warn: You might have an invalid intra-link! Ignore this warning if it was intended.
'/website/book/oop/print.html' found in file 'F:\Teaching\CS2113\AY2021S2\ay2021s2-website\book\index.md'
2021-02-18T14:39:40.167Z - warn: You might have an invalid intra-link! Ignore this warning if it was intended.
'/website/book/requirements/print.html' found in file 'F:\Teaching\CS2113\AY2021S2\ay2021s2-website\book\index.md'
2021-02-18T14:39:40.168Z - warn: You might have an invalid intra-link! Ignore this warning if it was intended.
'/website/book/gatheringRequirements/print.html' found in file 'F:\Teaching\CS2113\AY2021S2\ay2021s2-website\book\index.md'
2021-02-18T14:39:40.169Z - warn: You might have an invalid intra-link! Ignore this warning if it was intended.
'/website/book/specifyingRequirements/print.html' found in file 'F:\Teaching\CS2113\AY2021S2\ay2021s2-website\book\index.md'
2021-02-18T14:39:40.169Z - warn: You might have an invalid intra-link! Ignore this warning if it was intended.
'/website/book/design/print.html' found in file 'F:\Teaching\CS2113\AY2021S2\ay2021s2-website\book\index.md'
2021-02-18T14:39:40.170Z - warn: You might have an invalid intra-link! Ignore this warning if it was intended.
'/website/book/designFundamentals/print.html' found in file 'F:\Teaching\CS2113\AY2021S2\ay2021s2-website\book\index.md'
2021-02-18T14:39:40.171Z - warn: You might have an invalid intra-link! Ignore this warning if it was intended.
'/website/book/modeling/print.html' found in file 'F:\Teaching\CS2113\AY2021S2\ay2021s2-website\book\index.md'
2021-02-18T14:39:40.171Z - warn: You might have an invalid intra-link! Ignore this warning if it was intended.
'/website/book/architecture/print.html' found in file 'F:\Teaching\CS2113\AY2021S2\ay2021s2-website\book\index.md'
2021-02-18T14:39:40.172Z - warn: You might have an invalid intra-link! Ignore this warning if it was intended.
'/website/book/designPatterns/print.html' found in file 'F:\Teaching\CS2113\AY2021S2\ay2021s2-website\book\index.md'
2021-02-18T14:39:40.172Z - warn: You might have an invalid intra-link! Ignore this warning if it was intended.
'/website/book/designApproaches/print.html' found in file 'F:\Teaching\CS2113\AY2021S2\ay2021s2-website\book\index.md'
2021-02-18T14:39:40.173Z - warn: You might have an invalid intra-link! Ignore this warning if it was intended.
'/website/book/ides/print.html' found in file 'F:\Teaching\CS2113\AY2021S2\ay2021s2-website\book\index.md'
2021-02-18T14:39:40.174Z - warn: You might have an invalid intra-link! Ignore this warning if it was intended.
'/website/book/codeQuality/print.html' found in file 'F:\Teaching\CS2113\AY2021S2\ay2021s2-website\book\index.md'
2021-02-18T14:39:40.174Z - warn: You might have an invalid intra-link! Ignore this warning if it was intended.
'/website/book/refactoring/print.html' found in file 'F:\Teaching\CS2113\AY2021S2\ay2021s2-website\book\index.md'
2021-02-18T14:39:40.175Z - warn: You might have an invalid intra-link! Ignore this warning if it was intended.
'/website/book/documentation/print.html' found in file 'F:\Teaching\CS2113\AY2021S2\ay2021s2-website\book\index.md'
2021-02-18T14:39:40.175Z - warn: You might have an invalid intra-link! Ignore this warning if it was intended.
'/website/book/errorHandling/print.html' found in file 'F:\Teaching\CS2113\AY2021S2\ay2021s2-website\book\index.md'
2021-02-18T14:39:40.176Z - warn: You might have an invalid intra-link! Ignore this warning if it was intended.
'/website/book/integration/print.html' found in file 'F:\Teaching\CS2113\AY2021S2\ay2021s2-website\book\index.md'
2021-02-18T14:39:40.176Z - warn: You might have an invalid intra-link! Ignore this warning if it was intended.
'/website/book/reuse/print.html' found in file 'F:\Teaching\CS2113\AY2021S2\ay2021s2-website\book\index.md'
2021-02-18T14:39:40.177Z - warn: You might have an invalid intra-link! Ignore this warning if it was intended.
'/website/book/qualityAssurance/print.html' found in file 'F:\Teaching\CS2113\AY2021S2\ay2021s2-website\book\index.md'
2021-02-18T14:39:40.178Z - warn: You might have an invalid intra-link! Ignore this warning if it was intended.
'/website/book/testing/print.html' found in file 'F:\Teaching\CS2113\AY2021S2\ay2021s2-website\book\index.md'
2021-02-18T14:39:40.178Z - warn: You might have an invalid intra-link! Ignore this warning if it was intended.
'/website/book/testCaseDesign/print.html' found in file 'F:\Teaching\CS2113\AY2021S2\ay2021s2-website\book\index.md'
2021-02-18T14:39:40.179Z - warn: You might have an invalid intra-link! Ignore this warning if it was intended.
'/website/book/revisionControl/print.html' found in file 'F:\Teaching\CS2113\AY2021S2\ay2021s2-website\book\index.md'
2021-02-18T14:39:40.180Z - warn: You might have an invalid intra-link! Ignore this warning if it was intended.
'/website/book/projectPlanning/print.html' found in file 'F:\Teaching\CS2113\AY2021S2\ay2021s2-website\book\index.md'
2021-02-18T14:39:40.180Z - warn: You might have an invalid intra-link! Ignore this warning if it was intended.
'/website/book/teamwork/print.html' found in file 'F:\Teaching\CS2113\AY2021S2\ay2021s2-website\book\index.md'
2021-02-18T14:39:40.181Z - warn: You might have an invalid intra-link! Ignore this warning if it was intended.
'/website/book/processModels/print.html' found in file 'F:\Teaching\CS2113\AY2021S2\ay2021s2-website\book\index.md'
2021-02-18T14:39:40.181Z - warn: You might have an invalid intra-link! Ignore this warning if it was intended.
'/website/book/uml/print.html' found in file 'F:\Teaching\CS2113\AY2021S2\ay2021s2-website\book\index.md'
2021-02-18T14:39:40.182Z - warn: You might have an invalid intra-link! Ignore this warning if it was intended.
'/website/book/intellij/print.html' found in file 'F:\Teaching\CS2113\AY2021S2\ay2021s2-website\book\index.md'
2021-02-18T14:39:40.182Z - warn: You might have an invalid intra-link! Ignore this warning if it was intended.
'/website/book/gitAndGithub/print.html' found in file 'F:\Teaching\CS2113\AY2021S2\ay2021s2-website\book\index.md'
2021-02-18T14:39:40.183Z - warn: You might have an invalid intra-link! Ignore this warning if it was intended.
'/website/book/principles/print.html' found in file 'F:\Teaching\CS2113\AY2021S2\ay2021s2-website\book\index.md'
2021-02-18T14:39:40.184Z - warn: You might have an invalid intra-link! Ignore this warning if it was intended.
'/website/book/cppToJava/print.html' found in file 'F:\Teaching\CS2113\AY2021S2\ay2021s2-website\book\index.md'
2021-02-18T14:39:40.184Z - warn: You might have an invalid intra-link! Ignore this warning if it was intended.
'/website/book/common/definitions.html' found in file 'F:\Teaching\CS2113\AY2021S2\ay2021s2-website\book\index.md'
2021-02-18T14:39:40.185Z - warn: You might have an invalid intra-link! Ignore this warning if it was intended.
'/website/book/common/references.html' found in file 'F:\Teaching\CS2113\AY2021S2\ay2021s2-website\book\index.md'
2021-02-18T14:39:40.185Z - warn: You might have an invalid intra-link! Ignore this warning if it was intended.
'/website/book/common/outcomes.html' found in file 'F:\Teaching\CS2113\AY2021S2\ay2021s2-website\book\index.md'
2021-02-18T14:39:40.185Z - warn: You might have an invalid intra-link! Ignore this warning if it was intended.
'/website/book/common/print.html' found in file 'F:\Teaching\CS2113\AY2021S2\ay2021s2-website\book\index.md'
2021-02-18T14:40:32.178Z - warn: You might have an invalid intra-link! Ignore this warning if it was intended.
'/website/week7/topics.html' found in file 'F:\Teaching\CS2113\AY2021S2\ay2021s2-website\admin\common-commentary.mbdf'
2021-02-18T14:40:56.654Z - debug:  
2021-02-18T14:41:08.226Z - debug:  
2021-02-18T14:41:08.226Z - debug:  
2021-02-18T14:41:14.658Z - info: Pages built
2021-02-18T14:41:14.832Z - info: Site data built
2021-02-18T14:41:14.832Z - info: Website generation complete! Total build time: 130.247s
2021-02-18T14:41:14.832Z - info: Build success!
2021-02-18T14:41:17.377Z - info: Deployed at https://nus-cs2113-ay2021s2.github.io/website!
