2021-04-12T14:13:42.428Z - info: Website generation started at 10:13:36 pm
2021-04-12T14:13:46.716Z - info: Building assets...
2021-04-12T14:13:51.257Z - info: Assets built
2021-04-12T14:13:51.258Z - info: Generating pages...
2021-04-12T14:14:05.951Z - debug:  
2021-04-12T14:14:05.951Z - debug:  
2021-04-12T14:14:05.952Z - debug:  
2021-04-12T14:14:05.952Z - debug:  
2021-04-12T14:14:05.952Z - debug:  
2021-04-12T14:14:06.369Z - debug:  
2021-04-12T14:14:20.725Z - warn: "++" syntax for underlining will be deprecated in v3.0. Please use "$$".
filePath: D:\Teaching\CS2113\_AY2021S2\ay2021sem2-website\book\testCaseDesign\index.md
2021-04-12T14:14:20.726Z - warn: "++" syntax for underlining will be deprecated in v3.0. Please use "$$".
filePath: D:\Teaching\CS2113\_AY2021S2\ay2021sem2-website\book\testCaseDesign\index.md
2021-04-12T14:14:20.727Z - warn: "++" syntax for underlining will be deprecated in v3.0. Please use "$$".
filePath: D:\Teaching\CS2113\_AY2021S2\ay2021sem2-website\book\testCaseDesign\index.md
2021-04-12T14:14:20.728Z - warn: "++" syntax for underlining will be deprecated in v3.0. Please use "$$".
filePath: D:\Teaching\CS2113\_AY2021S2\ay2021sem2-website\book\testCaseDesign\index.md
2021-04-12T14:14:20.728Z - warn: "++" syntax for underlining will be deprecated in v3.0. Please use "$$".
filePath: D:\Teaching\CS2113\_AY2021S2\ay2021sem2-website\book\testCaseDesign\index.md
2021-04-12T14:14:20.728Z - warn: "++" syntax for underlining will be deprecated in v3.0. Please use "$$".
filePath: D:\Teaching\CS2113\_AY2021S2\ay2021sem2-website\book\testCaseDesign\index.md
2021-04-12T14:14:20.729Z - warn: "++" syntax for underlining will be deprecated in v3.0. Please use "$$".
filePath: D:\Teaching\CS2113\_AY2021S2\ay2021sem2-website\book\testCaseDesign\index.md
2021-04-12T14:14:20.729Z - warn: "++" syntax for underlining will be deprecated in v3.0. Please use "$$".
filePath: D:\Teaching\CS2113\_AY2021S2\ay2021sem2-website\book\testCaseDesign\index.md
2021-04-12T14:14:20.729Z - warn: "++" syntax for underlining will be deprecated in v3.0. Please use "$$".
filePath: D:\Teaching\CS2113\_AY2021S2\ay2021sem2-website\book\testCaseDesign\index.md
2021-04-12T14:14:20.730Z - warn: "++" syntax for underlining will be deprecated in v3.0. Please use "$$".
filePath: D:\Teaching\CS2113\_AY2021S2\ay2021sem2-website\book\testCaseDesign\index.md
2021-04-12T14:14:20.730Z - warn: "++" syntax for underlining will be deprecated in v3.0. Please use "$$".
filePath: D:\Teaching\CS2113\_AY2021S2\ay2021sem2-website\book\testCaseDesign\index.md
2021-04-12T14:14:20.731Z - warn: "++" syntax for underlining will be deprecated in v3.0. Please use "$$".
filePath: D:\Teaching\CS2113\_AY2021S2\ay2021sem2-website\book\testCaseDesign\index.md
2021-04-12T14:14:20.731Z - warn: "++" syntax for underlining will be deprecated in v3.0. Please use "$$".
filePath: D:\Teaching\CS2113\_AY2021S2\ay2021sem2-website\book\testCaseDesign\index.md
2021-04-12T14:14:20.732Z - warn: "++" syntax for underlining will be deprecated in v3.0. Please use "$$".
filePath: D:\Teaching\CS2113\_AY2021S2\ay2021sem2-website\book\testCaseDesign\index.md
2021-04-12T14:14:20.732Z - warn: "++" syntax for underlining will be deprecated in v3.0. Please use "$$".
filePath: D:\Teaching\CS2113\_AY2021S2\ay2021sem2-website\book\testCaseDesign\index.md
2021-04-12T14:14:20.733Z - warn: "++" syntax for underlining will be deprecated in v3.0. Please use "$$".
filePath: D:\Teaching\CS2113\_AY2021S2\ay2021sem2-website\book\testCaseDesign\index.md
2021-04-12T14:14:20.733Z - warn: "++" syntax for underlining will be deprecated in v3.0. Please use "$$".
filePath: D:\Teaching\CS2113\_AY2021S2\ay2021sem2-website\book\testCaseDesign\index.md
2021-04-12T14:14:20.734Z - warn: "++" syntax for underlining will be deprecated in v3.0. Please use "$$".
filePath: D:\Teaching\CS2113\_AY2021S2\ay2021sem2-website\book\testCaseDesign\index.md
2021-04-12T14:14:20.734Z - warn: "++" syntax for underlining will be deprecated in v3.0. Please use "$$".
filePath: D:\Teaching\CS2113\_AY2021S2\ay2021sem2-website\book\testCaseDesign\index.md
2021-04-12T14:14:20.734Z - warn: "++" syntax for underlining will be deprecated in v3.0. Please use "$$".
filePath: D:\Teaching\CS2113\_AY2021S2\ay2021sem2-website\book\testCaseDesign\index.md
2021-04-12T14:14:20.735Z - warn: "++" syntax for underlining will be deprecated in v3.0. Please use "$$".
filePath: D:\Teaching\CS2113\_AY2021S2\ay2021sem2-website\book\testCaseDesign\index.md
2021-04-12T14:14:20.735Z - warn: "++" syntax for underlining will be deprecated in v3.0. Please use "$$".
filePath: D:\Teaching\CS2113\_AY2021S2\ay2021sem2-website\book\testCaseDesign\index.md
2021-04-12T14:14:20.736Z - warn: "++" syntax for underlining will be deprecated in v3.0. Please use "$$".
filePath: D:\Teaching\CS2113\_AY2021S2\ay2021sem2-website\book\testCaseDesign\index.md
2021-04-12T14:14:20.736Z - warn: "++" syntax for underlining will be deprecated in v3.0. Please use "$$".
filePath: D:\Teaching\CS2113\_AY2021S2\ay2021sem2-website\book\testCaseDesign\index.md
2021-04-12T14:14:20.736Z - warn: "++" syntax for underlining will be deprecated in v3.0. Please use "$$".
filePath: D:\Teaching\CS2113\_AY2021S2\ay2021sem2-website\book\testCaseDesign\index.md
2021-04-12T14:14:20.737Z - warn: "++" syntax for underlining will be deprecated in v3.0. Please use "$$".
filePath: D:\Teaching\CS2113\_AY2021S2\ay2021sem2-website\book\testCaseDesign\index.md
2021-04-12T14:14:20.737Z - warn: "++" syntax for underlining will be deprecated in v3.0. Please use "$$".
filePath: D:\Teaching\CS2113\_AY2021S2\ay2021sem2-website\book\testCaseDesign\index.md
2021-04-12T14:14:20.737Z - warn: "++" syntax for underlining will be deprecated in v3.0. Please use "$$".
filePath: D:\Teaching\CS2113\_AY2021S2\ay2021sem2-website\book\testCaseDesign\index.md
2021-04-12T14:14:20.738Z - warn: "++" syntax for underlining will be deprecated in v3.0. Please use "$$".
filePath: D:\Teaching\CS2113\_AY2021S2\ay2021sem2-website\book\testCaseDesign\index.md
2021-04-12T14:14:20.738Z - warn: "++" syntax for underlining will be deprecated in v3.0. Please use "$$".
filePath: D:\Teaching\CS2113\_AY2021S2\ay2021sem2-website\book\testCaseDesign\index.md
2021-04-12T14:14:20.739Z - warn: "++" syntax for underlining will be deprecated in v3.0. Please use "$$".
filePath: D:\Teaching\CS2113\_AY2021S2\ay2021sem2-website\book\testCaseDesign\index.md
2021-04-12T14:14:20.739Z - warn: "++" syntax for underlining will be deprecated in v3.0. Please use "$$".
filePath: D:\Teaching\CS2113\_AY2021S2\ay2021sem2-website\book\testCaseDesign\index.md
2021-04-12T14:14:20.739Z - warn: "++" syntax for underlining will be deprecated in v3.0. Please use "$$".
filePath: D:\Teaching\CS2113\_AY2021S2\ay2021sem2-website\book\testCaseDesign\index.md
2021-04-12T14:14:20.740Z - warn: "++" syntax for underlining will be deprecated in v3.0. Please use "$$".
filePath: D:\Teaching\CS2113\_AY2021S2\ay2021sem2-website\book\testCaseDesign\index.md
2021-04-12T14:14:20.740Z - warn: "++" syntax for underlining will be deprecated in v3.0. Please use "$$".
filePath: D:\Teaching\CS2113\_AY2021S2\ay2021sem2-website\book\testCaseDesign\index.md
2021-04-12T14:14:20.741Z - warn: "++" syntax for underlining will be deprecated in v3.0. Please use "$$".
filePath: D:\Teaching\CS2113\_AY2021S2\ay2021sem2-website\book\testCaseDesign\index.md
2021-04-12T14:14:20.741Z - warn: "++" syntax for underlining will be deprecated in v3.0. Please use "$$".
filePath: D:\Teaching\CS2113\_AY2021S2\ay2021sem2-website\book\testCaseDesign\index.md
2021-04-12T14:14:20.741Z - warn: "++" syntax for underlining will be deprecated in v3.0. Please use "$$".
filePath: D:\Teaching\CS2113\_AY2021S2\ay2021sem2-website\book\testCaseDesign\index.md
2021-04-12T14:14:20.742Z - warn: "++" syntax for underlining will be deprecated in v3.0. Please use "$$".
filePath: D:\Teaching\CS2113\_AY2021S2\ay2021sem2-website\book\testCaseDesign\index.md
2021-04-12T14:14:20.742Z - warn: "++" syntax for underlining will be deprecated in v3.0. Please use "$$".
filePath: D:\Teaching\CS2113\_AY2021S2\ay2021sem2-website\book\testCaseDesign\index.md
2021-04-12T14:14:20.743Z - warn: "++" syntax for underlining will be deprecated in v3.0. Please use "$$".
filePath: D:\Teaching\CS2113\_AY2021S2\ay2021sem2-website\book\testCaseDesign\index.md
2021-04-12T14:14:21.582Z - warn: "++" syntax for underlining will be deprecated in v3.0. Please use "$$".
filePath: D:\Teaching\CS2113\_AY2021S2\ay2021sem2-website\book\testCaseDesign\combiningTestInputs\mix\index.md
2021-04-12T14:14:21.583Z - warn: "++" syntax for underlining will be deprecated in v3.0. Please use "$$".
filePath: D:\Teaching\CS2113\_AY2021S2\ay2021sem2-website\book\testCaseDesign\combiningTestInputs\mix\index.md
2021-04-12T14:14:21.583Z - warn: "++" syntax for underlining will be deprecated in v3.0. Please use "$$".
filePath: D:\Teaching\CS2113\_AY2021S2\ay2021sem2-website\book\testCaseDesign\combiningTestInputs\mix\index.md
2021-04-12T14:14:21.584Z - warn: "++" syntax for underlining will be deprecated in v3.0. Please use "$$".
filePath: D:\Teaching\CS2113\_AY2021S2\ay2021sem2-website\book\testCaseDesign\combiningTestInputs\mix\index.md
2021-04-12T14:14:21.584Z - warn: "++" syntax for underlining will be deprecated in v3.0. Please use "$$".
filePath: D:\Teaching\CS2113\_AY2021S2\ay2021sem2-website\book\testCaseDesign\combiningTestInputs\mix\index.md
2021-04-12T14:14:21.584Z - warn: "++" syntax for underlining will be deprecated in v3.0. Please use "$$".
filePath: D:\Teaching\CS2113\_AY2021S2\ay2021sem2-website\book\testCaseDesign\combiningTestInputs\mix\index.md
2021-04-12T14:14:21.585Z - warn: "++" syntax for underlining will be deprecated in v3.0. Please use "$$".
filePath: D:\Teaching\CS2113\_AY2021S2\ay2021sem2-website\book\testCaseDesign\combiningTestInputs\mix\index.md
2021-04-12T14:14:21.585Z - warn: "++" syntax for underlining will be deprecated in v3.0. Please use "$$".
filePath: D:\Teaching\CS2113\_AY2021S2\ay2021sem2-website\book\testCaseDesign\combiningTestInputs\mix\index.md
2021-04-12T14:14:21.585Z - warn: "++" syntax for underlining will be deprecated in v3.0. Please use "$$".
filePath: D:\Teaching\CS2113\_AY2021S2\ay2021sem2-website\book\testCaseDesign\combiningTestInputs\mix\index.md
2021-04-12T14:14:21.586Z - warn: "++" syntax for underlining will be deprecated in v3.0. Please use "$$".
filePath: D:\Teaching\CS2113\_AY2021S2\ay2021sem2-website\book\testCaseDesign\combiningTestInputs\mix\index.md
2021-04-12T14:14:21.586Z - warn: "++" syntax for underlining will be deprecated in v3.0. Please use "$$".
filePath: D:\Teaching\CS2113\_AY2021S2\ay2021sem2-website\book\testCaseDesign\combiningTestInputs\mix\index.md
2021-04-12T14:14:21.587Z - warn: "++" syntax for underlining will be deprecated in v3.0. Please use "$$".
filePath: D:\Teaching\CS2113\_AY2021S2\ay2021sem2-website\book\testCaseDesign\combiningTestInputs\mix\index.md
2021-04-12T14:14:21.587Z - warn: "++" syntax for underlining will be deprecated in v3.0. Please use "$$".
filePath: D:\Teaching\CS2113\_AY2021S2\ay2021sem2-website\book\testCaseDesign\combiningTestInputs\mix\index.md
2021-04-12T14:14:21.587Z - warn: "++" syntax for underlining will be deprecated in v3.0. Please use "$$".
filePath: D:\Teaching\CS2113\_AY2021S2\ay2021sem2-website\book\testCaseDesign\combiningTestInputs\mix\index.md
2021-04-12T14:14:21.588Z - warn: "++" syntax for underlining will be deprecated in v3.0. Please use "$$".
filePath: D:\Teaching\CS2113\_AY2021S2\ay2021sem2-website\book\testCaseDesign\combiningTestInputs\mix\index.md
2021-04-12T14:14:21.588Z - warn: "++" syntax for underlining will be deprecated in v3.0. Please use "$$".
filePath: D:\Teaching\CS2113\_AY2021S2\ay2021sem2-website\book\testCaseDesign\combiningTestInputs\mix\index.md
2021-04-12T14:14:21.588Z - warn: "++" syntax for underlining will be deprecated in v3.0. Please use "$$".
filePath: D:\Teaching\CS2113\_AY2021S2\ay2021sem2-website\book\testCaseDesign\combiningTestInputs\mix\index.md
2021-04-12T14:14:21.589Z - warn: "++" syntax for underlining will be deprecated in v3.0. Please use "$$".
filePath: D:\Teaching\CS2113\_AY2021S2\ay2021sem2-website\book\testCaseDesign\combiningTestInputs\mix\index.md
2021-04-12T14:14:21.589Z - warn: "++" syntax for underlining will be deprecated in v3.0. Please use "$$".
filePath: D:\Teaching\CS2113\_AY2021S2\ay2021sem2-website\book\testCaseDesign\combiningTestInputs\mix\index.md
2021-04-12T14:14:21.590Z - warn: "++" syntax for underlining will be deprecated in v3.0. Please use "$$".
filePath: D:\Teaching\CS2113\_AY2021S2\ay2021sem2-website\book\testCaseDesign\combiningTestInputs\mix\index.md
2021-04-12T14:14:21.590Z - warn: "++" syntax for underlining will be deprecated in v3.0. Please use "$$".
filePath: D:\Teaching\CS2113\_AY2021S2\ay2021sem2-website\book\testCaseDesign\combiningTestInputs\mix\index.md
2021-04-12T14:14:21.590Z - warn: "++" syntax for underlining will be deprecated in v3.0. Please use "$$".
filePath: D:\Teaching\CS2113\_AY2021S2\ay2021sem2-website\book\testCaseDesign\combiningTestInputs\mix\index.md
2021-04-12T14:14:21.591Z - warn: "++" syntax for underlining will be deprecated in v3.0. Please use "$$".
filePath: D:\Teaching\CS2113\_AY2021S2\ay2021sem2-website\book\testCaseDesign\combiningTestInputs\mix\index.md
2021-04-12T14:14:21.591Z - warn: "++" syntax for underlining will be deprecated in v3.0. Please use "$$".
filePath: D:\Teaching\CS2113\_AY2021S2\ay2021sem2-website\book\testCaseDesign\combiningTestInputs\mix\index.md
2021-04-12T14:14:21.591Z - warn: "++" syntax for underlining will be deprecated in v3.0. Please use "$$".
filePath: D:\Teaching\CS2113\_AY2021S2\ay2021sem2-website\book\testCaseDesign\combiningTestInputs\mix\index.md
2021-04-12T14:14:21.791Z - warn: "++" syntax for underlining will be deprecated in v3.0. Please use "$$".
filePath: D:\Teaching\CS2113\_AY2021S2\ay2021sem2-website\book\testCaseDesign\combiningTestInputs\index.md
2021-04-12T14:14:21.792Z - warn: "++" syntax for underlining will be deprecated in v3.0. Please use "$$".
filePath: D:\Teaching\CS2113\_AY2021S2\ay2021sem2-website\book\testCaseDesign\combiningTestInputs\index.md
2021-04-12T14:14:21.792Z - warn: "++" syntax for underlining will be deprecated in v3.0. Please use "$$".
filePath: D:\Teaching\CS2113\_AY2021S2\ay2021sem2-website\book\testCaseDesign\combiningTestInputs\index.md
2021-04-12T14:14:21.793Z - warn: "++" syntax for underlining will be deprecated in v3.0. Please use "$$".
filePath: D:\Teaching\CS2113\_AY2021S2\ay2021sem2-website\book\testCaseDesign\combiningTestInputs\index.md
2021-04-12T14:14:21.793Z - warn: "++" syntax for underlining will be deprecated in v3.0. Please use "$$".
filePath: D:\Teaching\CS2113\_AY2021S2\ay2021sem2-website\book\testCaseDesign\combiningTestInputs\index.md
2021-04-12T14:14:21.793Z - warn: "++" syntax for underlining will be deprecated in v3.0. Please use "$$".
filePath: D:\Teaching\CS2113\_AY2021S2\ay2021sem2-website\book\testCaseDesign\combiningTestInputs\index.md
2021-04-12T14:14:21.794Z - warn: "++" syntax for underlining will be deprecated in v3.0. Please use "$$".
filePath: D:\Teaching\CS2113\_AY2021S2\ay2021sem2-website\book\testCaseDesign\combiningTestInputs\index.md
2021-04-12T14:14:21.794Z - warn: "++" syntax for underlining will be deprecated in v3.0. Please use "$$".
filePath: D:\Teaching\CS2113\_AY2021S2\ay2021sem2-website\book\testCaseDesign\combiningTestInputs\index.md
2021-04-12T14:14:21.794Z - warn: "++" syntax for underlining will be deprecated in v3.0. Please use "$$".
filePath: D:\Teaching\CS2113\_AY2021S2\ay2021sem2-website\book\testCaseDesign\combiningTestInputs\index.md
2021-04-12T14:14:21.795Z - warn: "++" syntax for underlining will be deprecated in v3.0. Please use "$$".
filePath: D:\Teaching\CS2113\_AY2021S2\ay2021sem2-website\book\testCaseDesign\combiningTestInputs\index.md
2021-04-12T14:14:21.795Z - warn: "++" syntax for underlining will be deprecated in v3.0. Please use "$$".
filePath: D:\Teaching\CS2113\_AY2021S2\ay2021sem2-website\book\testCaseDesign\combiningTestInputs\index.md
2021-04-12T14:14:21.796Z - warn: "++" syntax for underlining will be deprecated in v3.0. Please use "$$".
filePath: D:\Teaching\CS2113\_AY2021S2\ay2021sem2-website\book\testCaseDesign\combiningTestInputs\index.md
2021-04-12T14:14:21.796Z - warn: "++" syntax for underlining will be deprecated in v3.0. Please use "$$".
filePath: D:\Teaching\CS2113\_AY2021S2\ay2021sem2-website\book\testCaseDesign\combiningTestInputs\index.md
2021-04-12T14:14:21.797Z - warn: "++" syntax for underlining will be deprecated in v3.0. Please use "$$".
filePath: D:\Teaching\CS2113\_AY2021S2\ay2021sem2-website\book\testCaseDesign\combiningTestInputs\index.md
2021-04-12T14:14:21.797Z - warn: "++" syntax for underlining will be deprecated in v3.0. Please use "$$".
filePath: D:\Teaching\CS2113\_AY2021S2\ay2021sem2-website\book\testCaseDesign\combiningTestInputs\index.md
2021-04-12T14:14:21.798Z - warn: "++" syntax for underlining will be deprecated in v3.0. Please use "$$".
filePath: D:\Teaching\CS2113\_AY2021S2\ay2021sem2-website\book\testCaseDesign\combiningTestInputs\index.md
2021-04-12T14:14:21.798Z - warn: "++" syntax for underlining will be deprecated in v3.0. Please use "$$".
filePath: D:\Teaching\CS2113\_AY2021S2\ay2021sem2-website\book\testCaseDesign\combiningTestInputs\index.md
2021-04-12T14:14:21.798Z - warn: "++" syntax for underlining will be deprecated in v3.0. Please use "$$".
filePath: D:\Teaching\CS2113\_AY2021S2\ay2021sem2-website\book\testCaseDesign\combiningTestInputs\index.md
2021-04-12T14:14:21.799Z - warn: "++" syntax for underlining will be deprecated in v3.0. Please use "$$".
filePath: D:\Teaching\CS2113\_AY2021S2\ay2021sem2-website\book\testCaseDesign\combiningTestInputs\index.md
2021-04-12T14:14:21.799Z - warn: "++" syntax for underlining will be deprecated in v3.0. Please use "$$".
filePath: D:\Teaching\CS2113\_AY2021S2\ay2021sem2-website\book\testCaseDesign\combiningTestInputs\index.md
2021-04-12T14:14:21.799Z - warn: "++" syntax for underlining will be deprecated in v3.0. Please use "$$".
filePath: D:\Teaching\CS2113\_AY2021S2\ay2021sem2-website\book\testCaseDesign\combiningTestInputs\index.md
2021-04-12T14:14:21.800Z - warn: "++" syntax for underlining will be deprecated in v3.0. Please use "$$".
filePath: D:\Teaching\CS2113\_AY2021S2\ay2021sem2-website\book\testCaseDesign\combiningTestInputs\index.md
2021-04-12T14:14:21.800Z - warn: "++" syntax for underlining will be deprecated in v3.0. Please use "$$".
filePath: D:\Teaching\CS2113\_AY2021S2\ay2021sem2-website\book\testCaseDesign\combiningTestInputs\index.md
2021-04-12T14:14:21.800Z - warn: "++" syntax for underlining will be deprecated in v3.0. Please use "$$".
filePath: D:\Teaching\CS2113\_AY2021S2\ay2021sem2-website\book\testCaseDesign\combiningTestInputs\index.md
2021-04-12T14:14:21.801Z - warn: "++" syntax for underlining will be deprecated in v3.0. Please use "$$".
filePath: D:\Teaching\CS2113\_AY2021S2\ay2021sem2-website\book\testCaseDesign\combiningTestInputs\index.md
2021-04-12T14:14:21.801Z - warn: "++" syntax for underlining will be deprecated in v3.0. Please use "$$".
filePath: D:\Teaching\CS2113\_AY2021S2\ay2021sem2-website\book\testCaseDesign\combiningTestInputs\index.md
2021-04-12T14:14:21.801Z - warn: "++" syntax for underlining will be deprecated in v3.0. Please use "$$".
filePath: D:\Teaching\CS2113\_AY2021S2\ay2021sem2-website\book\testCaseDesign\combiningTestInputs\index.md
2021-04-12T14:14:21.802Z - warn: "++" syntax for underlining will be deprecated in v3.0. Please use "$$".
filePath: D:\Teaching\CS2113\_AY2021S2\ay2021sem2-website\book\testCaseDesign\combiningTestInputs\index.md
2021-04-12T14:14:21.802Z - warn: "++" syntax for underlining will be deprecated in v3.0. Please use "$$".
filePath: D:\Teaching\CS2113\_AY2021S2\ay2021sem2-website\book\testCaseDesign\combiningTestInputs\index.md
2021-04-12T14:14:21.802Z - warn: "++" syntax for underlining will be deprecated in v3.0. Please use "$$".
filePath: D:\Teaching\CS2113\_AY2021S2\ay2021sem2-website\book\testCaseDesign\combiningTestInputs\index.md
2021-04-12T14:14:21.803Z - warn: "++" syntax for underlining will be deprecated in v3.0. Please use "$$".
filePath: D:\Teaching\CS2113\_AY2021S2\ay2021sem2-website\book\testCaseDesign\combiningTestInputs\index.md
2021-04-12T14:14:21.803Z - warn: "++" syntax for underlining will be deprecated in v3.0. Please use "$$".
filePath: D:\Teaching\CS2113\_AY2021S2\ay2021sem2-website\book\testCaseDesign\combiningTestInputs\index.md
2021-04-12T14:14:21.808Z - warn: "++" syntax for underlining will be deprecated in v3.0. Please use "$$".
filePath: D:\Teaching\CS2113\_AY2021S2\ay2021sem2-website\book\testCaseDesign\combiningTestInputs\index.md
2021-04-12T14:14:21.808Z - warn: "++" syntax for underlining will be deprecated in v3.0. Please use "$$".
filePath: D:\Teaching\CS2113\_AY2021S2\ay2021sem2-website\book\testCaseDesign\combiningTestInputs\index.md
2021-04-12T14:14:21.809Z - warn: "++" syntax for underlining will be deprecated in v3.0. Please use "$$".
filePath: D:\Teaching\CS2113\_AY2021S2\ay2021sem2-website\book\testCaseDesign\combiningTestInputs\index.md
2021-04-12T14:14:21.809Z - warn: "++" syntax for underlining will be deprecated in v3.0. Please use "$$".
filePath: D:\Teaching\CS2113\_AY2021S2\ay2021sem2-website\book\testCaseDesign\combiningTestInputs\index.md
2021-04-12T14:14:21.809Z - warn: "++" syntax for underlining will be deprecated in v3.0. Please use "$$".
filePath: D:\Teaching\CS2113\_AY2021S2\ay2021sem2-website\book\testCaseDesign\combiningTestInputs\index.md
2021-04-12T14:14:21.810Z - warn: "++" syntax for underlining will be deprecated in v3.0. Please use "$$".
filePath: D:\Teaching\CS2113\_AY2021S2\ay2021sem2-website\book\testCaseDesign\combiningTestInputs\index.md
2021-04-12T14:14:21.810Z - warn: "++" syntax for underlining will be deprecated in v3.0. Please use "$$".
filePath: D:\Teaching\CS2113\_AY2021S2\ay2021sem2-website\book\testCaseDesign\combiningTestInputs\index.md
2021-04-12T14:14:21.810Z - warn: "++" syntax for underlining will be deprecated in v3.0. Please use "$$".
filePath: D:\Teaching\CS2113\_AY2021S2\ay2021sem2-website\book\testCaseDesign\combiningTestInputs\index.md
2021-04-12T14:14:21.811Z - warn: "++" syntax for underlining will be deprecated in v3.0. Please use "$$".
filePath: D:\Teaching\CS2113\_AY2021S2\ay2021sem2-website\book\testCaseDesign\combiningTestInputs\index.md
2021-04-12T14:14:22.051Z - warn: "++" syntax for underlining will be deprecated in v3.0. Please use "$$".
filePath: D:\Teaching\CS2113\_AY2021S2\ay2021sem2-website\book\testCaseDesign\combiningTestInputs\heuristicInvalid\index.md
2021-04-12T14:14:22.052Z - warn: "++" syntax for underlining will be deprecated in v3.0. Please use "$$".
filePath: D:\Teaching\CS2113\_AY2021S2\ay2021sem2-website\book\testCaseDesign\combiningTestInputs\heuristicInvalid\index.md
2021-04-12T14:14:22.053Z - warn: "++" syntax for underlining will be deprecated in v3.0. Please use "$$".
filePath: D:\Teaching\CS2113\_AY2021S2\ay2021sem2-website\book\testCaseDesign\combiningTestInputs\heuristicInvalid\index.md
2021-04-12T14:14:22.053Z - warn: "++" syntax for underlining will be deprecated in v3.0. Please use "$$".
filePath: D:\Teaching\CS2113\_AY2021S2\ay2021sem2-website\book\testCaseDesign\combiningTestInputs\heuristicInvalid\index.md
2021-04-12T14:14:22.053Z - warn: "++" syntax for underlining will be deprecated in v3.0. Please use "$$".
filePath: D:\Teaching\CS2113\_AY2021S2\ay2021sem2-website\book\testCaseDesign\combiningTestInputs\heuristicInvalid\index.md
2021-04-12T14:14:22.054Z - warn: "++" syntax for underlining will be deprecated in v3.0. Please use "$$".
filePath: D:\Teaching\CS2113\_AY2021S2\ay2021sem2-website\book\testCaseDesign\combiningTestInputs\heuristicInvalid\index.md
2021-04-12T14:14:22.088Z - warn: "++" syntax for underlining will be deprecated in v3.0. Please use "$$".
filePath: D:\Teaching\CS2113\_AY2021S2\ay2021sem2-website\book\testCaseDesign\combiningTestInputs\heuristicValid\index.md
2021-04-12T14:14:22.089Z - warn: "++" syntax for underlining will be deprecated in v3.0. Please use "$$".
filePath: D:\Teaching\CS2113\_AY2021S2\ay2021sem2-website\book\testCaseDesign\combiningTestInputs\heuristicValid\index.md
2021-04-12T14:14:22.089Z - warn: "++" syntax for underlining will be deprecated in v3.0. Please use "$$".
filePath: D:\Teaching\CS2113\_AY2021S2\ay2021sem2-website\book\testCaseDesign\combiningTestInputs\heuristicValid\index.md
2021-04-12T14:14:22.090Z - warn: "++" syntax for underlining will be deprecated in v3.0. Please use "$$".
filePath: D:\Teaching\CS2113\_AY2021S2\ay2021sem2-website\book\testCaseDesign\combiningTestInputs\heuristicValid\index.md
2021-04-12T14:14:22.090Z - warn: "++" syntax for underlining will be deprecated in v3.0. Please use "$$".
filePath: D:\Teaching\CS2113\_AY2021S2\ay2021sem2-website\book\testCaseDesign\combiningTestInputs\heuristicValid\index.md
2021-04-12T14:14:22.091Z - warn: "++" syntax for underlining will be deprecated in v3.0. Please use "$$".
filePath: D:\Teaching\CS2113\_AY2021S2\ay2021sem2-website\book\testCaseDesign\combiningTestInputs\heuristicValid\index.md
2021-04-12T14:14:22.091Z - warn: "++" syntax for underlining will be deprecated in v3.0. Please use "$$".
filePath: D:\Teaching\CS2113\_AY2021S2\ay2021sem2-website\book\testCaseDesign\combiningTestInputs\heuristicValid\index.md
2021-04-12T14:14:22.091Z - warn: "++" syntax for underlining will be deprecated in v3.0. Please use "$$".
filePath: D:\Teaching\CS2113\_AY2021S2\ay2021sem2-website\book\testCaseDesign\combiningTestInputs\heuristicValid\index.md
2021-04-12T14:14:22.092Z - warn: "++" syntax for underlining will be deprecated in v3.0. Please use "$$".
filePath: D:\Teaching\CS2113\_AY2021S2\ay2021sem2-website\book\testCaseDesign\combiningTestInputs\heuristicValid\index.md
2021-04-12T14:14:22.092Z - warn: "++" syntax for underlining will be deprecated in v3.0. Please use "$$".
filePath: D:\Teaching\CS2113\_AY2021S2\ay2021sem2-website\book\testCaseDesign\combiningTestInputs\heuristicValid\index.md
2021-04-12T14:14:22.291Z - warn: "++" syntax for underlining will be deprecated in v3.0. Please use "$$".
filePath: D:\Teaching\CS2113\_AY2021S2\ay2021sem2-website\book\testCaseDesign\combiningTestInputs\heuristicValid\unit-inElsewhere-asFlat.md
2021-04-12T14:14:22.292Z - warn: "++" syntax for underlining will be deprecated in v3.0. Please use "$$".
filePath: D:\Teaching\CS2113\_AY2021S2\ay2021sem2-website\book\testCaseDesign\combiningTestInputs\heuristicValid\unit-inElsewhere-asFlat.md
2021-04-12T14:14:22.292Z - warn: "++" syntax for underlining will be deprecated in v3.0. Please use "$$".
filePath: D:\Teaching\CS2113\_AY2021S2\ay2021sem2-website\book\testCaseDesign\combiningTestInputs\heuristicValid\unit-inElsewhere-asFlat.md
2021-04-12T14:14:22.293Z - warn: "++" syntax for underlining will be deprecated in v3.0. Please use "$$".
filePath: D:\Teaching\CS2113\_AY2021S2\ay2021sem2-website\book\testCaseDesign\combiningTestInputs\heuristicValid\unit-inElsewhere-asFlat.md
2021-04-12T14:14:22.293Z - warn: "++" syntax for underlining will be deprecated in v3.0. Please use "$$".
filePath: D:\Teaching\CS2113\_AY2021S2\ay2021sem2-website\book\testCaseDesign\combiningTestInputs\heuristicValid\unit-inElsewhere-asFlat.md
2021-04-12T14:14:22.294Z - warn: "++" syntax for underlining will be deprecated in v3.0. Please use "$$".
filePath: D:\Teaching\CS2113\_AY2021S2\ay2021sem2-website\book\testCaseDesign\combiningTestInputs\heuristicValid\unit-inElsewhere-asFlat.md
2021-04-12T14:14:22.294Z - warn: "++" syntax for underlining will be deprecated in v3.0. Please use "$$".
filePath: D:\Teaching\CS2113\_AY2021S2\ay2021sem2-website\book\testCaseDesign\combiningTestInputs\heuristicValid\unit-inElsewhere-asFlat.md
2021-04-12T14:14:22.294Z - warn: "++" syntax for underlining will be deprecated in v3.0. Please use "$$".
filePath: D:\Teaching\CS2113\_AY2021S2\ay2021sem2-website\book\testCaseDesign\combiningTestInputs\heuristicValid\unit-inElsewhere-asFlat.md
2021-04-12T14:14:22.295Z - warn: "++" syntax for underlining will be deprecated in v3.0. Please use "$$".
filePath: D:\Teaching\CS2113\_AY2021S2\ay2021sem2-website\book\testCaseDesign\combiningTestInputs\heuristicValid\unit-inElsewhere-asFlat.md
2021-04-12T14:14:22.295Z - warn: "++" syntax for underlining will be deprecated in v3.0. Please use "$$".
filePath: D:\Teaching\CS2113\_AY2021S2\ay2021sem2-website\book\testCaseDesign\combiningTestInputs\heuristicValid\unit-inElsewhere-asFlat.md
2021-04-12T14:14:23.578Z - warn: "++" syntax for underlining will be deprecated in v3.0. Please use "$$".
filePath: D:\Teaching\CS2113\_AY2021S2\ay2021sem2-website\book\specifyingRequirements\useCases\index.md
2021-04-12T14:14:23.578Z - warn: "++" syntax for underlining will be deprecated in v3.0. Please use "$$".
filePath: D:\Teaching\CS2113\_AY2021S2\ay2021sem2-website\book\specifyingRequirements\useCases\index.md
2021-04-12T14:14:23.579Z - warn: "++" syntax for underlining will be deprecated in v3.0. Please use "$$".
filePath: D:\Teaching\CS2113\_AY2021S2\ay2021sem2-website\book\specifyingRequirements\useCases\index.md
2021-04-12T14:14:23.980Z - warn: "++" syntax for underlining will be deprecated in v3.0. Please use "$$".
filePath: D:\Teaching\CS2113\_AY2021S2\ay2021sem2-website\book\specifyingRequirements\useCases\details\index.md
2021-04-12T14:14:23.981Z - warn: "++" syntax for underlining will be deprecated in v3.0. Please use "$$".
filePath: D:\Teaching\CS2113\_AY2021S2\ay2021sem2-website\book\specifyingRequirements\useCases\details\index.md
2021-04-12T14:14:23.981Z - warn: "++" syntax for underlining will be deprecated in v3.0. Please use "$$".
filePath: D:\Teaching\CS2113\_AY2021S2\ay2021sem2-website\book\specifyingRequirements\useCases\details\index.md
2021-04-12T14:14:24.566Z - warn: "++" syntax for underlining will be deprecated in v3.0. Please use "$$".
filePath: D:\Teaching\CS2113\_AY2021S2\ay2021sem2-website\book\specifyingRequirements\index.md
2021-04-12T14:14:24.567Z - warn: "++" syntax for underlining will be deprecated in v3.0. Please use "$$".
filePath: D:\Teaching\CS2113\_AY2021S2\ay2021sem2-website\book\specifyingRequirements\index.md
2021-04-12T14:14:24.567Z - warn: "++" syntax for underlining will be deprecated in v3.0. Please use "$$".
filePath: D:\Teaching\CS2113\_AY2021S2\ay2021sem2-website\book\specifyingRequirements\index.md
2021-04-12T14:14:43.290Z - warn: You might have an invalid intra-link! Ignore this warning if it was intended.
'/website/book/about/usage.html' found in file 'D:\Teaching\CS2113\_AY2021S2\ay2021sem2-website\book\index.md'
2021-04-12T14:14:43.291Z - warn: You might have an invalid intra-link! Ignore this warning if it was intended.
'/website/book/softwareEngineering/print.html' found in file 'D:\Teaching\CS2113\_AY2021S2\ay2021sem2-website\book\index.md'
2021-04-12T14:14:43.292Z - warn: You might have an invalid intra-link! Ignore this warning if it was intended.
'/website/book/oop/print.html' found in file 'D:\Teaching\CS2113\_AY2021S2\ay2021sem2-website\book\index.md'
2021-04-12T14:14:43.293Z - warn: You might have an invalid intra-link! Ignore this warning if it was intended.
'/website/book/requirements/print.html' found in file 'D:\Teaching\CS2113\_AY2021S2\ay2021sem2-website\book\index.md'
2021-04-12T14:14:43.294Z - warn: You might have an invalid intra-link! Ignore this warning if it was intended.
'/website/book/gatheringRequirements/print.html' found in file 'D:\Teaching\CS2113\_AY2021S2\ay2021sem2-website\book\index.md'
2021-04-12T14:14:43.295Z - warn: You might have an invalid intra-link! Ignore this warning if it was intended.
'/website/book/specifyingRequirements/print.html' found in file 'D:\Teaching\CS2113\_AY2021S2\ay2021sem2-website\book\index.md'
2021-04-12T14:14:43.296Z - warn: You might have an invalid intra-link! Ignore this warning if it was intended.
'/website/book/design/print.html' found in file 'D:\Teaching\CS2113\_AY2021S2\ay2021sem2-website\book\index.md'
2021-04-12T14:14:43.297Z - warn: You might have an invalid intra-link! Ignore this warning if it was intended.
'/website/book/designFundamentals/print.html' found in file 'D:\Teaching\CS2113\_AY2021S2\ay2021sem2-website\book\index.md'
2021-04-12T14:14:43.298Z - warn: You might have an invalid intra-link! Ignore this warning if it was intended.
'/website/book/modeling/print.html' found in file 'D:\Teaching\CS2113\_AY2021S2\ay2021sem2-website\book\index.md'
2021-04-12T14:14:43.299Z - warn: You might have an invalid intra-link! Ignore this warning if it was intended.
'/website/book/architecture/print.html' found in file 'D:\Teaching\CS2113\_AY2021S2\ay2021sem2-website\book\index.md'
2021-04-12T14:14:43.299Z - warn: You might have an invalid intra-link! Ignore this warning if it was intended.
'/website/book/designPatterns/print.html' found in file 'D:\Teaching\CS2113\_AY2021S2\ay2021sem2-website\book\index.md'
2021-04-12T14:14:43.300Z - warn: You might have an invalid intra-link! Ignore this warning if it was intended.
'/website/book/designApproaches/print.html' found in file 'D:\Teaching\CS2113\_AY2021S2\ay2021sem2-website\book\index.md'
2021-04-12T14:14:43.301Z - warn: You might have an invalid intra-link! Ignore this warning if it was intended.
'/website/book/ides/print.html' found in file 'D:\Teaching\CS2113\_AY2021S2\ay2021sem2-website\book\index.md'
2021-04-12T14:14:43.302Z - warn: You might have an invalid intra-link! Ignore this warning if it was intended.
'/website/book/codeQuality/print.html' found in file 'D:\Teaching\CS2113\_AY2021S2\ay2021sem2-website\book\index.md'
2021-04-12T14:14:43.303Z - warn: You might have an invalid intra-link! Ignore this warning if it was intended.
'/website/book/refactoring/print.html' found in file 'D:\Teaching\CS2113\_AY2021S2\ay2021sem2-website\book\index.md'
2021-04-12T14:14:43.304Z - warn: You might have an invalid intra-link! Ignore this warning if it was intended.
'/website/book/documentation/print.html' found in file 'D:\Teaching\CS2113\_AY2021S2\ay2021sem2-website\book\index.md'
2021-04-12T14:14:43.305Z - warn: You might have an invalid intra-link! Ignore this warning if it was intended.
'/website/book/errorHandling/print.html' found in file 'D:\Teaching\CS2113\_AY2021S2\ay2021sem2-website\book\index.md'
2021-04-12T14:14:43.305Z - warn: You might have an invalid intra-link! Ignore this warning if it was intended.
'/website/book/integration/print.html' found in file 'D:\Teaching\CS2113\_AY2021S2\ay2021sem2-website\book\index.md'
2021-04-12T14:14:43.306Z - warn: You might have an invalid intra-link! Ignore this warning if it was intended.
'/website/book/reuse/print.html' found in file 'D:\Teaching\CS2113\_AY2021S2\ay2021sem2-website\book\index.md'
2021-04-12T14:14:43.307Z - warn: You might have an invalid intra-link! Ignore this warning if it was intended.
'/website/book/qualityAssurance/print.html' found in file 'D:\Teaching\CS2113\_AY2021S2\ay2021sem2-website\book\index.md'
2021-04-12T14:14:43.308Z - warn: You might have an invalid intra-link! Ignore this warning if it was intended.
'/website/book/testing/print.html' found in file 'D:\Teaching\CS2113\_AY2021S2\ay2021sem2-website\book\index.md'
2021-04-12T14:14:43.308Z - warn: You might have an invalid intra-link! Ignore this warning if it was intended.
'/website/book/testCaseDesign/print.html' found in file 'D:\Teaching\CS2113\_AY2021S2\ay2021sem2-website\book\index.md'
2021-04-12T14:14:43.309Z - warn: You might have an invalid intra-link! Ignore this warning if it was intended.
'/website/book/revisionControl/print.html' found in file 'D:\Teaching\CS2113\_AY2021S2\ay2021sem2-website\book\index.md'
2021-04-12T14:14:43.310Z - warn: You might have an invalid intra-link! Ignore this warning if it was intended.
'/website/book/projectPlanning/print.html' found in file 'D:\Teaching\CS2113\_AY2021S2\ay2021sem2-website\book\index.md'
2021-04-12T14:14:43.311Z - warn: You might have an invalid intra-link! Ignore this warning if it was intended.
'/website/book/teamwork/print.html' found in file 'D:\Teaching\CS2113\_AY2021S2\ay2021sem2-website\book\index.md'
2021-04-12T14:14:43.311Z - warn: You might have an invalid intra-link! Ignore this warning if it was intended.
'/website/book/processModels/print.html' found in file 'D:\Teaching\CS2113\_AY2021S2\ay2021sem2-website\book\index.md'
2021-04-12T14:14:43.312Z - warn: You might have an invalid intra-link! Ignore this warning if it was intended.
'/website/book/uml/print.html' found in file 'D:\Teaching\CS2113\_AY2021S2\ay2021sem2-website\book\index.md'
2021-04-12T14:14:43.313Z - warn: You might have an invalid intra-link! Ignore this warning if it was intended.
'/website/book/intellij/print.html' found in file 'D:\Teaching\CS2113\_AY2021S2\ay2021sem2-website\book\index.md'
2021-04-12T14:14:43.314Z - warn: You might have an invalid intra-link! Ignore this warning if it was intended.
'/website/book/gitAndGithub/print.html' found in file 'D:\Teaching\CS2113\_AY2021S2\ay2021sem2-website\book\index.md'
2021-04-12T14:14:43.315Z - warn: You might have an invalid intra-link! Ignore this warning if it was intended.
'/website/book/principles/print.html' found in file 'D:\Teaching\CS2113\_AY2021S2\ay2021sem2-website\book\index.md'
2021-04-12T14:14:43.317Z - warn: You might have an invalid intra-link! Ignore this warning if it was intended.
'/website/book/cppToJava/print.html' found in file 'D:\Teaching\CS2113\_AY2021S2\ay2021sem2-website\book\index.md'
2021-04-12T14:14:43.318Z - warn: You might have an invalid intra-link! Ignore this warning if it was intended.
'/website/book/common/definitions.html' found in file 'D:\Teaching\CS2113\_AY2021S2\ay2021sem2-website\book\index.md'
2021-04-12T14:14:43.319Z - warn: You might have an invalid intra-link! Ignore this warning if it was intended.
'/website/book/common/references.html' found in file 'D:\Teaching\CS2113\_AY2021S2\ay2021sem2-website\book\index.md'
2021-04-12T14:14:43.320Z - warn: You might have an invalid intra-link! Ignore this warning if it was intended.
'/website/book/common/outcomes.html' found in file 'D:\Teaching\CS2113\_AY2021S2\ay2021sem2-website\book\index.md'
2021-04-12T14:14:43.320Z - warn: You might have an invalid intra-link! Ignore this warning if it was intended.
'/website/book/common/print.html' found in file 'D:\Teaching\CS2113\_AY2021S2\ay2021sem2-website\book\index.md'
2021-04-12T14:15:17.980Z - warn: "++" syntax for underlining will be deprecated in v3.0. Please use "$$".
filePath: D:\Teaching\CS2113\_AY2021S2\ay2021sem2-website\se-book-adapted\chapters\testCaseDesign.md
2021-04-12T14:15:17.981Z - warn: "++" syntax for underlining will be deprecated in v3.0. Please use "$$".
filePath: D:\Teaching\CS2113\_AY2021S2\ay2021sem2-website\se-book-adapted\chapters\testCaseDesign.md
2021-04-12T14:15:17.981Z - warn: "++" syntax for underlining will be deprecated in v3.0. Please use "$$".
filePath: D:\Teaching\CS2113\_AY2021S2\ay2021sem2-website\se-book-adapted\chapters\testCaseDesign.md
2021-04-12T14:15:17.982Z - warn: "++" syntax for underlining will be deprecated in v3.0. Please use "$$".
filePath: D:\Teaching\CS2113\_AY2021S2\ay2021sem2-website\se-book-adapted\chapters\testCaseDesign.md
2021-04-12T14:15:17.982Z - warn: "++" syntax for underlining will be deprecated in v3.0. Please use "$$".
filePath: D:\Teaching\CS2113\_AY2021S2\ay2021sem2-website\se-book-adapted\chapters\testCaseDesign.md
2021-04-12T14:15:17.982Z - warn: "++" syntax for underlining will be deprecated in v3.0. Please use "$$".
filePath: D:\Teaching\CS2113\_AY2021S2\ay2021sem2-website\se-book-adapted\chapters\testCaseDesign.md
2021-04-12T14:15:17.983Z - warn: "++" syntax for underlining will be deprecated in v3.0. Please use "$$".
filePath: D:\Teaching\CS2113\_AY2021S2\ay2021sem2-website\se-book-adapted\chapters\testCaseDesign.md
2021-04-12T14:15:17.983Z - warn: "++" syntax for underlining will be deprecated in v3.0. Please use "$$".
filePath: D:\Teaching\CS2113\_AY2021S2\ay2021sem2-website\se-book-adapted\chapters\testCaseDesign.md
2021-04-12T14:15:17.983Z - warn: "++" syntax for underlining will be deprecated in v3.0. Please use "$$".
filePath: D:\Teaching\CS2113\_AY2021S2\ay2021sem2-website\se-book-adapted\chapters\testCaseDesign.md
2021-04-12T14:15:17.984Z - warn: "++" syntax for underlining will be deprecated in v3.0. Please use "$$".
filePath: D:\Teaching\CS2113\_AY2021S2\ay2021sem2-website\se-book-adapted\chapters\testCaseDesign.md
2021-04-12T14:15:17.984Z - warn: "++" syntax for underlining will be deprecated in v3.0. Please use "$$".
filePath: D:\Teaching\CS2113\_AY2021S2\ay2021sem2-website\se-book-adapted\chapters\testCaseDesign.md
2021-04-12T14:15:17.984Z - warn: "++" syntax for underlining will be deprecated in v3.0. Please use "$$".
filePath: D:\Teaching\CS2113\_AY2021S2\ay2021sem2-website\se-book-adapted\chapters\testCaseDesign.md
2021-04-12T14:15:17.985Z - warn: "++" syntax for underlining will be deprecated in v3.0. Please use "$$".
filePath: D:\Teaching\CS2113\_AY2021S2\ay2021sem2-website\se-book-adapted\chapters\testCaseDesign.md
2021-04-12T14:15:17.985Z - warn: "++" syntax for underlining will be deprecated in v3.0. Please use "$$".
filePath: D:\Teaching\CS2113\_AY2021S2\ay2021sem2-website\se-book-adapted\chapters\testCaseDesign.md
2021-04-12T14:15:17.986Z - warn: "++" syntax for underlining will be deprecated in v3.0. Please use "$$".
filePath: D:\Teaching\CS2113\_AY2021S2\ay2021sem2-website\se-book-adapted\chapters\testCaseDesign.md
2021-04-12T14:15:17.986Z - warn: "++" syntax for underlining will be deprecated in v3.0. Please use "$$".
filePath: D:\Teaching\CS2113\_AY2021S2\ay2021sem2-website\se-book-adapted\chapters\testCaseDesign.md
2021-04-12T14:15:18.607Z - warn: "++" syntax for underlining will be deprecated in v3.0. Please use "$$".
filePath: D:\Teaching\CS2113\_AY2021S2\ay2021sem2-website\se-book-adapted\chapters\specifyingRequirements.md
2021-04-12T14:15:18.608Z - warn: "++" syntax for underlining will be deprecated in v3.0. Please use "$$".
filePath: D:\Teaching\CS2113\_AY2021S2\ay2021sem2-website\se-book-adapted\chapters\specifyingRequirements.md
2021-04-12T14:15:18.608Z - warn: "++" syntax for underlining will be deprecated in v3.0. Please use "$$".
filePath: D:\Teaching\CS2113\_AY2021S2\ay2021sem2-website\se-book-adapted\chapters\specifyingRequirements.md
2021-04-12T14:15:31.301Z - warn: "++" syntax for underlining will be deprecated in v3.0. Please use "$$".
filePath: D:\Teaching\CS2113\_AY2021S2\ay2021sem2-website\schedule\week4\tutorial.md
2021-04-12T14:15:48.460Z - warn: "++" syntax for underlining will be deprecated in v3.0. Please use "$$".
filePath: D:\Teaching\CS2113\_AY2021S2\ay2021sem2-website\schedule\week12\topics.md
2021-04-12T14:15:48.461Z - warn: "++" syntax for underlining will be deprecated in v3.0. Please use "$$".
filePath: D:\Teaching\CS2113\_AY2021S2\ay2021sem2-website\schedule\week12\topics.md
2021-04-12T14:15:48.461Z - warn: "++" syntax for underlining will be deprecated in v3.0. Please use "$$".
filePath: D:\Teaching\CS2113\_AY2021S2\ay2021sem2-website\schedule\week12\topics.md
2021-04-12T14:15:48.461Z - warn: "++" syntax for underlining will be deprecated in v3.0. Please use "$$".
filePath: D:\Teaching\CS2113\_AY2021S2\ay2021sem2-website\schedule\week12\topics.md
2021-04-12T14:15:48.462Z - warn: "++" syntax for underlining will be deprecated in v3.0. Please use "$$".
filePath: D:\Teaching\CS2113\_AY2021S2\ay2021sem2-website\schedule\week12\topics.md
2021-04-12T14:15:48.462Z - warn: "++" syntax for underlining will be deprecated in v3.0. Please use "$$".
filePath: D:\Teaching\CS2113\_AY2021S2\ay2021sem2-website\schedule\week12\topics.md
2021-04-12T14:15:48.462Z - warn: "++" syntax for underlining will be deprecated in v3.0. Please use "$$".
filePath: D:\Teaching\CS2113\_AY2021S2\ay2021sem2-website\schedule\week12\topics.md
2021-04-12T14:15:48.463Z - warn: "++" syntax for underlining will be deprecated in v3.0. Please use "$$".
filePath: D:\Teaching\CS2113\_AY2021S2\ay2021sem2-website\schedule\week12\topics.md
2021-04-12T14:15:48.463Z - warn: "++" syntax for underlining will be deprecated in v3.0. Please use "$$".
filePath: D:\Teaching\CS2113\_AY2021S2\ay2021sem2-website\schedule\week12\topics.md
2021-04-12T14:15:48.463Z - warn: "++" syntax for underlining will be deprecated in v3.0. Please use "$$".
filePath: D:\Teaching\CS2113\_AY2021S2\ay2021sem2-website\schedule\week12\topics.md
2021-04-12T14:15:48.464Z - warn: "++" syntax for underlining will be deprecated in v3.0. Please use "$$".
filePath: D:\Teaching\CS2113\_AY2021S2\ay2021sem2-website\schedule\week12\topics.md
2021-04-12T14:15:48.464Z - warn: "++" syntax for underlining will be deprecated in v3.0. Please use "$$".
filePath: D:\Teaching\CS2113\_AY2021S2\ay2021sem2-website\schedule\week12\topics.md
2021-04-12T14:15:48.465Z - warn: "++" syntax for underlining will be deprecated in v3.0. Please use "$$".
filePath: D:\Teaching\CS2113\_AY2021S2\ay2021sem2-website\schedule\week12\topics.md
2021-04-12T14:15:48.465Z - warn: "++" syntax for underlining will be deprecated in v3.0. Please use "$$".
filePath: D:\Teaching\CS2113\_AY2021S2\ay2021sem2-website\schedule\week12\topics.md
2021-04-12T14:15:48.465Z - warn: "++" syntax for underlining will be deprecated in v3.0. Please use "$$".
filePath: D:\Teaching\CS2113\_AY2021S2\ay2021sem2-website\schedule\week12\topics.md
2021-04-12T14:15:48.465Z - warn: "++" syntax for underlining will be deprecated in v3.0. Please use "$$".
filePath: D:\Teaching\CS2113\_AY2021S2\ay2021sem2-website\schedule\week12\topics.md
2021-04-12T14:15:48.514Z - warn: You might have an invalid intra-link! Ignore this warning if it was intended.
'/website/week7/topics.html' found in file 'D:\Teaching\CS2113\_AY2021S2\ay2021sem2-website\admin\common-commentary.mbdf'
2021-04-12T14:15:54.894Z - warn: "++" syntax for underlining will be deprecated in v3.0. Please use "$$".
filePath: D:\Teaching\CS2113\_AY2021S2\ay2021sem2-website\schedule\week7\project.md
2021-04-12T14:15:58.154Z - warn: "++" syntax for underlining will be deprecated in v3.0. Please use "$$".
filePath: D:\Teaching\CS2113\_AY2021S2\ay2021sem2-website\schedule\week4\project.md
2021-04-12T14:16:12.581Z - warn: "++" syntax for underlining will be deprecated in v3.0. Please use "$$".
filePath: D:\Teaching\CS2113\_AY2021S2\ay2021sem2-website\schedule\week1\admin.md
2021-04-12T14:16:12.583Z - warn: "++" syntax for underlining will be deprecated in v3.0. Please use "$$".
filePath: D:\Teaching\CS2113\_AY2021S2\ay2021sem2-website\schedule\week1\admin.md
2021-04-12T14:16:17.935Z - debug:  
2021-04-12T14:16:32.458Z - debug:  
2021-04-12T14:16:32.458Z - debug:  
2021-04-12T14:16:34.809Z - warn: "++" syntax for underlining will be deprecated in v3.0. Please use "$$".
filePath: D:\Teaching\CS2113\_AY2021S2\ay2021sem2-website\admin\participation.md
2021-04-12T14:16:36.486Z - warn: "++" syntax for underlining will be deprecated in v3.0. Please use "$$".
filePath: D:\Teaching\CS2113\_AY2021S2\ay2021sem2-website\admin\ip-w7.md
2021-04-12T14:16:37.249Z - warn: "++" syntax for underlining will be deprecated in v3.0. Please use "$$".
filePath: D:\Teaching\CS2113\_AY2021S2\ay2021sem2-website\admin\ip-w4.md
2021-04-12T14:16:39.756Z - warn: "++" syntax for underlining will be deprecated in v3.0. Please use "$$".
filePath: D:\Teaching\CS2113\_AY2021S2\ay2021sem2-website\admin\gradeBreakdown.md
2021-04-12T14:16:40.754Z - info: Pages built
2021-04-12T14:16:41.906Z - info: Site data built
2021-04-12T14:16:41.907Z - info: Website generation complete! Total build time: 185.531s
2021-04-12T14:16:41.907Z - info: Build success!
2021-04-12T14:16:53.593Z - info: Deployed at https://nus-cs2113-ay2021s2.github.io/website!
