2020-12-27T16:02:13.900Z - info: [12:02:13 AM] Reload for file change: C:\repos\nus-cs2103-AY2021S1\cs2103-website\admin\tp-testing.mbdf
2020-12-27T16:02:13.954Z - info: [12:02:13 AM] Reload for file change: C:\repos\nus-cs2103-AY2021S1\cs2103-website\admin\tp-testing.mbdf
2020-12-27T16:02:14.945Z - info: Rebuilding 1 pages
2020-12-27T16:02:16.780Z - info: Site data built
2020-12-27T16:02:16.783Z - info: Pages rebuilt
2020-12-27T16:02:16.783Z - info: Website regeneration complete! Total build time: 1.847s
2020-12-27T16:03:09.674Z - info: [12:03:09 AM] Reload for file change: C:\repos\nus-cs2103-AY2021S1\cs2103-website\admin\tp-testing.mbdf
2020-12-27T16:03:10.686Z - info: Rebuilding 1 pages
2020-12-27T16:03:12.619Z - info: Site data built
2020-12-27T16:03:12.620Z - info: Pages rebuilt
2020-12-27T16:03:12.620Z - info: Website regeneration complete! Total build time: 1.94s
2020-12-27T16:03:19.432Z - info: [12:03:19 AM] Reload for file change: C:\repos\nus-cs2103-AY2021S1\cs2103-website\admin\tp-testing.mbdf
2020-12-27T16:03:20.443Z - info: Rebuilding 1 pages
2020-12-27T16:03:21.886Z - info: Site data built
2020-12-27T16:03:21.886Z - info: Pages rebuilt
2020-12-27T16:03:21.886Z - info: Website regeneration complete! Total build time: 1.448s
2020-12-27T16:03:30.172Z - info: [12:03:30 AM] Reload for file change: C:\repos\nus-cs2103-AY2021S1\cs2103-website\admin\tp-testing.mbdf
2020-12-27T16:03:31.183Z - info: Rebuilding 1 pages
2020-12-27T16:03:32.608Z - info: Site data built
2020-12-27T16:03:32.608Z - info: Pages rebuilt
2020-12-27T16:03:32.608Z - info: Website regeneration complete! Total build time: 1.426s
2020-12-27T16:04:02.206Z - info: [12:04:02 AM] Reload for file change: C:\repos\nus-cs2103-AY2021S1\cs2103-website\admin\tp-testing.mbdf
2020-12-27T16:04:03.216Z - info: Rebuilding 1 pages
2020-12-27T16:04:04.889Z - info: Site data built
2020-12-27T16:04:04.890Z - info: Pages rebuilt
2020-12-27T16:04:04.890Z - info: Website regeneration complete! Total build time: 1.675s
2020-12-27T16:04:20.408Z - info: [12:04:20 AM] Reload for file change: C:\repos\nus-cs2103-AY2021S1\cs2103-website\admin\tp-testing.mbdf
2020-12-27T16:04:21.424Z - info: Rebuilding 1 pages
2020-12-27T16:04:22.875Z - info: Site data built
2020-12-27T16:04:22.876Z - info: Pages rebuilt
2020-12-27T16:04:22.876Z - info: Website regeneration complete! Total build time: 1.455s
2020-12-27T16:05:27.257Z - info: [12:05:27 AM] Reload for file change: C:\repos\nus-cs2103-AY2021S1\cs2103-website\admin\tp-testing.mbdf
2020-12-27T16:05:28.266Z - info: Rebuilding 1 pages
2020-12-27T16:05:30.013Z - info: Site data built
2020-12-27T16:05:30.014Z - info: Pages rebuilt
2020-12-27T16:05:30.016Z - info: Website regeneration complete! Total build time: 1.755s
2020-12-27T16:05:46.411Z - info: [12:05:46 AM] Reload for file change: C:\repos\nus-cs2103-AY2021S1\cs2103-website\admin\tp-testing.mbdf
2020-12-27T16:05:47.414Z - info: Rebuilding 1 pages
2020-12-27T16:05:48.997Z - info: Site data built
2020-12-27T16:05:48.998Z - info: Pages rebuilt
2020-12-27T16:05:48.999Z - info: Website regeneration complete! Total build time: 1.586s
2020-12-27T16:05:54.218Z - info: [12:05:54 AM] Reload for file change: C:\repos\nus-cs2103-AY2021S1\cs2103-website\admin\tp-testing.mbdf
2020-12-27T16:05:55.232Z - info: Rebuilding 1 pages
2020-12-27T16:05:56.579Z - info: Site data built
2020-12-27T16:05:56.579Z - info: Pages rebuilt
2020-12-27T16:05:56.580Z - info: Website regeneration complete! Total build time: 1.352s
2020-12-27T16:06:09.500Z - info: [12:06:09 AM] Reload for file change: C:\repos\nus-cs2103-AY2021S1\cs2103-website\admin\tp-testing.mbdf
2020-12-27T16:06:10.518Z - info: Rebuilding 1 pages
2020-12-27T16:06:11.915Z - info: Site data built
2020-12-27T16:06:11.916Z - info: Pages rebuilt
2020-12-27T16:06:11.916Z - info: Website regeneration complete! Total build time: 1.402s
2020-12-27T16:06:49.460Z - info: [12:06:49 AM] Reload for file change: C:\repos\nus-cs2103-AY2021S1\cs2103-website\admin\tp-testing.mbdf
2020-12-27T16:06:50.467Z - info: Rebuilding 1 pages
2020-12-27T16:06:51.915Z - info: Site data built
2020-12-27T16:06:51.916Z - info: Pages rebuilt
2020-12-27T16:06:51.916Z - info: Website regeneration complete! Total build time: 1.451s
2020-12-27T16:06:57.749Z - info: [12:06:57 AM] Reload for file change: C:\repos\nus-cs2103-AY2021S1\cs2103-website\admin\tp-testing.mbdf
2020-12-27T16:06:58.766Z - info: Rebuilding 1 pages
2020-12-27T16:07:00.515Z - info: Site data built
2020-12-27T16:07:00.516Z - info: Pages rebuilt
2020-12-27T16:07:00.516Z - info: Website regeneration complete! Total build time: 1.751s
2020-12-27T16:07:45.410Z - info: [12:07:45 AM] Reload for file change: C:\repos\nus-cs2103-AY2021S1\cs2103-website\admin\tp-testing.mbdf
2020-12-27T16:07:46.424Z - info: Rebuilding 1 pages
2020-12-27T16:07:47.839Z - info: Site data built
2020-12-27T16:07:47.840Z - info: Pages rebuilt
2020-12-27T16:07:47.840Z - info: Website regeneration complete! Total build time: 1.425s
2020-12-27T16:09:19.567Z - info: [12:09:19 AM] Reload for file change: C:\repos\nus-cs2103-AY2021S1\cs2103-website\admin\tp-testing.mbdf
2020-12-27T16:09:20.593Z - info: Rebuilding 1 pages
2020-12-27T16:09:22.128Z - info: Site data built
2020-12-27T16:09:22.128Z - info: Pages rebuilt
2020-12-27T16:09:22.128Z - info: Website regeneration complete! Total build time: 1.537s
2020-12-27T16:14:33.937Z - info: [12:14:33 AM] Reload for file change: C:\repos\nus-cs2103-AY2021S1\cs2103-website\admin\tp-testing.mbdf
2020-12-27T16:14:34.950Z - info: Rebuilding 1 pages
2020-12-27T16:14:36.377Z - info: Site data built
2020-12-27T16:14:36.378Z - info: Pages rebuilt
2020-12-27T16:14:36.378Z - info: Website regeneration complete! Total build time: 1.432s
2020-12-27T16:17:39.060Z - info: [12:17:39 AM] Reload for file change: C:\repos\nus-cs2103-AY2021S1\cs2103-website\admin\tp-testing.mbdf
2020-12-27T16:17:40.067Z - info: Rebuilding 1 pages
2020-12-27T16:17:41.364Z - info: Site data built
2020-12-27T16:17:41.365Z - info: Pages rebuilt
2020-12-27T16:17:41.365Z - info: Website regeneration complete! Total build time: 1.299s
2020-12-27T16:20:27.410Z - info: [12:20:27 AM] Reload for file change: C:\repos\nus-cs2103-AY2021S1\cs2103-website\admin\tp-ped.mbdf
2020-12-27T16:20:28.417Z - info: Rebuilding 1 pages
2020-12-27T16:20:29.659Z - info: Site data built
2020-12-27T16:20:29.659Z - info: Pages rebuilt
2020-12-27T16:20:29.659Z - info: Website regeneration complete! Total build time: 1.246s
2020-12-27T16:20:44.282Z - info: [12:20:44 AM] Reload for file change: C:\repos\nus-cs2103-AY2021S1\cs2103-website\admin\tp-ped.mbdf
2020-12-27T16:20:45.302Z - info: Rebuilding 1 pages
2020-12-27T16:20:46.576Z - info: Site data built
2020-12-27T16:20:46.581Z - info: Pages rebuilt
2020-12-27T16:20:46.581Z - info: Website regeneration complete! Total build time: 1.283s
2020-12-27T16:22:18.800Z - info: Building C:\repos\nus-cs2103-AY2021S1\cs2103-website\admin\tutorials as some of its dependencies were changed since the last visit
2020-12-27T16:22:19.269Z - info: Site data built
2020-12-27T16:22:19.270Z - info: Lazy website regeneration complete! Total build time: 0.47s
2020-12-27T16:23:12.282Z - info: Building C:\repos\nus-cs2103-AY2021S1\cs2103-website\admin\tp-supervision as some of its dependencies were changed since the last visit
2020-12-27T16:23:12.604Z - info: Site data built
2020-12-27T16:23:12.604Z - info: Lazy website regeneration complete! Total build time: 0.322s
2020-12-27T16:24:10.214Z - info: [12:24:10 AM] Reload for file change: C:\repos\nus-cs2103-AY2021S1\cs2103-website\admin\tp-supervision.md
2020-12-27T16:24:11.232Z - info: Rebuilding 1 pages
2020-12-27T16:24:11.534Z - info: Site data built
2020-12-27T16:24:11.534Z - info: Pages rebuilt
2020-12-27T16:24:11.534Z - info: Website regeneration complete! Total build time: 0.308s
2020-12-27T16:25:01.936Z - info: [12:25:01 AM] Reload for file change: C:\repos\nus-cs2103-AY2021S1\cs2103-website\admin\tp-supervision.md
2020-12-27T16:25:02.949Z - info: Rebuilding 1 pages
2020-12-27T16:25:03.237Z - info: Site data built
2020-12-27T16:25:03.238Z - info: Pages rebuilt
2020-12-27T16:25:03.238Z - info: Website regeneration complete! Total build time: 0.293s
2020-12-27T16:25:41.793Z - info: [12:25:41 AM] Reload for file change: C:\repos\nus-cs2103-AY2021S1\cs2103-website\admin\tp-supervision.md
2020-12-27T16:25:42.824Z - info: Rebuilding 1 pages
2020-12-27T16:25:43.166Z - info: Site data built
2020-12-27T16:25:43.166Z - info: Pages rebuilt
2020-12-27T16:25:43.166Z - info: Website regeneration complete! Total build time: 0.343s
2020-12-27T16:39:23.836Z - info: Building C:\repos\nus-cs2103-AY2021S1\cs2103-website\admin\ip-overview as some of its dependencies were changed since the last visit
2020-12-27T16:39:24.318Z - info: Site data built
2020-12-27T16:39:24.318Z - info: Lazy website regeneration complete! Total build time: 0.492s
2020-12-27T16:39:30.173Z - info: Building C:\repos\nus-cs2103-AY2021S1\cs2103-website\se-book-adapted\projectDuke\index as some of its dependencies were changed since the last visit
2020-12-27T16:39:31.157Z - info: Site data built
2020-12-27T16:39:31.157Z - info: Lazy website regeneration complete! Total build time: 0.985s
2020-12-27T16:40:59.981Z - info: [12:40:59 AM] Reload for file change: C:\repos\nus-cs2103-AY2021S1\cs2103-website\programming\monty\monty.mbdf
2020-12-27T16:40:59.997Z - info: [12:40:59 AM] Reload for file change: C:\repos\nus-cs2103-AY2021S1\cs2103-website\book\projectDuke\text.md
2020-12-27T16:41:01.010Z - info: Rebuilding 1 pages
2020-12-27T16:41:01.740Z - info: Assets built
2020-12-27T16:41:01.743Z - info: Site data built
2020-12-27T16:41:01.743Z - info: Pages rebuilt
2020-12-27T16:41:01.743Z - info: Website regeneration complete! Total build time: 0.737s
2020-12-27T16:42:06.839Z - info: [12:42:06 AM] Reload for file change: C:\repos\nus-cs2103-AY2021S1\cs2103-website\programming\monty\monty.mbdf
2020-12-27T16:42:06.841Z - info: [12:42:06 AM] Reload for file change: C:\repos\nus-cs2103-AY2021S1\cs2103-website\book\projectDuke\text.md
2020-12-27T16:42:07.849Z - info: Rebuilding 1 pages
2020-12-27T16:42:08.614Z - info: Site data built
2020-12-27T16:42:08.616Z - info: Pages rebuilt
2020-12-27T16:42:08.616Z - info: Website regeneration complete! Total build time: 0.769s
2020-12-27T16:42:08.618Z - info: Assets built
2020-12-27T16:47:05.869Z - info: Building C:\repos\nus-cs2103-AY2021S1\cs2103-website\admin\index as some of its dependencies were changed since the last visit
2020-12-27T16:47:06.751Z - info: Site data built
2020-12-27T16:47:06.752Z - info: Lazy website regeneration complete! Total build time: 0.883s
2020-12-27T16:47:13.004Z - info: Building C:\repos\nus-cs2103-AY2021S1\cs2103-website\admin\tp-expectations as some of its dependencies were changed since the last visit
2020-12-27T16:47:13.476Z - info: Site data built
2020-12-27T16:47:13.476Z - info: Lazy website regeneration complete! Total build time: 0.473s
2020-12-27T16:50:25.992Z - info: [12:50:25 AM] Reload for file change: C:\repos\nus-cs2103-AY2021S1\cs2103-website\admin\tp-expectations.md
2020-12-27T16:50:27.000Z - info: Rebuilding 1 pages
2020-12-27T16:50:27.491Z - info: Site data built
2020-12-27T16:50:27.492Z - info: Pages rebuilt
2020-12-27T16:50:27.492Z - info: Website regeneration complete! Total build time: 0.493s
2020-12-27T16:56:45.360Z - info: [12:56:45 AM] Reload for file change: C:\repos\nus-cs2103-AY2021S1\cs2103-website\admin\tp-expectations.md
2020-12-27T16:56:46.368Z - info: Rebuilding 1 pages
2020-12-27T16:56:46.808Z - info: Site data built
2020-12-27T16:56:46.808Z - info: Pages rebuilt
2020-12-27T16:56:46.808Z - info: Website regeneration complete! Total build time: 0.442s
2020-12-27T16:56:53.341Z - info: [12:56:53 AM] Reload for file change: C:\repos\nus-cs2103-AY2021S1\cs2103-website\admin\tp-expectations.md
2020-12-27T16:56:54.352Z - info: Rebuilding 1 pages
2020-12-27T16:56:54.882Z - info: Site data built
2020-12-27T16:56:54.882Z - info: Pages rebuilt
2020-12-27T16:56:54.882Z - info: Website regeneration complete! Total build time: 0.533s
2020-12-27T16:57:42.513Z - info: [12:57:42 AM] Reload for file change: C:\repos\nus-cs2103-AY2021S1\cs2103-website\admin\tp-expectations.md
2020-12-27T16:57:43.521Z - info: Rebuilding 1 pages
2020-12-27T16:57:43.924Z - info: Site data built
2020-12-27T16:57:43.925Z - info: Pages rebuilt
2020-12-27T16:57:43.925Z - info: Website regeneration complete! Total build time: 0.406s
2020-12-27T16:59:12.553Z - info: [12:59:12 AM] Reload for file change: C:\repos\nus-cs2103-AY2021S1\cs2103-website\admin\tp-expectations.md
2020-12-27T16:59:13.586Z - info: Rebuilding 1 pages
2020-12-27T16:59:14.049Z - info: Site data built
2020-12-27T16:59:14.050Z - info: Pages rebuilt
2020-12-27T16:59:14.050Z - info: Website regeneration complete! Total build time: 0.468s
2020-12-27T17:01:13.231Z - info: [1:01:13 AM] Reload for file change: C:\repos\nus-cs2103-AY2021S1\cs2103-website\admin\tp-expectations.md
2020-12-27T17:01:14.240Z - info: Rebuilding 1 pages
2020-12-27T17:01:14.677Z - info: Site data built
2020-12-27T17:01:14.677Z - info: Pages rebuilt
2020-12-27T17:01:14.677Z - info: Website regeneration complete! Total build time: 0.44s
2020-12-27T17:02:28.157Z - info: [1:02:28 AM] Reload for file change: C:\repos\nus-cs2103-AY2021S1\cs2103-website\admin\tp-expectations.md
2020-12-27T17:02:29.165Z - info: Rebuilding 1 pages
2020-12-27T17:02:29.830Z - info: Site data built
2020-12-27T17:02:29.831Z - info: Pages rebuilt
2020-12-27T17:02:29.831Z - info: Website regeneration complete! Total build time: 0.669s
2020-12-27T17:06:28.123Z - info: [1:06:28 AM] Reload for file change: C:\repos\nus-cs2103-AY2021S1\cs2103-website\admin\tp-expectations.md
2020-12-27T17:06:29.128Z - info: Rebuilding 1 pages
2020-12-27T17:06:29.486Z - info: Site data built
2020-12-27T17:06:29.486Z - info: Pages rebuilt
2020-12-27T17:06:29.486Z - info: Website regeneration complete! Total build time: 0.359s
2020-12-27T17:07:02.677Z - info: [1:07:02 AM] Reload for file change: C:\repos\nus-cs2103-AY2021S1\cs2103-website\admin\tp-expectations.md
2020-12-27T17:07:03.686Z - info: Rebuilding 1 pages
2020-12-27T17:07:04.214Z - info: Site data built
2020-12-27T17:07:04.214Z - info: Pages rebuilt
2020-12-27T17:07:04.214Z - info: Website regeneration complete! Total build time: 0.529s
2020-12-27T17:11:35.111Z - info: [1:11:35 AM] Reload for file change: C:\repos\nus-cs2103-AY2021S1\cs2103-website\admin\tp-expectations.md
2020-12-27T17:11:36.125Z - info: Rebuilding 1 pages
2020-12-27T17:11:36.634Z - info: Site data built
2020-12-27T17:11:36.634Z - info: Pages rebuilt
2020-12-27T17:11:36.634Z - info: Website regeneration complete! Total build time: 0.513s
2020-12-27T17:12:03.378Z - info: [1:12:03 AM] Reload for file change: C:\repos\nus-cs2103-AY2021S1\cs2103-website\admin\tp-expectations.md
2020-12-27T17:12:04.390Z - info: Rebuilding 1 pages
2020-12-27T17:12:04.867Z - info: Site data built
2020-12-27T17:12:04.867Z - info: Pages rebuilt
2020-12-27T17:12:04.867Z - info: Website regeneration complete! Total build time: 0.48s
2020-12-27T17:12:36.388Z - info: [1:12:36 AM] Reload for file change: C:\repos\nus-cs2103-AY2021S1\cs2103-website\admin\tp-expectations.md
2020-12-27T17:12:37.406Z - info: Rebuilding 1 pages
2020-12-27T17:12:37.846Z - info: Site data built
2020-12-27T17:12:37.847Z - info: Pages rebuilt
2020-12-27T17:12:37.847Z - info: Website regeneration complete! Total build time: 0.449s
2020-12-27T17:14:18.476Z - info: [1:14:18 AM] Reload for file change: C:\repos\nus-cs2103-AY2021S1\cs2103-website\admin\tp-expectations.md
2020-12-27T17:14:19.485Z - info: Rebuilding 1 pages
2020-12-27T17:14:19.940Z - info: Site data built
2020-12-27T17:14:19.940Z - info: Pages rebuilt
2020-12-27T17:14:19.940Z - info: Website regeneration complete! Total build time: 0.458s
2020-12-27T17:14:56.897Z - info: [1:14:56 AM] Reload for file change: C:\repos\nus-cs2103-AY2021S1\cs2103-website\admin\tp-expectations.md
2020-12-27T17:14:57.907Z - info: Rebuilding 1 pages
2020-12-27T17:14:58.507Z - info: Site data built
2020-12-27T17:14:58.507Z - info: Pages rebuilt
2020-12-27T17:14:58.507Z - info: Website regeneration complete! Total build time: 0.603s
2020-12-27T17:15:35.707Z - info: Building C:\repos\nus-cs2103-AY2021S1\cs2103-website\admin\tp-grading as some of its dependencies were changed since the last visit
2020-12-27T17:15:36.374Z - info: Site data built
2020-12-27T17:15:36.374Z - info: Lazy website regeneration complete! Total build time: 0.668s
2020-12-27T17:21:19.014Z - info: Building C:\repos\nus-cs2103-AY2021S1\cs2103-website\admin\tp-w3 as some of its dependencies were changed since the last visit
2020-12-27T17:21:19.988Z - info: Site data built
2020-12-27T17:21:19.989Z - info: Lazy website regeneration complete! Total build time: 0.976s
2020-12-27T17:21:26.061Z - info: Building C:\repos\nus-cs2103-AY2021S1\cs2103-website\admin\tp-w4 as some of its dependencies were changed since the last visit
2020-12-27T17:21:27.161Z - info: Site data built
2020-12-27T17:21:27.162Z - info: Lazy website regeneration complete! Total build time: 1.102s
2020-12-27T17:22:44.436Z - info: [1:22:44 AM] Reload for file change: C:\repos\nus-cs2103-AY2021S1\cs2103-website\admin\tp-expectations.md
2020-12-27T17:22:45.457Z - info: Rebuilding 1 pages
2020-12-27T17:22:46.673Z - info: Site data built
2020-12-27T17:22:46.673Z - info: Pages rebuilt
2020-12-27T17:22:46.673Z - info: Website regeneration complete! Total build time: 1.221s
2020-12-27T17:25:38.219Z - info: Website generation started at 1:25:34 AM
2020-12-27T17:25:49.469Z - info: Building assets...
2020-12-27T17:25:55.938Z - info: Assets built
2020-12-27T17:25:55.938Z - info: Generating pages...
2020-12-27T17:26:10.693Z - debug:  
2020-12-27T17:26:10.693Z - debug:  
2020-12-27T17:26:10.693Z - debug:  
2020-12-27T17:26:10.694Z - debug:  
2020-12-27T17:26:10.694Z - debug:  
2020-12-27T17:26:12.691Z - debug:  
2020-12-27T17:26:50.731Z - warn: You might have an invalid intra-link! Ignore this warning if it was intended.
'/website/book/about/usage.html' found in file 'C:\repos\nus-cs2103-AY2021S1\cs2103-website\book\index.md'
2020-12-27T17:26:50.738Z - warn: You might have an invalid intra-link! Ignore this warning if it was intended.
'/website/book/softwareEngineering/print.html' found in file 'C:\repos\nus-cs2103-AY2021S1\cs2103-website\book\index.md'
2020-12-27T17:26:50.740Z - warn: You might have an invalid intra-link! Ignore this warning if it was intended.
'/website/book/oop/print.html' found in file 'C:\repos\nus-cs2103-AY2021S1\cs2103-website\book\index.md'
2020-12-27T17:26:50.741Z - warn: You might have an invalid intra-link! Ignore this warning if it was intended.
'/website/book/requirements/print.html' found in file 'C:\repos\nus-cs2103-AY2021S1\cs2103-website\book\index.md'
2020-12-27T17:26:50.743Z - warn: You might have an invalid intra-link! Ignore this warning if it was intended.
'/website/book/gatheringRequirements/print.html' found in file 'C:\repos\nus-cs2103-AY2021S1\cs2103-website\book\index.md'
2020-12-27T17:26:50.744Z - warn: You might have an invalid intra-link! Ignore this warning if it was intended.
'/website/book/specifyingRequirements/print.html' found in file 'C:\repos\nus-cs2103-AY2021S1\cs2103-website\book\index.md'
2020-12-27T17:26:50.745Z - warn: You might have an invalid intra-link! Ignore this warning if it was intended.
'/website/book/design/print.html' found in file 'C:\repos\nus-cs2103-AY2021S1\cs2103-website\book\index.md'
2020-12-27T17:26:50.746Z - warn: You might have an invalid intra-link! Ignore this warning if it was intended.
'/website/book/designFundamentals/print.html' found in file 'C:\repos\nus-cs2103-AY2021S1\cs2103-website\book\index.md'
2020-12-27T17:26:50.747Z - warn: You might have an invalid intra-link! Ignore this warning if it was intended.
'/website/book/modeling/print.html' found in file 'C:\repos\nus-cs2103-AY2021S1\cs2103-website\book\index.md'
2020-12-27T17:26:50.749Z - warn: You might have an invalid intra-link! Ignore this warning if it was intended.
'/website/book/architecture/print.html' found in file 'C:\repos\nus-cs2103-AY2021S1\cs2103-website\book\index.md'
2020-12-27T17:26:50.751Z - warn: You might have an invalid intra-link! Ignore this warning if it was intended.
'/website/book/designPatterns/print.html' found in file 'C:\repos\nus-cs2103-AY2021S1\cs2103-website\book\index.md'
2020-12-27T17:26:50.752Z - warn: You might have an invalid intra-link! Ignore this warning if it was intended.
'/website/book/designApproaches/print.html' found in file 'C:\repos\nus-cs2103-AY2021S1\cs2103-website\book\index.md'
2020-12-27T17:26:50.754Z - warn: You might have an invalid intra-link! Ignore this warning if it was intended.
'/website/book/ides/print.html' found in file 'C:\repos\nus-cs2103-AY2021S1\cs2103-website\book\index.md'
2020-12-27T17:26:50.755Z - warn: You might have an invalid intra-link! Ignore this warning if it was intended.
'/website/book/codeQuality/print.html' found in file 'C:\repos\nus-cs2103-AY2021S1\cs2103-website\book\index.md'
2020-12-27T17:26:50.756Z - warn: You might have an invalid intra-link! Ignore this warning if it was intended.
'/website/book/refactoring/print.html' found in file 'C:\repos\nus-cs2103-AY2021S1\cs2103-website\book\index.md'
2020-12-27T17:26:50.757Z - warn: You might have an invalid intra-link! Ignore this warning if it was intended.
'/website/book/documentation/print.html' found in file 'C:\repos\nus-cs2103-AY2021S1\cs2103-website\book\index.md'
2020-12-27T17:26:50.759Z - warn: You might have an invalid intra-link! Ignore this warning if it was intended.
'/website/book/errorHandling/print.html' found in file 'C:\repos\nus-cs2103-AY2021S1\cs2103-website\book\index.md'
2020-12-27T17:26:50.760Z - warn: You might have an invalid intra-link! Ignore this warning if it was intended.
'/website/book/integration/print.html' found in file 'C:\repos\nus-cs2103-AY2021S1\cs2103-website\book\index.md'
2020-12-27T17:26:50.761Z - warn: You might have an invalid intra-link! Ignore this warning if it was intended.
'/website/book/reuse/print.html' found in file 'C:\repos\nus-cs2103-AY2021S1\cs2103-website\book\index.md'
2020-12-27T17:26:50.762Z - warn: You might have an invalid intra-link! Ignore this warning if it was intended.
'/website/book/qualityAssurance/print.html' found in file 'C:\repos\nus-cs2103-AY2021S1\cs2103-website\book\index.md'
2020-12-27T17:26:50.764Z - warn: You might have an invalid intra-link! Ignore this warning if it was intended.
'/website/book/testing/print.html' found in file 'C:\repos\nus-cs2103-AY2021S1\cs2103-website\book\index.md'
2020-12-27T17:26:50.765Z - warn: You might have an invalid intra-link! Ignore this warning if it was intended.
'/website/book/testCaseDesign/print.html' found in file 'C:\repos\nus-cs2103-AY2021S1\cs2103-website\book\index.md'
2020-12-27T17:26:50.773Z - warn: You might have an invalid intra-link! Ignore this warning if it was intended.
'/website/book/revisionControl/print.html' found in file 'C:\repos\nus-cs2103-AY2021S1\cs2103-website\book\index.md'
2020-12-27T17:26:50.776Z - warn: You might have an invalid intra-link! Ignore this warning if it was intended.
'/website/book/projectPlanning/print.html' found in file 'C:\repos\nus-cs2103-AY2021S1\cs2103-website\book\index.md'
2020-12-27T17:26:50.778Z - warn: You might have an invalid intra-link! Ignore this warning if it was intended.
'/website/book/teamwork/print.html' found in file 'C:\repos\nus-cs2103-AY2021S1\cs2103-website\book\index.md'
2020-12-27T17:26:50.779Z - warn: You might have an invalid intra-link! Ignore this warning if it was intended.
'/website/book/processModels/print.html' found in file 'C:\repos\nus-cs2103-AY2021S1\cs2103-website\book\index.md'
2020-12-27T17:26:50.781Z - warn: You might have an invalid intra-link! Ignore this warning if it was intended.
'/website/book/uml/print.html' found in file 'C:\repos\nus-cs2103-AY2021S1\cs2103-website\book\index.md'
2020-12-27T17:26:50.786Z - warn: You might have an invalid intra-link! Ignore this warning if it was intended.
'/website/book/intellij/print.html' found in file 'C:\repos\nus-cs2103-AY2021S1\cs2103-website\book\index.md'
2020-12-27T17:26:50.787Z - warn: You might have an invalid intra-link! Ignore this warning if it was intended.
'/website/book/gitAndGithub/print.html' found in file 'C:\repos\nus-cs2103-AY2021S1\cs2103-website\book\index.md'
2020-12-27T17:26:50.790Z - warn: You might have an invalid intra-link! Ignore this warning if it was intended.
'/website/book/principles/print.html' found in file 'C:\repos\nus-cs2103-AY2021S1\cs2103-website\book\index.md'
2020-12-27T17:26:50.791Z - warn: You might have an invalid intra-link! Ignore this warning if it was intended.
'/website/book/cppToJava/print.html' found in file 'C:\repos\nus-cs2103-AY2021S1\cs2103-website\book\index.md'
2020-12-27T17:26:50.793Z - warn: You might have an invalid intra-link! Ignore this warning if it was intended.
'/website/book/common/definitions.html' found in file 'C:\repos\nus-cs2103-AY2021S1\cs2103-website\book\index.md'
2020-12-27T17:26:50.794Z - warn: You might have an invalid intra-link! Ignore this warning if it was intended.
'/website/book/common/references.html' found in file 'C:\repos\nus-cs2103-AY2021S1\cs2103-website\book\index.md'
2020-12-27T17:26:50.795Z - warn: You might have an invalid intra-link! Ignore this warning if it was intended.
'/website/book/common/outcomes.html' found in file 'C:\repos\nus-cs2103-AY2021S1\cs2103-website\book\index.md'
2020-12-27T17:26:50.795Z - warn: You might have an invalid intra-link! Ignore this warning if it was intended.
'/website/book/common/print.html' found in file 'C:\repos\nus-cs2103-AY2021S1\cs2103-website\book\index.md'
2020-12-27T17:28:41.544Z - warn: You might have an invalid intra-link! Ignore this warning if it was intended.
'/website/admin/x' found in file 'C:\repos\nus-cs2103-AY2021S1\cs2103-website\admin\tools.md'
2020-12-27T17:28:43.545Z - warn: You might have an invalid intra-link! Ignore this warning if it was intended.
'/website/admin/x' found in file 'C:\repos\nus-cs2103-AY2021S1\cs2103-website\admin\tools.md'
2020-12-27T17:28:50.176Z - debug:  
2020-12-27T17:29:05.300Z - debug:  
2020-12-27T17:29:05.301Z - debug:  
2020-12-27T17:29:07.077Z - warn: You might have an invalid intra-link! Ignore this warning if it was intended.
'/website/admin/x' found in file 'C:\repos\nus-cs2103-AY2021S1\cs2103-website\admin\tools.md'
2020-12-27T17:29:21.796Z - info: Pages built
2020-12-27T17:29:22.427Z - info: Site data built
2020-12-27T17:29:22.428Z - info: Website generation complete! Total build time: 227.835s
2020-12-27T17:29:22.428Z - info: Build success!
2020-12-27T17:29:29.017Z - info: Deployed at https://nus-cs2103-ay2021s2.github.io/website!
2020-12-27T17:31:25.552Z - info: Website generation (lazy) started at 1:31:19 AM
2020-12-27T17:31:39.016Z - info: Building assets...
2020-12-27T17:31:47.634Z - info: Assets built
2020-12-27T17:31:47.635Z - info: Generating landing page...
2020-12-27T17:31:48.549Z - info: Landing page built, other pages will be built as you navigate to them!
2020-12-27T17:31:49.055Z - info: Site data built
2020-12-27T17:31:49.055Z - info: Website generation (lazy) complete! Total build time: 29.927s
2020-12-27T17:31:50.029Z - info: Serving "C:\repos\nus-cs2103-AY2021S1\cs2103-website\_site" at http://127.0.0.1:8080
2020-12-27T17:31:50.030Z - info: Press CTRL+C to stop ...
2020-12-27T17:33:26.201Z - info: Website generation started at 1:33:22 AM
2020-12-27T17:33:36.988Z - info: Building assets...
