2021-02-13T13:10:59.983Z - info: Website generation started at 9:10:52 PM
2021-02-13T13:11:04.569Z - info: Building assets...
2021-02-13T13:11:08.839Z - info: Assets built
2021-02-13T13:11:08.840Z - info: Generating pages...
2021-02-13T13:11:21.393Z - debug: The process cannot access the file because it is being used by another process.

2021-02-13T13:11:21.394Z - debug: The process cannot access the file because it is being used by another process.

2021-02-13T13:11:23.056Z - debug:  
2021-02-13T13:11:23.094Z - debug: The process cannot access the file because it is being used by another process.

2021-02-13T13:11:23.095Z - debug: The process cannot access the file because it is being used by another process.

2021-02-13T13:11:23.096Z - debug:  
2021-02-13T13:11:23.096Z - debug:  
2021-02-13T13:11:23.097Z - debug:  
2021-02-13T13:11:23.097Z - debug:  
2021-02-13T13:11:23.876Z - debug:  
2021-02-13T13:11:27.682Z - debug: The process cannot access the file because it is being used by another process.

2021-02-13T13:11:27.689Z - debug: The process cannot access the file because it is being used by another process.

2021-02-13T13:11:27.695Z - debug:  
2021-02-13T13:11:28.483Z - debug:  
2021-02-13T13:11:29.737Z - debug: The process cannot access the file because it is being used by another process.

2021-02-13T13:11:29.737Z - debug: The process cannot access the file because it is being used by another process.

2021-02-13T13:11:30.517Z - debug: The process cannot access the file because it is being used by another process.

2021-02-13T13:11:30.518Z - debug: The process cannot access the file because it is being used by another process.

2021-02-13T13:11:30.518Z - debug:  
2021-02-13T13:11:30.519Z - debug: The process cannot access the file because it is being used by another process.

2021-02-13T13:11:30.519Z - debug:  
2021-02-13T13:11:33.505Z - debug:  
2021-02-13T13:11:44.890Z - debug: The process cannot access the file because it is being used by another process.

2021-02-13T13:11:45.536Z - debug: The process cannot access the file because it is being used by another process.

2021-02-13T13:11:46.624Z - debug: The process cannot access the file because it is being used by another process.

2021-02-13T13:11:47.365Z - debug:  
2021-02-13T13:11:48.021Z - debug: The process cannot access the file because it is being used by another process.

2021-02-13T13:11:48.872Z - debug: The process cannot access the file because it is being used by another process.

2021-02-13T13:11:50.342Z - debug: The process cannot access the file because it is being used by another process.

2021-02-13T13:11:50.482Z - debug:  
2021-02-13T13:11:54.023Z - debug: The process cannot access the file because it is being used by another process.

2021-02-13T13:11:54.028Z - debug: The process cannot access the file because it is being used by another process.

2021-02-13T13:11:56.165Z - debug: The process cannot access the file because it is being used by another process.

2021-02-13T13:11:56.165Z - debug: The process cannot access the file because it is being used by another process.

2021-02-13T13:11:58.326Z - debug:  
2021-02-13T13:11:58.327Z - debug:  
2021-02-13T13:12:00.915Z - debug:  
2021-02-13T13:12:01.200Z - debug:  
2021-02-13T13:12:06.262Z - debug: The process cannot access the file because it is being used by another process.

2021-02-13T13:12:08.506Z - debug: The process cannot access the file because it is being used by another process.

2021-02-13T13:12:09.540Z - debug:  
2021-02-13T13:12:32.382Z - debug:  
2021-02-13T13:12:32.382Z - debug:  
2021-02-13T13:12:32.534Z - debug:  
2021-02-13T13:12:33.250Z - debug:  
2021-02-13T13:12:39.321Z - debug:  
2021-02-13T13:12:41.256Z - debug:  
2021-02-13T13:12:41.257Z - debug:  
2021-02-13T13:12:47.182Z - debug:  
2021-02-13T13:12:51.263Z - debug:  
2021-02-13T13:12:51.264Z - debug:  
2021-02-13T13:12:51.264Z - debug:  
2021-02-13T13:12:51.264Z - debug:  
2021-02-13T13:12:55.428Z - debug: The process cannot access the file because it is being used by another process.

2021-02-13T13:12:57.156Z - debug:  
2021-02-13T13:13:00.588Z - debug:  
2021-02-13T13:13:00.589Z - debug:  
2021-02-13T13:13:05.257Z - debug:  
2021-02-13T13:13:26.542Z - debug:  
2021-02-13T13:13:37.373Z - debug:  
2021-02-13T13:13:37.374Z - debug:  
2021-02-13T13:13:38.790Z - debug:  
2021-02-13T13:14:07.185Z - debug:  
2021-02-13T13:14:23.786Z - debug:  
2021-02-13T13:14:23.787Z - debug:  
2021-02-13T13:14:35.561Z - info: Pages built
2021-02-13T13:15:03.615Z - info: Website generation complete! Total build time: 250.813s
2021-02-13T13:15:03.619Z - info: Build success!
2021-02-13T13:15:03.620Z - debug:  
2021-02-13T13:15:03.624Z - info: Site data built
2021-02-13T13:15:39.979Z - info: Deployed!
