2021-01-21T15:08:28.434Z - info: Website generation (lazy) started at 11:08:22 PM
2021-01-21T15:08:33.086Z - info: Building assets...
2021-01-21T15:08:36.588Z - info: Assets built
2021-01-21T15:08:36.588Z - info: Generating landing page...
2021-01-21T15:08:37.637Z - info: Landing page built, other pages will be built as you navigate to them!
2021-01-21T15:08:37.718Z - info: Website generation (lazy) complete! Total build time: 14.862s
2021-01-21T15:08:38.297Z - info: Serving "D:\Teaching\CS2113\_AY2021S2\ay2021sem2-website\_site" at http://127.0.0.1:8080
2021-01-21T15:08:38.298Z - info: Press CTRL+C to stop ...
2021-01-21T15:08:38.362Z - info: Site data built
2021-01-21T15:08:39.581Z - info: [11:08:39 PM] Reload for file change: D:\Teaching\CS2113\_AY2021S2\ay2021sem2-website\admin\githubclassroomexercises.md
2021-01-21T15:08:40.737Z - info: No pages needed to be rebuilt
2021-01-21T15:08:59.628Z - info: [11:08:59 PM] Reload for file change: D:\Teaching\CS2113\_AY2021S2\ay2021sem2-website\admin\githubclassroomexercises.md
2021-01-21T15:09:00.631Z - info: No pages needed to be rebuilt
2021-01-21T15:09:06.892Z - info: Building D:\Teaching\CS2113\_AY2021S2\ay2021sem2-website\admin\githubclassroomexercises as some of its dependencies were changed since the last visit
2021-01-21T15:09:07.143Z - info: Site data built
2021-01-21T15:09:07.144Z - info: Lazy website regeneration complete! Total build time: 0.253s
2021-01-21T15:10:49.689Z - info: [11:10:49 PM] Reload for file change: D:\Teaching\CS2113\_AY2021S2\ay2021sem2-website\admin\githubclassroomexercises.md
2021-01-21T15:10:50.697Z - info: Rebuilding 1 pages
2021-01-21T15:10:50.871Z - info: Pages rebuilt
2021-01-21T15:10:50.871Z - info: Website regeneration complete! Total build time: 0.18s
2021-01-21T15:10:50.878Z - info: Site data built
2021-01-21T15:12:06.355Z - info: [11:12:06 PM] Reload for file change: D:\Teaching\CS2113\_AY2021S2\ay2021sem2-website\admin\githubclassroomexercises.md
2021-01-21T15:12:07.365Z - info: Rebuilding 1 pages
2021-01-21T15:12:07.580Z - info: Pages rebuilt
2021-01-21T15:12:07.581Z - info: Website regeneration complete! Total build time: 0.222s
2021-01-21T15:12:07.584Z - info: Site data built
2021-01-21T15:12:22.282Z - info: [11:12:22 PM] Reload for file change: D:\Teaching\CS2113\_AY2021S2\ay2021sem2-website\admin\githubclassroomexercises.md
2021-01-21T15:12:23.286Z - info: Rebuilding 1 pages
2021-01-21T15:12:23.455Z - info: Pages rebuilt
2021-01-21T15:12:23.455Z - info: Website regeneration complete! Total build time: 0.171s
2021-01-21T15:12:23.460Z - info: Site data built
2021-01-21T15:13:27.553Z - info: [11:13:27 PM] Reload for file change: D:\Teaching\CS2113\_AY2021S2\ay2021sem2-website\admin\githubclassroomexercises.md
2021-01-21T15:13:28.561Z - info: Rebuilding 1 pages
2021-01-21T15:13:28.732Z - info: Pages rebuilt
2021-01-21T15:13:28.733Z - info: Website regeneration complete! Total build time: 0.179s
2021-01-21T15:13:28.738Z - info: Site data built
2021-01-21T15:14:45.397Z - info: [11:14:45 PM] Reload for file change: D:\Teaching\CS2113\_AY2021S2\ay2021sem2-website\admin\githubclassroomexercises.md
2021-01-21T15:14:46.403Z - info: Rebuilding 1 pages
2021-01-21T15:14:46.544Z - info: Pages rebuilt
2021-01-21T15:14:46.544Z - info: Website regeneration complete! Total build time: 0.142s
2021-01-21T15:14:46.553Z - info: Site data built
2021-01-21T15:14:52.150Z - info: [11:14:52 PM] Reload for file change: D:\Teaching\CS2113\_AY2021S2\ay2021sem2-website\admin\githubclassroomexercises.md
2021-01-21T15:14:53.157Z - info: Rebuilding 1 pages
2021-01-21T15:14:53.310Z - info: Pages rebuilt
2021-01-21T15:14:53.311Z - info: Website regeneration complete! Total build time: 0.156s
2021-01-21T15:14:53.319Z - info: Site data built
2021-01-21T15:15:13.131Z - info: [11:15:13 PM] Reload for file change: D:\Teaching\CS2113\_AY2021S2\ay2021sem2-website\admin\githubclassroomexercises.md
2021-01-21T15:15:14.135Z - info: Rebuilding 1 pages
2021-01-21T15:15:14.340Z - info: Pages rebuilt
2021-01-21T15:15:14.340Z - info: Website regeneration complete! Total build time: 0.207s
2021-01-21T15:15:14.346Z - info: Site data built
2021-01-21T15:16:02.431Z - info: [11:16:02 PM] Reload for file change: D:\Teaching\CS2113\_AY2021S2\ay2021sem2-website\admin\githubclassroomexercises.md
2021-01-21T15:16:03.438Z - info: Rebuilding 1 pages
2021-01-21T15:16:03.579Z - info: Pages rebuilt
2021-01-21T15:16:03.579Z - info: Website regeneration complete! Total build time: 0.146s
2021-01-21T15:16:03.587Z - info: Site data built
2021-01-21T15:17:08.733Z - info: [11:17:08 PM] Reload for file change: D:\Teaching\CS2113\_AY2021S2\ay2021sem2-website\admin\githubclassroomexercises.md
2021-01-21T15:17:09.741Z - info: Rebuilding 1 pages
2021-01-21T15:17:09.907Z - info: Pages rebuilt
2021-01-21T15:17:09.908Z - info: Website regeneration complete! Total build time: 0.168s
2021-01-21T15:17:09.911Z - info: Site data built
2021-01-21T15:18:49.773Z - info: [11:18:49 PM] Reload for file change: D:\Teaching\CS2113\_AY2021S2\ay2021sem2-website\admin\githubclassroomexercises.md
2021-01-21T15:18:50.776Z - info: Rebuilding 1 pages
2021-01-21T15:18:50.939Z - info: Pages rebuilt
2021-01-21T15:18:50.940Z - info: Website regeneration complete! Total build time: 0.166s
2021-01-21T15:18:50.943Z - info: Site data built
2021-01-21T15:20:05.013Z - info: [11:20:05 PM] Reload for file change: D:\Teaching\CS2113\_AY2021S2\ay2021sem2-website\admin\githubclassroomexercises.md
2021-01-21T15:20:06.020Z - info: Rebuilding 1 pages
2021-01-21T15:20:06.189Z - info: Pages rebuilt
2021-01-21T15:20:06.190Z - info: Website regeneration complete! Total build time: 0.174s
2021-01-21T15:20:06.194Z - info: Site data built
